<?xml version="1.0" encoding="UTF-8"?>
<testsuites name="Suite MOZ-10510" time="930.333" tests="10" failures="4" errors="0">
   <testsuite name="Suite MOZ-10510" tests="10" failures="4" errors="0" time="930.333" skipped="0" timestamp="30-08-2024T20:06:15" hostname="ranajit.vadar - CCE0231.accelya.local" id="Test Suites/Suite MOZ-10510">
      <properties>
         <property name="deviceName" value=""/>
         <property name="devicePlatform"/>
         <property name="logFolder" value="C:\\Users\\ranjit.vadar\\Katalon Studio\\Mozart Emirates\\Reports\\20240830_200559\\Suite MOZ-10510\\20240830_200601"/>
         <property name="logFiles" value="C:\\Users\\ranjit.vadar\\Katalon Studio\\Mozart Emirates\\Reports\\20240830_200559\\Suite MOZ-10510\\20240830_200601\\execution0.log"/>
         <property name="attachments" value="C:\\Users\\ranjit.vadar\\Katalon Studio\\Mozart Emirates\\Reports\\20240830_200559\\Suite MOZ-10510\\20240830_200601\\1725029032978.png, C:\\Users\\ranjit.vadar\\Katalon Studio\\Mozart Emirates\\Reports\\20240830_200559\\Suite MOZ-10510\\20240830_200601\\1725029033123.png, C:\\Users\\ranjit.vadar\\Katalon Studio\\Mozart Emirates\\Reports\\20240830_200559\\Suite MOZ-10510\\20240830_200601\\1725029170154.png, C:\\Users\\ranjit.vadar\\Katalon Studio\\Mozart Emirates\\Reports\\20240830_200559\\Suite MOZ-10510\\20240830_200601\\1725029170523.png, C:\\Users\\ranjit.vadar\\Katalon Studio\\Mozart Emirates\\Reports\\20240830_200559\\Suite MOZ-10510\\20240830_200601\\1725029316317.png, C:\\Users\\ranjit.vadar\\Katalon Studio\\Mozart Emirates\\Reports\\20240830_200559\\Suite MOZ-10510\\20240830_200601\\1725029316643.png, C:\\Users\\ranjit.vadar\\Katalon Studio\\Mozart Emirates\\Reports\\20240830_200559\\Suite MOZ-10510\\20240830_200601\\1725029464675.png, C:\\Users\\ranjit.vadar\\Katalon Studio\\Mozart Emirates\\Reports\\20240830_200559\\Suite MOZ-10510\\20240830_200601\\1725029464982.png"/>
         <property name="hostName" value="ranajit.vadar - CCE0231.accelya.local"/>
         <property name="os" value="Windows 10 64bit"/>
         <property name="katalonVersion" value="9.5.0.217"/>
         <property name="browser" value="Chrome 128.0.0.0"/>
         <property name="hostAddress" value="10.50.1.80"/>
         <property name="sessionId" value="721e34907c986287182e03bc14f1e3ce"/>
         <property name="seleniumVersion" value="3.141.59"/>
         <property name="proxyInformation" value="ProxyInformation { proxyOption=NO_PROXY, proxyServerType=HTTP, username=, password=********, proxyServerAddress=, proxyServerPort=0, executionList=&quot;&quot;, isApplyToDesiredCapabilities=true }"/>
         <property name="platform" value="Windows 10"/>
      </properties>
      <testcase name="Test Cases/MOZ-10510/TC10_MOZ_11451 Display of Refundable Amount and FOP in the Grid" time="87.504" classname="Test Cases/MOZ-10510/TC10_MOZ_11451 Display of Refundable Amount and FOP in the Grid" status="PASSED">
         <system-out><![CDATA[30-08-2024T20:06:15 - [TEST_CASE][PASSED] - Test Cases/MOZ-10510/TC10_MOZ_11451 Display of Refundable Amount and FOP in the Grid: Test Cases/MOZ-10510/TC10_MOZ_11451 Display of Refundable Amount and FOP in the Grid

30-08-2024T20:06:16 - [TEST_STEP][PASSED] - requestIdValue = "O062400001": null

30-08-2024T20:06:16 - [TEST_STEP][PASSED] - sqlQuery = "select * from bdmozart.md_rfnd_local_settlement where idrequest = 'O062400001'": null

30-08-2024T20:06:16 - [TEST_STEP][PASSED] - fop_types_dbValue = database.DatabaseUtils.executeQuery(sqlQuery, "fop_types", 1): database.DatabaseUtils.executeQuery is PASSED

30-08-2024T20:06:22 - [MESSAGE][PASSED] - database.DatabaseUtils.executeQuery is PASSED

30-08-2024T20:06:22 - [TEST_STEP][PASSED] - paid_amount_dbValue = database.DatabaseUtils.executeQuery(sqlQuery, "balanceamounttotal", 1): database.DatabaseUtils.executeQuery is PASSED

30-08-2024T20:06:26 - [MESSAGE][PASSED] - database.DatabaseUtils.executeQuery is PASSED

30-08-2024T20:06:26 - [TEST_STEP][PASSED] - value = paid_amount_dbValue: null

30-08-2024T20:06:26 - [TEST_STEP][PASSED] - doubleValue = Double.parseDouble(value): null

30-08-2024T20:06:26 - [TEST_STEP][PASSED] - paid_amount_dbValue_int = doubleValue: null

30-08-2024T20:06:26 - [TEST_STEP][PASSED] - paid_amount_dbValue = paid_amount_dbValue_int.toString(): null

30-08-2024T20:06:26 - [TEST_STEP][PASSED] - out.println(paid_amount_dbValue): null

30-08-2024T20:06:26 - [TEST_STEP][PASSED] - demoPackage.MozartLogin.LoginWithChromeForEK(): demoPackage.MozartLogin.LoginWithChromeForEK is PASSED

30-08-2024T20:06:27 - [MESSAGE][INFO] - Starting 'Chrome' driver

30-08-2024T20:06:27 - [MESSAGE][INFO] - Action delay is set to 0 milliseconds

30-08-2024T20:06:30 - [MESSAGE][PASSED] - Browser is opened with url: ''

30-08-2024T20:06:32 - [MESSAGE][PASSED] - Navigate to 'https://accelyacomtest.accelya.local/MozartTest/AirlinesHub/Index' successfully

30-08-2024T20:06:32 - [MESSAGE][PASSED] - Current window maximized

30-08-2024T20:06:32 - [MESSAGE][PASSED] - Object: 'Object Repository/MozartChrome/ChromeAdvance/ClickOnAdvanceButton' is clicked on

30-08-2024T20:06:55 - [MESSAGE][PASSED] - Object: 'Object Repository/MozartChrome/ChromeAdvance/ProccedLink' is clicked on

30-08-2024T20:06:56 - [MESSAGE][PASSED] - Text 'supermozart' is set on object 'Object Repository/MozartChrome/Page_/input_Username_Login'

30-08-2024T20:06:56 - [MESSAGE][PASSED] - Object: 'Object Repository/MozartChrome/Page_/button_Next' is clicked on

30-08-2024T20:06:58 - [MESSAGE][PASSED] - Text 'Accelya.1' is set on object 'Object Repository/MozartChrome/Page_/input_Password_Password'

30-08-2024T20:06:58 - [MESSAGE][PASSED] - Object: 'Object Repository/MozartChrome/Page_/button_Sign in' is clicked on

30-08-2024T20:07:09 - [MESSAGE][PASSED] - Object: 'Object Repository/MozartChrome/Page_Mozart - AirlinesHub/button_Please select' is clicked on

30-08-2024T20:07:09 - [MESSAGE][PASSED] - Object: 'Object Repository/EK_Objects/Page_Mozart - AirlinesHub/a_176 Emirates' is clicked on

30-08-2024T20:07:14 - [MESSAGE][PASSED] - Object: 'Object Repository/MozartChrome/Page_Mozart - AirlinesHub/a_Select' is clicked on

30-08-2024T20:07:14 - [MESSAGE][PASSED] - demoPackage.MozartLogin.LoginWithChromeForEK is PASSED

30-08-2024T20:07:14 - [TEST_STEP][PASSED] - click(findTestObject("EK_Objects/Page_Mozart - Dashboard/a_Refunds")): Object: 'Object Repository/EK_Objects/Page_Mozart - Dashboard/a_Refunds' is clicked on

30-08-2024T20:07:14 - [MESSAGE][PASSED] - Object: 'Object Repository/EK_Objects/Page_Mozart - Dashboard/a_Refunds' is clicked on

30-08-2024T20:07:14 - [TEST_STEP][PASSED] - click(findTestObject("EK_Objects/Page_Mozart - Dashboard/Click_On_Local_Settlements")): Object: 'Object Repository/EK_Objects/Page_Mozart - Dashboard/Click_On_Local_Settlements' is clicked on

30-08-2024T20:07:24 - [MESSAGE][PASSED] - Object: 'Object Repository/EK_Objects/Page_Mozart - Dashboard/Click_On_Local_Settlements' is clicked on

30-08-2024T20:07:24 - [TEST_STEP][PASSED] - dynamicTestObject = new com.kms.katalon.core.testobject.TestObject(): null

30-08-2024T20:07:24 - [TEST_STEP][PASSED] - refresh(): Refresh successfully

30-08-2024T20:07:26 - [MESSAGE][PASSED] - Refresh successfully

30-08-2024T20:07:26 - [TEST_STEP][PASSED] - listOfRequestIds = findWebElements(findTestObject("Object Repository/EK_Objects/Page_Mozart - LocalSettlements/getListOfRequestIdFromGrid"), 10): Found web elements by test object Object Repository/EK_Objects/Page_Mozart - LocalSettlements/getListOfRequestIdFromGrid

30-08-2024T20:07:27 - [MESSAGE][PASSED] - Found web elements by test object Object Repository/EK_Objects/Page_Mozart - LocalSettlements/getListOfRequestIdFromGrid

30-08-2024T20:07:27 - [TEST_STEP][PASSED] - refundAmount_web = <not implemented yet for class: org.codehaus.groovy.ast.expr.EmptyExpression>: null

30-08-2024T20:07:27 - [TEST_STEP][PASSED] - refundFopPaidLocally_web = <not implemented yet for class: org.codehaus.groovy.ast.expr.EmptyExpression>: null

30-08-2024T20:07:27 - [TEST_STEP][PASSED] - for ([row = 1, row <= listOfRequestIds.size(), (row++)]): null

30-08-2024T20:07:27 - [TEST_STEP][PASSED] - dynamicXpath = "//table[@class='table display compact nowrap cell-border hover dataTable no-footer']/tbody/tr[" + row + "]/td[2]": null

30-08-2024T20:07:27 - [TEST_STEP][PASSED] - dynamicTestObject.addProperty("xpath", EQUALS, dynamicXpath): null

30-08-2024T20:07:28 - [TEST_STEP][PASSED] - requestIdWeb = findWebElement(dynamicTestObject, 10): Found web element by test object 

30-08-2024T20:07:28 - [MESSAGE][PASSED] - Found web element by test object 

30-08-2024T20:07:28 - [TEST_STEP][PASSED] - if (getText().equals(requestIdValue)): null

30-08-2024T20:07:28 - [TEST_STEP][PASSED] - dynamicXpath = "//table[@class='table display compact nowrap cell-border hover dataTable no-footer']/tbody/tr[" + row + "]/td[2]": null

30-08-2024T20:07:28 - [TEST_STEP][PASSED] - dynamicTestObject.addProperty("xpath", EQUALS, dynamicXpath): null

30-08-2024T20:07:28 - [TEST_STEP][PASSED] - requestIdWeb = findWebElement(dynamicTestObject, 10): Found web element by test object 

30-08-2024T20:07:28 - [MESSAGE][PASSED] - Found web element by test object 

30-08-2024T20:07:28 - [TEST_STEP][PASSED] - if (getText().equals(requestIdValue)): null

30-08-2024T20:07:28 - [TEST_STEP][PASSED] - dynamicXpath = "//table[@class='table display compact nowrap cell-border hover dataTable no-footer']/tbody/tr[" + row + "]/td[2]": null

30-08-2024T20:07:28 - [TEST_STEP][PASSED] - dynamicTestObject.addProperty("xpath", EQUALS, dynamicXpath): null

30-08-2024T20:07:28 - [TEST_STEP][PASSED] - requestIdWeb = findWebElement(dynamicTestObject, 10): Found web element by test object 

30-08-2024T20:07:28 - [MESSAGE][PASSED] - Found web element by test object 

30-08-2024T20:07:28 - [TEST_STEP][PASSED] - if (getText().equals(requestIdValue)): null

30-08-2024T20:07:28 - [TEST_STEP][PASSED] - dynamicXpath = "//table[@class='table display compact nowrap cell-border hover dataTable no-footer']/tbody/tr[" + row + "]/td[2]": null

30-08-2024T20:07:28 - [TEST_STEP][PASSED] - dynamicTestObject.addProperty("xpath", EQUALS, dynamicXpath): null

30-08-2024T20:07:28 - [TEST_STEP][PASSED] - requestIdWeb = findWebElement(dynamicTestObject, 10): Found web element by test object 

30-08-2024T20:07:29 - [MESSAGE][PASSED] - Found web element by test object 

30-08-2024T20:07:29 - [TEST_STEP][PASSED] - if (getText().equals(requestIdValue)): null

30-08-2024T20:07:29 - [TEST_STEP][PASSED] - dynamicXpath = "//table[@class='table display compact nowrap cell-border hover dataTable no-footer']/tbody/tr[" + row + "]/td[2]": null

30-08-2024T20:07:29 - [TEST_STEP][PASSED] - dynamicTestObject.addProperty("xpath", EQUALS, dynamicXpath): null

30-08-2024T20:07:29 - [TEST_STEP][PASSED] - requestIdWeb = findWebElement(dynamicTestObject, 10): Found web element by test object 

30-08-2024T20:07:29 - [MESSAGE][PASSED] - Found web element by test object 

30-08-2024T20:07:29 - [TEST_STEP][PASSED] - if (getText().equals(requestIdValue)): null

30-08-2024T20:07:29 - [TEST_STEP][PASSED] - dynamicXpath = "//table[@class='table display compact nowrap cell-border hover dataTable no-footer']/tbody/tr[" + row + "]/td[2]": null

30-08-2024T20:07:29 - [TEST_STEP][PASSED] - dynamicTestObject.addProperty("xpath", EQUALS, dynamicXpath): null

30-08-2024T20:07:29 - [TEST_STEP][PASSED] - requestIdWeb = findWebElement(dynamicTestObject, 10): Found web element by test object 

30-08-2024T20:07:29 - [MESSAGE][PASSED] - Found web element by test object 

30-08-2024T20:07:29 - [TEST_STEP][PASSED] - if (getText().equals(requestIdValue)): null

30-08-2024T20:07:29 - [TEST_STEP][PASSED] - dynamicXpath = "//table[@class='table display compact nowrap cell-border hover dataTable no-footer']/tbody/tr[" + row + "]/td[2]": null

30-08-2024T20:07:29 - [TEST_STEP][PASSED] - dynamicTestObject.addProperty("xpath", EQUALS, dynamicXpath): null

30-08-2024T20:07:29 - [TEST_STEP][PASSED] - requestIdWeb = findWebElement(dynamicTestObject, 10): Found web element by test object 

30-08-2024T20:07:29 - [MESSAGE][PASSED] - Found web element by test object 

30-08-2024T20:07:29 - [TEST_STEP][PASSED] - if (getText().equals(requestIdValue)): null

30-08-2024T20:07:30 - [TEST_STEP][PASSED] - dynamicXpath = "//table[@class='table display compact nowrap cell-border hover dataTable no-footer']/tbody/tr[" + row + "]/td[2]": null

30-08-2024T20:07:30 - [TEST_STEP][PASSED] - dynamicTestObject.addProperty("xpath", EQUALS, dynamicXpath): null

30-08-2024T20:07:30 - [TEST_STEP][PASSED] - requestIdWeb = findWebElement(dynamicTestObject, 10): Found web element by test object 

30-08-2024T20:07:30 - [MESSAGE][PASSED] - Found web element by test object 

30-08-2024T20:07:30 - [TEST_STEP][PASSED] - if (getText().equals(requestIdValue)): null

30-08-2024T20:07:30 - [TEST_STEP][PASSED] - dynamicXpath = "//table[@class='table display compact nowrap cell-border hover dataTable no-footer']/tbody/tr[" + row + "]/td[2]": null

30-08-2024T20:07:30 - [TEST_STEP][PASSED] - dynamicTestObject.addProperty("xpath", EQUALS, dynamicXpath): null

30-08-2024T20:07:30 - [TEST_STEP][PASSED] - requestIdWeb = findWebElement(dynamicTestObject, 10): Found web element by test object 

30-08-2024T20:07:30 - [MESSAGE][PASSED] - Found web element by test object 

30-08-2024T20:07:30 - [TEST_STEP][PASSED] - if (getText().equals(requestIdValue)): null

30-08-2024T20:07:30 - [TEST_STEP][PASSED] - dynamicXpath = "//table[@class='table display compact nowrap cell-border hover dataTable no-footer']/tbody/tr[" + row + "]/td[2]": null

30-08-2024T20:07:30 - [TEST_STEP][PASSED] - dynamicTestObject.addProperty("xpath", EQUALS, dynamicXpath): null

30-08-2024T20:07:30 - [TEST_STEP][PASSED] - requestIdWeb = findWebElement(dynamicTestObject, 10): Found web element by test object 

30-08-2024T20:07:30 - [MESSAGE][PASSED] - Found web element by test object 

30-08-2024T20:07:30 - [TEST_STEP][PASSED] - if (getText().equals(requestIdValue)): null

30-08-2024T20:07:30 - [TEST_STEP][PASSED] - dynamicXpath = "//table[@class='table display compact nowrap cell-border hover dataTable no-footer']/tbody/tr[" + row + "]/td[2]": null

30-08-2024T20:07:30 - [TEST_STEP][PASSED] - dynamicTestObject.addProperty("xpath", EQUALS, dynamicXpath): null

30-08-2024T20:07:30 - [TEST_STEP][PASSED] - requestIdWeb = findWebElement(dynamicTestObject, 10): Found web element by test object 

30-08-2024T20:07:31 - [MESSAGE][PASSED] - Found web element by test object 

30-08-2024T20:07:31 - [TEST_STEP][PASSED] - if (getText().equals(requestIdValue)): null

30-08-2024T20:07:31 - [TEST_STEP][PASSED] - dynamicXpath = "//table[@class='table display compact nowrap cell-border hover dataTable no-footer']/tbody/tr[" + row + "]/td[2]": null

30-08-2024T20:07:31 - [TEST_STEP][PASSED] - dynamicTestObject.addProperty("xpath", EQUALS, dynamicXpath): null

30-08-2024T20:07:31 - [TEST_STEP][PASSED] - requestIdWeb = findWebElement(dynamicTestObject, 10): Found web element by test object 

30-08-2024T20:07:31 - [MESSAGE][PASSED] - Found web element by test object 

30-08-2024T20:07:31 - [TEST_STEP][PASSED] - if (getText().equals(requestIdValue)): null

30-08-2024T20:07:31 - [TEST_STEP][PASSED] - dynamicXpath = "//table[@class='table display compact nowrap cell-border hover dataTable no-footer']/tbody/tr[" + row + "]/td[2]": null

30-08-2024T20:07:31 - [TEST_STEP][PASSED] - dynamicTestObject.addProperty("xpath", EQUALS, dynamicXpath): null

30-08-2024T20:07:31 - [TEST_STEP][PASSED] - requestIdWeb = findWebElement(dynamicTestObject, 10): Found web element by test object 

30-08-2024T20:07:31 - [MESSAGE][PASSED] - Found web element by test object 

30-08-2024T20:07:31 - [TEST_STEP][PASSED] - if (getText().equals(requestIdValue)): null

30-08-2024T20:07:31 - [TEST_STEP][PASSED] - dynamicXpath = "//table[@class='table display compact nowrap cell-border hover dataTable no-footer']/tbody/tr[" + row + "]/td[2]": null

30-08-2024T20:07:31 - [TEST_STEP][PASSED] - dynamicTestObject.addProperty("xpath", EQUALS, dynamicXpath): null

30-08-2024T20:07:31 - [TEST_STEP][PASSED] - requestIdWeb = findWebElement(dynamicTestObject, 10): Found web element by test object 

30-08-2024T20:07:31 - [MESSAGE][PASSED] - Found web element by test object 

30-08-2024T20:07:31 - [TEST_STEP][PASSED] - if (getText().equals(requestIdValue)): null

30-08-2024T20:07:31 - [TEST_STEP][PASSED] - dynamicXpath = "//table[@class='table display compact nowrap cell-border hover dataTable no-footer']/tbody/tr[" + row + "]/td[2]": null

30-08-2024T20:07:31 - [TEST_STEP][PASSED] - dynamicTestObject.addProperty("xpath", EQUALS, dynamicXpath): null

30-08-2024T20:07:31 - [TEST_STEP][PASSED] - requestIdWeb = findWebElement(dynamicTestObject, 10): Found web element by test object 

30-08-2024T20:07:32 - [MESSAGE][PASSED] - Found web element by test object 

30-08-2024T20:07:32 - [TEST_STEP][PASSED] - if (getText().equals(requestIdValue)): null

30-08-2024T20:07:32 - [TEST_STEP][PASSED] - dynamicXpath = "//table[@class='table display compact nowrap cell-border hover dataTable no-footer']/tbody/tr[" + row + "]/td[2]": null

30-08-2024T20:07:32 - [TEST_STEP][PASSED] - dynamicTestObject.addProperty("xpath", EQUALS, dynamicXpath): null

30-08-2024T20:07:32 - [TEST_STEP][PASSED] - requestIdWeb = findWebElement(dynamicTestObject, 10): Found web element by test object 

30-08-2024T20:07:32 - [MESSAGE][PASSED] - Found web element by test object 

30-08-2024T20:07:32 - [TEST_STEP][PASSED] - if (getText().equals(requestIdValue)): null

30-08-2024T20:07:32 - [TEST_STEP][PASSED] - dynamicXpath = "//table[@class='table display compact nowrap cell-border hover dataTable no-footer']/tbody/tr[" + row + "]/td[2]": null

30-08-2024T20:07:32 - [TEST_STEP][PASSED] - dynamicTestObject.addProperty("xpath", EQUALS, dynamicXpath): null

30-08-2024T20:07:32 - [TEST_STEP][PASSED] - requestIdWeb = findWebElement(dynamicTestObject, 10): Found web element by test object 

30-08-2024T20:07:32 - [MESSAGE][PASSED] - Found web element by test object 

30-08-2024T20:07:32 - [TEST_STEP][PASSED] - if (getText().equals(requestIdValue)): null

30-08-2024T20:07:32 - [TEST_STEP][PASSED] - dynamicXpath = "//table[@class='table display compact nowrap cell-border hover dataTable no-footer']/tbody/tr[" + row + "]/td[2]": null

30-08-2024T20:07:32 - [TEST_STEP][PASSED] - dynamicTestObject.addProperty("xpath", EQUALS, dynamicXpath): null

30-08-2024T20:07:32 - [TEST_STEP][PASSED] - requestIdWeb = findWebElement(dynamicTestObject, 10): Found web element by test object 

30-08-2024T20:07:32 - [MESSAGE][PASSED] - Found web element by test object 

30-08-2024T20:07:32 - [TEST_STEP][PASSED] - if (getText().equals(requestIdValue)): null

30-08-2024T20:07:32 - [TEST_STEP][PASSED] - dynamicXpath = "//table[@class='table display compact nowrap cell-border hover dataTable no-footer']/tbody/tr[" + row + "]/td[2]": null

30-08-2024T20:07:32 - [TEST_STEP][PASSED] - dynamicTestObject.addProperty("xpath", EQUALS, dynamicXpath): null

30-08-2024T20:07:32 - [TEST_STEP][PASSED] - requestIdWeb = findWebElement(dynamicTestObject, 10): Found web element by test object 

30-08-2024T20:07:33 - [MESSAGE][PASSED] - Found web element by test object 

30-08-2024T20:07:33 - [TEST_STEP][PASSED] - if (getText().equals(requestIdValue)): null

30-08-2024T20:07:33 - [TEST_STEP][PASSED] - dynamicXpath = "//table[@class='table display compact nowrap cell-border hover dataTable no-footer']/tbody/tr[" + row + "]/td[2]": null

30-08-2024T20:07:33 - [TEST_STEP][PASSED] - dynamicTestObject.addProperty("xpath", EQUALS, dynamicXpath): null

30-08-2024T20:07:33 - [TEST_STEP][PASSED] - requestIdWeb = findWebElement(dynamicTestObject, 10): Found web element by test object 

30-08-2024T20:07:33 - [MESSAGE][PASSED] - Found web element by test object 

30-08-2024T20:07:33 - [TEST_STEP][PASSED] - if (getText().equals(requestIdValue)): null

30-08-2024T20:07:33 - [TEST_STEP][PASSED] - dynamicXpath = "//table[@class='table display compact nowrap cell-border hover dataTable no-footer']/tbody/tr[" + row + "]/td[2]": null

30-08-2024T20:07:33 - [TEST_STEP][PASSED] - dynamicTestObject.addProperty("xpath", EQUALS, dynamicXpath): null

30-08-2024T20:07:33 - [TEST_STEP][PASSED] - requestIdWeb = findWebElement(dynamicTestObject, 10): Found web element by test object 

30-08-2024T20:07:33 - [MESSAGE][PASSED] - Found web element by test object 

30-08-2024T20:07:33 - [TEST_STEP][PASSED] - if (getText().equals(requestIdValue)): null

30-08-2024T20:07:33 - [TEST_STEP][PASSED] - dynamicXpath = "//table[@class='table display compact nowrap cell-border hover dataTable no-footer']/tbody/tr[" + row + "]/td[2]": null

30-08-2024T20:07:33 - [TEST_STEP][PASSED] - dynamicTestObject.addProperty("xpath", EQUALS, dynamicXpath): null

30-08-2024T20:07:33 - [TEST_STEP][PASSED] - requestIdWeb = findWebElement(dynamicTestObject, 10): Found web element by test object 

30-08-2024T20:07:33 - [MESSAGE][PASSED] - Found web element by test object 

30-08-2024T20:07:33 - [TEST_STEP][PASSED] - if (getText().equals(requestIdValue)): null

30-08-2024T20:07:34 - [TEST_STEP][PASSED] - dynamicXpath = "//table[@class='table display compact nowrap cell-border hover dataTable no-footer']/tbody/tr[" + row + "]/td[2]": null

30-08-2024T20:07:34 - [TEST_STEP][PASSED] - dynamicTestObject.addProperty("xpath", EQUALS, dynamicXpath): null

30-08-2024T20:07:34 - [TEST_STEP][PASSED] - requestIdWeb = findWebElement(dynamicTestObject, 10): Found web element by test object 

30-08-2024T20:07:34 - [MESSAGE][PASSED] - Found web element by test object 

30-08-2024T20:07:34 - [TEST_STEP][PASSED] - if (getText().equals(requestIdValue)): null

30-08-2024T20:07:34 - [TEST_STEP][PASSED] - dynamicXpath = "//table[@class='table display compact nowrap cell-border hover dataTable no-footer']/tbody/tr[" + row + "]/td[2]": null

30-08-2024T20:07:34 - [TEST_STEP][PASSED] - dynamicTestObject.addProperty("xpath", EQUALS, dynamicXpath): null

30-08-2024T20:07:34 - [TEST_STEP][PASSED] - requestIdWeb = findWebElement(dynamicTestObject, 10): Found web element by test object 

30-08-2024T20:07:34 - [MESSAGE][PASSED] - Found web element by test object 

30-08-2024T20:07:34 - [TEST_STEP][PASSED] - if (getText().equals(requestIdValue)): null

30-08-2024T20:07:34 - [TEST_STEP][PASSED] - dynamicXpath = "//table[@class='table display compact nowrap cell-border hover dataTable no-footer']/tbody/tr[" + row + "]/td[2]": null

30-08-2024T20:07:34 - [TEST_STEP][PASSED] - dynamicTestObject.addProperty("xpath", EQUALS, dynamicXpath): null

30-08-2024T20:07:34 - [TEST_STEP][PASSED] - requestIdWeb = findWebElement(dynamicTestObject, 10): Found web element by test object 

30-08-2024T20:07:34 - [MESSAGE][PASSED] - Found web element by test object 

30-08-2024T20:07:34 - [TEST_STEP][PASSED] - if (getText().equals(requestIdValue)): null

30-08-2024T20:07:34 - [TEST_STEP][PASSED] - dynamicXpath = "//table[@class='table display compact nowrap cell-border hover dataTable no-footer']/tbody/tr[" + row + "]/td[2]": null

30-08-2024T20:07:34 - [TEST_STEP][PASSED] - dynamicTestObject.addProperty("xpath", EQUALS, dynamicXpath): null

30-08-2024T20:07:34 - [TEST_STEP][PASSED] - requestIdWeb = findWebElement(dynamicTestObject, 10): Found web element by test object 

30-08-2024T20:07:35 - [MESSAGE][PASSED] - Found web element by test object 

30-08-2024T20:07:35 - [TEST_STEP][PASSED] - if (getText().equals(requestIdValue)): null

30-08-2024T20:07:35 - [TEST_STEP][PASSED] - dynamicXpath = "//table[@class='table display compact nowrap cell-border hover dataTable no-footer']/tbody/tr[" + row + "]/td[2]": null

30-08-2024T20:07:35 - [TEST_STEP][PASSED] - dynamicTestObject.addProperty("xpath", EQUALS, dynamicXpath): null

30-08-2024T20:07:35 - [TEST_STEP][PASSED] - requestIdWeb = findWebElement(dynamicTestObject, 10): Found web element by test object 

30-08-2024T20:07:35 - [MESSAGE][PASSED] - Found web element by test object 

30-08-2024T20:07:35 - [TEST_STEP][PASSED] - if (getText().equals(requestIdValue)): null

30-08-2024T20:07:35 - [TEST_STEP][PASSED] - dynamicXpath = "//table[@class='table display compact nowrap cell-border hover dataTable no-footer']/tbody/tr[" + row + "]/td[2]": null

30-08-2024T20:07:35 - [TEST_STEP][PASSED] - dynamicTestObject.addProperty("xpath", EQUALS, dynamicXpath): null

30-08-2024T20:07:35 - [TEST_STEP][PASSED] - requestIdWeb = findWebElement(dynamicTestObject, 10): Found web element by test object 

30-08-2024T20:07:35 - [MESSAGE][PASSED] - Found web element by test object 

30-08-2024T20:07:35 - [TEST_STEP][PASSED] - if (getText().equals(requestIdValue)): null

30-08-2024T20:07:35 - [TEST_STEP][PASSED] - dynamicXpath = "//table[@class='table display compact nowrap cell-border hover dataTable no-footer']/tbody/tr[" + row + "]/td[2]": null

30-08-2024T20:07:35 - [TEST_STEP][PASSED] - dynamicTestObject.addProperty("xpath", EQUALS, dynamicXpath): null

30-08-2024T20:07:35 - [TEST_STEP][PASSED] - requestIdWeb = findWebElement(dynamicTestObject, 10): Found web element by test object 

30-08-2024T20:07:35 - [MESSAGE][PASSED] - Found web element by test object 

30-08-2024T20:07:35 - [TEST_STEP][PASSED] - if (getText().equals(requestIdValue)): null

30-08-2024T20:07:35 - [TEST_STEP][PASSED] - dynamicXpath = "//table[@class='table display compact nowrap cell-border hover dataTable no-footer']/tbody/tr[" + row + "]/td[2]": null

30-08-2024T20:07:35 - [TEST_STEP][PASSED] - dynamicTestObject.addProperty("xpath", EQUALS, dynamicXpath): null

30-08-2024T20:07:35 - [TEST_STEP][PASSED] - requestIdWeb = findWebElement(dynamicTestObject, 10): Found web element by test object 

30-08-2024T20:07:36 - [MESSAGE][PASSED] - Found web element by test object 

30-08-2024T20:07:36 - [TEST_STEP][PASSED] - if (getText().equals(requestIdValue)): null

30-08-2024T20:07:36 - [TEST_STEP][PASSED] - dynamicXpath = "//table[@class='table display compact nowrap cell-border hover dataTable no-footer']/tbody/tr[" + row + "]/td[2]": null

30-08-2024T20:07:36 - [TEST_STEP][PASSED] - dynamicTestObject.addProperty("xpath", EQUALS, dynamicXpath): null

30-08-2024T20:07:36 - [TEST_STEP][PASSED] - requestIdWeb = findWebElement(dynamicTestObject, 10): Found web element by test object 

30-08-2024T20:07:36 - [MESSAGE][PASSED] - Found web element by test object 

30-08-2024T20:07:36 - [TEST_STEP][PASSED] - if (getText().equals(requestIdValue)): null

30-08-2024T20:07:36 - [TEST_STEP][PASSED] - dynamicXpath = "//table[@class='table display compact nowrap cell-border hover dataTable no-footer']/tbody/tr[" + row + "]/td[2]": null

30-08-2024T20:07:36 - [TEST_STEP][PASSED] - dynamicTestObject.addProperty("xpath", EQUALS, dynamicXpath): null

30-08-2024T20:07:36 - [TEST_STEP][PASSED] - requestIdWeb = findWebElement(dynamicTestObject, 10): Found web element by test object 

30-08-2024T20:07:36 - [MESSAGE][PASSED] - Found web element by test object 

30-08-2024T20:07:36 - [TEST_STEP][PASSED] - if (getText().equals(requestIdValue)): null

30-08-2024T20:07:36 - [TEST_STEP][PASSED] - dynamicXpath = "//table[@class='table display compact nowrap cell-border hover dataTable no-footer']/tbody/tr[" + row + "]/td[2]": null

30-08-2024T20:07:36 - [TEST_STEP][PASSED] - dynamicTestObject.addProperty("xpath", EQUALS, dynamicXpath): null

30-08-2024T20:07:36 - [TEST_STEP][PASSED] - requestIdWeb = findWebElement(dynamicTestObject, 10): Found web element by test object 

30-08-2024T20:07:36 - [MESSAGE][PASSED] - Found web element by test object 

30-08-2024T20:07:36 - [TEST_STEP][PASSED] - if (getText().equals(requestIdValue)): null

30-08-2024T20:07:36 - [TEST_STEP][PASSED] - dynamicXpath = "//table[@class='table display compact nowrap cell-border hover dataTable no-footer']/tbody/tr[" + row + "]/td[2]": null

30-08-2024T20:07:36 - [TEST_STEP][PASSED] - dynamicTestObject.addProperty("xpath", EQUALS, dynamicXpath): null

30-08-2024T20:07:36 - [TEST_STEP][PASSED] - requestIdWeb = findWebElement(dynamicTestObject, 10): Found web element by test object 

30-08-2024T20:07:37 - [MESSAGE][PASSED] - Found web element by test object 

30-08-2024T20:07:37 - [TEST_STEP][PASSED] - if (getText().equals(requestIdValue)): null

30-08-2024T20:07:37 - [TEST_STEP][PASSED] - dynamicXpath = "//table[@class='table display compact nowrap cell-border hover dataTable no-footer']/tbody/tr[" + row + "]/td[2]": null

30-08-2024T20:07:37 - [TEST_STEP][PASSED] - dynamicTestObject.addProperty("xpath", EQUALS, dynamicXpath): null

30-08-2024T20:07:37 - [TEST_STEP][PASSED] - requestIdWeb = findWebElement(dynamicTestObject, 10): Found web element by test object 

30-08-2024T20:07:37 - [MESSAGE][PASSED] - Found web element by test object 

30-08-2024T20:07:37 - [TEST_STEP][PASSED] - if (getText().equals(requestIdValue)): null

30-08-2024T20:07:37 - [TEST_STEP][PASSED] - dynamicXpath = "//table[@class='table display compact nowrap cell-border hover dataTable no-footer']/tbody/tr[" + row + "]/td[2]": null

30-08-2024T20:07:37 - [TEST_STEP][PASSED] - dynamicTestObject.addProperty("xpath", EQUALS, dynamicXpath): null

30-08-2024T20:07:37 - [TEST_STEP][PASSED] - requestIdWeb = findWebElement(dynamicTestObject, 10): Found web element by test object 

30-08-2024T20:07:37 - [MESSAGE][PASSED] - Found web element by test object 

30-08-2024T20:07:37 - [TEST_STEP][PASSED] - if (getText().equals(requestIdValue)): null

30-08-2024T20:07:37 - [TEST_STEP][PASSED] - dynamicXpath = "//table[@class='table display compact nowrap cell-border hover dataTable no-footer']/tbody/tr[" + row + "]/td[2]": null

30-08-2024T20:07:37 - [TEST_STEP][PASSED] - dynamicTestObject.addProperty("xpath", EQUALS, dynamicXpath): null

30-08-2024T20:07:37 - [TEST_STEP][PASSED] - requestIdWeb = findWebElement(dynamicTestObject, 10): Found web element by test object 

30-08-2024T20:07:37 - [MESSAGE][PASSED] - Found web element by test object 

30-08-2024T20:07:37 - [TEST_STEP][PASSED] - if (getText().equals(requestIdValue)): null

30-08-2024T20:07:37 - [TEST_STEP][PASSED] - dynamicXpath = "//table[@class='table display compact nowrap cell-border hover dataTable no-footer']/tbody/tr[" + row + "]/td[2]": null

30-08-2024T20:07:37 - [TEST_STEP][PASSED] - dynamicTestObject.addProperty("xpath", EQUALS, dynamicXpath): null

30-08-2024T20:07:37 - [TEST_STEP][PASSED] - requestIdWeb = findWebElement(dynamicTestObject, 10): Found web element by test object 

30-08-2024T20:07:38 - [MESSAGE][PASSED] - Found web element by test object 

30-08-2024T20:07:38 - [TEST_STEP][PASSED] - if (getText().equals(requestIdValue)): null

30-08-2024T20:07:38 - [TEST_STEP][PASSED] - dynamicXpath = "//table[@class='table display compact nowrap cell-border hover dataTable no-footer']/tbody/tr[" + row + "]/td[2]": null

30-08-2024T20:07:38 - [TEST_STEP][PASSED] - dynamicTestObject.addProperty("xpath", EQUALS, dynamicXpath): null

30-08-2024T20:07:38 - [TEST_STEP][PASSED] - requestIdWeb = findWebElement(dynamicTestObject, 10): Found web element by test object 

30-08-2024T20:07:38 - [MESSAGE][PASSED] - Found web element by test object 

30-08-2024T20:07:38 - [TEST_STEP][PASSED] - if (getText().equals(requestIdValue)): null

30-08-2024T20:07:38 - [TEST_STEP][PASSED] - dynamicXpath = "//table[@class='table display compact nowrap cell-border hover dataTable no-footer']/tbody/tr[" + row + "]/td[2]": null

30-08-2024T20:07:38 - [TEST_STEP][PASSED] - dynamicTestObject.addProperty("xpath", EQUALS, dynamicXpath): null

30-08-2024T20:07:38 - [TEST_STEP][PASSED] - requestIdWeb = findWebElement(dynamicTestObject, 10): Found web element by test object 

30-08-2024T20:07:38 - [MESSAGE][PASSED] - Found web element by test object 

30-08-2024T20:07:38 - [TEST_STEP][PASSED] - if (getText().equals(requestIdValue)): null

30-08-2024T20:07:38 - [TEST_STEP][PASSED] - dynamicXpath = "//table[@class='table display compact nowrap cell-border hover dataTable no-footer']/tbody/tr[" + row + "]/td[2]": null

30-08-2024T20:07:38 - [TEST_STEP][PASSED] - dynamicTestObject.addProperty("xpath", EQUALS, dynamicXpath): null

30-08-2024T20:07:38 - [TEST_STEP][PASSED] - requestIdWeb = findWebElement(dynamicTestObject, 10): Found web element by test object 

30-08-2024T20:07:39 - [MESSAGE][PASSED] - Found web element by test object 

30-08-2024T20:07:39 - [TEST_STEP][PASSED] - if (getText().equals(requestIdValue)): null

30-08-2024T20:07:39 - [TEST_STEP][PASSED] - dynamicXpath = "//table[@class='table display compact nowrap cell-border hover dataTable no-footer']/tbody/tr[" + row + "]/td[2]": null

30-08-2024T20:07:39 - [TEST_STEP][PASSED] - dynamicTestObject.addProperty("xpath", EQUALS, dynamicXpath): null

30-08-2024T20:07:39 - [TEST_STEP][PASSED] - requestIdWeb = findWebElement(dynamicTestObject, 10): Found web element by test object 

30-08-2024T20:07:39 - [MESSAGE][PASSED] - Found web element by test object 

30-08-2024T20:07:39 - [TEST_STEP][PASSED] - if (getText().equals(requestIdValue)): null

30-08-2024T20:07:39 - [TEST_STEP][PASSED] - dynamicXpath = "//table[@class='table display compact nowrap cell-border hover dataTable no-footer']/tbody/tr[" + row + "]/td[2]": null

30-08-2024T20:07:39 - [TEST_STEP][PASSED] - dynamicTestObject.addProperty("xpath", EQUALS, dynamicXpath): null

30-08-2024T20:07:39 - [TEST_STEP][PASSED] - requestIdWeb = findWebElement(dynamicTestObject, 10): Found web element by test object 

30-08-2024T20:07:39 - [MESSAGE][PASSED] - Found web element by test object 

30-08-2024T20:07:39 - [TEST_STEP][PASSED] - if (getText().equals(requestIdValue)): null

30-08-2024T20:07:39 - [TEST_STEP][PASSED] - dynamicXpath = "//table[@class='table display compact nowrap cell-border hover dataTable no-footer']/tbody/tr[" + row + "]/td[2]": null

30-08-2024T20:07:39 - [TEST_STEP][PASSED] - dynamicTestObject.addProperty("xpath", EQUALS, dynamicXpath): null

30-08-2024T20:07:39 - [TEST_STEP][PASSED] - requestIdWeb = findWebElement(dynamicTestObject, 10): Found web element by test object 

30-08-2024T20:07:39 - [MESSAGE][PASSED] - Found web element by test object 

30-08-2024T20:07:39 - [TEST_STEP][PASSED] - if (getText().equals(requestIdValue)): null

30-08-2024T20:07:39 - [TEST_STEP][PASSED] - dynamicXpath = "//table[@class='table display compact nowrap cell-border hover dataTable no-footer']/tbody/tr[" + row + "]/td[2]": null

30-08-2024T20:07:39 - [TEST_STEP][PASSED] - dynamicTestObject.addProperty("xpath", EQUALS, dynamicXpath): null

30-08-2024T20:07:39 - [TEST_STEP][PASSED] - requestIdWeb = findWebElement(dynamicTestObject, 10): Found web element by test object 

30-08-2024T20:07:40 - [MESSAGE][PASSED] - Found web element by test object 

30-08-2024T20:07:40 - [TEST_STEP][PASSED] - if (getText().equals(requestIdValue)): null

30-08-2024T20:07:40 - [TEST_STEP][PASSED] - dynamicXpath = "//table[@class='table display compact nowrap cell-border hover dataTable no-footer']/tbody/tr[" + row + "]/td[2]": null

30-08-2024T20:07:40 - [TEST_STEP][PASSED] - dynamicTestObject.addProperty("xpath", EQUALS, dynamicXpath): null

30-08-2024T20:07:40 - [TEST_STEP][PASSED] - requestIdWeb = findWebElement(dynamicTestObject, 10): Found web element by test object 

30-08-2024T20:07:40 - [MESSAGE][PASSED] - Found web element by test object 

30-08-2024T20:07:40 - [TEST_STEP][PASSED] - if (getText().equals(requestIdValue)): null

30-08-2024T20:07:40 - [TEST_STEP][PASSED] - dynamicXpath = "//table[@class='table display compact nowrap cell-border hover dataTable no-footer']/tbody/tr[" + row + "]/td[2]": null

30-08-2024T20:07:40 - [TEST_STEP][PASSED] - dynamicTestObject.addProperty("xpath", EQUALS, dynamicXpath): null

30-08-2024T20:07:40 - [TEST_STEP][PASSED] - requestIdWeb = findWebElement(dynamicTestObject, 10): Found web element by test object 

30-08-2024T20:07:40 - [MESSAGE][PASSED] - Found web element by test object 

30-08-2024T20:07:40 - [TEST_STEP][PASSED] - if (getText().equals(requestIdValue)): null

30-08-2024T20:07:40 - [TEST_STEP][PASSED] - dynamicXpath = "//table[@class='table display compact nowrap cell-border hover dataTable no-footer']/tbody/tr[" + row + "]/td[2]": null

30-08-2024T20:07:40 - [TEST_STEP][PASSED] - dynamicTestObject.addProperty("xpath", EQUALS, dynamicXpath): null

30-08-2024T20:07:40 - [TEST_STEP][PASSED] - requestIdWeb = findWebElement(dynamicTestObject, 10): Found web element by test object 

30-08-2024T20:07:40 - [MESSAGE][PASSED] - Found web element by test object 

30-08-2024T20:07:40 - [TEST_STEP][PASSED] - if (getText().equals(requestIdValue)): null

30-08-2024T20:07:40 - [TEST_STEP][PASSED] - dynamicXpath = "//table[@class='table display compact nowrap cell-border hover dataTable no-footer']/tbody/tr[" + row + "]/td[2]": null

30-08-2024T20:07:40 - [TEST_STEP][PASSED] - dynamicTestObject.addProperty("xpath", EQUALS, dynamicXpath): null

30-08-2024T20:07:40 - [TEST_STEP][PASSED] - requestIdWeb = findWebElement(dynamicTestObject, 10): Found web element by test object 

30-08-2024T20:07:41 - [MESSAGE][PASSED] - Found web element by test object 

30-08-2024T20:07:41 - [TEST_STEP][PASSED] - if (getText().equals(requestIdValue)): null

30-08-2024T20:07:41 - [TEST_STEP][PASSED] - dynamicXpathRefundFop = "//table[@class='table display compact nowrap cell-border hover dataTable no-footer']/tbody/tr[" + row + "]/td[11]": null

30-08-2024T20:07:41 - [TEST_STEP][PASSED] - dynamicXpathRefundAmount = "//table[@class='table display compact nowrap cell-border hover dataTable no-footer']/tbody/tr[" + row + "]/td[9]": null

30-08-2024T20:07:41 - [TEST_STEP][PASSED] - dynamicTestObject.addProperty("xpath", EQUALS, dynamicXpathRefundFop): null

30-08-2024T20:07:41 - [TEST_STEP][PASSED] - fopWebElement = findWebElement(dynamicTestObject, 10): Found web element by test object 

30-08-2024T20:07:42 - [MESSAGE][PASSED] - Found web element by test object 

30-08-2024T20:07:42 - [TEST_STEP][PASSED] - refundFopPaidLocally_web = fopWebElement.getText(): null

30-08-2024T20:07:42 - [TEST_STEP][PASSED] - println(refundFopPaidLocally_web): null

30-08-2024T20:07:42 - [TEST_STEP][PASSED] - dynamicTestObject.addProperty("xpath", EQUALS, dynamicXpathRefundAmount): null

30-08-2024T20:07:42 - [TEST_STEP][PASSED] - refundAmountWebElement = findWebElement(dynamicTestObject, 10): Found web element by test object 

30-08-2024T20:07:42 - [MESSAGE][PASSED] - Found web element by test object 

30-08-2024T20:07:42 - [TEST_STEP][PASSED] - refundAmount_web = refundAmountWebElement.getText(): null

30-08-2024T20:07:42 - [TEST_STEP][PASSED] - doubleValue1 = Double.parseDouble(refundAmount_web): null

30-08-2024T20:07:42 - [TEST_STEP][PASSED] - refundAmount_int = doubleValue1: null

30-08-2024T20:07:42 - [TEST_STEP][PASSED] - refundAmount_web = refundAmount_int.toString(): null

30-08-2024T20:07:42 - [TEST_STEP][PASSED] - println(refundAmount_web): null

30-08-2024T20:07:42 - [TEST_STEP][PASSED] - break: null

30-08-2024T20:07:42 - [TEST_STEP][PASSED] - verifyMatch(refundFopPaidLocally_web, fop_types_dbValue, true, CONTINUE_ON_FAILURE): Actual text 'CA' and expected text 'CA' are matched  using regular expression

30-08-2024T20:07:42 - [MESSAGE][PASSED] - Actual text 'CA' and expected text 'CA' are matched  using regular expression

30-08-2024T20:07:42 - [TEST_STEP][PASSED] - verifyMatch(refundAmount_web, paid_amount_dbValue, true, CONTINUE_ON_FAILURE): Actual text '3000' and expected text '3000' are matched  using regular expression

30-08-2024T20:07:42 - [MESSAGE][PASSED] - Actual text '3000' and expected text '3000' are matched  using regular expression

30-08-2024T20:07:42 - [TEST_STEP][PASSED] - closeBrowser(): Browser is closed

30-08-2024T20:07:43 - [MESSAGE][PASSED] - Browser is closed]]></system-out>
         <system-err><![CDATA[]]></system-err>
      </testcase>
      <testcase name="Test Cases/MOZ-10510/TC 9_MOZ_11450 Verifies that the internal configuration in the database is correctly set up to define the form of payments visible in the Local Settlements module" time="69.091" classname="Test Cases/MOZ-10510/TC 9_MOZ_11450 Verifies that the internal configuration in the database is correctly set up to define the form of payments visible in the Local Settlements module" status="PASSED">
         <system-out><![CDATA[30-08-2024T20:07:43 - [TEST_CASE][PASSED] - Test Cases/MOZ-10510/TC 9_MOZ_11450 Verifies that the internal configuration in the database is correctly set up to define the form of payments visible in the Local Settlements module: Test Cases/MOZ-10510/TC 9_MOZ_11450 Verifies that the internal configuration in the database is correctly set up to define the form of payments visible in the Local Settlements module

30-08-2024T20:07:43 - [TEST_STEP][PASSED] - Table_md_rfnd_local_settlement = database.DatabaseUtils.checkTableExists("md_rfnd_local_settlement"): database.DatabaseUtils.checkTableExists is PASSED

30-08-2024T20:07:49 - [MESSAGE][INFO] - Table md_rfnd_local_settlement exists.

30-08-2024T20:07:49 - [MESSAGE][PASSED] - database.DatabaseUtils.checkTableExists is PASSED

30-08-2024T20:07:49 - [TEST_STEP][PASSED] - verifyEqual(Table_md_rfnd_local_settlement, true, CONTINUE_ON_FAILURE): Actual object 'true' and expected object 'true' are equal

30-08-2024T20:07:49 - [MESSAGE][PASSED] - Actual object 'true' and expected object 'true' are equal

30-08-2024T20:07:49 - [TEST_STEP][PASSED] - Column_paid_locally = database.DatabaseUtils.checkColumnExist("mc_fop_types", "paid_locally"): database.DatabaseUtils.checkColumnExist is PASSED

30-08-2024T20:07:53 - [MESSAGE][PASSED] - database.DatabaseUtils.checkColumnExist is PASSED

30-08-2024T20:07:53 - [TEST_STEP][PASSED] - verifyEqual(Column_paid_locally, true, CONTINUE_ON_FAILURE): Actual object 'true' and expected object 'true' are equal

30-08-2024T20:07:53 - [MESSAGE][PASSED] - Actual object 'true' and expected object 'true' are equal

30-08-2024T20:07:53 - [TEST_STEP][PASSED] - rowCount = database.DatabaseUtils.getRowCount("select * from bdmozart.mc_fop_types where paid_locally = 't'"): database.DatabaseUtils.getRowCount is PASSED

30-08-2024T20:07:58 - [MESSAGE][PASSED] - database.DatabaseUtils.getRowCount is PASSED

30-08-2024T20:07:58 - [TEST_STEP][PASSED] - DataBaseEnableFopList = new java.util.ArrayList(): null

30-08-2024T20:07:58 - [TEST_STEP][PASSED] - FilterFopList = new java.util.ArrayList(): null

30-08-2024T20:07:58 - [TEST_STEP][PASSED] - for ([i = 1, i <= rowCount, (i++)]): null

30-08-2024T20:07:58 - [TEST_STEP][PASSED] - enableFop = database.DatabaseUtils.executeQuery("select * from bdmozart.mc_fop_types where paid_locally = 't'", "fop_type", i): database.DatabaseUtils.executeQuery is PASSED

30-08-2024T20:08:02 - [MESSAGE][PASSED] - database.DatabaseUtils.executeQuery is PASSED

30-08-2024T20:08:02 - [TEST_STEP][PASSED] - println(enableFop): null

30-08-2024T20:08:02 - [TEST_STEP][PASSED] - DataBaseEnableFopList.add(enableFop): null

30-08-2024T20:08:02 - [TEST_STEP][PASSED] - enableFop = database.DatabaseUtils.executeQuery("select * from bdmozart.mc_fop_types where paid_locally = 't'", "fop_type", i): database.DatabaseUtils.executeQuery is PASSED

30-08-2024T20:08:07 - [MESSAGE][PASSED] - database.DatabaseUtils.executeQuery is PASSED

30-08-2024T20:08:07 - [TEST_STEP][PASSED] - println(enableFop): null

30-08-2024T20:08:07 - [TEST_STEP][PASSED] - DataBaseEnableFopList.add(enableFop): null

30-08-2024T20:08:07 - [TEST_STEP][PASSED] - enableFop = database.DatabaseUtils.executeQuery("select * from bdmozart.mc_fop_types where paid_locally = 't'", "fop_type", i): database.DatabaseUtils.executeQuery is PASSED

30-08-2024T20:08:12 - [MESSAGE][PASSED] - database.DatabaseUtils.executeQuery is PASSED

30-08-2024T20:08:12 - [TEST_STEP][PASSED] - println(enableFop): null

30-08-2024T20:08:12 - [TEST_STEP][PASSED] - DataBaseEnableFopList.add(enableFop): null

30-08-2024T20:08:12 - [TEST_STEP][PASSED] - demoPackage.MozartLogin.LoginWithChromeForEK(): demoPackage.MozartLogin.LoginWithChromeForEK is PASSED

30-08-2024T20:08:12 - [MESSAGE][INFO] - Starting 'Chrome' driver

30-08-2024T20:08:12 - [MESSAGE][INFO] - Action delay is set to 0 milliseconds

30-08-2024T20:08:13 - [MESSAGE][PASSED] - Browser is opened with url: ''

30-08-2024T20:08:14 - [MESSAGE][PASSED] - Navigate to 'https://accelyacomtest.accelya.local/MozartTest/AirlinesHub/Index' successfully

30-08-2024T20:08:14 - [MESSAGE][PASSED] - Current window maximized

30-08-2024T20:08:14 - [MESSAGE][PASSED] - Object: 'Object Repository/MozartChrome/ChromeAdvance/ClickOnAdvanceButton' is clicked on

30-08-2024T20:08:29 - [MESSAGE][PASSED] - Object: 'Object Repository/MozartChrome/ChromeAdvance/ProccedLink' is clicked on

30-08-2024T20:08:30 - [MESSAGE][PASSED] - Text 'supermozart' is set on object 'Object Repository/MozartChrome/Page_/input_Username_Login'

30-08-2024T20:08:30 - [MESSAGE][PASSED] - Object: 'Object Repository/MozartChrome/Page_/button_Next' is clicked on

30-08-2024T20:08:31 - [MESSAGE][PASSED] - Text 'Accelya.1' is set on object 'Object Repository/MozartChrome/Page_/input_Password_Password'

30-08-2024T20:08:32 - [MESSAGE][PASSED] - Object: 'Object Repository/MozartChrome/Page_/button_Sign in' is clicked on

30-08-2024T20:08:42 - [MESSAGE][PASSED] - Object: 'Object Repository/MozartChrome/Page_Mozart - AirlinesHub/button_Please select' is clicked on

30-08-2024T20:08:42 - [MESSAGE][PASSED] - Object: 'Object Repository/EK_Objects/Page_Mozart - AirlinesHub/a_176 Emirates' is clicked on

30-08-2024T20:08:45 - [MESSAGE][PASSED] - Object: 'Object Repository/MozartChrome/Page_Mozart - AirlinesHub/a_Select' is clicked on

30-08-2024T20:08:45 - [MESSAGE][PASSED] - demoPackage.MozartLogin.LoginWithChromeForEK is PASSED

30-08-2024T20:08:45 - [TEST_STEP][PASSED] - click(findTestObject("EK_Objects/Page_Mozart - Dashboard/a_Refunds")): Object: 'Object Repository/EK_Objects/Page_Mozart - Dashboard/a_Refunds' is clicked on

30-08-2024T20:08:45 - [MESSAGE][PASSED] - Object: 'Object Repository/EK_Objects/Page_Mozart - Dashboard/a_Refunds' is clicked on

30-08-2024T20:08:45 - [TEST_STEP][PASSED] - click(findTestObject("EK_Objects/Page_Mozart - Dashboard/Click_On_Local_Settlements")): Object: 'Object Repository/EK_Objects/Page_Mozart - Dashboard/Click_On_Local_Settlements' is clicked on

30-08-2024T20:08:48 - [MESSAGE][PASSED] - Object: 'Object Repository/EK_Objects/Page_Mozart - Dashboard/Click_On_Local_Settlements' is clicked on

30-08-2024T20:08:48 - [TEST_STEP][PASSED] - click(findTestObject("EK_Objects/Page_Mozart - LocalSettlements/filter_button")): Object: 'Object Repository/EK_Objects/Page_Mozart - LocalSettlements/filter_button' is clicked on

30-08-2024T20:08:49 - [MESSAGE][PASSED] - Object: 'Object Repository/EK_Objects/Page_Mozart - LocalSettlements/filter_button' is clicked on

30-08-2024T20:08:49 - [TEST_STEP][PASSED] - click(findTestObject("Object Repository/EK_Objects/Page_Mozart - LocalSettlements/textbox_filter_r2_c3")): Object: 'Object Repository/EK_Objects/Page_Mozart - LocalSettlements/textbox_filter_r2_c3' is clicked on

30-08-2024T20:08:50 - [MESSAGE][PASSED] - Object: 'Object Repository/EK_Objects/Page_Mozart - LocalSettlements/textbox_filter_r2_c3' is clicked on

30-08-2024T20:08:50 - [TEST_STEP][PASSED] - FopValues = findWebElements(findTestObject("EK_Objects/Page_Mozart - LocalSettlements/filter_RefundFopPaidLocally_values"), 10): Found web elements by test object Object Repository/EK_Objects/Page_Mozart - LocalSettlements/filter_RefundFopPaidLocally_values

30-08-2024T20:08:50 - [MESSAGE][PASSED] - Found web elements by test object Object Repository/EK_Objects/Page_Mozart - LocalSettlements/filter_RefundFopPaidLocally_values

30-08-2024T20:08:50 - [TEST_STEP][PASSED] - dynamicTestObject = new com.kms.katalon.core.testobject.TestObject(): null

30-08-2024T20:08:50 - [TEST_STEP][PASSED] - println(FopValues.size()): null

30-08-2024T20:08:50 - [TEST_STEP][PASSED] - for ([row = 1, row <= FopValues.size(), (row++)]): null

30-08-2024T20:08:50 - [TEST_STEP][PASSED] - dynamicXPath = "(//div[@id='bs-select-16']/ul[@class='dropdown-menu inner show']/li)[" + row + "]": null

30-08-2024T20:08:50 - [TEST_STEP][PASSED] - dynamicTestObject.addProperty("xpath", EQUALS, dynamicXPath): null

30-08-2024T20:08:50 - [TEST_STEP][PASSED] - editButtonElement = findWebElement(dynamicTestObject, 10): Found web element by test object 

30-08-2024T20:08:50 - [MESSAGE][PASSED] - Found web element by test object 

30-08-2024T20:08:50 - [TEST_STEP][PASSED] - FilterFopList.add(editButtonElement.getText()): null

30-08-2024T20:08:50 - [TEST_STEP][PASSED] - println(editButtonElement.getText()): null

30-08-2024T20:08:50 - [TEST_STEP][PASSED] - dynamicXPath = "(//div[@id='bs-select-16']/ul[@class='dropdown-menu inner show']/li)[" + row + "]": null

30-08-2024T20:08:50 - [TEST_STEP][PASSED] - dynamicTestObject.addProperty("xpath", EQUALS, dynamicXPath): null

30-08-2024T20:08:50 - [TEST_STEP][PASSED] - editButtonElement = findWebElement(dynamicTestObject, 10): Found web element by test object 

30-08-2024T20:08:51 - [MESSAGE][PASSED] - Found web element by test object 

30-08-2024T20:08:51 - [TEST_STEP][PASSED] - FilterFopList.add(editButtonElement.getText()): null

30-08-2024T20:08:51 - [TEST_STEP][PASSED] - println(editButtonElement.getText()): null

30-08-2024T20:08:51 - [TEST_STEP][PASSED] - dynamicXPath = "(//div[@id='bs-select-16']/ul[@class='dropdown-menu inner show']/li)[" + row + "]": null

30-08-2024T20:08:51 - [TEST_STEP][PASSED] - dynamicTestObject.addProperty("xpath", EQUALS, dynamicXPath): null

30-08-2024T20:08:51 - [TEST_STEP][PASSED] - editButtonElement = findWebElement(dynamicTestObject, 10): Found web element by test object 

30-08-2024T20:08:51 - [MESSAGE][PASSED] - Found web element by test object 

30-08-2024T20:08:51 - [TEST_STEP][PASSED] - FilterFopList.add(editButtonElement.getText()): null

30-08-2024T20:08:51 - [TEST_STEP][PASSED] - println(editButtonElement.getText()): null

30-08-2024T20:08:51 - [TEST_STEP][PASSED] - verifyMatch(size().toString(), size().toString(), true, CONTINUE_ON_FAILURE): Actual text '3' and expected text '3' are matched  using regular expression

30-08-2024T20:08:51 - [MESSAGE][PASSED] - Actual text '3' and expected text '3' are matched  using regular expression

30-08-2024T20:08:51 - [TEST_STEP][PASSED] - uniqueFopValues = new java.util.HashSet(): null

30-08-2024T20:08:51 - [TEST_STEP][PASSED] - try: null

30-08-2024T20:08:51 - [TEST_STEP][PASSED] - for ([i = 0, i < FilterFopList.size(), (i++)]): null

30-08-2024T20:08:51 - [TEST_STEP][PASSED] - uniqueFopValues.add(get(i).substring(0, 2)): null

30-08-2024T20:08:51 - [TEST_STEP][PASSED] - uniqueFopValues.add(get(i).substring(0, 2)): null

30-08-2024T20:08:51 - [TEST_STEP][PASSED] - uniqueFopValues.add(get(i).substring(0, 2)): null

30-08-2024T20:08:51 - [TEST_STEP][PASSED] - webFopValues = new java.util.ArrayList(uniqueFopValues): null

30-08-2024T20:08:51 - [TEST_STEP][PASSED] - Collections.sort(webFopValues): null

30-08-2024T20:08:51 - [TEST_STEP][PASSED] - Collections.sort(DataBaseEnableFopList): null

30-08-2024T20:08:51 - [TEST_STEP][PASSED] - for ([i = 0, i < DataBaseEnableFopList.size(), (i++)]): Actual text 'CQ' and expected text 'CQ' are matched  using regular expression

30-08-2024T20:08:51 - [TEST_STEP][PASSED] - verifyMatch(webFopValues[i], DataBaseEnableFopList[i], true, CONTINUE_ON_FAILURE): Actual text 'BT' and expected text 'BT' are matched  using regular expression

30-08-2024T20:08:51 - [MESSAGE][PASSED] - Actual text 'BT' and expected text 'BT' are matched  using regular expression

30-08-2024T20:08:51 - [TEST_STEP][PASSED] - verifyMatch(webFopValues[i], DataBaseEnableFopList[i], true, CONTINUE_ON_FAILURE): Actual text 'CA' and expected text 'CA' are matched  using regular expression

30-08-2024T20:08:51 - [MESSAGE][PASSED] - Actual text 'CA' and expected text 'CA' are matched  using regular expression

30-08-2024T20:08:51 - [TEST_STEP][PASSED] - verifyMatch(webFopValues[i], DataBaseEnableFopList[i], true, CONTINUE_ON_FAILURE): Actual text 'CQ' and expected text 'CQ' are matched  using regular expression

30-08-2024T20:08:51 - [MESSAGE][PASSED] - Actual text 'CQ' and expected text 'CQ' are matched  using regular expression

30-08-2024T20:08:51 - [TEST_STEP][PASSED] - utilityClass.CustomSoftAssert.assertAll(): utilityClass.CustomSoftAssert.assertAll is PASSED

30-08-2024T20:08:51 - [MESSAGE][PASSED] - utilityClass.CustomSoftAssert.assertAll is PASSED

30-08-2024T20:08:51 - [TEST_STEP][PASSED] - closeBrowser(): Browser is closed

30-08-2024T20:08:52 - [MESSAGE][PASSED] - Browser is closed]]></system-out>
         <system-err><![CDATA[]]></system-err>
      </testcase>
      <testcase name="Test Cases/MOZ-10510/TC 8_MOZ_11449 Verify the Availability of Group By,My Filters, and Download Options in the Local Settlements Module" time="39.443" classname="Test Cases/MOZ-10510/TC 8_MOZ_11449 Verify the Availability of Group By,My Filters, and Download Options in the Local Settlements Module" status="PASSED">
         <system-out><![CDATA[30-08-2024T20:08:52 - [TEST_CASE][PASSED] - Test Cases/MOZ-10510/TC 8_MOZ_11449 Verify the Availability of Group By,My Filters, and Download Options in the Local Settlements Module: Test Cases/MOZ-10510/TC 8_MOZ_11449 Verify the Availability of Group By,My Filters, and Download Options in the Local Settlements Module

30-08-2024T20:08:52 - [TEST_STEP][PASSED] - demoPackage.MozartLogin.LoginWithChromeForEK(): demoPackage.MozartLogin.LoginWithChromeForEK is PASSED

30-08-2024T20:08:52 - [MESSAGE][INFO] - Starting 'Chrome' driver

30-08-2024T20:08:52 - [MESSAGE][INFO] - Action delay is set to 0 milliseconds

30-08-2024T20:08:53 - [MESSAGE][PASSED] - Browser is opened with url: ''

30-08-2024T20:08:54 - [MESSAGE][PASSED] - Navigate to 'https://accelyacomtest.accelya.local/MozartTest/AirlinesHub/Index' successfully

30-08-2024T20:08:54 - [MESSAGE][PASSED] - Current window maximized

30-08-2024T20:08:55 - [MESSAGE][PASSED] - Object: 'Object Repository/MozartChrome/ChromeAdvance/ClickOnAdvanceButton' is clicked on

30-08-2024T20:09:11 - [MESSAGE][PASSED] - Object: 'Object Repository/MozartChrome/ChromeAdvance/ProccedLink' is clicked on

30-08-2024T20:09:12 - [MESSAGE][PASSED] - Text 'supermozart' is set on object 'Object Repository/MozartChrome/Page_/input_Username_Login'

30-08-2024T20:09:12 - [MESSAGE][PASSED] - Object: 'Object Repository/MozartChrome/Page_/button_Next' is clicked on

30-08-2024T20:09:13 - [MESSAGE][PASSED] - Text 'Accelya.1' is set on object 'Object Repository/MozartChrome/Page_/input_Password_Password'

30-08-2024T20:09:13 - [MESSAGE][PASSED] - Object: 'Object Repository/MozartChrome/Page_/button_Sign in' is clicked on

30-08-2024T20:09:24 - [MESSAGE][PASSED] - Object: 'Object Repository/MozartChrome/Page_Mozart - AirlinesHub/button_Please select' is clicked on

30-08-2024T20:09:25 - [MESSAGE][PASSED] - Object: 'Object Repository/EK_Objects/Page_Mozart - AirlinesHub/a_176 Emirates' is clicked on

30-08-2024T20:09:27 - [MESSAGE][PASSED] - Object: 'Object Repository/MozartChrome/Page_Mozart - AirlinesHub/a_Select' is clicked on

30-08-2024T20:09:27 - [MESSAGE][PASSED] - demoPackage.MozartLogin.LoginWithChromeForEK is PASSED

30-08-2024T20:09:27 - [TEST_STEP][PASSED] - click(findTestObject("EK_Objects/Page_Mozart - Dashboard/a_Refunds")): Object: 'Object Repository/EK_Objects/Page_Mozart - Dashboard/a_Refunds' is clicked on

30-08-2024T20:09:28 - [MESSAGE][PASSED] - Object: 'Object Repository/EK_Objects/Page_Mozart - Dashboard/a_Refunds' is clicked on

30-08-2024T20:09:28 - [TEST_STEP][PASSED] - click(findTestObject("EK_Objects/Page_Mozart - Dashboard/Click_On_Local_Settlements")): Object: 'Object Repository/EK_Objects/Page_Mozart - Dashboard/Click_On_Local_Settlements' is clicked on

30-08-2024T20:09:29 - [MESSAGE][PASSED] - Object: 'Object Repository/EK_Objects/Page_Mozart - Dashboard/Click_On_Local_Settlements' is clicked on

30-08-2024T20:09:29 - [TEST_STEP][PASSED] - verifyElementPresent(findTestObject("EK_Objects/Page_Mozart - LocalSettlements/filter_button"), 5, STOP_ON_FAILURE): Object 'Object Repository/EK_Objects/Page_Mozart - LocalSettlements/filter_button' is present

30-08-2024T20:09:31 - [MESSAGE][PASSED] - Object 'Object Repository/EK_Objects/Page_Mozart - LocalSettlements/filter_button' is present

30-08-2024T20:09:31 - [TEST_STEP][PASSED] - verifyElementPresent(findTestObject("EK_Objects/Page_Mozart - LocalSettlements/groupBy_button"), 5, STOP_ON_FAILURE): Object 'Object Repository/EK_Objects/Page_Mozart - LocalSettlements/groupBy_button' is present

30-08-2024T20:09:31 - [MESSAGE][PASSED] - Object 'Object Repository/EK_Objects/Page_Mozart - LocalSettlements/groupBy_button' is present]]></system-out>
         <system-err><![CDATA[]]></system-err>
      </testcase>
      <testcase name="Test Cases/MOZ-10510/TC 7_MOZ_11448 Verify Grid Display in the Local Settlements Module" time="84.892" classname="Test Cases/MOZ-10510/TC 7_MOZ_11448 Verify Grid Display in the Local Settlements Module" status="PASSED">
         <system-out><![CDATA[30-08-2024T20:09:31 - [TEST_CASE][PASSED] - Test Cases/MOZ-10510/TC 7_MOZ_11448 Verify Grid Display in the Local Settlements Module: Test Cases/MOZ-10510/TC 7_MOZ_11448 Verify Grid Display in the Local Settlements Module

30-08-2024T20:09:32 - [TEST_STEP][PASSED] - demoPackage.MozartLogin.LoginWithChromeForEK(): demoPackage.MozartLogin.LoginWithChromeForEK is PASSED

30-08-2024T20:09:32 - [MESSAGE][WARNING] - A browser is already opened. Closing browser and opening a new one

30-08-2024T20:09:32 - [MESSAGE][INFO] - Starting 'Chrome' driver

30-08-2024T20:09:32 - [MESSAGE][INFO] - Action delay is set to 0 milliseconds

30-08-2024T20:09:34 - [MESSAGE][PASSED] - Browser is opened with url: ''

30-08-2024T20:09:34 - [MESSAGE][PASSED] - Navigate to 'https://accelyacomtest.accelya.local/MozartTest/AirlinesHub/Index' successfully

30-08-2024T20:09:34 - [MESSAGE][PASSED] - Current window maximized

30-08-2024T20:09:35 - [MESSAGE][PASSED] - Object: 'Object Repository/MozartChrome/ChromeAdvance/ClickOnAdvanceButton' is clicked on

30-08-2024T20:10:20 - [MESSAGE][PASSED] - Object: 'Object Repository/MozartChrome/ChromeAdvance/ProccedLink' is clicked on

30-08-2024T20:10:20 - [MESSAGE][PASSED] - Text 'supermozart' is set on object 'Object Repository/MozartChrome/Page_/input_Username_Login'

30-08-2024T20:10:21 - [MESSAGE][PASSED] - Object: 'Object Repository/MozartChrome/Page_/button_Next' is clicked on

30-08-2024T20:10:22 - [MESSAGE][PASSED] - Text 'Accelya.1' is set on object 'Object Repository/MozartChrome/Page_/input_Password_Password'

30-08-2024T20:10:22 - [MESSAGE][PASSED] - Object: 'Object Repository/MozartChrome/Page_/button_Sign in' is clicked on

30-08-2024T20:10:33 - [MESSAGE][PASSED] - Object: 'Object Repository/MozartChrome/Page_Mozart - AirlinesHub/button_Please select' is clicked on

30-08-2024T20:10:33 - [MESSAGE][PASSED] - Object: 'Object Repository/EK_Objects/Page_Mozart - AirlinesHub/a_176 Emirates' is clicked on

30-08-2024T20:10:49 - [MESSAGE][PASSED] - Object: 'Object Repository/MozartChrome/Page_Mozart - AirlinesHub/a_Select' is clicked on

30-08-2024T20:10:49 - [MESSAGE][PASSED] - demoPackage.MozartLogin.LoginWithChromeForEK is PASSED

30-08-2024T20:10:49 - [TEST_STEP][PASSED] - click(findTestObject("EK_Objects/Page_Mozart - Dashboard/a_Refunds")): Object: 'Object Repository/EK_Objects/Page_Mozart - Dashboard/a_Refunds' is clicked on

30-08-2024T20:10:50 - [MESSAGE][PASSED] - Object: 'Object Repository/EK_Objects/Page_Mozart - Dashboard/a_Refunds' is clicked on

30-08-2024T20:10:50 - [TEST_STEP][PASSED] - click(findTestObject("EK_Objects/Page_Mozart - Dashboard/Click_On_Local_Settlements")): Object: 'Object Repository/EK_Objects/Page_Mozart - Dashboard/Click_On_Local_Settlements' is clicked on

30-08-2024T20:10:53 - [MESSAGE][PASSED] - Object: 'Object Repository/EK_Objects/Page_Mozart - Dashboard/Click_On_Local_Settlements' is clicked on

30-08-2024T20:10:53 - [TEST_STEP][PASSED] - listOfHeaderColumns = findWebElements(findTestObject("EK_Objects/Page_Mozart - LocalSettlements/filterTable_headers"), 10): Found web elements by test object Object Repository/EK_Objects/Page_Mozart - LocalSettlements/filterTable_headers

30-08-2024T20:10:55 - [MESSAGE][PASSED] - Found web elements by test object Object Repository/EK_Objects/Page_Mozart - LocalSettlements/filterTable_headers

30-08-2024T20:10:55 - [TEST_STEP][PASSED] - println(listOfHeaderColumns.size()): null

30-08-2024T20:10:55 - [TEST_STEP][PASSED] - elements = ["Request Id", "Processing Date (yyyy-mm-dd)", "Ticket Number", "Request Number", "Passenger Name", "Country", "Agent code", "Refund Amount", "Currency", "Refund FOP Paid Locally", "Reason"]: null

30-08-2024T20:10:55 - [TEST_STEP][PASSED] - for ([i = 1, i < listOfHeaderColumns.size(), (i++)]): Actual text 'Reason' and expected text 'Reason' are matched 

30-08-2024T20:10:55 - [TEST_STEP][PASSED] - if (i == listOfHeaderColumns.size() / 2): null

30-08-2024T20:10:55 - [TEST_STEP][PASSED] - println(get(i).getText() + " " + i): null

30-08-2024T20:10:55 - [TEST_STEP][PASSED] - verifyMatch(get(i).getText(), elements[i - 1], false): Actual text 'Request Id' and expected text 'Request Id' are matched 

30-08-2024T20:10:55 - [MESSAGE][PASSED] - Actual text 'Request Id' and expected text 'Request Id' are matched 

30-08-2024T20:10:55 - [TEST_STEP][PASSED] - if (i == listOfHeaderColumns.size() / 2): null

30-08-2024T20:10:55 - [TEST_STEP][PASSED] - println(get(i).getText() + " " + i): null

30-08-2024T20:10:55 - [TEST_STEP][PASSED] - verifyMatch(get(i).getText(), elements[i - 1], false): Actual text 'Processing Date (yyyy-mm-dd)' and expected text 'Processing Date (yyyy-mm-dd)' are matched 

30-08-2024T20:10:55 - [MESSAGE][PASSED] - Actual text 'Processing Date (yyyy-mm-dd)' and expected text 'Processing Date (yyyy-mm-dd)' are matched 

30-08-2024T20:10:55 - [TEST_STEP][PASSED] - if (i == listOfHeaderColumns.size() / 2): null

30-08-2024T20:10:55 - [TEST_STEP][PASSED] - println(get(i).getText() + " " + i): null

30-08-2024T20:10:55 - [TEST_STEP][PASSED] - verifyMatch(get(i).getText(), elements[i - 1], false): Actual text 'Ticket Number' and expected text 'Ticket Number' are matched 

30-08-2024T20:10:55 - [MESSAGE][PASSED] - Actual text 'Ticket Number' and expected text 'Ticket Number' are matched 

30-08-2024T20:10:55 - [TEST_STEP][PASSED] - if (i == listOfHeaderColumns.size() / 2): null

30-08-2024T20:10:55 - [TEST_STEP][PASSED] - println(get(i).getText() + " " + i): null

30-08-2024T20:10:55 - [TEST_STEP][PASSED] - verifyMatch(get(i).getText(), elements[i - 1], false): Actual text 'Request Number' and expected text 'Request Number' are matched 

30-08-2024T20:10:55 - [MESSAGE][PASSED] - Actual text 'Request Number' and expected text 'Request Number' are matched 

30-08-2024T20:10:55 - [TEST_STEP][PASSED] - if (i == listOfHeaderColumns.size() / 2): null

30-08-2024T20:10:55 - [TEST_STEP][PASSED] - println(get(i).getText() + " " + i): null

30-08-2024T20:10:55 - [TEST_STEP][PASSED] - verifyMatch(get(i).getText(), elements[i - 1], false): Actual text 'Passenger Name' and expected text 'Passenger Name' are matched 

30-08-2024T20:10:55 - [MESSAGE][PASSED] - Actual text 'Passenger Name' and expected text 'Passenger Name' are matched 

30-08-2024T20:10:55 - [TEST_STEP][PASSED] - if (i == listOfHeaderColumns.size() / 2): utilityClass.GenericMethods.scrollRight is PASSED

30-08-2024T20:10:55 - [TEST_STEP][PASSED] - utilityClass.GenericMethods.scrollRight(): utilityClass.GenericMethods.scrollRight is PASSED

30-08-2024T20:10:55 - [MESSAGE][PASSED] - Execute JavaScript 'document.querySelector('.dataTables_scrollBody').scrollLeft = 1000;' successfully

30-08-2024T20:10:55 - [MESSAGE][PASSED] - utilityClass.GenericMethods.scrollRight is PASSED

30-08-2024T20:10:55 - [TEST_STEP][PASSED] - println(get(i).getText() + " " + i): null

30-08-2024T20:10:55 - [TEST_STEP][PASSED] - verifyMatch(get(i).getText(), elements[i - 1], false): Actual text 'Country' and expected text 'Country' are matched 

30-08-2024T20:10:55 - [MESSAGE][PASSED] - Actual text 'Country' and expected text 'Country' are matched 

30-08-2024T20:10:55 - [TEST_STEP][PASSED] - if (i == listOfHeaderColumns.size() / 2): null

30-08-2024T20:10:55 - [TEST_STEP][PASSED] - println(get(i).getText() + " " + i): null

30-08-2024T20:10:55 - [TEST_STEP][PASSED] - verifyMatch(get(i).getText(), elements[i - 1], false): Actual text 'Agent code' and expected text 'Agent code' are matched 

30-08-2024T20:10:55 - [MESSAGE][PASSED] - Actual text 'Agent code' and expected text 'Agent code' are matched 

30-08-2024T20:10:55 - [TEST_STEP][PASSED] - if (i == listOfHeaderColumns.size() / 2): null

30-08-2024T20:10:55 - [TEST_STEP][PASSED] - println(get(i).getText() + " " + i): null

30-08-2024T20:10:55 - [TEST_STEP][PASSED] - verifyMatch(get(i).getText(), elements[i - 1], false): Actual text 'Refund Amount' and expected text 'Refund Amount' are matched 

30-08-2024T20:10:55 - [MESSAGE][PASSED] - Actual text 'Refund Amount' and expected text 'Refund Amount' are matched 

30-08-2024T20:10:55 - [TEST_STEP][PASSED] - if (i == listOfHeaderColumns.size() / 2): null

30-08-2024T20:10:55 - [TEST_STEP][PASSED] - println(get(i).getText() + " " + i): null

30-08-2024T20:10:55 - [TEST_STEP][PASSED] - verifyMatch(get(i).getText(), elements[i - 1], false): Actual text 'Currency' and expected text 'Currency' are matched 

30-08-2024T20:10:55 - [MESSAGE][PASSED] - Actual text 'Currency' and expected text 'Currency' are matched 

30-08-2024T20:10:55 - [TEST_STEP][PASSED] - if (i == listOfHeaderColumns.size() / 2): null

30-08-2024T20:10:55 - [TEST_STEP][PASSED] - println(get(i).getText() + " " + i): null

30-08-2024T20:10:55 - [TEST_STEP][PASSED] - verifyMatch(get(i).getText(), elements[i - 1], false): Actual text 'Refund FOP Paid Locally' and expected text 'Refund FOP Paid Locally' are matched 

30-08-2024T20:10:55 - [MESSAGE][PASSED] - Actual text 'Refund FOP Paid Locally' and expected text 'Refund FOP Paid Locally' are matched 

30-08-2024T20:10:55 - [TEST_STEP][PASSED] - if (i == listOfHeaderColumns.size() / 2): null

30-08-2024T20:10:55 - [TEST_STEP][PASSED] - println(get(i).getText() + " " + i): null

30-08-2024T20:10:55 - [TEST_STEP][PASSED] - verifyMatch(get(i).getText(), elements[i - 1], false): Actual text 'Reason' and expected text 'Reason' are matched 

30-08-2024T20:10:55 - [MESSAGE][PASSED] - Actual text 'Reason' and expected text 'Reason' are matched 

30-08-2024T20:10:56 - [TEST_STEP][PASSED] - utilityClass.CustomSoftAssert.assertAll(): utilityClass.CustomSoftAssert.assertAll is PASSED

30-08-2024T20:10:56 - [MESSAGE][PASSED] - utilityClass.CustomSoftAssert.assertAll is PASSED

30-08-2024T20:10:56 - [TEST_STEP][PASSED] - closeBrowser(): Browser is closed

30-08-2024T20:10:56 - [MESSAGE][PASSED] - Browser is closed]]></system-out>
         <system-err><![CDATA[]]></system-err>
      </testcase>
      <testcase name="Test Cases/MOZ-10510/TC 6_MOZ_11447 Verify Default Filtering Values in the Local Settlements Module" time="46.108" classname="Test Cases/MOZ-10510/TC 6_MOZ_11447 Verify Default Filtering Values in the Local Settlements Module" status="PASSED">
         <system-out><![CDATA[30-08-2024T20:10:56 - [TEST_CASE][PASSED] - Test Cases/MOZ-10510/TC 6_MOZ_11447 Verify Default Filtering Values in the Local Settlements Module: Test Cases/MOZ-10510/TC 6_MOZ_11447 Verify Default Filtering Values in the Local Settlements Module

30-08-2024T20:10:56 - [TEST_STEP][PASSED] - demoPackage.MozartLogin.LoginWithChromeForEK(): demoPackage.MozartLogin.LoginWithChromeForEK is PASSED

30-08-2024T20:10:56 - [MESSAGE][INFO] - Starting 'Chrome' driver

30-08-2024T20:10:56 - [MESSAGE][INFO] - Action delay is set to 0 milliseconds

30-08-2024T20:10:58 - [MESSAGE][PASSED] - Browser is opened with url: ''

30-08-2024T20:10:59 - [MESSAGE][PASSED] - Navigate to 'https://accelyacomtest.accelya.local/MozartTest/AirlinesHub/Index' successfully

30-08-2024T20:10:59 - [MESSAGE][PASSED] - Current window maximized

30-08-2024T20:10:59 - [MESSAGE][PASSED] - Object: 'Object Repository/MozartChrome/ChromeAdvance/ClickOnAdvanceButton' is clicked on

30-08-2024T20:11:12 - [MESSAGE][PASSED] - Object: 'Object Repository/MozartChrome/ChromeAdvance/ProccedLink' is clicked on

30-08-2024T20:11:13 - [MESSAGE][PASSED] - Text 'supermozart' is set on object 'Object Repository/MozartChrome/Page_/input_Username_Login'

30-08-2024T20:11:13 - [MESSAGE][PASSED] - Object: 'Object Repository/MozartChrome/Page_/button_Next' is clicked on

30-08-2024T20:11:14 - [MESSAGE][PASSED] - Text 'Accelya.1' is set on object 'Object Repository/MozartChrome/Page_/input_Password_Password'

30-08-2024T20:11:14 - [MESSAGE][PASSED] - Object: 'Object Repository/MozartChrome/Page_/button_Sign in' is clicked on

30-08-2024T20:11:25 - [MESSAGE][PASSED] - Object: 'Object Repository/MozartChrome/Page_Mozart - AirlinesHub/button_Please select' is clicked on

30-08-2024T20:11:25 - [MESSAGE][PASSED] - Object: 'Object Repository/EK_Objects/Page_Mozart - AirlinesHub/a_176 Emirates' is clicked on

30-08-2024T20:11:27 - [MESSAGE][PASSED] - Object: 'Object Repository/MozartChrome/Page_Mozart - AirlinesHub/a_Select' is clicked on

30-08-2024T20:11:27 - [MESSAGE][PASSED] - demoPackage.MozartLogin.LoginWithChromeForEK is PASSED

30-08-2024T20:11:27 - [TEST_STEP][PASSED] - click(findTestObject("EK_Objects/Page_Mozart - Dashboard/a_Refunds")): Object: 'Object Repository/EK_Objects/Page_Mozart - Dashboard/a_Refunds' is clicked on

30-08-2024T20:11:28 - [MESSAGE][PASSED] - Object: 'Object Repository/EK_Objects/Page_Mozart - Dashboard/a_Refunds' is clicked on

30-08-2024T20:11:28 - [TEST_STEP][PASSED] - click(findTestObject("EK_Objects/Page_Mozart - Dashboard/Click_On_Local_Settlements")): Object: 'Object Repository/EK_Objects/Page_Mozart - Dashboard/Click_On_Local_Settlements' is clicked on

30-08-2024T20:11:29 - [MESSAGE][PASSED] - Object: 'Object Repository/EK_Objects/Page_Mozart - Dashboard/Click_On_Local_Settlements' is clicked on

30-08-2024T20:11:29 - [TEST_STEP][PASSED] - click(findTestObject("EK_Objects/Page_Mozart - LocalSettlements/filter_button")): Object: 'Object Repository/EK_Objects/Page_Mozart - LocalSettlements/filter_button' is clicked on

30-08-2024T20:11:31 - [MESSAGE][PASSED] - Object: 'Object Repository/EK_Objects/Page_Mozart - LocalSettlements/filter_button' is clicked on

30-08-2024T20:11:31 - [TEST_STEP][PASSED] - verifyOptionSelectedByValue(findTestObject("EK_Objects/Page_Mozart - LocalSettlements/select_filter_column_r1_c1"), "date_processingdate", false, 5): All options with value 'date_processingdate' are selected in object 'Object Repository/EK_Objects/Page_Mozart - LocalSettlements/select_filter_column_r1_c1' 

30-08-2024T20:11:35 - [MESSAGE][PASSED] - All options with value 'date_processingdate' are selected in object 'Object Repository/EK_Objects/Page_Mozart - LocalSettlements/select_filter_column_r1_c1' 

30-08-2024T20:11:35 - [TEST_STEP][PASSED] - verifyOptionSelectedByValue(findTestObject("EK_Objects/Page_Mozart - LocalSettlements/select_filter_column_r2_c1"), "select_request_fop_settlem", false, 5): All options with value 'select_request_fop_settlem' are selected in object 'Object Repository/EK_Objects/Page_Mozart - LocalSettlements/select_filter_column_r2_c1' 

30-08-2024T20:11:38 - [MESSAGE][PASSED] - All options with value 'select_request_fop_settlem' are selected in object 'Object Repository/EK_Objects/Page_Mozart - LocalSettlements/select_filter_column_r2_c1' 

30-08-2024T20:11:38 - [TEST_STEP][PASSED] - verifyOptionSelectedByValue(findTestObject("EK_Objects/Page_Mozart - LocalSettlements/select_filter_column_r3_c1"), "select_ro_isocode_country", false, 5): All options with value 'select_ro_isocode_country' are selected in object 'Object Repository/EK_Objects/Page_Mozart - LocalSettlements/select_filter_column_r3_c1' 

30-08-2024T20:11:42 - [MESSAGE][PASSED] - All options with value 'select_ro_isocode_country' are selected in object 'Object Repository/EK_Objects/Page_Mozart - LocalSettlements/select_filter_column_r3_c1' 

30-08-2024T20:11:42 - [TEST_STEP][PASSED] - closeBrowser(): Browser is closed

30-08-2024T20:11:42 - [MESSAGE][PASSED] - Browser is closed]]></system-out>
         <system-err><![CDATA[]]></system-err>
      </testcase>
      <testcase name="Test Cases/MOZ-10510/TC 5_MOZ_11446 Verify Landing Page Layout and Filtering Area for the Local Settlements Module" time="130.563" classname="Test Cases/MOZ-10510/TC 5_MOZ_11446 Verify Landing Page Layout and Filtering Area for the Local Settlements Module" status="FAILED">
         <failure type="FAILED" message="Test Cases/MOZ-10510/TC 5_MOZ_11446 Verify Landing Page Layout and Filtering Area for the Local Settlements Module FAILED.&#xa;Reason:&#xa;com.kms.katalon.core.exception.StepFailedException: Unable to verify object 'Object Repository/EK_Objects/Page_Mozart - LocalSettlements/show_exceptions' is not present&#xa;	at com.kms.katalon.core.webui.keyword.internal.WebUIKeywordMain.stepFailed(WebUIKeywordMain.groovy:64)&#xa;	at com.kms.katalon.core.webui.keyword.internal.WebUIKeywordMain.runKeyword(WebUIKeywordMain.groovy:26)&#xa;	at com.kms.katalon.core.webui.keyword.internal.WebUIKeywordMain$runKeyword.call(Unknown Source)&#xa;	at com.kms.katalon.core.webui.keyword.builtin.VerifyElementNotPresentKeyword.verifyElementNotPresent(VerifyElementNotPresentKeyword.groovy:131)&#xa;	at com.kms.katalon.core.webui.keyword.builtin.VerifyElementNotPresentKeyword.execute(VerifyElementNotPresentKeyword.groovy:69)&#xa;	at com.kms.katalon.core.keyword.internal.KeywordExecutor.executeKeywordForPlatform(KeywordExecutor.groovy:74)&#xa;	at com.kms.katalon.core.webui.keyword.WebUiBuiltInKeywords.verifyElementNotPresent(WebUiBuiltInKeywords.groovy:1536)&#xa;	at TC 5_MOZ_11446 Verify Landing Page Layout and Filtering Area for the Local Settlements Module.run(TC 5_MOZ_11446 Verify Landing Page Layout and Filtering Area for the Local Settlements Module:36)&#xa;	at com.kms.katalon.core.main.ScriptEngine.run(ScriptEngine.java:194)&#xa;	at com.kms.katalon.core.main.ScriptEngine.runScriptAsRawText(ScriptEngine.java:119)&#xa;	at com.kms.katalon.core.main.TestCaseExecutor.runScript(TestCaseExecutor.java:448)&#xa;	at com.kms.katalon.core.main.TestCaseExecutor.doExecute(TestCaseExecutor.java:439)&#xa;	at com.kms.katalon.core.main.TestCaseExecutor.processExecutionPhase(TestCaseExecutor.java:418)&#xa;	at com.kms.katalon.core.main.TestCaseExecutor.accessMainPhase(TestCaseExecutor.java:410)&#xa;	at com.kms.katalon.core.main.TestCaseExecutor.execute(TestCaseExecutor.java:285)&#xa;	at com.kms.katalon.core.common.CommonExecutor.accessTestCaseMainPhase(CommonExecutor.java:65)&#xa;	at com.kms.katalon.core.main.TestSuiteExecutor.accessTestSuiteMainPhase(TestSuiteExecutor.java:150)&#xa;	at com.kms.katalon.core.main.TestSuiteExecutor.execute(TestSuiteExecutor.java:106)&#xa;	at com.kms.katalon.core.main.TestCaseMain.startTestSuite(TestCaseMain.java:180)&#xa;	at TempTestSuite1725028561053.run(TempTestSuite1725028561053.groovy:35)&#xa;	at java.base/jdk.internal.reflect.NativeMethodAccessorImpl.invoke0(Native Method)&#xa;	at java.base/jdk.internal.reflect.NativeMethodAccessorImpl.invoke(NativeMethodAccessorImpl.java:77)&#xa;	at java.base/jdk.internal.reflect.DelegatingMethodAccessorImpl.invoke(DelegatingMethodAccessorImpl.java:43)&#xa;Caused by: com.kms.katalon.core.exception.StepFailedException: Web element with id: 'Object Repository/EK_Objects/Page_Mozart - LocalSettlements/show_exceptions' located by 'By.xpath: //div[@class='pl-1']' is present after '10' second(s)&#xa;	at com.kms.katalon.core.webui.keyword.internal.WebUIKeywordMain.stepFailed(WebUIKeywordMain.groovy:64)&#xa;	at com.kms.katalon.core.webui.keyword.internal.WebUIKeywordMain$stepFailed$0.call(Unknown Source)&#xa;	at com.kms.katalon.core.webui.keyword.builtin.VerifyElementNotPresentKeyword$_verifyElementNotPresent_closure1.doCall(VerifyElementNotPresentKeyword.groovy:122)&#xa;	at com.kms.katalon.core.webui.keyword.builtin.VerifyElementNotPresentKeyword$_verifyElementNotPresent_closure1.doCall(VerifyElementNotPresentKeyword.groovy)&#xa;	at java.base/jdk.internal.reflect.NativeMethodAccessorImpl.invoke0(Native Method)&#xa;	at java.base/jdk.internal.reflect.NativeMethodAccessorImpl.invoke(NativeMethodAccessorImpl.java:77)&#xa;	at java.base/jdk.internal.reflect.DelegatingMethodAccessorImpl.invoke(DelegatingMethodAccessorImpl.java:43)&#xa;	at com.kms.katalon.core.webui.keyword.internal.WebUIKeywordMain.runKeyword(WebUIKeywordMain.groovy:20)&#xa;	... 21 more&#xa;"/>
         <system-out><![CDATA[30-08-2024T20:11:42 - [TEST_CASE][FAILED] - Test Cases/MOZ-10510/TC 5_MOZ_11446 Verify Landing Page Layout and Filtering Area for the Local Settlements Module: Test Cases/MOZ-10510/TC 5_MOZ_11446 Verify Landing Page Layout and Filtering Area for the Local Settlements Module FAILED.
Reason:
com.kms.katalon.core.exception.StepFailedException: Unable to verify object 'Object Repository/EK_Objects/Page_Mozart - LocalSettlements/show_exceptions' is not present
	at com.kms.katalon.core.webui.keyword.internal.WebUIKeywordMain.stepFailed(WebUIKeywordMain.groovy:64)
	at com.kms.katalon.core.webui.keyword.internal.WebUIKeywordMain.runKeyword(WebUIKeywordMain.groovy:26)
	at com.kms.katalon.core.webui.keyword.internal.WebUIKeywordMain$runKeyword.call(Unknown Source)
	at com.kms.katalon.core.webui.keyword.builtin.VerifyElementNotPresentKeyword.verifyElementNotPresent(VerifyElementNotPresentKeyword.groovy:131)
	at com.kms.katalon.core.webui.keyword.builtin.VerifyElementNotPresentKeyword.execute(VerifyElementNotPresentKeyword.groovy:69)
	at com.kms.katalon.core.keyword.internal.KeywordExecutor.executeKeywordForPlatform(KeywordExecutor.groovy:74)
	at com.kms.katalon.core.webui.keyword.WebUiBuiltInKeywords.verifyElementNotPresent(WebUiBuiltInKeywords.groovy:1536)
	at TC 5_MOZ_11446 Verify Landing Page Layout and Filtering Area for the Local Settlements Module.run(TC 5_MOZ_11446 Verify Landing Page Layout and Filtering Area for the Local Settlements Module:36)
	at com.kms.katalon.core.main.ScriptEngine.run(ScriptEngine.java:194)
	at com.kms.katalon.core.main.ScriptEngine.runScriptAsRawText(ScriptEngine.java:119)
	at com.kms.katalon.core.main.TestCaseExecutor.runScript(TestCaseExecutor.java:448)
	at com.kms.katalon.core.main.TestCaseExecutor.doExecute(TestCaseExecutor.java:439)
	at com.kms.katalon.core.main.TestCaseExecutor.processExecutionPhase(TestCaseExecutor.java:418)
	at com.kms.katalon.core.main.TestCaseExecutor.accessMainPhase(TestCaseExecutor.java:410)
	at com.kms.katalon.core.main.TestCaseExecutor.execute(TestCaseExecutor.java:285)
	at com.kms.katalon.core.common.CommonExecutor.accessTestCaseMainPhase(CommonExecutor.java:65)
	at com.kms.katalon.core.main.TestSuiteExecutor.accessTestSuiteMainPhase(TestSuiteExecutor.java:150)
	at com.kms.katalon.core.main.TestSuiteExecutor.execute(TestSuiteExecutor.java:106)
	at com.kms.katalon.core.main.TestCaseMain.startTestSuite(TestCaseMain.java:180)
	at TempTestSuite1725028561053.run(TempTestSuite1725028561053.groovy:35)
	at java.base/jdk.internal.reflect.NativeMethodAccessorImpl.invoke0(Native Method)
	at java.base/jdk.internal.reflect.NativeMethodAccessorImpl.invoke(NativeMethodAccessorImpl.java:77)
	at java.base/jdk.internal.reflect.DelegatingMethodAccessorImpl.invoke(DelegatingMethodAccessorImpl.java:43)
Caused by: com.kms.katalon.core.exception.StepFailedException: Web element with id: 'Object Repository/EK_Objects/Page_Mozart - LocalSettlements/show_exceptions' located by 'By.xpath: //div[@class='pl-1']' is present after '10' second(s)
	at com.kms.katalon.core.webui.keyword.internal.WebUIKeywordMain.stepFailed(WebUIKeywordMain.groovy:64)
	at com.kms.katalon.core.webui.keyword.internal.WebUIKeywordMain$stepFailed$0.call(Unknown Source)
	at com.kms.katalon.core.webui.keyword.builtin.VerifyElementNotPresentKeyword$_verifyElementNotPresent_closure1.doCall(VerifyElementNotPresentKeyword.groovy:122)
	at com.kms.katalon.core.webui.keyword.builtin.VerifyElementNotPresentKeyword$_verifyElementNotPresent_closure1.doCall(VerifyElementNotPresentKeyword.groovy)
	at java.base/jdk.internal.reflect.NativeMethodAccessorImpl.invoke0(Native Method)
	at java.base/jdk.internal.reflect.NativeMethodAccessorImpl.invoke(NativeMethodAccessorImpl.java:77)
	at java.base/jdk.internal.reflect.DelegatingMethodAccessorImpl.invoke(DelegatingMethodAccessorImpl.java:43)
	at com.kms.katalon.core.webui.keyword.internal.WebUIKeywordMain.runKeyword(WebUIKeywordMain.groovy:20)
	... 21 more


30-08-2024T20:11:42 - [TEST_STEP][PASSED] - demoPackage.MozartLogin.LoginWithChromeForEK(): demoPackage.MozartLogin.LoginWithChromeForEK is PASSED

30-08-2024T20:11:42 - [MESSAGE][INFO] - Starting 'Chrome' driver

30-08-2024T20:11:42 - [MESSAGE][INFO] - Action delay is set to 0 milliseconds

30-08-2024T20:11:44 - [MESSAGE][PASSED] - Browser is opened with url: ''

30-08-2024T20:11:46 - [MESSAGE][PASSED] - Navigate to 'https://accelyacomtest.accelya.local/MozartTest/AirlinesHub/Index' successfully

30-08-2024T20:11:46 - [MESSAGE][PASSED] - Current window maximized

30-08-2024T20:11:46 - [MESSAGE][PASSED] - Object: 'Object Repository/MozartChrome/ChromeAdvance/ClickOnAdvanceButton' is clicked on

30-08-2024T20:13:10 - [MESSAGE][PASSED] - Object: 'Object Repository/MozartChrome/ChromeAdvance/ProccedLink' is clicked on

30-08-2024T20:13:11 - [MESSAGE][PASSED] - Text 'supermozart' is set on object 'Object Repository/MozartChrome/Page_/input_Username_Login'

30-08-2024T20:13:11 - [MESSAGE][PASSED] - Object: 'Object Repository/MozartChrome/Page_/button_Next' is clicked on

30-08-2024T20:13:12 - [MESSAGE][PASSED] - Text 'Accelya.1' is set on object 'Object Repository/MozartChrome/Page_/input_Password_Password'

30-08-2024T20:13:13 - [MESSAGE][PASSED] - Object: 'Object Repository/MozartChrome/Page_/button_Sign in' is clicked on

30-08-2024T20:13:28 - [MESSAGE][PASSED] - Object: 'Object Repository/MozartChrome/Page_Mozart - AirlinesHub/button_Please select' is clicked on

30-08-2024T20:13:29 - [MESSAGE][PASSED] - Object: 'Object Repository/EK_Objects/Page_Mozart - AirlinesHub/a_176 Emirates' is clicked on

30-08-2024T20:13:31 - [MESSAGE][PASSED] - Object: 'Object Repository/MozartChrome/Page_Mozart - AirlinesHub/a_Select' is clicked on

30-08-2024T20:13:31 - [MESSAGE][PASSED] - demoPackage.MozartLogin.LoginWithChromeForEK is PASSED

30-08-2024T20:13:31 - [TEST_STEP][PASSED] - click(findTestObject("EK_Objects/Page_Mozart - Dashboard/a_Refunds")): Object: 'Object Repository/EK_Objects/Page_Mozart - Dashboard/a_Refunds' is clicked on

30-08-2024T20:13:32 - [MESSAGE][PASSED] - Object: 'Object Repository/EK_Objects/Page_Mozart - Dashboard/a_Refunds' is clicked on

30-08-2024T20:13:32 - [TEST_STEP][PASSED] - verifyElementPresent(findTestObject("EK_Objects/Page_Mozart - Dashboard/Click_On_Local_Settlements"), 2): Object 'Object Repository/EK_Objects/Page_Mozart - Dashboard/Click_On_Local_Settlements' is present

30-08-2024T20:13:32 - [MESSAGE][PASSED] - Object 'Object Repository/EK_Objects/Page_Mozart - Dashboard/Click_On_Local_Settlements' is present

30-08-2024T20:13:32 - [TEST_STEP][PASSED] - click(findTestObject("Object Repository/EK_Objects/Page_Mozart - Dashboard/Click_On_Local_Settlements")): Object: 'Object Repository/EK_Objects/Page_Mozart - Dashboard/Click_On_Local_Settlements' is clicked on

30-08-2024T20:13:38 - [MESSAGE][PASSED] - Object: 'Object Repository/EK_Objects/Page_Mozart - Dashboard/Click_On_Local_Settlements' is clicked on

30-08-2024T20:13:38 - [TEST_STEP][PASSED] - click(findTestObject("Object Repository/EK_Objects/Page_Mozart - LocalSettlements/filter_button")): Object: 'Object Repository/EK_Objects/Page_Mozart - LocalSettlements/filter_button' is clicked on

30-08-2024T20:13:41 - [MESSAGE][PASSED] - Object: 'Object Repository/EK_Objects/Page_Mozart - LocalSettlements/filter_button' is clicked on

30-08-2024T20:13:41 - [TEST_STEP][PASSED] - verifyElementNotPresent(findTestObject("Object Repository/EK_Objects/Page_Mozart - LocalSettlements/compact_mode"), 10): Web element with id: 'Object Repository/EK_Objects/Page_Mozart - LocalSettlements/compact_mode' located by 'By.xpath: (//div[@class='custom-control custom-switch ml-2'])[1]' is not present after '10' second(s)

30-08-2024T20:13:42 - [MESSAGE][PASSED] - Web element with id: 'Object Repository/EK_Objects/Page_Mozart - LocalSettlements/compact_mode' located by 'By.xpath: (//div[@class='custom-control custom-switch ml-2'])[1]' is not present after '10' second(s)

30-08-2024T20:13:42 - [TEST_STEP][PASSED] - verifyElementNotPresent(findTestObject("Object Repository/EK_Objects/Page_Mozart - LocalSettlements/grouped"), 10): Web element with id: 'Object Repository/EK_Objects/Page_Mozart - LocalSettlements/grouped' located by 'By.xpath: (//div[@class='custom-control custom-switch ml-2'])[2]' is not present after '10' second(s)

30-08-2024T20:13:42 - [MESSAGE][PASSED] - Web element with id: 'Object Repository/EK_Objects/Page_Mozart - LocalSettlements/grouped' located by 'By.xpath: (//div[@class='custom-control custom-switch ml-2'])[2]' is not present after '10' second(s)

30-08-2024T20:13:42 - [TEST_STEP][FAILED] - verifyElementNotPresent(findTestObject("Object Repository/EK_Objects/Page_Mozart - LocalSettlements/show_exceptions"), 10): Unable to verify object 'Object Repository/EK_Objects/Page_Mozart - LocalSettlements/show_exceptions' is not present (Root cause: com.kms.katalon.core.exception.StepFailedException: Unable to verify object 'Object Repository/EK_Objects/Page_Mozart - LocalSettlements/show_exceptions' is not present
	at com.kms.katalon.core.webui.keyword.internal.WebUIKeywordMain.stepFailed(WebUIKeywordMain.groovy:64)
	at com.kms.katalon.core.webui.keyword.internal.WebUIKeywordMain.runKeyword(WebUIKeywordMain.groovy:26)
	at com.kms.katalon.core.webui.keyword.internal.WebUIKeywordMain$runKeyword.call(Unknown Source)
	at com.kms.katalon.core.webui.keyword.builtin.VerifyElementNotPresentKeyword.verifyElementNotPresent(VerifyElementNotPresentKeyword.groovy:131)
	at com.kms.katalon.core.webui.keyword.builtin.VerifyElementNotPresentKeyword.execute(VerifyElementNotPresentKeyword.groovy:69)
	at com.kms.katalon.core.keyword.internal.KeywordExecutor.executeKeywordForPlatform(KeywordExecutor.groovy:74)
	at com.kms.katalon.core.webui.keyword.WebUiBuiltInKeywords.verifyElementNotPresent(WebUiBuiltInKeywords.groovy:1536)
	at TC 5_MOZ_11446 Verify Landing Page Layout and Filtering Area for the Local Settlements Module.run(TC 5_MOZ_11446 Verify Landing Page Layout and Filtering Area for the Local Settlements Module:36)
	at com.kms.katalon.core.main.ScriptEngine.run(ScriptEngine.java:194)
	at com.kms.katalon.core.main.ScriptEngine.runScriptAsRawText(ScriptEngine.java:119)
	at com.kms.katalon.core.main.TestCaseExecutor.runScript(TestCaseExecutor.java:448)
	at com.kms.katalon.core.main.TestCaseExecutor.doExecute(TestCaseExecutor.java:439)
	at com.kms.katalon.core.main.TestCaseExecutor.processExecutionPhase(TestCaseExecutor.java:418)
	at com.kms.katalon.core.main.TestCaseExecutor.accessMainPhase(TestCaseExecutor.java:410)
	at com.kms.katalon.core.main.TestCaseExecutor.execute(TestCaseExecutor.java:285)
	at com.kms.katalon.core.common.CommonExecutor.accessTestCaseMainPhase(CommonExecutor.java:65)
	at com.kms.katalon.core.main.TestSuiteExecutor.accessTestSuiteMainPhase(TestSuiteExecutor.java:150)
	at com.kms.katalon.core.main.TestSuiteExecutor.execute(TestSuiteExecutor.java:106)
	at com.kms.katalon.core.main.TestCaseMain.startTestSuite(TestCaseMain.java:180)
	at TempTestSuite1725028561053.run(TempTestSuite1725028561053.groovy:35)
	at java.base/jdk.internal.reflect.NativeMethodAccessorImpl.invoke0(Native Method)
	at java.base/jdk.internal.reflect.NativeMethodAccessorImpl.invoke(NativeMethodAccessorImpl.java:77)
	at java.base/jdk.internal.reflect.DelegatingMethodAccessorImpl.invoke(DelegatingMethodAccessorImpl.java:43)
Caused by: com.kms.katalon.core.exception.StepFailedException: Web element with id: 'Object Repository/EK_Objects/Page_Mozart - LocalSettlements/show_exceptions' located by 'By.xpath: //div[@class='pl-1']' is present after '10' second(s)
	at com.kms.katalon.core.webui.keyword.internal.WebUIKeywordMain.stepFailed(WebUIKeywordMain.groovy:64)
	at com.kms.katalon.core.webui.keyword.internal.WebUIKeywordMain$stepFailed$0.call(Unknown Source)
	at com.kms.katalon.core.webui.keyword.builtin.VerifyElementNotPresentKeyword$_verifyElementNotPresent_closure1.doCall(VerifyElementNotPresentKeyword.groovy:122)
	at com.kms.katalon.core.webui.keyword.builtin.VerifyElementNotPresentKeyword$_verifyElementNotPresent_closure1.doCall(VerifyElementNotPresentKeyword.groovy)
	at java.base/jdk.internal.reflect.NativeMethodAccessorImpl.invoke0(Native Method)
	at java.base/jdk.internal.reflect.NativeMethodAccessorImpl.invoke(NativeMethodAccessorImpl.java:77)
	at java.base/jdk.internal.reflect.DelegatingMethodAccessorImpl.invoke(DelegatingMethodAccessorImpl.java:43)
	at com.kms.katalon.core.webui.keyword.internal.WebUIKeywordMain.runKeyword(WebUIKeywordMain.groovy:20)
	... 21 more
)

30-08-2024T20:13:53 - [MESSAGE][FAILED] - Web element with id: 'Object Repository/EK_Objects/Page_Mozart - LocalSettlements/show_exceptions' located by 'By.xpath: //div[@class='pl-1']' is present after '10' second(s) (Root cause: com.kms.katalon.core.exception.StepFailedException: Web element with id: 'Object Repository/EK_Objects/Page_Mozart - LocalSettlements/show_exceptions' located by 'By.xpath: //div[@class='pl-1']' is present after '10' second(s)
	at com.kms.katalon.core.webui.keyword.internal.WebUIKeywordMain.stepFailed(WebUIKeywordMain.groovy:64)
	at com.kms.katalon.core.webui.keyword.internal.WebUIKeywordMain$stepFailed$0.call(Unknown Source)
	at com.kms.katalon.core.webui.keyword.builtin.VerifyElementNotPresentKeyword$_verifyElementNotPresent_closure1.doCall(VerifyElementNotPresentKeyword.groovy:122)
	at com.kms.katalon.core.webui.keyword.builtin.VerifyElementNotPresentKeyword$_verifyElementNotPresent_closure1.doCall(VerifyElementNotPresentKeyword.groovy)
	at java.base/jdk.internal.reflect.NativeMethodAccessorImpl.invoke0(Native Method)
	at java.base/jdk.internal.reflect.NativeMethodAccessorImpl.invoke(NativeMethodAccessorImpl.java:77)
	at java.base/jdk.internal.reflect.DelegatingMethodAccessorImpl.invoke(DelegatingMethodAccessorImpl.java:43)
	at com.kms.katalon.core.webui.keyword.internal.WebUIKeywordMain.runKeyword(WebUIKeywordMain.groovy:20)
	at com.kms.katalon.core.webui.keyword.internal.WebUIKeywordMain$runKeyword.call(Unknown Source)
	at com.kms.katalon.core.webui.keyword.builtin.VerifyElementNotPresentKeyword.verifyElementNotPresent(VerifyElementNotPresentKeyword.groovy:131)
	at com.kms.katalon.core.webui.keyword.builtin.VerifyElementNotPresentKeyword.execute(VerifyElementNotPresentKeyword.groovy:69)
	at com.kms.katalon.core.keyword.internal.KeywordExecutor.executeKeywordForPlatform(KeywordExecutor.groovy:74)
	at com.kms.katalon.core.webui.keyword.WebUiBuiltInKeywords.verifyElementNotPresent(WebUiBuiltInKeywords.groovy:1536)
	at TC 5_MOZ_11446 Verify Landing Page Layout and Filtering Area for the Local Settlements Module.run(TC 5_MOZ_11446 Verify Landing Page Layout and Filtering Area for the Local Settlements Module:36)
	at com.kms.katalon.core.main.ScriptEngine.run(ScriptEngine.java:194)
	at com.kms.katalon.core.main.ScriptEngine.runScriptAsRawText(ScriptEngine.java:119)
	at com.kms.katalon.core.main.TestCaseExecutor.runScript(TestCaseExecutor.java:448)
	at com.kms.katalon.core.main.TestCaseExecutor.doExecute(TestCaseExecutor.java:439)
	at com.kms.katalon.core.main.TestCaseExecutor.processExecutionPhase(TestCaseExecutor.java:418)
	at com.kms.katalon.core.main.TestCaseExecutor.accessMainPhase(TestCaseExecutor.java:410)
	at com.kms.katalon.core.main.TestCaseExecutor.execute(TestCaseExecutor.java:285)
	at com.kms.katalon.core.common.CommonExecutor.accessTestCaseMainPhase(CommonExecutor.java:65)
	at com.kms.katalon.core.main.TestSuiteExecutor.accessTestSuiteMainPhase(TestSuiteExecutor.java:150)
	at com.kms.katalon.core.main.TestSuiteExecutor.execute(TestSuiteExecutor.java:106)
	at com.kms.katalon.core.main.TestCaseMain.startTestSuite(TestCaseMain.java:180)
	at TempTestSuite1725028561053.run(TempTestSuite1725028561053.groovy:35)
	at java.base/jdk.internal.reflect.NativeMethodAccessorImpl.invoke0(Native Method)
	at java.base/jdk.internal.reflect.NativeMethodAccessorImpl.invoke(NativeMethodAccessorImpl.java:77)
	at java.base/jdk.internal.reflect.DelegatingMethodAccessorImpl.invoke(DelegatingMethodAccessorImpl.java:43)
)
[[ATTACHMENT|C:\\Users\\ranjit.vadar\\Katalon Studio\\Mozart Emirates\\Reports\\20240830_200559\\Suite MOZ-10510\\20240830_200601\\1725029032978.png]]

30-08-2024T20:13:53 - [MESSAGE][FAILED] - Unable to verify object 'Object Repository/EK_Objects/Page_Mozart - LocalSettlements/show_exceptions' is not present (Root cause: com.kms.katalon.core.exception.StepFailedException: Unable to verify object 'Object Repository/EK_Objects/Page_Mozart - LocalSettlements/show_exceptions' is not present
	at com.kms.katalon.core.webui.keyword.internal.WebUIKeywordMain.stepFailed(WebUIKeywordMain.groovy:64)
	at com.kms.katalon.core.webui.keyword.internal.WebUIKeywordMain.runKeyword(WebUIKeywordMain.groovy:26)
	at com.kms.katalon.core.webui.keyword.internal.WebUIKeywordMain$runKeyword.call(Unknown Source)
	at com.kms.katalon.core.webui.keyword.builtin.VerifyElementNotPresentKeyword.verifyElementNotPresent(VerifyElementNotPresentKeyword.groovy:131)
	at com.kms.katalon.core.webui.keyword.builtin.VerifyElementNotPresentKeyword.execute(VerifyElementNotPresentKeyword.groovy:69)
	at com.kms.katalon.core.keyword.internal.KeywordExecutor.executeKeywordForPlatform(KeywordExecutor.groovy:74)
	at com.kms.katalon.core.webui.keyword.WebUiBuiltInKeywords.verifyElementNotPresent(WebUiBuiltInKeywords.groovy:1536)
	at TC 5_MOZ_11446 Verify Landing Page Layout and Filtering Area for the Local Settlements Module.run(TC 5_MOZ_11446 Verify Landing Page Layout and Filtering Area for the Local Settlements Module:36)
	at com.kms.katalon.core.main.ScriptEngine.run(ScriptEngine.java:194)
	at com.kms.katalon.core.main.ScriptEngine.runScriptAsRawText(ScriptEngine.java:119)
	at com.kms.katalon.core.main.TestCaseExecutor.runScript(TestCaseExecutor.java:448)
	at com.kms.katalon.core.main.TestCaseExecutor.doExecute(TestCaseExecutor.java:439)
	at com.kms.katalon.core.main.TestCaseExecutor.processExecutionPhase(TestCaseExecutor.java:418)
	at com.kms.katalon.core.main.TestCaseExecutor.accessMainPhase(TestCaseExecutor.java:410)
	at com.kms.katalon.core.main.TestCaseExecutor.execute(TestCaseExecutor.java:285)
	at com.kms.katalon.core.common.CommonExecutor.accessTestCaseMainPhase(CommonExecutor.java:65)
	at com.kms.katalon.core.main.TestSuiteExecutor.accessTestSuiteMainPhase(TestSuiteExecutor.java:150)
	at com.kms.katalon.core.main.TestSuiteExecutor.execute(TestSuiteExecutor.java:106)
	at com.kms.katalon.core.main.TestCaseMain.startTestSuite(TestCaseMain.java:180)
	at TempTestSuite1725028561053.run(TempTestSuite1725028561053.groovy:35)
	at java.base/jdk.internal.reflect.NativeMethodAccessorImpl.invoke0(Native Method)
	at java.base/jdk.internal.reflect.NativeMethodAccessorImpl.invoke(NativeMethodAccessorImpl.java:77)
	at java.base/jdk.internal.reflect.DelegatingMethodAccessorImpl.invoke(DelegatingMethodAccessorImpl.java:43)
Caused by: com.kms.katalon.core.exception.StepFailedException: Web element with id: 'Object Repository/EK_Objects/Page_Mozart - LocalSettlements/show_exceptions' located by 'By.xpath: //div[@class='pl-1']' is present after '10' second(s)
	at com.kms.katalon.core.webui.keyword.internal.WebUIKeywordMain.stepFailed(WebUIKeywordMain.groovy:64)
	at com.kms.katalon.core.webui.keyword.internal.WebUIKeywordMain$stepFailed$0.call(Unknown Source)
	at com.kms.katalon.core.webui.keyword.builtin.VerifyElementNotPresentKeyword$_verifyElementNotPresent_closure1.doCall(VerifyElementNotPresentKeyword.groovy:122)
	at com.kms.katalon.core.webui.keyword.builtin.VerifyElementNotPresentKeyword$_verifyElementNotPresent_closure1.doCall(VerifyElementNotPresentKeyword.groovy)
	at java.base/jdk.internal.reflect.NativeMethodAccessorImpl.invoke0(Native Method)
	at java.base/jdk.internal.reflect.NativeMethodAccessorImpl.invoke(NativeMethodAccessorImpl.java:77)
	at java.base/jdk.internal.reflect.DelegatingMethodAccessorImpl.invoke(DelegatingMethodAccessorImpl.java:43)
	at com.kms.katalon.core.webui.keyword.internal.WebUIKeywordMain.runKeyword(WebUIKeywordMain.groovy:20)
	... 21 more
)
[[ATTACHMENT|C:\\Users\\ranjit.vadar\\Katalon Studio\\Mozart Emirates\\Reports\\20240830_200559\\Suite MOZ-10510\\20240830_200601\\1725029033123.png]]]]></system-out>
         <system-err><![CDATA[30-08-2024T20:11:42 - [TEST_CASE][FAILED] - Test Cases/MOZ-10510/TC 5_MOZ_11446 Verify Landing Page Layout and Filtering Area for the Local Settlements Module: Test Cases/MOZ-10510/TC 5_MOZ_11446 Verify Landing Page Layout and Filtering Area for the Local Settlements Module FAILED.
Reason:
com.kms.katalon.core.exception.StepFailedException: Unable to verify object 'Object Repository/EK_Objects/Page_Mozart - LocalSettlements/show_exceptions' is not present
	at com.kms.katalon.core.webui.keyword.internal.WebUIKeywordMain.stepFailed(WebUIKeywordMain.groovy:64)
	at com.kms.katalon.core.webui.keyword.internal.WebUIKeywordMain.runKeyword(WebUIKeywordMain.groovy:26)
	at com.kms.katalon.core.webui.keyword.internal.WebUIKeywordMain$runKeyword.call(Unknown Source)
	at com.kms.katalon.core.webui.keyword.builtin.VerifyElementNotPresentKeyword.verifyElementNotPresent(VerifyElementNotPresentKeyword.groovy:131)
	at com.kms.katalon.core.webui.keyword.builtin.VerifyElementNotPresentKeyword.execute(VerifyElementNotPresentKeyword.groovy:69)
	at com.kms.katalon.core.keyword.internal.KeywordExecutor.executeKeywordForPlatform(KeywordExecutor.groovy:74)
	at com.kms.katalon.core.webui.keyword.WebUiBuiltInKeywords.verifyElementNotPresent(WebUiBuiltInKeywords.groovy:1536)
	at TC 5_MOZ_11446 Verify Landing Page Layout and Filtering Area for the Local Settlements Module.run(TC 5_MOZ_11446 Verify Landing Page Layout and Filtering Area for the Local Settlements Module:36)
	at com.kms.katalon.core.main.ScriptEngine.run(ScriptEngine.java:194)
	at com.kms.katalon.core.main.ScriptEngine.runScriptAsRawText(ScriptEngine.java:119)
	at com.kms.katalon.core.main.TestCaseExecutor.runScript(TestCaseExecutor.java:448)
	at com.kms.katalon.core.main.TestCaseExecutor.doExecute(TestCaseExecutor.java:439)
	at com.kms.katalon.core.main.TestCaseExecutor.processExecutionPhase(TestCaseExecutor.java:418)
	at com.kms.katalon.core.main.TestCaseExecutor.accessMainPhase(TestCaseExecutor.java:410)
	at com.kms.katalon.core.main.TestCaseExecutor.execute(TestCaseExecutor.java:285)
	at com.kms.katalon.core.common.CommonExecutor.accessTestCaseMainPhase(CommonExecutor.java:65)
	at com.kms.katalon.core.main.TestSuiteExecutor.accessTestSuiteMainPhase(TestSuiteExecutor.java:150)
	at com.kms.katalon.core.main.TestSuiteExecutor.execute(TestSuiteExecutor.java:106)
	at com.kms.katalon.core.main.TestCaseMain.startTestSuite(TestCaseMain.java:180)
	at TempTestSuite1725028561053.run(TempTestSuite1725028561053.groovy:35)
	at java.base/jdk.internal.reflect.NativeMethodAccessorImpl.invoke0(Native Method)
	at java.base/jdk.internal.reflect.NativeMethodAccessorImpl.invoke(NativeMethodAccessorImpl.java:77)
	at java.base/jdk.internal.reflect.DelegatingMethodAccessorImpl.invoke(DelegatingMethodAccessorImpl.java:43)
Caused by: com.kms.katalon.core.exception.StepFailedException: Web element with id: 'Object Repository/EK_Objects/Page_Mozart - LocalSettlements/show_exceptions' located by 'By.xpath: //div[@class='pl-1']' is present after '10' second(s)
	at com.kms.katalon.core.webui.keyword.internal.WebUIKeywordMain.stepFailed(WebUIKeywordMain.groovy:64)
	at com.kms.katalon.core.webui.keyword.internal.WebUIKeywordMain$stepFailed$0.call(Unknown Source)
	at com.kms.katalon.core.webui.keyword.builtin.VerifyElementNotPresentKeyword$_verifyElementNotPresent_closure1.doCall(VerifyElementNotPresentKeyword.groovy:122)
	at com.kms.katalon.core.webui.keyword.builtin.VerifyElementNotPresentKeyword$_verifyElementNotPresent_closure1.doCall(VerifyElementNotPresentKeyword.groovy)
	at java.base/jdk.internal.reflect.NativeMethodAccessorImpl.invoke0(Native Method)
	at java.base/jdk.internal.reflect.NativeMethodAccessorImpl.invoke(NativeMethodAccessorImpl.java:77)
	at java.base/jdk.internal.reflect.DelegatingMethodAccessorImpl.invoke(DelegatingMethodAccessorImpl.java:43)
	at com.kms.katalon.core.webui.keyword.internal.WebUIKeywordMain.runKeyword(WebUIKeywordMain.groovy:20)
	... 21 more]]></system-err>
      </testcase>
      <testcase name="Test Cases/MOZ-10510/TC 4_MOZ_11445 Verify User Role other than the auditor or supervisor Access Levels for the Local Settlements Module" time="137.617" classname="Test Cases/MOZ-10510/TC 4_MOZ_11445 Verify User Role other than the auditor or supervisor Access Levels for the Local Settlements Module" status="FAILED">
         <failure type="FAILED" message="Test Cases/MOZ-10510/TC 4_MOZ_11445 Verify User Role other than the auditor or supervisor Access Levels for the Local Settlements Module FAILED.&#xa;Reason:&#xa;com.kms.katalon.core.exception.StepFailedException: Unable to verify object 'Object Repository/EK_Objects/Page_Mozart - Dashboard/Click_On_Local_Settlements' is present&#xa;	at com.kms.katalon.core.webui.keyword.internal.WebUIKeywordMain.stepFailed(WebUIKeywordMain.groovy:64)&#xa;	at com.kms.katalon.core.webui.keyword.internal.WebUIKeywordMain.runKeyword(WebUIKeywordMain.groovy:26)&#xa;	at com.kms.katalon.core.webui.keyword.builtin.VerifyElementPresentKeyword.verifyElementPresent(VerifyElementPresentKeyword.groovy:92)&#xa;	at com.kms.katalon.core.webui.keyword.builtin.VerifyElementPresentKeyword.execute(VerifyElementPresentKeyword.groovy:68)&#xa;	at com.kms.katalon.core.keyword.internal.KeywordExecutor.executeKeywordForPlatform(KeywordExecutor.groovy:74)&#xa;	at com.kms.katalon.core.webui.keyword.WebUiBuiltInKeywords.verifyElementPresent(WebUiBuiltInKeywords.groovy:1503)&#xa;	at TC 4_MOZ_11445 Verify User Role other than the auditor or supervisor Access Levels for the Local Settlements Module.run(TC 4_MOZ_11445 Verify User Role other than the auditor or supervisor Access Levels for the Local Settlements Module:12)&#xa;	at com.kms.katalon.core.main.ScriptEngine.run(ScriptEngine.java:194)&#xa;	at com.kms.katalon.core.main.ScriptEngine.runScriptAsRawText(ScriptEngine.java:119)&#xa;	at com.kms.katalon.core.main.TestCaseExecutor.runScript(TestCaseExecutor.java:448)&#xa;	at com.kms.katalon.core.main.TestCaseExecutor.doExecute(TestCaseExecutor.java:439)&#xa;	at com.kms.katalon.core.main.TestCaseExecutor.processExecutionPhase(TestCaseExecutor.java:418)&#xa;	at com.kms.katalon.core.main.TestCaseExecutor.accessMainPhase(TestCaseExecutor.java:410)&#xa;	at com.kms.katalon.core.main.TestCaseExecutor.execute(TestCaseExecutor.java:285)&#xa;	at com.kms.katalon.core.common.CommonExecutor.accessTestCaseMainPhase(CommonExecutor.java:65)&#xa;	at com.kms.katalon.core.main.TestSuiteExecutor.accessTestSuiteMainPhase(TestSuiteExecutor.java:150)&#xa;	at com.kms.katalon.core.main.TestSuiteExecutor.execute(TestSuiteExecutor.java:106)&#xa;	at com.kms.katalon.core.main.TestCaseMain.startTestSuite(TestCaseMain.java:180)&#xa;	at TempTestSuite1725028561053.run(TempTestSuite1725028561053.groovy:35)&#xa;	at java.base/jdk.internal.reflect.NativeMethodAccessorImpl.invoke0(Native Method)&#xa;	at java.base/jdk.internal.reflect.NativeMethodAccessorImpl.invoke(NativeMethodAccessorImpl.java:77)&#xa;	at java.base/jdk.internal.reflect.DelegatingMethodAccessorImpl.invoke(DelegatingMethodAccessorImpl.java:43)&#xa;Caused by: com.kms.katalon.core.exception.StepFailedException: com.kms.katalon.core.webui.exception.WebElementNotFoundException: Web element with id: 'Object Repository/EK_Objects/Page_Mozart - Dashboard/Click_On_Local_Settlements' located by '//a[@id='menu_LocalSettlements']' not found&#xa;	at com.kms.katalon.core.webui.keyword.internal.WebUIKeywordMain.stepFailed(WebUIKeywordMain.groovy:64)&#xa;	at com.kms.katalon.core.webui.keyword.builtin.VerifyElementPresentKeyword$_verifyElementPresent_closure1.doCall(VerifyElementPresentKeyword.groovy:85)&#xa;	at com.kms.katalon.core.webui.keyword.builtin.VerifyElementPresentKeyword$_verifyElementPresent_closure1.call(VerifyElementPresentKeyword.groovy)&#xa;	at com.kms.katalon.core.webui.keyword.internal.WebUIKeywordMain.runKeyword(WebUIKeywordMain.groovy:20)&#xa;	... 20 more&#xa;"/>
         <system-out><![CDATA[30-08-2024T20:13:53 - [TEST_CASE][FAILED] - Test Cases/MOZ-10510/TC 4_MOZ_11445 Verify User Role other than the auditor or supervisor Access Levels for the Local Settlements Module: Test Cases/MOZ-10510/TC 4_MOZ_11445 Verify User Role other than the auditor or supervisor Access Levels for the Local Settlements Module FAILED.
Reason:
com.kms.katalon.core.exception.StepFailedException: Unable to verify object 'Object Repository/EK_Objects/Page_Mozart - Dashboard/Click_On_Local_Settlements' is present
	at com.kms.katalon.core.webui.keyword.internal.WebUIKeywordMain.stepFailed(WebUIKeywordMain.groovy:64)
	at com.kms.katalon.core.webui.keyword.internal.WebUIKeywordMain.runKeyword(WebUIKeywordMain.groovy:26)
	at com.kms.katalon.core.webui.keyword.builtin.VerifyElementPresentKeyword.verifyElementPresent(VerifyElementPresentKeyword.groovy:92)
	at com.kms.katalon.core.webui.keyword.builtin.VerifyElementPresentKeyword.execute(VerifyElementPresentKeyword.groovy:68)
	at com.kms.katalon.core.keyword.internal.KeywordExecutor.executeKeywordForPlatform(KeywordExecutor.groovy:74)
	at com.kms.katalon.core.webui.keyword.WebUiBuiltInKeywords.verifyElementPresent(WebUiBuiltInKeywords.groovy:1503)
	at TC 4_MOZ_11445 Verify User Role other than the auditor or supervisor Access Levels for the Local Settlements Module.run(TC 4_MOZ_11445 Verify User Role other than the auditor or supervisor Access Levels for the Local Settlements Module:12)
	at com.kms.katalon.core.main.ScriptEngine.run(ScriptEngine.java:194)
	at com.kms.katalon.core.main.ScriptEngine.runScriptAsRawText(ScriptEngine.java:119)
	at com.kms.katalon.core.main.TestCaseExecutor.runScript(TestCaseExecutor.java:448)
	at com.kms.katalon.core.main.TestCaseExecutor.doExecute(TestCaseExecutor.java:439)
	at com.kms.katalon.core.main.TestCaseExecutor.processExecutionPhase(TestCaseExecutor.java:418)
	at com.kms.katalon.core.main.TestCaseExecutor.accessMainPhase(TestCaseExecutor.java:410)
	at com.kms.katalon.core.main.TestCaseExecutor.execute(TestCaseExecutor.java:285)
	at com.kms.katalon.core.common.CommonExecutor.accessTestCaseMainPhase(CommonExecutor.java:65)
	at com.kms.katalon.core.main.TestSuiteExecutor.accessTestSuiteMainPhase(TestSuiteExecutor.java:150)
	at com.kms.katalon.core.main.TestSuiteExecutor.execute(TestSuiteExecutor.java:106)
	at com.kms.katalon.core.main.TestCaseMain.startTestSuite(TestCaseMain.java:180)
	at TempTestSuite1725028561053.run(TempTestSuite1725028561053.groovy:35)
	at java.base/jdk.internal.reflect.NativeMethodAccessorImpl.invoke0(Native Method)
	at java.base/jdk.internal.reflect.NativeMethodAccessorImpl.invoke(NativeMethodAccessorImpl.java:77)
	at java.base/jdk.internal.reflect.DelegatingMethodAccessorImpl.invoke(DelegatingMethodAccessorImpl.java:43)
Caused by: com.kms.katalon.core.exception.StepFailedException: com.kms.katalon.core.webui.exception.WebElementNotFoundException: Web element with id: 'Object Repository/EK_Objects/Page_Mozart - Dashboard/Click_On_Local_Settlements' located by '//a[@id='menu_LocalSettlements']' not found
	at com.kms.katalon.core.webui.keyword.internal.WebUIKeywordMain.stepFailed(WebUIKeywordMain.groovy:64)
	at com.kms.katalon.core.webui.keyword.builtin.VerifyElementPresentKeyword$_verifyElementPresent_closure1.doCall(VerifyElementPresentKeyword.groovy:85)
	at com.kms.katalon.core.webui.keyword.builtin.VerifyElementPresentKeyword$_verifyElementPresent_closure1.call(VerifyElementPresentKeyword.groovy)
	at com.kms.katalon.core.webui.keyword.internal.WebUIKeywordMain.runKeyword(WebUIKeywordMain.groovy:20)
	... 20 more


30-08-2024T20:13:53 - [TEST_STEP][PASSED] - utilityClass.GenericMethods.selectRoles("katalonTest1", "Admin"): utilityClass.GenericMethods.selectRoles is PASSED

30-08-2024T20:13:53 - [MESSAGE][WARNING] - A browser is already opened. Closing browser and opening a new one

30-08-2024T20:13:54 - [MESSAGE][INFO] - Starting 'Chrome' driver

30-08-2024T20:13:54 - [MESSAGE][INFO] - Action delay is set to 0 milliseconds

30-08-2024T20:13:55 - [MESSAGE][PASSED] - Browser is opened with url: ''

30-08-2024T20:13:57 - [MESSAGE][PASSED] - Navigate to 'https://accelyacomtest.accelya.local/MozartTest/AirlinesHub/Index' successfully

30-08-2024T20:13:57 - [MESSAGE][PASSED] - Current window maximized

30-08-2024T20:13:57 - [MESSAGE][PASSED] - Delete all cookies successfully

30-08-2024T20:13:57 - [MESSAGE][PASSED] - Object: 'Object Repository/MozartChrome/ChromeAdvance/ClickOnAdvanceButton' is clicked on

30-08-2024T20:14:10 - [MESSAGE][PASSED] - Object: 'Object Repository/MozartChrome/ChromeAdvance/ProccedLink' is clicked on

30-08-2024T20:14:11 - [MESSAGE][PASSED] - Text 'supermozart' is set on object 'Object Repository/MozartChrome/Page_/input_Username_Login'

30-08-2024T20:14:11 - [MESSAGE][PASSED] - Object: 'Object Repository/MozartChrome/Page_/button_Next' is clicked on

30-08-2024T20:14:12 - [MESSAGE][PASSED] - Text 'Accelya.1' is set on object 'Object Repository/MozartChrome/Page_/input_Password_Password'

30-08-2024T20:14:12 - [MESSAGE][PASSED] - Object: 'Object Repository/MozartChrome/Page_/button_Sign in' is clicked on

30-08-2024T20:14:54 - [MESSAGE][PASSED] - Object: 'Object Repository/EK_Objects/Page_Mozart - AirlinesHub/configuration_dropDown' is clicked on

30-08-2024T20:14:54 - [MESSAGE][PASSED] - Object: 'Object Repository/EK_Objects/Page_Mozart - AirlinesHub/users_button' is clicked on

30-08-2024T20:14:57 - [MESSAGE][PASSED] - Found web elements by test object Object Repository/EK_Objects/Page_Mozart - AirlinesHub/getListOfUsers

30-08-2024T20:14:57 - [MESSAGE][PASSED] - Found web element by test object 

30-08-2024T20:14:57 - [MESSAGE][PASSED] - Found web element by test object 

30-08-2024T20:14:57 - [MESSAGE][PASSED] - Found web element by test object 

30-08-2024T20:14:58 - [MESSAGE][PASSED] - Found web element by test object 

30-08-2024T20:14:58 - [MESSAGE][PASSED] - Found web element by test object 

30-08-2024T20:14:58 - [MESSAGE][PASSED] - Found web element by test object 

30-08-2024T20:14:58 - [MESSAGE][PASSED] - Found web element by test object 

30-08-2024T20:14:59 - [MESSAGE][PASSED] - Found web element by test object 

30-08-2024T20:14:59 - [MESSAGE][PASSED] - Found web element by test object 

30-08-2024T20:14:59 - [MESSAGE][PASSED] - Found web element by test object 

30-08-2024T20:14:59 - [MESSAGE][PASSED] - Found web element by test object 

30-08-2024T20:15:00 - [MESSAGE][PASSED] - Found web element by test object 

30-08-2024T20:15:00 - [MESSAGE][PASSED] - Found web element by test object 

30-08-2024T20:15:00 - [MESSAGE][PASSED] - Found web element by test object 

30-08-2024T20:15:00 - [MESSAGE][PASSED] - Found web element by test object 

30-08-2024T20:15:01 - [MESSAGE][PASSED] - Found web element by test object 

30-08-2024T20:15:01 - [MESSAGE][PASSED] - Found web element by test object 

30-08-2024T20:15:01 - [MESSAGE][PASSED] - Found web element by test object 

30-08-2024T20:15:01 - [MESSAGE][PASSED] - Found web element by test object 

30-08-2024T20:15:02 - [MESSAGE][PASSED] - Found web element by test object 

30-08-2024T20:15:02 - [MESSAGE][PASSED] - Found web element by test object 

30-08-2024T20:15:02 - [MESSAGE][PASSED] - Found web element by test object 

30-08-2024T20:15:02 - [MESSAGE][PASSED] - Found web element by test object 

30-08-2024T20:15:03 - [MESSAGE][PASSED] - Found web element by test object 

30-08-2024T20:15:03 - [MESSAGE][PASSED] - Found web element by test object 

30-08-2024T20:15:03 - [MESSAGE][PASSED] - Found web element by test object 

30-08-2024T20:15:03 - [MESSAGE][PASSED] - Found web element by test object 

30-08-2024T20:15:04 - [MESSAGE][PASSED] - Found web element by test object 

30-08-2024T20:15:04 - [MESSAGE][PASSED] - Found web element by test object 

30-08-2024T20:15:04 - [MESSAGE][PASSED] - Found web element by test object 

30-08-2024T20:15:04 - [MESSAGE][PASSED] - Found web element by test object 

30-08-2024T20:15:05 - [MESSAGE][PASSED] - Found web element by test object 

30-08-2024T20:15:05 - [MESSAGE][PASSED] - Found web element by test object 

30-08-2024T20:15:05 - [MESSAGE][PASSED] - Found web element by test object 

30-08-2024T20:15:05 - [MESSAGE][PASSED] - Found web element by test object 

30-08-2024T20:15:06 - [MESSAGE][PASSED] - Found web element by test object 

30-08-2024T20:15:06 - [MESSAGE][PASSED] - Found web element by test object 

30-08-2024T20:15:06 - [MESSAGE][PASSED] - Found web element by test object 

30-08-2024T20:15:06 - [MESSAGE][PASSED] - Found web element by test object 

30-08-2024T20:15:07 - [MESSAGE][PASSED] - Found web element by test object 

30-08-2024T20:15:07 - [MESSAGE][PASSED] - Found web element by test object 

30-08-2024T20:15:07 - [MESSAGE][PASSED] - Found web element by test object 

30-08-2024T20:15:07 - [MESSAGE][PASSED] - Found web element by test object 

30-08-2024T20:15:08 - [MESSAGE][PASSED] - Found web element by test object 

30-08-2024T20:15:08 - [MESSAGE][PASSED] - Found web element by test object 

30-08-2024T20:15:08 - [MESSAGE][PASSED] - Found web element by test object 

30-08-2024T20:15:08 - [MESSAGE][PASSED] - Found web element by test object 

30-08-2024T20:15:09 - [MESSAGE][PASSED] - Found web element by test object 

30-08-2024T20:15:09 - [MESSAGE][PASSED] - Found web element by test object 

30-08-2024T20:15:09 - [MESSAGE][PASSED] - Scroll to object '' successfully

30-08-2024T20:15:11 - [MESSAGE][PASSED] - Delayed 2 second(s)

30-08-2024T20:15:12 - [MESSAGE][PASSED] - Object: 'Object Repository/EK_Objects/Page_Mozart - UserManagement/edit_user_roles' is clicked on

30-08-2024T20:15:20 - [MESSAGE][PASSED] - All options are de-selected on object 'Object Repository/EK_Objects/Page_Mozart - UserManagement/select_list_of_roles'

30-08-2024T20:15:21 - [MESSAGE][PASSED] - Object: 'Object Repository/EK_Objects/Page_Mozart - UserManagement/Roles_button_after_clear_all_options' is clicked on

30-08-2024T20:15:22 - [MESSAGE][PASSED] - All options with label 'Admin' are selected in object 'Object Repository/EK_Objects/Page_Mozart - UserManagement/select_list_of_roles'  using regular expression

30-08-2024T20:15:23 - [MESSAGE][PASSED] - Delayed 1 second(s)

30-08-2024T20:15:23 - [MESSAGE][PASSED] - Object: 'Object Repository/EK_Objects/Page_Mozart - UserManagement/save_button' is clicked on

30-08-2024T20:15:24 - [MESSAGE][PASSED] - Delayed 1 second(s)

30-08-2024T20:15:27 - [MESSAGE][PASSED] - Object: 'Object Repository/EK_Objects/Page_Mozart - UserManagement/home_hyperlink' is clicked on

30-08-2024T20:15:28 - [MESSAGE][PASSED] - Delayed 1 second(s)

30-08-2024T20:15:29 - [MESSAGE][PASSED] - Object: 'Object Repository/EK_Objects/Page_Mozart - AirlinesHub/supermozart_Dropdown' is clicked on

30-08-2024T20:15:30 - [MESSAGE][PASSED] - Object: 'Object Repository/EK_Objects/Page_Mozart - AirlinesHub/sign_out_button' is clicked on

30-08-2024T20:15:31 - [MESSAGE][PASSED] - Delayed 1 second(s)

30-08-2024T20:15:31 - [MESSAGE][PASSED] - Text 'katalonTest1' is set on object 'Object Repository/MozartChrome/Page_/input_Username_Login'

30-08-2024T20:15:32 - [MESSAGE][PASSED] - Object: 'Object Repository/MozartChrome/Page_/button_Next' is clicked on

30-08-2024T20:15:33 - [MESSAGE][PASSED] - Text 'Accelya.1' is set on object 'Object Repository/MozartChrome/Page_/input_Password_Password'

30-08-2024T20:15:33 - [MESSAGE][PASSED] - Object: 'Object Repository/MozartChrome/Page_/button_Sign in' is clicked on

30-08-2024T20:15:34 - [MESSAGE][PASSED] - Delayed 1 second(s)

30-08-2024T20:15:34 - [MESSAGE][PASSED] - utilityClass.GenericMethods.selectRoles is PASSED

30-08-2024T20:15:34 - [TEST_STEP][PASSED] - delay(1): Delayed 1 second(s)

30-08-2024T20:15:35 - [MESSAGE][PASSED] - Delayed 1 second(s)

30-08-2024T20:15:35 - [TEST_STEP][PASSED] - click(findTestObject("EK_Objects/Page_Mozart - Dashboard/a_Refunds")): Object: 'Object Repository/EK_Objects/Page_Mozart - Dashboard/a_Refunds' is clicked on

30-08-2024T20:16:06 - [MESSAGE][INFO] - Unable to find the element located by 'By.xpath: //a[@id='navbarDropdown']'. Please recheck the objects properties to make sure the desired element is located. 

30-08-2024T20:16:06 - [MESSAGE][WARNING] - [SELF-HEALING] Failed to find element with id 'Object Repository/EK_Objects/Page_Mozart - Dashboard/a_Refunds'. Try using Self-healing.

30-08-2024T20:16:07 - [MESSAGE][WARNING] - [SELF-HEALING] The current locator of test object 'Object Repository/EK_Objects/Page_Mozart - Dashboard/a_Refunds' was broken. Propose an alternative one: '//div[@id='navbarSupportedContent']/ul/li/a'.

30-08-2024T20:16:07 - [MESSAGE][PASSED] - Object: 'Object Repository/EK_Objects/Page_Mozart - Dashboard/a_Refunds' is clicked on

30-08-2024T20:16:07 - [TEST_STEP][FAILED] - verifyElementPresent(findTestObject("EK_Objects/Page_Mozart - Dashboard/Click_On_Local_Settlements"), 2): Unable to verify object 'Object Repository/EK_Objects/Page_Mozart - Dashboard/Click_On_Local_Settlements' is present (Root cause: com.kms.katalon.core.exception.StepFailedException: Unable to verify object 'Object Repository/EK_Objects/Page_Mozart - Dashboard/Click_On_Local_Settlements' is present
	at com.kms.katalon.core.webui.keyword.internal.WebUIKeywordMain.stepFailed(WebUIKeywordMain.groovy:64)
	at com.kms.katalon.core.webui.keyword.internal.WebUIKeywordMain.runKeyword(WebUIKeywordMain.groovy:26)
	at com.kms.katalon.core.webui.keyword.builtin.VerifyElementPresentKeyword.verifyElementPresent(VerifyElementPresentKeyword.groovy:92)
	at com.kms.katalon.core.webui.keyword.builtin.VerifyElementPresentKeyword.execute(VerifyElementPresentKeyword.groovy:68)
	at com.kms.katalon.core.keyword.internal.KeywordExecutor.executeKeywordForPlatform(KeywordExecutor.groovy:74)
	at com.kms.katalon.core.webui.keyword.WebUiBuiltInKeywords.verifyElementPresent(WebUiBuiltInKeywords.groovy:1503)
	at TC 4_MOZ_11445 Verify User Role other than the auditor or supervisor Access Levels for the Local Settlements Module.run(TC 4_MOZ_11445 Verify User Role other than the auditor or supervisor Access Levels for the Local Settlements Module:12)
	at com.kms.katalon.core.main.ScriptEngine.run(ScriptEngine.java:194)
	at com.kms.katalon.core.main.ScriptEngine.runScriptAsRawText(ScriptEngine.java:119)
	at com.kms.katalon.core.main.TestCaseExecutor.runScript(TestCaseExecutor.java:448)
	at com.kms.katalon.core.main.TestCaseExecutor.doExecute(TestCaseExecutor.java:439)
	at com.kms.katalon.core.main.TestCaseExecutor.processExecutionPhase(TestCaseExecutor.java:418)
	at com.kms.katalon.core.main.TestCaseExecutor.accessMainPhase(TestCaseExecutor.java:410)
	at com.kms.katalon.core.main.TestCaseExecutor.execute(TestCaseExecutor.java:285)
	at com.kms.katalon.core.common.CommonExecutor.accessTestCaseMainPhase(CommonExecutor.java:65)
	at com.kms.katalon.core.main.TestSuiteExecutor.accessTestSuiteMainPhase(TestSuiteExecutor.java:150)
	at com.kms.katalon.core.main.TestSuiteExecutor.execute(TestSuiteExecutor.java:106)
	at com.kms.katalon.core.main.TestCaseMain.startTestSuite(TestCaseMain.java:180)
	at TempTestSuite1725028561053.run(TempTestSuite1725028561053.groovy:35)
	at java.base/jdk.internal.reflect.NativeMethodAccessorImpl.invoke0(Native Method)
	at java.base/jdk.internal.reflect.NativeMethodAccessorImpl.invoke(NativeMethodAccessorImpl.java:77)
	at java.base/jdk.internal.reflect.DelegatingMethodAccessorImpl.invoke(DelegatingMethodAccessorImpl.java:43)
Caused by: com.kms.katalon.core.exception.StepFailedException: com.kms.katalon.core.webui.exception.WebElementNotFoundException: Web element with id: 'Object Repository/EK_Objects/Page_Mozart - Dashboard/Click_On_Local_Settlements' located by '//a[@id='menu_LocalSettlements']' not found
	at com.kms.katalon.core.webui.keyword.internal.WebUIKeywordMain.stepFailed(WebUIKeywordMain.groovy:64)
	at com.kms.katalon.core.webui.keyword.builtin.VerifyElementPresentKeyword$_verifyElementPresent_closure1.doCall(VerifyElementPresentKeyword.groovy:85)
	at com.kms.katalon.core.webui.keyword.builtin.VerifyElementPresentKeyword$_verifyElementPresent_closure1.call(VerifyElementPresentKeyword.groovy)
	at com.kms.katalon.core.webui.keyword.internal.WebUIKeywordMain.runKeyword(WebUIKeywordMain.groovy:20)
	... 20 more
)

30-08-2024T20:16:10 - [MESSAGE][INFO] - Unable to find the element located by 'By.xpath: //a[@id='menu_LocalSettlements']'. Please recheck the objects properties to make sure the desired element is located. 

30-08-2024T20:16:10 - [MESSAGE][FAILED] - com.kms.katalon.core.webui.exception.WebElementNotFoundException: Web element with id: 'Object Repository/EK_Objects/Page_Mozart - Dashboard/Click_On_Local_Settlements' located by '//a[@id='menu_LocalSettlements']' not found (Root cause: com.kms.katalon.core.exception.StepFailedException: com.kms.katalon.core.webui.exception.WebElementNotFoundException: Web element with id: 'Object Repository/EK_Objects/Page_Mozart - Dashboard/Click_On_Local_Settlements' located by '//a[@id='menu_LocalSettlements']' not found
	at com.kms.katalon.core.webui.keyword.internal.WebUIKeywordMain.stepFailed(WebUIKeywordMain.groovy:64)
	at com.kms.katalon.core.webui.keyword.builtin.VerifyElementPresentKeyword$_verifyElementPresent_closure1.doCall(VerifyElementPresentKeyword.groovy:85)
	at com.kms.katalon.core.webui.keyword.builtin.VerifyElementPresentKeyword$_verifyElementPresent_closure1.call(VerifyElementPresentKeyword.groovy)
	at com.kms.katalon.core.webui.keyword.internal.WebUIKeywordMain.runKeyword(WebUIKeywordMain.groovy:20)
	at com.kms.katalon.core.webui.keyword.builtin.VerifyElementPresentKeyword.verifyElementPresent(VerifyElementPresentKeyword.groovy:92)
	at com.kms.katalon.core.webui.keyword.builtin.VerifyElementPresentKeyword.execute(VerifyElementPresentKeyword.groovy:68)
	at com.kms.katalon.core.keyword.internal.KeywordExecutor.executeKeywordForPlatform(KeywordExecutor.groovy:74)
	at com.kms.katalon.core.webui.keyword.WebUiBuiltInKeywords.verifyElementPresent(WebUiBuiltInKeywords.groovy:1503)
	at TC 4_MOZ_11445 Verify User Role other than the auditor or supervisor Access Levels for the Local Settlements Module.run(TC 4_MOZ_11445 Verify User Role other than the auditor or supervisor Access Levels for the Local Settlements Module:12)
	at com.kms.katalon.core.main.ScriptEngine.run(ScriptEngine.java:194)
	at com.kms.katalon.core.main.ScriptEngine.runScriptAsRawText(ScriptEngine.java:119)
	at com.kms.katalon.core.main.TestCaseExecutor.runScript(TestCaseExecutor.java:448)
	at com.kms.katalon.core.main.TestCaseExecutor.doExecute(TestCaseExecutor.java:439)
	at com.kms.katalon.core.main.TestCaseExecutor.processExecutionPhase(TestCaseExecutor.java:418)
	at com.kms.katalon.core.main.TestCaseExecutor.accessMainPhase(TestCaseExecutor.java:410)
	at com.kms.katalon.core.main.TestCaseExecutor.execute(TestCaseExecutor.java:285)
	at com.kms.katalon.core.common.CommonExecutor.accessTestCaseMainPhase(CommonExecutor.java:65)
	at com.kms.katalon.core.main.TestSuiteExecutor.accessTestSuiteMainPhase(TestSuiteExecutor.java:150)
	at com.kms.katalon.core.main.TestSuiteExecutor.execute(TestSuiteExecutor.java:106)
	at com.kms.katalon.core.main.TestCaseMain.startTestSuite(TestCaseMain.java:180)
	at TempTestSuite1725028561053.run(TempTestSuite1725028561053.groovy:35)
	at java.base/jdk.internal.reflect.NativeMethodAccessorImpl.invoke0(Native Method)
	at java.base/jdk.internal.reflect.NativeMethodAccessorImpl.invoke(NativeMethodAccessorImpl.java:77)
	at java.base/jdk.internal.reflect.DelegatingMethodAccessorImpl.invoke(DelegatingMethodAccessorImpl.java:43)
)
[[ATTACHMENT|C:\\Users\\ranjit.vadar\\Katalon Studio\\Mozart Emirates\\Reports\\20240830_200559\\Suite MOZ-10510\\20240830_200601\\1725029170154.png]]

30-08-2024T20:16:10 - [MESSAGE][FAILED] - Unable to verify object 'Object Repository/EK_Objects/Page_Mozart - Dashboard/Click_On_Local_Settlements' is present (Root cause: com.kms.katalon.core.exception.StepFailedException: Unable to verify object 'Object Repository/EK_Objects/Page_Mozart - Dashboard/Click_On_Local_Settlements' is present
	at com.kms.katalon.core.webui.keyword.internal.WebUIKeywordMain.stepFailed(WebUIKeywordMain.groovy:64)
	at com.kms.katalon.core.webui.keyword.internal.WebUIKeywordMain.runKeyword(WebUIKeywordMain.groovy:26)
	at com.kms.katalon.core.webui.keyword.builtin.VerifyElementPresentKeyword.verifyElementPresent(VerifyElementPresentKeyword.groovy:92)
	at com.kms.katalon.core.webui.keyword.builtin.VerifyElementPresentKeyword.execute(VerifyElementPresentKeyword.groovy:68)
	at com.kms.katalon.core.keyword.internal.KeywordExecutor.executeKeywordForPlatform(KeywordExecutor.groovy:74)
	at com.kms.katalon.core.webui.keyword.WebUiBuiltInKeywords.verifyElementPresent(WebUiBuiltInKeywords.groovy:1503)
	at TC 4_MOZ_11445 Verify User Role other than the auditor or supervisor Access Levels for the Local Settlements Module.run(TC 4_MOZ_11445 Verify User Role other than the auditor or supervisor Access Levels for the Local Settlements Module:12)
	at com.kms.katalon.core.main.ScriptEngine.run(ScriptEngine.java:194)
	at com.kms.katalon.core.main.ScriptEngine.runScriptAsRawText(ScriptEngine.java:119)
	at com.kms.katalon.core.main.TestCaseExecutor.runScript(TestCaseExecutor.java:448)
	at com.kms.katalon.core.main.TestCaseExecutor.doExecute(TestCaseExecutor.java:439)
	at com.kms.katalon.core.main.TestCaseExecutor.processExecutionPhase(TestCaseExecutor.java:418)
	at com.kms.katalon.core.main.TestCaseExecutor.accessMainPhase(TestCaseExecutor.java:410)
	at com.kms.katalon.core.main.TestCaseExecutor.execute(TestCaseExecutor.java:285)
	at com.kms.katalon.core.common.CommonExecutor.accessTestCaseMainPhase(CommonExecutor.java:65)
	at com.kms.katalon.core.main.TestSuiteExecutor.accessTestSuiteMainPhase(TestSuiteExecutor.java:150)
	at com.kms.katalon.core.main.TestSuiteExecutor.execute(TestSuiteExecutor.java:106)
	at com.kms.katalon.core.main.TestCaseMain.startTestSuite(TestCaseMain.java:180)
	at TempTestSuite1725028561053.run(TempTestSuite1725028561053.groovy:35)
	at java.base/jdk.internal.reflect.NativeMethodAccessorImpl.invoke0(Native Method)
	at java.base/jdk.internal.reflect.NativeMethodAccessorImpl.invoke(NativeMethodAccessorImpl.java:77)
	at java.base/jdk.internal.reflect.DelegatingMethodAccessorImpl.invoke(DelegatingMethodAccessorImpl.java:43)
Caused by: com.kms.katalon.core.exception.StepFailedException: com.kms.katalon.core.webui.exception.WebElementNotFoundException: Web element with id: 'Object Repository/EK_Objects/Page_Mozart - Dashboard/Click_On_Local_Settlements' located by '//a[@id='menu_LocalSettlements']' not found
	at com.kms.katalon.core.webui.keyword.internal.WebUIKeywordMain.stepFailed(WebUIKeywordMain.groovy:64)
	at com.kms.katalon.core.webui.keyword.builtin.VerifyElementPresentKeyword$_verifyElementPresent_closure1.doCall(VerifyElementPresentKeyword.groovy:85)
	at com.kms.katalon.core.webui.keyword.builtin.VerifyElementPresentKeyword$_verifyElementPresent_closure1.call(VerifyElementPresentKeyword.groovy)
	at com.kms.katalon.core.webui.keyword.internal.WebUIKeywordMain.runKeyword(WebUIKeywordMain.groovy:20)
	... 20 more
)
[[ATTACHMENT|C:\\Users\\ranjit.vadar\\Katalon Studio\\Mozart Emirates\\Reports\\20240830_200559\\Suite MOZ-10510\\20240830_200601\\1725029170523.png]]]]></system-out>
         <system-err><![CDATA[30-08-2024T20:13:53 - [TEST_CASE][FAILED] - Test Cases/MOZ-10510/TC 4_MOZ_11445 Verify User Role other than the auditor or supervisor Access Levels for the Local Settlements Module: Test Cases/MOZ-10510/TC 4_MOZ_11445 Verify User Role other than the auditor or supervisor Access Levels for the Local Settlements Module FAILED.
Reason:
com.kms.katalon.core.exception.StepFailedException: Unable to verify object 'Object Repository/EK_Objects/Page_Mozart - Dashboard/Click_On_Local_Settlements' is present
	at com.kms.katalon.core.webui.keyword.internal.WebUIKeywordMain.stepFailed(WebUIKeywordMain.groovy:64)
	at com.kms.katalon.core.webui.keyword.internal.WebUIKeywordMain.runKeyword(WebUIKeywordMain.groovy:26)
	at com.kms.katalon.core.webui.keyword.builtin.VerifyElementPresentKeyword.verifyElementPresent(VerifyElementPresentKeyword.groovy:92)
	at com.kms.katalon.core.webui.keyword.builtin.VerifyElementPresentKeyword.execute(VerifyElementPresentKeyword.groovy:68)
	at com.kms.katalon.core.keyword.internal.KeywordExecutor.executeKeywordForPlatform(KeywordExecutor.groovy:74)
	at com.kms.katalon.core.webui.keyword.WebUiBuiltInKeywords.verifyElementPresent(WebUiBuiltInKeywords.groovy:1503)
	at TC 4_MOZ_11445 Verify User Role other than the auditor or supervisor Access Levels for the Local Settlements Module.run(TC 4_MOZ_11445 Verify User Role other than the auditor or supervisor Access Levels for the Local Settlements Module:12)
	at com.kms.katalon.core.main.ScriptEngine.run(ScriptEngine.java:194)
	at com.kms.katalon.core.main.ScriptEngine.runScriptAsRawText(ScriptEngine.java:119)
	at com.kms.katalon.core.main.TestCaseExecutor.runScript(TestCaseExecutor.java:448)
	at com.kms.katalon.core.main.TestCaseExecutor.doExecute(TestCaseExecutor.java:439)
	at com.kms.katalon.core.main.TestCaseExecutor.processExecutionPhase(TestCaseExecutor.java:418)
	at com.kms.katalon.core.main.TestCaseExecutor.accessMainPhase(TestCaseExecutor.java:410)
	at com.kms.katalon.core.main.TestCaseExecutor.execute(TestCaseExecutor.java:285)
	at com.kms.katalon.core.common.CommonExecutor.accessTestCaseMainPhase(CommonExecutor.java:65)
	at com.kms.katalon.core.main.TestSuiteExecutor.accessTestSuiteMainPhase(TestSuiteExecutor.java:150)
	at com.kms.katalon.core.main.TestSuiteExecutor.execute(TestSuiteExecutor.java:106)
	at com.kms.katalon.core.main.TestCaseMain.startTestSuite(TestCaseMain.java:180)
	at TempTestSuite1725028561053.run(TempTestSuite1725028561053.groovy:35)
	at java.base/jdk.internal.reflect.NativeMethodAccessorImpl.invoke0(Native Method)
	at java.base/jdk.internal.reflect.NativeMethodAccessorImpl.invoke(NativeMethodAccessorImpl.java:77)
	at java.base/jdk.internal.reflect.DelegatingMethodAccessorImpl.invoke(DelegatingMethodAccessorImpl.java:43)
Caused by: com.kms.katalon.core.exception.StepFailedException: com.kms.katalon.core.webui.exception.WebElementNotFoundException: Web element with id: 'Object Repository/EK_Objects/Page_Mozart - Dashboard/Click_On_Local_Settlements' located by '//a[@id='menu_LocalSettlements']' not found
	at com.kms.katalon.core.webui.keyword.internal.WebUIKeywordMain.stepFailed(WebUIKeywordMain.groovy:64)
	at com.kms.katalon.core.webui.keyword.builtin.VerifyElementPresentKeyword$_verifyElementPresent_closure1.doCall(VerifyElementPresentKeyword.groovy:85)
	at com.kms.katalon.core.webui.keyword.builtin.VerifyElementPresentKeyword$_verifyElementPresent_closure1.call(VerifyElementPresentKeyword.groovy)
	at com.kms.katalon.core.webui.keyword.internal.WebUIKeywordMain.runKeyword(WebUIKeywordMain.groovy:20)
	... 20 more]]></system-err>
      </testcase>
      <testcase name="Test Cases/MOZ-10510/TC 3_MOZ_11445 Verify User Role Auditor Access Levels for the Local Settlements Module" time="146.067" classname="Test Cases/MOZ-10510/TC 3_MOZ_11445 Verify User Role Auditor Access Levels for the Local Settlements Module" status="FAILED">
         <failure type="FAILED" message="Test Cases/MOZ-10510/TC 3_MOZ_11445 Verify User Role Auditor Access Levels for the Local Settlements Module FAILED.&#xa;Reason:&#xa;com.kms.katalon.core.exception.StepFailedException: Unable to verify object 'Object Repository/EK_Objects/Page_Mozart - Dashboard/Click_On_Local_Settlements' is present&#xa;	at com.kms.katalon.core.webui.keyword.internal.WebUIKeywordMain.stepFailed(WebUIKeywordMain.groovy:64)&#xa;	at com.kms.katalon.core.webui.keyword.internal.WebUIKeywordMain.runKeyword(WebUIKeywordMain.groovy:26)&#xa;	at com.kms.katalon.core.webui.keyword.builtin.VerifyElementPresentKeyword.verifyElementPresent(VerifyElementPresentKeyword.groovy:92)&#xa;	at com.kms.katalon.core.webui.keyword.builtin.VerifyElementPresentKeyword.execute(VerifyElementPresentKeyword.groovy:68)&#xa;	at com.kms.katalon.core.keyword.internal.KeywordExecutor.executeKeywordForPlatform(KeywordExecutor.groovy:74)&#xa;	at com.kms.katalon.core.webui.keyword.WebUiBuiltInKeywords.verifyElementPresent(WebUiBuiltInKeywords.groovy:1503)&#xa;	at TC 3_MOZ_11445 Verify User Role Auditor Access Levels for the Local Settlements Module.run(TC 3_MOZ_11445 Verify User Role Auditor Access Levels for the Local Settlements Module:12)&#xa;	at com.kms.katalon.core.main.ScriptEngine.run(ScriptEngine.java:194)&#xa;	at com.kms.katalon.core.main.ScriptEngine.runScriptAsRawText(ScriptEngine.java:119)&#xa;	at com.kms.katalon.core.main.TestCaseExecutor.runScript(TestCaseExecutor.java:448)&#xa;	at com.kms.katalon.core.main.TestCaseExecutor.doExecute(TestCaseExecutor.java:439)&#xa;	at com.kms.katalon.core.main.TestCaseExecutor.processExecutionPhase(TestCaseExecutor.java:418)&#xa;	at com.kms.katalon.core.main.TestCaseExecutor.accessMainPhase(TestCaseExecutor.java:410)&#xa;	at com.kms.katalon.core.main.TestCaseExecutor.execute(TestCaseExecutor.java:285)&#xa;	at com.kms.katalon.core.common.CommonExecutor.accessTestCaseMainPhase(CommonExecutor.java:65)&#xa;	at com.kms.katalon.core.main.TestSuiteExecutor.accessTestSuiteMainPhase(TestSuiteExecutor.java:150)&#xa;	at com.kms.katalon.core.main.TestSuiteExecutor.execute(TestSuiteExecutor.java:106)&#xa;	at com.kms.katalon.core.main.TestCaseMain.startTestSuite(TestCaseMain.java:180)&#xa;	at TempTestSuite1725028561053.run(TempTestSuite1725028561053.groovy:35)&#xa;	at java.base/jdk.internal.reflect.NativeMethodAccessorImpl.invoke0(Native Method)&#xa;	at java.base/jdk.internal.reflect.NativeMethodAccessorImpl.invoke(NativeMethodAccessorImpl.java:77)&#xa;	at java.base/jdk.internal.reflect.DelegatingMethodAccessorImpl.invoke(DelegatingMethodAccessorImpl.java:43)&#xa;Caused by: com.kms.katalon.core.exception.StepFailedException: com.kms.katalon.core.webui.exception.WebElementNotFoundException: Web element with id: 'Object Repository/EK_Objects/Page_Mozart - Dashboard/Click_On_Local_Settlements' located by '//a[@id='menu_LocalSettlements']' not found&#xa;	at com.kms.katalon.core.webui.keyword.internal.WebUIKeywordMain.stepFailed(WebUIKeywordMain.groovy:64)&#xa;	at com.kms.katalon.core.webui.keyword.builtin.VerifyElementPresentKeyword$_verifyElementPresent_closure1.doCall(VerifyElementPresentKeyword.groovy:85)&#xa;	at com.kms.katalon.core.webui.keyword.builtin.VerifyElementPresentKeyword$_verifyElementPresent_closure1.call(VerifyElementPresentKeyword.groovy)&#xa;	at com.kms.katalon.core.webui.keyword.internal.WebUIKeywordMain.runKeyword(WebUIKeywordMain.groovy:20)&#xa;	... 20 more&#xa;"/>
         <system-out><![CDATA[30-08-2024T20:16:10 - [TEST_CASE][FAILED] - Test Cases/MOZ-10510/TC 3_MOZ_11445 Verify User Role Auditor Access Levels for the Local Settlements Module: Test Cases/MOZ-10510/TC 3_MOZ_11445 Verify User Role Auditor Access Levels for the Local Settlements Module FAILED.
Reason:
com.kms.katalon.core.exception.StepFailedException: Unable to verify object 'Object Repository/EK_Objects/Page_Mozart - Dashboard/Click_On_Local_Settlements' is present
	at com.kms.katalon.core.webui.keyword.internal.WebUIKeywordMain.stepFailed(WebUIKeywordMain.groovy:64)
	at com.kms.katalon.core.webui.keyword.internal.WebUIKeywordMain.runKeyword(WebUIKeywordMain.groovy:26)
	at com.kms.katalon.core.webui.keyword.builtin.VerifyElementPresentKeyword.verifyElementPresent(VerifyElementPresentKeyword.groovy:92)
	at com.kms.katalon.core.webui.keyword.builtin.VerifyElementPresentKeyword.execute(VerifyElementPresentKeyword.groovy:68)
	at com.kms.katalon.core.keyword.internal.KeywordExecutor.executeKeywordForPlatform(KeywordExecutor.groovy:74)
	at com.kms.katalon.core.webui.keyword.WebUiBuiltInKeywords.verifyElementPresent(WebUiBuiltInKeywords.groovy:1503)
	at TC 3_MOZ_11445 Verify User Role Auditor Access Levels for the Local Settlements Module.run(TC 3_MOZ_11445 Verify User Role Auditor Access Levels for the Local Settlements Module:12)
	at com.kms.katalon.core.main.ScriptEngine.run(ScriptEngine.java:194)
	at com.kms.katalon.core.main.ScriptEngine.runScriptAsRawText(ScriptEngine.java:119)
	at com.kms.katalon.core.main.TestCaseExecutor.runScript(TestCaseExecutor.java:448)
	at com.kms.katalon.core.main.TestCaseExecutor.doExecute(TestCaseExecutor.java:439)
	at com.kms.katalon.core.main.TestCaseExecutor.processExecutionPhase(TestCaseExecutor.java:418)
	at com.kms.katalon.core.main.TestCaseExecutor.accessMainPhase(TestCaseExecutor.java:410)
	at com.kms.katalon.core.main.TestCaseExecutor.execute(TestCaseExecutor.java:285)
	at com.kms.katalon.core.common.CommonExecutor.accessTestCaseMainPhase(CommonExecutor.java:65)
	at com.kms.katalon.core.main.TestSuiteExecutor.accessTestSuiteMainPhase(TestSuiteExecutor.java:150)
	at com.kms.katalon.core.main.TestSuiteExecutor.execute(TestSuiteExecutor.java:106)
	at com.kms.katalon.core.main.TestCaseMain.startTestSuite(TestCaseMain.java:180)
	at TempTestSuite1725028561053.run(TempTestSuite1725028561053.groovy:35)
	at java.base/jdk.internal.reflect.NativeMethodAccessorImpl.invoke0(Native Method)
	at java.base/jdk.internal.reflect.NativeMethodAccessorImpl.invoke(NativeMethodAccessorImpl.java:77)
	at java.base/jdk.internal.reflect.DelegatingMethodAccessorImpl.invoke(DelegatingMethodAccessorImpl.java:43)
Caused by: com.kms.katalon.core.exception.StepFailedException: com.kms.katalon.core.webui.exception.WebElementNotFoundException: Web element with id: 'Object Repository/EK_Objects/Page_Mozart - Dashboard/Click_On_Local_Settlements' located by '//a[@id='menu_LocalSettlements']' not found
	at com.kms.katalon.core.webui.keyword.internal.WebUIKeywordMain.stepFailed(WebUIKeywordMain.groovy:64)
	at com.kms.katalon.core.webui.keyword.builtin.VerifyElementPresentKeyword$_verifyElementPresent_closure1.doCall(VerifyElementPresentKeyword.groovy:85)
	at com.kms.katalon.core.webui.keyword.builtin.VerifyElementPresentKeyword$_verifyElementPresent_closure1.call(VerifyElementPresentKeyword.groovy)
	at com.kms.katalon.core.webui.keyword.internal.WebUIKeywordMain.runKeyword(WebUIKeywordMain.groovy:20)
	... 20 more


30-08-2024T20:16:11 - [TEST_STEP][PASSED] - utilityClass.GenericMethods.selectRoles("katalonTest1", "Supervisor"): utilityClass.GenericMethods.selectRoles is PASSED

30-08-2024T20:16:11 - [MESSAGE][WARNING] - A browser is already opened. Closing browser and opening a new one

30-08-2024T20:16:11 - [MESSAGE][INFO] - Starting 'Chrome' driver

30-08-2024T20:16:11 - [MESSAGE][INFO] - Action delay is set to 0 milliseconds

30-08-2024T20:16:12 - [MESSAGE][PASSED] - Browser is opened with url: ''

30-08-2024T20:16:13 - [MESSAGE][PASSED] - Navigate to 'https://accelyacomtest.accelya.local/MozartTest/AirlinesHub/Index' successfully

30-08-2024T20:16:13 - [MESSAGE][PASSED] - Current window maximized

30-08-2024T20:16:13 - [MESSAGE][PASSED] - Delete all cookies successfully

30-08-2024T20:16:13 - [MESSAGE][PASSED] - Object: 'Object Repository/MozartChrome/ChromeAdvance/ClickOnAdvanceButton' is clicked on

30-08-2024T20:16:28 - [MESSAGE][PASSED] - Object: 'Object Repository/MozartChrome/ChromeAdvance/ProccedLink' is clicked on

30-08-2024T20:16:28 - [MESSAGE][PASSED] - Text 'supermozart' is set on object 'Object Repository/MozartChrome/Page_/input_Username_Login'

30-08-2024T20:16:29 - [MESSAGE][PASSED] - Object: 'Object Repository/MozartChrome/Page_/button_Next' is clicked on

30-08-2024T20:16:30 - [MESSAGE][PASSED] - Text 'Accelya.1' is set on object 'Object Repository/MozartChrome/Page_/input_Password_Password'

30-08-2024T20:16:30 - [MESSAGE][PASSED] - Object: 'Object Repository/MozartChrome/Page_/button_Sign in' is clicked on

30-08-2024T20:17:20 - [MESSAGE][PASSED] - Object: 'Object Repository/EK_Objects/Page_Mozart - AirlinesHub/configuration_dropDown' is clicked on

30-08-2024T20:17:21 - [MESSAGE][PASSED] - Object: 'Object Repository/EK_Objects/Page_Mozart - AirlinesHub/users_button' is clicked on

30-08-2024T20:17:23 - [MESSAGE][PASSED] - Found web elements by test object Object Repository/EK_Objects/Page_Mozart - AirlinesHub/getListOfUsers

30-08-2024T20:17:23 - [MESSAGE][PASSED] - Found web element by test object 

30-08-2024T20:17:23 - [MESSAGE][PASSED] - Found web element by test object 

30-08-2024T20:17:23 - [MESSAGE][PASSED] - Found web element by test object 

30-08-2024T20:17:24 - [MESSAGE][PASSED] - Found web element by test object 

30-08-2024T20:17:24 - [MESSAGE][PASSED] - Found web element by test object 

30-08-2024T20:17:24 - [MESSAGE][PASSED] - Found web element by test object 

30-08-2024T20:17:24 - [MESSAGE][PASSED] - Found web element by test object 

30-08-2024T20:17:25 - [MESSAGE][PASSED] - Found web element by test object 

30-08-2024T20:17:25 - [MESSAGE][PASSED] - Found web element by test object 

30-08-2024T20:17:25 - [MESSAGE][PASSED] - Found web element by test object 

30-08-2024T20:17:25 - [MESSAGE][PASSED] - Found web element by test object 

30-08-2024T20:17:26 - [MESSAGE][PASSED] - Found web element by test object 

30-08-2024T20:17:26 - [MESSAGE][PASSED] - Found web element by test object 

30-08-2024T20:17:26 - [MESSAGE][PASSED] - Found web element by test object 

30-08-2024T20:17:26 - [MESSAGE][PASSED] - Found web element by test object 

30-08-2024T20:17:27 - [MESSAGE][PASSED] - Found web element by test object 

30-08-2024T20:17:27 - [MESSAGE][PASSED] - Found web element by test object 

30-08-2024T20:17:27 - [MESSAGE][PASSED] - Found web element by test object 

30-08-2024T20:17:27 - [MESSAGE][PASSED] - Found web element by test object 

30-08-2024T20:17:28 - [MESSAGE][PASSED] - Found web element by test object 

30-08-2024T20:17:28 - [MESSAGE][PASSED] - Found web element by test object 

30-08-2024T20:17:28 - [MESSAGE][PASSED] - Found web element by test object 

30-08-2024T20:17:28 - [MESSAGE][PASSED] - Found web element by test object 

30-08-2024T20:17:29 - [MESSAGE][PASSED] - Found web element by test object 

30-08-2024T20:17:29 - [MESSAGE][PASSED] - Found web element by test object 

30-08-2024T20:17:29 - [MESSAGE][PASSED] - Found web element by test object 

30-08-2024T20:17:29 - [MESSAGE][PASSED] - Found web element by test object 

30-08-2024T20:17:30 - [MESSAGE][PASSED] - Found web element by test object 

30-08-2024T20:17:30 - [MESSAGE][PASSED] - Found web element by test object 

30-08-2024T20:17:30 - [MESSAGE][PASSED] - Found web element by test object 

30-08-2024T20:17:30 - [MESSAGE][PASSED] - Found web element by test object 

30-08-2024T20:17:31 - [MESSAGE][PASSED] - Found web element by test object 

30-08-2024T20:17:31 - [MESSAGE][PASSED] - Found web element by test object 

30-08-2024T20:17:31 - [MESSAGE][PASSED] - Found web element by test object 

30-08-2024T20:17:31 - [MESSAGE][PASSED] - Found web element by test object 

30-08-2024T20:17:32 - [MESSAGE][PASSED] - Found web element by test object 

30-08-2024T20:17:32 - [MESSAGE][PASSED] - Found web element by test object 

30-08-2024T20:17:32 - [MESSAGE][PASSED] - Found web element by test object 

30-08-2024T20:17:32 - [MESSAGE][PASSED] - Found web element by test object 

30-08-2024T20:17:33 - [MESSAGE][PASSED] - Found web element by test object 

30-08-2024T20:17:33 - [MESSAGE][PASSED] - Found web element by test object 

30-08-2024T20:17:33 - [MESSAGE][PASSED] - Found web element by test object 

30-08-2024T20:17:33 - [MESSAGE][PASSED] - Found web element by test object 

30-08-2024T20:17:34 - [MESSAGE][PASSED] - Found web element by test object 

30-08-2024T20:17:34 - [MESSAGE][PASSED] - Found web element by test object 

30-08-2024T20:17:34 - [MESSAGE][PASSED] - Found web element by test object 

30-08-2024T20:17:34 - [MESSAGE][PASSED] - Found web element by test object 

30-08-2024T20:17:35 - [MESSAGE][PASSED] - Found web element by test object 

30-08-2024T20:17:35 - [MESSAGE][PASSED] - Found web element by test object 

30-08-2024T20:17:35 - [MESSAGE][PASSED] - Scroll to object '' successfully

30-08-2024T20:17:37 - [MESSAGE][PASSED] - Delayed 2 second(s)

30-08-2024T20:17:38 - [MESSAGE][PASSED] - Object: 'Object Repository/EK_Objects/Page_Mozart - UserManagement/edit_user_roles' is clicked on

30-08-2024T20:17:46 - [MESSAGE][PASSED] - All options are de-selected on object 'Object Repository/EK_Objects/Page_Mozart - UserManagement/select_list_of_roles'

30-08-2024T20:17:47 - [MESSAGE][PASSED] - Object: 'Object Repository/EK_Objects/Page_Mozart - UserManagement/Roles_button_after_clear_all_options' is clicked on

30-08-2024T20:17:48 - [MESSAGE][PASSED] - All options with label 'Supervisor' are selected in object 'Object Repository/EK_Objects/Page_Mozart - UserManagement/select_list_of_roles'  using regular expression

30-08-2024T20:17:49 - [MESSAGE][PASSED] - Delayed 1 second(s)

30-08-2024T20:17:49 - [MESSAGE][PASSED] - Object: 'Object Repository/EK_Objects/Page_Mozart - UserManagement/save_button' is clicked on

30-08-2024T20:17:50 - [MESSAGE][PASSED] - Delayed 1 second(s)

30-08-2024T20:17:53 - [MESSAGE][PASSED] - Object: 'Object Repository/EK_Objects/Page_Mozart - UserManagement/home_hyperlink' is clicked on

30-08-2024T20:17:54 - [MESSAGE][PASSED] - Delayed 1 second(s)

30-08-2024T20:17:54 - [MESSAGE][PASSED] - Object: 'Object Repository/EK_Objects/Page_Mozart - AirlinesHub/supermozart_Dropdown' is clicked on

30-08-2024T20:17:55 - [MESSAGE][PASSED] - Object: 'Object Repository/EK_Objects/Page_Mozart - AirlinesHub/sign_out_button' is clicked on

30-08-2024T20:17:56 - [MESSAGE][PASSED] - Delayed 1 second(s)

30-08-2024T20:17:57 - [MESSAGE][PASSED] - Text 'katalonTest1' is set on object 'Object Repository/MozartChrome/Page_/input_Username_Login'

30-08-2024T20:17:57 - [MESSAGE][PASSED] - Object: 'Object Repository/MozartChrome/Page_/button_Next' is clicked on

30-08-2024T20:17:58 - [MESSAGE][PASSED] - Text 'Accelya.1' is set on object 'Object Repository/MozartChrome/Page_/input_Password_Password'

30-08-2024T20:17:58 - [MESSAGE][PASSED] - Object: 'Object Repository/MozartChrome/Page_/button_Sign in' is clicked on

30-08-2024T20:17:59 - [MESSAGE][PASSED] - Delayed 1 second(s)

30-08-2024T20:17:59 - [MESSAGE][PASSED] - utilityClass.GenericMethods.selectRoles is PASSED

30-08-2024T20:17:59 - [TEST_STEP][PASSED] - delay(2): Delayed 2 second(s)

30-08-2024T20:18:01 - [MESSAGE][PASSED] - Delayed 2 second(s)

30-08-2024T20:18:01 - [TEST_STEP][PASSED] - click(findTestObject("EK_Objects/Page_Mozart - Dashboard/a_Refunds")): Object: 'Object Repository/EK_Objects/Page_Mozart - Dashboard/a_Refunds' is clicked on

30-08-2024T20:18:32 - [MESSAGE][INFO] - Unable to find the element located by 'By.xpath: //a[@id='navbarDropdown']'. Please recheck the objects properties to make sure the desired element is located. 

30-08-2024T20:18:32 - [MESSAGE][WARNING] - [SELF-HEALING] Failed to find element with id 'Object Repository/EK_Objects/Page_Mozart - Dashboard/a_Refunds'. Try using Self-healing.

30-08-2024T20:18:33 - [MESSAGE][WARNING] - [SELF-HEALING] The current locator of test object 'Object Repository/EK_Objects/Page_Mozart - Dashboard/a_Refunds' was broken. Propose an alternative one: '//div[@id='navbarSupportedContent']/ul/li/a'.

30-08-2024T20:18:33 - [MESSAGE][PASSED] - Object: 'Object Repository/EK_Objects/Page_Mozart - Dashboard/a_Refunds' is clicked on

30-08-2024T20:18:33 - [TEST_STEP][FAILED] - verifyElementPresent(findTestObject("EK_Objects/Page_Mozart - Dashboard/Click_On_Local_Settlements"), 2): Unable to verify object 'Object Repository/EK_Objects/Page_Mozart - Dashboard/Click_On_Local_Settlements' is present (Root cause: com.kms.katalon.core.exception.StepFailedException: Unable to verify object 'Object Repository/EK_Objects/Page_Mozart - Dashboard/Click_On_Local_Settlements' is present
	at com.kms.katalon.core.webui.keyword.internal.WebUIKeywordMain.stepFailed(WebUIKeywordMain.groovy:64)
	at com.kms.katalon.core.webui.keyword.internal.WebUIKeywordMain.runKeyword(WebUIKeywordMain.groovy:26)
	at com.kms.katalon.core.webui.keyword.builtin.VerifyElementPresentKeyword.verifyElementPresent(VerifyElementPresentKeyword.groovy:92)
	at com.kms.katalon.core.webui.keyword.builtin.VerifyElementPresentKeyword.execute(VerifyElementPresentKeyword.groovy:68)
	at com.kms.katalon.core.keyword.internal.KeywordExecutor.executeKeywordForPlatform(KeywordExecutor.groovy:74)
	at com.kms.katalon.core.webui.keyword.WebUiBuiltInKeywords.verifyElementPresent(WebUiBuiltInKeywords.groovy:1503)
	at TC 3_MOZ_11445 Verify User Role Auditor Access Levels for the Local Settlements Module.run(TC 3_MOZ_11445 Verify User Role Auditor Access Levels for the Local Settlements Module:12)
	at com.kms.katalon.core.main.ScriptEngine.run(ScriptEngine.java:194)
	at com.kms.katalon.core.main.ScriptEngine.runScriptAsRawText(ScriptEngine.java:119)
	at com.kms.katalon.core.main.TestCaseExecutor.runScript(TestCaseExecutor.java:448)
	at com.kms.katalon.core.main.TestCaseExecutor.doExecute(TestCaseExecutor.java:439)
	at com.kms.katalon.core.main.TestCaseExecutor.processExecutionPhase(TestCaseExecutor.java:418)
	at com.kms.katalon.core.main.TestCaseExecutor.accessMainPhase(TestCaseExecutor.java:410)
	at com.kms.katalon.core.main.TestCaseExecutor.execute(TestCaseExecutor.java:285)
	at com.kms.katalon.core.common.CommonExecutor.accessTestCaseMainPhase(CommonExecutor.java:65)
	at com.kms.katalon.core.main.TestSuiteExecutor.accessTestSuiteMainPhase(TestSuiteExecutor.java:150)
	at com.kms.katalon.core.main.TestSuiteExecutor.execute(TestSuiteExecutor.java:106)
	at com.kms.katalon.core.main.TestCaseMain.startTestSuite(TestCaseMain.java:180)
	at TempTestSuite1725028561053.run(TempTestSuite1725028561053.groovy:35)
	at java.base/jdk.internal.reflect.NativeMethodAccessorImpl.invoke0(Native Method)
	at java.base/jdk.internal.reflect.NativeMethodAccessorImpl.invoke(NativeMethodAccessorImpl.java:77)
	at java.base/jdk.internal.reflect.DelegatingMethodAccessorImpl.invoke(DelegatingMethodAccessorImpl.java:43)
Caused by: com.kms.katalon.core.exception.StepFailedException: com.kms.katalon.core.webui.exception.WebElementNotFoundException: Web element with id: 'Object Repository/EK_Objects/Page_Mozart - Dashboard/Click_On_Local_Settlements' located by '//a[@id='menu_LocalSettlements']' not found
	at com.kms.katalon.core.webui.keyword.internal.WebUIKeywordMain.stepFailed(WebUIKeywordMain.groovy:64)
	at com.kms.katalon.core.webui.keyword.builtin.VerifyElementPresentKeyword$_verifyElementPresent_closure1.doCall(VerifyElementPresentKeyword.groovy:85)
	at com.kms.katalon.core.webui.keyword.builtin.VerifyElementPresentKeyword$_verifyElementPresent_closure1.call(VerifyElementPresentKeyword.groovy)
	at com.kms.katalon.core.webui.keyword.internal.WebUIKeywordMain.runKeyword(WebUIKeywordMain.groovy:20)
	... 20 more
)

30-08-2024T20:18:36 - [MESSAGE][INFO] - Unable to find the element located by 'By.xpath: //a[@id='menu_LocalSettlements']'. Please recheck the objects properties to make sure the desired element is located. 

30-08-2024T20:18:36 - [MESSAGE][FAILED] - com.kms.katalon.core.webui.exception.WebElementNotFoundException: Web element with id: 'Object Repository/EK_Objects/Page_Mozart - Dashboard/Click_On_Local_Settlements' located by '//a[@id='menu_LocalSettlements']' not found (Root cause: com.kms.katalon.core.exception.StepFailedException: com.kms.katalon.core.webui.exception.WebElementNotFoundException: Web element with id: 'Object Repository/EK_Objects/Page_Mozart - Dashboard/Click_On_Local_Settlements' located by '//a[@id='menu_LocalSettlements']' not found
	at com.kms.katalon.core.webui.keyword.internal.WebUIKeywordMain.stepFailed(WebUIKeywordMain.groovy:64)
	at com.kms.katalon.core.webui.keyword.builtin.VerifyElementPresentKeyword$_verifyElementPresent_closure1.doCall(VerifyElementPresentKeyword.groovy:85)
	at com.kms.katalon.core.webui.keyword.builtin.VerifyElementPresentKeyword$_verifyElementPresent_closure1.call(VerifyElementPresentKeyword.groovy)
	at com.kms.katalon.core.webui.keyword.internal.WebUIKeywordMain.runKeyword(WebUIKeywordMain.groovy:20)
	at com.kms.katalon.core.webui.keyword.builtin.VerifyElementPresentKeyword.verifyElementPresent(VerifyElementPresentKeyword.groovy:92)
	at com.kms.katalon.core.webui.keyword.builtin.VerifyElementPresentKeyword.execute(VerifyElementPresentKeyword.groovy:68)
	at com.kms.katalon.core.keyword.internal.KeywordExecutor.executeKeywordForPlatform(KeywordExecutor.groovy:74)
	at com.kms.katalon.core.webui.keyword.WebUiBuiltInKeywords.verifyElementPresent(WebUiBuiltInKeywords.groovy:1503)
	at TC 3_MOZ_11445 Verify User Role Auditor Access Levels for the Local Settlements Module.run(TC 3_MOZ_11445 Verify User Role Auditor Access Levels for the Local Settlements Module:12)
	at com.kms.katalon.core.main.ScriptEngine.run(ScriptEngine.java:194)
	at com.kms.katalon.core.main.ScriptEngine.runScriptAsRawText(ScriptEngine.java:119)
	at com.kms.katalon.core.main.TestCaseExecutor.runScript(TestCaseExecutor.java:448)
	at com.kms.katalon.core.main.TestCaseExecutor.doExecute(TestCaseExecutor.java:439)
	at com.kms.katalon.core.main.TestCaseExecutor.processExecutionPhase(TestCaseExecutor.java:418)
	at com.kms.katalon.core.main.TestCaseExecutor.accessMainPhase(TestCaseExecutor.java:410)
	at com.kms.katalon.core.main.TestCaseExecutor.execute(TestCaseExecutor.java:285)
	at com.kms.katalon.core.common.CommonExecutor.accessTestCaseMainPhase(CommonExecutor.java:65)
	at com.kms.katalon.core.main.TestSuiteExecutor.accessTestSuiteMainPhase(TestSuiteExecutor.java:150)
	at com.kms.katalon.core.main.TestSuiteExecutor.execute(TestSuiteExecutor.java:106)
	at com.kms.katalon.core.main.TestCaseMain.startTestSuite(TestCaseMain.java:180)
	at TempTestSuite1725028561053.run(TempTestSuite1725028561053.groovy:35)
	at java.base/jdk.internal.reflect.NativeMethodAccessorImpl.invoke0(Native Method)
	at java.base/jdk.internal.reflect.NativeMethodAccessorImpl.invoke(NativeMethodAccessorImpl.java:77)
	at java.base/jdk.internal.reflect.DelegatingMethodAccessorImpl.invoke(DelegatingMethodAccessorImpl.java:43)
)
[[ATTACHMENT|C:\\Users\\ranjit.vadar\\Katalon Studio\\Mozart Emirates\\Reports\\20240830_200559\\Suite MOZ-10510\\20240830_200601\\1725029316317.png]]

30-08-2024T20:18:36 - [MESSAGE][FAILED] - Unable to verify object 'Object Repository/EK_Objects/Page_Mozart - Dashboard/Click_On_Local_Settlements' is present (Root cause: com.kms.katalon.core.exception.StepFailedException: Unable to verify object 'Object Repository/EK_Objects/Page_Mozart - Dashboard/Click_On_Local_Settlements' is present
	at com.kms.katalon.core.webui.keyword.internal.WebUIKeywordMain.stepFailed(WebUIKeywordMain.groovy:64)
	at com.kms.katalon.core.webui.keyword.internal.WebUIKeywordMain.runKeyword(WebUIKeywordMain.groovy:26)
	at com.kms.katalon.core.webui.keyword.builtin.VerifyElementPresentKeyword.verifyElementPresent(VerifyElementPresentKeyword.groovy:92)
	at com.kms.katalon.core.webui.keyword.builtin.VerifyElementPresentKeyword.execute(VerifyElementPresentKeyword.groovy:68)
	at com.kms.katalon.core.keyword.internal.KeywordExecutor.executeKeywordForPlatform(KeywordExecutor.groovy:74)
	at com.kms.katalon.core.webui.keyword.WebUiBuiltInKeywords.verifyElementPresent(WebUiBuiltInKeywords.groovy:1503)
	at TC 3_MOZ_11445 Verify User Role Auditor Access Levels for the Local Settlements Module.run(TC 3_MOZ_11445 Verify User Role Auditor Access Levels for the Local Settlements Module:12)
	at com.kms.katalon.core.main.ScriptEngine.run(ScriptEngine.java:194)
	at com.kms.katalon.core.main.ScriptEngine.runScriptAsRawText(ScriptEngine.java:119)
	at com.kms.katalon.core.main.TestCaseExecutor.runScript(TestCaseExecutor.java:448)
	at com.kms.katalon.core.main.TestCaseExecutor.doExecute(TestCaseExecutor.java:439)
	at com.kms.katalon.core.main.TestCaseExecutor.processExecutionPhase(TestCaseExecutor.java:418)
	at com.kms.katalon.core.main.TestCaseExecutor.accessMainPhase(TestCaseExecutor.java:410)
	at com.kms.katalon.core.main.TestCaseExecutor.execute(TestCaseExecutor.java:285)
	at com.kms.katalon.core.common.CommonExecutor.accessTestCaseMainPhase(CommonExecutor.java:65)
	at com.kms.katalon.core.main.TestSuiteExecutor.accessTestSuiteMainPhase(TestSuiteExecutor.java:150)
	at com.kms.katalon.core.main.TestSuiteExecutor.execute(TestSuiteExecutor.java:106)
	at com.kms.katalon.core.main.TestCaseMain.startTestSuite(TestCaseMain.java:180)
	at TempTestSuite1725028561053.run(TempTestSuite1725028561053.groovy:35)
	at java.base/jdk.internal.reflect.NativeMethodAccessorImpl.invoke0(Native Method)
	at java.base/jdk.internal.reflect.NativeMethodAccessorImpl.invoke(NativeMethodAccessorImpl.java:77)
	at java.base/jdk.internal.reflect.DelegatingMethodAccessorImpl.invoke(DelegatingMethodAccessorImpl.java:43)
Caused by: com.kms.katalon.core.exception.StepFailedException: com.kms.katalon.core.webui.exception.WebElementNotFoundException: Web element with id: 'Object Repository/EK_Objects/Page_Mozart - Dashboard/Click_On_Local_Settlements' located by '//a[@id='menu_LocalSettlements']' not found
	at com.kms.katalon.core.webui.keyword.internal.WebUIKeywordMain.stepFailed(WebUIKeywordMain.groovy:64)
	at com.kms.katalon.core.webui.keyword.builtin.VerifyElementPresentKeyword$_verifyElementPresent_closure1.doCall(VerifyElementPresentKeyword.groovy:85)
	at com.kms.katalon.core.webui.keyword.builtin.VerifyElementPresentKeyword$_verifyElementPresent_closure1.call(VerifyElementPresentKeyword.groovy)
	at com.kms.katalon.core.webui.keyword.internal.WebUIKeywordMain.runKeyword(WebUIKeywordMain.groovy:20)
	... 20 more
)
[[ATTACHMENT|C:\\Users\\ranjit.vadar\\Katalon Studio\\Mozart Emirates\\Reports\\20240830_200559\\Suite MOZ-10510\\20240830_200601\\1725029316643.png]]]]></system-out>
         <system-err><![CDATA[30-08-2024T20:16:10 - [TEST_CASE][FAILED] - Test Cases/MOZ-10510/TC 3_MOZ_11445 Verify User Role Auditor Access Levels for the Local Settlements Module: Test Cases/MOZ-10510/TC 3_MOZ_11445 Verify User Role Auditor Access Levels for the Local Settlements Module FAILED.
Reason:
com.kms.katalon.core.exception.StepFailedException: Unable to verify object 'Object Repository/EK_Objects/Page_Mozart - Dashboard/Click_On_Local_Settlements' is present
	at com.kms.katalon.core.webui.keyword.internal.WebUIKeywordMain.stepFailed(WebUIKeywordMain.groovy:64)
	at com.kms.katalon.core.webui.keyword.internal.WebUIKeywordMain.runKeyword(WebUIKeywordMain.groovy:26)
	at com.kms.katalon.core.webui.keyword.builtin.VerifyElementPresentKeyword.verifyElementPresent(VerifyElementPresentKeyword.groovy:92)
	at com.kms.katalon.core.webui.keyword.builtin.VerifyElementPresentKeyword.execute(VerifyElementPresentKeyword.groovy:68)
	at com.kms.katalon.core.keyword.internal.KeywordExecutor.executeKeywordForPlatform(KeywordExecutor.groovy:74)
	at com.kms.katalon.core.webui.keyword.WebUiBuiltInKeywords.verifyElementPresent(WebUiBuiltInKeywords.groovy:1503)
	at TC 3_MOZ_11445 Verify User Role Auditor Access Levels for the Local Settlements Module.run(TC 3_MOZ_11445 Verify User Role Auditor Access Levels for the Local Settlements Module:12)
	at com.kms.katalon.core.main.ScriptEngine.run(ScriptEngine.java:194)
	at com.kms.katalon.core.main.ScriptEngine.runScriptAsRawText(ScriptEngine.java:119)
	at com.kms.katalon.core.main.TestCaseExecutor.runScript(TestCaseExecutor.java:448)
	at com.kms.katalon.core.main.TestCaseExecutor.doExecute(TestCaseExecutor.java:439)
	at com.kms.katalon.core.main.TestCaseExecutor.processExecutionPhase(TestCaseExecutor.java:418)
	at com.kms.katalon.core.main.TestCaseExecutor.accessMainPhase(TestCaseExecutor.java:410)
	at com.kms.katalon.core.main.TestCaseExecutor.execute(TestCaseExecutor.java:285)
	at com.kms.katalon.core.common.CommonExecutor.accessTestCaseMainPhase(CommonExecutor.java:65)
	at com.kms.katalon.core.main.TestSuiteExecutor.accessTestSuiteMainPhase(TestSuiteExecutor.java:150)
	at com.kms.katalon.core.main.TestSuiteExecutor.execute(TestSuiteExecutor.java:106)
	at com.kms.katalon.core.main.TestCaseMain.startTestSuite(TestCaseMain.java:180)
	at TempTestSuite1725028561053.run(TempTestSuite1725028561053.groovy:35)
	at java.base/jdk.internal.reflect.NativeMethodAccessorImpl.invoke0(Native Method)
	at java.base/jdk.internal.reflect.NativeMethodAccessorImpl.invoke(NativeMethodAccessorImpl.java:77)
	at java.base/jdk.internal.reflect.DelegatingMethodAccessorImpl.invoke(DelegatingMethodAccessorImpl.java:43)
Caused by: com.kms.katalon.core.exception.StepFailedException: com.kms.katalon.core.webui.exception.WebElementNotFoundException: Web element with id: 'Object Repository/EK_Objects/Page_Mozart - Dashboard/Click_On_Local_Settlements' located by '//a[@id='menu_LocalSettlements']' not found
	at com.kms.katalon.core.webui.keyword.internal.WebUIKeywordMain.stepFailed(WebUIKeywordMain.groovy:64)
	at com.kms.katalon.core.webui.keyword.builtin.VerifyElementPresentKeyword$_verifyElementPresent_closure1.doCall(VerifyElementPresentKeyword.groovy:85)
	at com.kms.katalon.core.webui.keyword.builtin.VerifyElementPresentKeyword$_verifyElementPresent_closure1.call(VerifyElementPresentKeyword.groovy)
	at com.kms.katalon.core.webui.keyword.internal.WebUIKeywordMain.runKeyword(WebUIKeywordMain.groovy:20)
	... 20 more]]></system-err>
      </testcase>
      <testcase name="Test Cases/MOZ-10510/TC 2_MOZ_11445 Verify User Role Supervisor Access Levels for the Local Settlements Module" time="148.339" classname="Test Cases/MOZ-10510/TC 2_MOZ_11445 Verify User Role Supervisor Access Levels for the Local Settlements Module" status="FAILED">
         <failure type="FAILED" message="Test Cases/MOZ-10510/TC 2_MOZ_11445 Verify User Role Supervisor Access Levels for the Local Settlements Module FAILED.&#xa;Reason:&#xa;com.kms.katalon.core.exception.StepFailedException: Unable to verify object 'Object Repository/EK_Objects/Page_Mozart - Dashboard/Click_On_Local_Settlements' is present&#xa;	at com.kms.katalon.core.webui.keyword.internal.WebUIKeywordMain.stepFailed(WebUIKeywordMain.groovy:64)&#xa;	at com.kms.katalon.core.webui.keyword.internal.WebUIKeywordMain.runKeyword(WebUIKeywordMain.groovy:26)&#xa;	at com.kms.katalon.core.webui.keyword.builtin.VerifyElementPresentKeyword.verifyElementPresent(VerifyElementPresentKeyword.groovy:92)&#xa;	at com.kms.katalon.core.webui.keyword.builtin.VerifyElementPresentKeyword.execute(VerifyElementPresentKeyword.groovy:68)&#xa;	at com.kms.katalon.core.keyword.internal.KeywordExecutor.executeKeywordForPlatform(KeywordExecutor.groovy:74)&#xa;	at com.kms.katalon.core.webui.keyword.WebUiBuiltInKeywords.verifyElementPresent(WebUiBuiltInKeywords.groovy:1503)&#xa;	at TC 2_MOZ_11445 Verify User Role Supervisor Access Levels for the Local Settlements Module.run(TC 2_MOZ_11445 Verify User Role Supervisor Access Levels for the Local Settlements Module:24)&#xa;	at com.kms.katalon.core.main.ScriptEngine.run(ScriptEngine.java:194)&#xa;	at com.kms.katalon.core.main.ScriptEngine.runScriptAsRawText(ScriptEngine.java:119)&#xa;	at com.kms.katalon.core.main.TestCaseExecutor.runScript(TestCaseExecutor.java:448)&#xa;	at com.kms.katalon.core.main.TestCaseExecutor.doExecute(TestCaseExecutor.java:439)&#xa;	at com.kms.katalon.core.main.TestCaseExecutor.processExecutionPhase(TestCaseExecutor.java:418)&#xa;	at com.kms.katalon.core.main.TestCaseExecutor.accessMainPhase(TestCaseExecutor.java:410)&#xa;	at com.kms.katalon.core.main.TestCaseExecutor.execute(TestCaseExecutor.java:285)&#xa;	at com.kms.katalon.core.common.CommonExecutor.accessTestCaseMainPhase(CommonExecutor.java:65)&#xa;	at com.kms.katalon.core.main.TestSuiteExecutor.accessTestSuiteMainPhase(TestSuiteExecutor.java:150)&#xa;	at com.kms.katalon.core.main.TestSuiteExecutor.execute(TestSuiteExecutor.java:106)&#xa;	at com.kms.katalon.core.main.TestCaseMain.startTestSuite(TestCaseMain.java:180)&#xa;	at TempTestSuite1725028561053.run(TempTestSuite1725028561053.groovy:35)&#xa;	at java.base/jdk.internal.reflect.NativeMethodAccessorImpl.invoke0(Native Method)&#xa;	at java.base/jdk.internal.reflect.NativeMethodAccessorImpl.invoke(NativeMethodAccessorImpl.java:77)&#xa;	at java.base/jdk.internal.reflect.DelegatingMethodAccessorImpl.invoke(DelegatingMethodAccessorImpl.java:43)&#xa;Caused by: com.kms.katalon.core.exception.StepFailedException: com.kms.katalon.core.webui.exception.WebElementNotFoundException: Web element with id: 'Object Repository/EK_Objects/Page_Mozart - Dashboard/Click_On_Local_Settlements' located by '//a[@id='menu_LocalSettlements']' not found&#xa;	at com.kms.katalon.core.webui.keyword.internal.WebUIKeywordMain.stepFailed(WebUIKeywordMain.groovy:64)&#xa;	at com.kms.katalon.core.webui.keyword.builtin.VerifyElementPresentKeyword$_verifyElementPresent_closure1.doCall(VerifyElementPresentKeyword.groovy:85)&#xa;	at com.kms.katalon.core.webui.keyword.builtin.VerifyElementPresentKeyword$_verifyElementPresent_closure1.call(VerifyElementPresentKeyword.groovy)&#xa;	at com.kms.katalon.core.webui.keyword.internal.WebUIKeywordMain.runKeyword(WebUIKeywordMain.groovy:20)&#xa;	... 20 more&#xa;"/>
         <system-out><![CDATA[30-08-2024T20:18:36 - [TEST_CASE][FAILED] - Test Cases/MOZ-10510/TC 2_MOZ_11445 Verify User Role Supervisor Access Levels for the Local Settlements Module: Test Cases/MOZ-10510/TC 2_MOZ_11445 Verify User Role Supervisor Access Levels for the Local Settlements Module FAILED.
Reason:
com.kms.katalon.core.exception.StepFailedException: Unable to verify object 'Object Repository/EK_Objects/Page_Mozart - Dashboard/Click_On_Local_Settlements' is present
	at com.kms.katalon.core.webui.keyword.internal.WebUIKeywordMain.stepFailed(WebUIKeywordMain.groovy:64)
	at com.kms.katalon.core.webui.keyword.internal.WebUIKeywordMain.runKeyword(WebUIKeywordMain.groovy:26)
	at com.kms.katalon.core.webui.keyword.builtin.VerifyElementPresentKeyword.verifyElementPresent(VerifyElementPresentKeyword.groovy:92)
	at com.kms.katalon.core.webui.keyword.builtin.VerifyElementPresentKeyword.execute(VerifyElementPresentKeyword.groovy:68)
	at com.kms.katalon.core.keyword.internal.KeywordExecutor.executeKeywordForPlatform(KeywordExecutor.groovy:74)
	at com.kms.katalon.core.webui.keyword.WebUiBuiltInKeywords.verifyElementPresent(WebUiBuiltInKeywords.groovy:1503)
	at TC 2_MOZ_11445 Verify User Role Supervisor Access Levels for the Local Settlements Module.run(TC 2_MOZ_11445 Verify User Role Supervisor Access Levels for the Local Settlements Module:24)
	at com.kms.katalon.core.main.ScriptEngine.run(ScriptEngine.java:194)
	at com.kms.katalon.core.main.ScriptEngine.runScriptAsRawText(ScriptEngine.java:119)
	at com.kms.katalon.core.main.TestCaseExecutor.runScript(TestCaseExecutor.java:448)
	at com.kms.katalon.core.main.TestCaseExecutor.doExecute(TestCaseExecutor.java:439)
	at com.kms.katalon.core.main.TestCaseExecutor.processExecutionPhase(TestCaseExecutor.java:418)
	at com.kms.katalon.core.main.TestCaseExecutor.accessMainPhase(TestCaseExecutor.java:410)
	at com.kms.katalon.core.main.TestCaseExecutor.execute(TestCaseExecutor.java:285)
	at com.kms.katalon.core.common.CommonExecutor.accessTestCaseMainPhase(CommonExecutor.java:65)
	at com.kms.katalon.core.main.TestSuiteExecutor.accessTestSuiteMainPhase(TestSuiteExecutor.java:150)
	at com.kms.katalon.core.main.TestSuiteExecutor.execute(TestSuiteExecutor.java:106)
	at com.kms.katalon.core.main.TestCaseMain.startTestSuite(TestCaseMain.java:180)
	at TempTestSuite1725028561053.run(TempTestSuite1725028561053.groovy:35)
	at java.base/jdk.internal.reflect.NativeMethodAccessorImpl.invoke0(Native Method)
	at java.base/jdk.internal.reflect.NativeMethodAccessorImpl.invoke(NativeMethodAccessorImpl.java:77)
	at java.base/jdk.internal.reflect.DelegatingMethodAccessorImpl.invoke(DelegatingMethodAccessorImpl.java:43)
Caused by: com.kms.katalon.core.exception.StepFailedException: com.kms.katalon.core.webui.exception.WebElementNotFoundException: Web element with id: 'Object Repository/EK_Objects/Page_Mozart - Dashboard/Click_On_Local_Settlements' located by '//a[@id='menu_LocalSettlements']' not found
	at com.kms.katalon.core.webui.keyword.internal.WebUIKeywordMain.stepFailed(WebUIKeywordMain.groovy:64)
	at com.kms.katalon.core.webui.keyword.builtin.VerifyElementPresentKeyword$_verifyElementPresent_closure1.doCall(VerifyElementPresentKeyword.groovy:85)
	at com.kms.katalon.core.webui.keyword.builtin.VerifyElementPresentKeyword$_verifyElementPresent_closure1.call(VerifyElementPresentKeyword.groovy)
	at com.kms.katalon.core.webui.keyword.internal.WebUIKeywordMain.runKeyword(WebUIKeywordMain.groovy:20)
	... 20 more


30-08-2024T20:18:37 - [TEST_STEP][PASSED] - utilityClass.GenericMethods.selectRoles("katalonTest1", "Auditor"): utilityClass.GenericMethods.selectRoles is PASSED

30-08-2024T20:18:37 - [MESSAGE][WARNING] - A browser is already opened. Closing browser and opening a new one

30-08-2024T20:18:37 - [MESSAGE][INFO] - Starting 'Chrome' driver

30-08-2024T20:18:37 - [MESSAGE][INFO] - Action delay is set to 0 milliseconds

30-08-2024T20:18:39 - [MESSAGE][PASSED] - Browser is opened with url: ''

30-08-2024T20:18:40 - [MESSAGE][PASSED] - Navigate to 'https://accelyacomtest.accelya.local/MozartTest/AirlinesHub/Index' successfully

30-08-2024T20:18:40 - [MESSAGE][PASSED] - Current window maximized

30-08-2024T20:18:40 - [MESSAGE][PASSED] - Delete all cookies successfully

30-08-2024T20:18:40 - [MESSAGE][PASSED] - Object: 'Object Repository/MozartChrome/ChromeAdvance/ClickOnAdvanceButton' is clicked on

30-08-2024T20:18:59 - [MESSAGE][PASSED] - Object: 'Object Repository/MozartChrome/ChromeAdvance/ProccedLink' is clicked on

30-08-2024T20:19:00 - [MESSAGE][PASSED] - Text 'supermozart' is set on object 'Object Repository/MozartChrome/Page_/input_Username_Login'

30-08-2024T20:19:00 - [MESSAGE][PASSED] - Object: 'Object Repository/MozartChrome/Page_/button_Next' is clicked on

30-08-2024T20:19:01 - [MESSAGE][PASSED] - Text 'Accelya.1' is set on object 'Object Repository/MozartChrome/Page_/input_Password_Password'

30-08-2024T20:19:01 - [MESSAGE][PASSED] - Object: 'Object Repository/MozartChrome/Page_/button_Sign in' is clicked on

30-08-2024T20:19:23 - [MESSAGE][PASSED] - Object: 'Object Repository/EK_Objects/Page_Mozart - AirlinesHub/configuration_dropDown' is clicked on

30-08-2024T20:19:24 - [MESSAGE][PASSED] - Object: 'Object Repository/EK_Objects/Page_Mozart - AirlinesHub/users_button' is clicked on

30-08-2024T20:19:26 - [MESSAGE][PASSED] - Found web elements by test object Object Repository/EK_Objects/Page_Mozart - AirlinesHub/getListOfUsers

30-08-2024T20:19:26 - [MESSAGE][PASSED] - Found web element by test object 

30-08-2024T20:19:27 - [MESSAGE][PASSED] - Found web element by test object 

30-08-2024T20:19:27 - [MESSAGE][PASSED] - Found web element by test object 

30-08-2024T20:19:27 - [MESSAGE][PASSED] - Found web element by test object 

30-08-2024T20:19:27 - [MESSAGE][PASSED] - Found web element by test object 

30-08-2024T20:19:28 - [MESSAGE][PASSED] - Found web element by test object 

30-08-2024T20:19:28 - [MESSAGE][PASSED] - Found web element by test object 

30-08-2024T20:19:28 - [MESSAGE][PASSED] - Found web element by test object 

30-08-2024T20:19:28 - [MESSAGE][PASSED] - Found web element by test object 

30-08-2024T20:19:29 - [MESSAGE][PASSED] - Found web element by test object 

30-08-2024T20:19:29 - [MESSAGE][PASSED] - Found web element by test object 

30-08-2024T20:19:29 - [MESSAGE][PASSED] - Found web element by test object 

30-08-2024T20:19:29 - [MESSAGE][PASSED] - Found web element by test object 

30-08-2024T20:19:30 - [MESSAGE][PASSED] - Found web element by test object 

30-08-2024T20:19:30 - [MESSAGE][PASSED] - Found web element by test object 

30-08-2024T20:19:30 - [MESSAGE][PASSED] - Found web element by test object 

30-08-2024T20:19:30 - [MESSAGE][PASSED] - Found web element by test object 

30-08-2024T20:19:31 - [MESSAGE][PASSED] - Found web element by test object 

30-08-2024T20:19:31 - [MESSAGE][PASSED] - Found web element by test object 

30-08-2024T20:19:31 - [MESSAGE][PASSED] - Found web element by test object 

30-08-2024T20:19:31 - [MESSAGE][PASSED] - Found web element by test object 

30-08-2024T20:19:32 - [MESSAGE][PASSED] - Found web element by test object 

30-08-2024T20:19:32 - [MESSAGE][PASSED] - Found web element by test object 

30-08-2024T20:19:32 - [MESSAGE][PASSED] - Found web element by test object 

30-08-2024T20:19:32 - [MESSAGE][PASSED] - Found web element by test object 

30-08-2024T20:19:33 - [MESSAGE][PASSED] - Found web element by test object 

30-08-2024T20:19:33 - [MESSAGE][PASSED] - Found web element by test object 

30-08-2024T20:19:33 - [MESSAGE][PASSED] - Found web element by test object 

30-08-2024T20:19:33 - [MESSAGE][PASSED] - Found web element by test object 

30-08-2024T20:19:34 - [MESSAGE][PASSED] - Found web element by test object 

30-08-2024T20:19:34 - [MESSAGE][PASSED] - Found web element by test object 

30-08-2024T20:19:34 - [MESSAGE][PASSED] - Found web element by test object 

30-08-2024T20:19:35 - [MESSAGE][PASSED] - Found web element by test object 

30-08-2024T20:19:35 - [MESSAGE][PASSED] - Found web element by test object 

30-08-2024T20:19:35 - [MESSAGE][PASSED] - Found web element by test object 

30-08-2024T20:19:35 - [MESSAGE][PASSED] - Found web element by test object 

30-08-2024T20:19:36 - [MESSAGE][PASSED] - Found web element by test object 

30-08-2024T20:19:36 - [MESSAGE][PASSED] - Found web element by test object 

30-08-2024T20:19:36 - [MESSAGE][PASSED] - Found web element by test object 

30-08-2024T20:19:36 - [MESSAGE][PASSED] - Found web element by test object 

30-08-2024T20:19:37 - [MESSAGE][PASSED] - Found web element by test object 

30-08-2024T20:19:37 - [MESSAGE][PASSED] - Found web element by test object 

30-08-2024T20:19:37 - [MESSAGE][PASSED] - Found web element by test object 

30-08-2024T20:19:37 - [MESSAGE][PASSED] - Found web element by test object 

30-08-2024T20:19:38 - [MESSAGE][PASSED] - Found web element by test object 

30-08-2024T20:19:38 - [MESSAGE][PASSED] - Found web element by test object 

30-08-2024T20:19:38 - [MESSAGE][PASSED] - Found web element by test object 

30-08-2024T20:19:38 - [MESSAGE][PASSED] - Found web element by test object 

30-08-2024T20:19:39 - [MESSAGE][PASSED] - Found web element by test object 

30-08-2024T20:19:39 - [MESSAGE][PASSED] - Scroll to object '' successfully

30-08-2024T20:19:41 - [MESSAGE][PASSED] - Delayed 2 second(s)

30-08-2024T20:20:07 - [MESSAGE][PASSED] - Object: 'Object Repository/EK_Objects/Page_Mozart - UserManagement/edit_user_roles' is clicked on

30-08-2024T20:20:14 - [MESSAGE][PASSED] - All options are de-selected on object 'Object Repository/EK_Objects/Page_Mozart - UserManagement/select_list_of_roles'

30-08-2024T20:20:15 - [MESSAGE][PASSED] - Object: 'Object Repository/EK_Objects/Page_Mozart - UserManagement/Roles_button_after_clear_all_options' is clicked on

30-08-2024T20:20:16 - [MESSAGE][PASSED] - All options with label 'Auditor' are selected in object 'Object Repository/EK_Objects/Page_Mozart - UserManagement/select_list_of_roles'  using regular expression

30-08-2024T20:20:17 - [MESSAGE][PASSED] - Delayed 1 second(s)

30-08-2024T20:20:17 - [MESSAGE][PASSED] - Object: 'Object Repository/EK_Objects/Page_Mozart - UserManagement/save_button' is clicked on

30-08-2024T20:20:18 - [MESSAGE][PASSED] - Delayed 1 second(s)

30-08-2024T20:20:22 - [MESSAGE][PASSED] - Object: 'Object Repository/EK_Objects/Page_Mozart - UserManagement/home_hyperlink' is clicked on

30-08-2024T20:20:23 - [MESSAGE][PASSED] - Delayed 1 second(s)

30-08-2024T20:20:24 - [MESSAGE][PASSED] - Object: 'Object Repository/EK_Objects/Page_Mozart - AirlinesHub/supermozart_Dropdown' is clicked on

30-08-2024T20:20:25 - [MESSAGE][PASSED] - Object: 'Object Repository/EK_Objects/Page_Mozart - AirlinesHub/sign_out_button' is clicked on

30-08-2024T20:20:26 - [MESSAGE][PASSED] - Delayed 1 second(s)

30-08-2024T20:20:27 - [MESSAGE][PASSED] - Text 'katalonTest1' is set on object 'Object Repository/MozartChrome/Page_/input_Username_Login'

30-08-2024T20:20:27 - [MESSAGE][PASSED] - Object: 'Object Repository/MozartChrome/Page_/button_Next' is clicked on

30-08-2024T20:20:28 - [MESSAGE][PASSED] - Text 'Accelya.1' is set on object 'Object Repository/MozartChrome/Page_/input_Password_Password'

30-08-2024T20:20:29 - [MESSAGE][PASSED] - Object: 'Object Repository/MozartChrome/Page_/button_Sign in' is clicked on

30-08-2024T20:20:30 - [MESSAGE][PASSED] - Delayed 1 second(s)

30-08-2024T20:20:30 - [MESSAGE][PASSED] - utilityClass.GenericMethods.selectRoles is PASSED

30-08-2024T20:20:30 - [TEST_STEP][PASSED] - click(findTestObject("EK_Objects/Page_Mozart - Dashboard/a_Refunds")): Object: 'Object Repository/EK_Objects/Page_Mozart - Dashboard/a_Refunds' is clicked on

30-08-2024T20:21:01 - [MESSAGE][INFO] - Unable to find the element located by 'By.xpath: //a[@id='navbarDropdown']'. Please recheck the objects properties to make sure the desired element is located. 

30-08-2024T20:21:01 - [MESSAGE][WARNING] - [SELF-HEALING] Failed to find element with id 'Object Repository/EK_Objects/Page_Mozart - Dashboard/a_Refunds'. Try using Self-healing.

30-08-2024T20:21:01 - [MESSAGE][WARNING] - [SELF-HEALING] The current locator of test object 'Object Repository/EK_Objects/Page_Mozart - Dashboard/a_Refunds' was broken. Propose an alternative one: '//div[@id='navbarSupportedContent']/ul/li/a'.

30-08-2024T20:21:01 - [MESSAGE][PASSED] - Object: 'Object Repository/EK_Objects/Page_Mozart - Dashboard/a_Refunds' is clicked on

30-08-2024T20:21:01 - [TEST_STEP][FAILED] - verifyElementPresent(findTestObject("EK_Objects/Page_Mozart - Dashboard/Click_On_Local_Settlements"), 2): Unable to verify object 'Object Repository/EK_Objects/Page_Mozart - Dashboard/Click_On_Local_Settlements' is present (Root cause: com.kms.katalon.core.exception.StepFailedException: Unable to verify object 'Object Repository/EK_Objects/Page_Mozart - Dashboard/Click_On_Local_Settlements' is present
	at com.kms.katalon.core.webui.keyword.internal.WebUIKeywordMain.stepFailed(WebUIKeywordMain.groovy:64)
	at com.kms.katalon.core.webui.keyword.internal.WebUIKeywordMain.runKeyword(WebUIKeywordMain.groovy:26)
	at com.kms.katalon.core.webui.keyword.builtin.VerifyElementPresentKeyword.verifyElementPresent(VerifyElementPresentKeyword.groovy:92)
	at com.kms.katalon.core.webui.keyword.builtin.VerifyElementPresentKeyword.execute(VerifyElementPresentKeyword.groovy:68)
	at com.kms.katalon.core.keyword.internal.KeywordExecutor.executeKeywordForPlatform(KeywordExecutor.groovy:74)
	at com.kms.katalon.core.webui.keyword.WebUiBuiltInKeywords.verifyElementPresent(WebUiBuiltInKeywords.groovy:1503)
	at TC 2_MOZ_11445 Verify User Role Supervisor Access Levels for the Local Settlements Module.run(TC 2_MOZ_11445 Verify User Role Supervisor Access Levels for the Local Settlements Module:24)
	at com.kms.katalon.core.main.ScriptEngine.run(ScriptEngine.java:194)
	at com.kms.katalon.core.main.ScriptEngine.runScriptAsRawText(ScriptEngine.java:119)
	at com.kms.katalon.core.main.TestCaseExecutor.runScript(TestCaseExecutor.java:448)
	at com.kms.katalon.core.main.TestCaseExecutor.doExecute(TestCaseExecutor.java:439)
	at com.kms.katalon.core.main.TestCaseExecutor.processExecutionPhase(TestCaseExecutor.java:418)
	at com.kms.katalon.core.main.TestCaseExecutor.accessMainPhase(TestCaseExecutor.java:410)
	at com.kms.katalon.core.main.TestCaseExecutor.execute(TestCaseExecutor.java:285)
	at com.kms.katalon.core.common.CommonExecutor.accessTestCaseMainPhase(CommonExecutor.java:65)
	at com.kms.katalon.core.main.TestSuiteExecutor.accessTestSuiteMainPhase(TestSuiteExecutor.java:150)
	at com.kms.katalon.core.main.TestSuiteExecutor.execute(TestSuiteExecutor.java:106)
	at com.kms.katalon.core.main.TestCaseMain.startTestSuite(TestCaseMain.java:180)
	at TempTestSuite1725028561053.run(TempTestSuite1725028561053.groovy:35)
	at java.base/jdk.internal.reflect.NativeMethodAccessorImpl.invoke0(Native Method)
	at java.base/jdk.internal.reflect.NativeMethodAccessorImpl.invoke(NativeMethodAccessorImpl.java:77)
	at java.base/jdk.internal.reflect.DelegatingMethodAccessorImpl.invoke(DelegatingMethodAccessorImpl.java:43)
Caused by: com.kms.katalon.core.exception.StepFailedException: com.kms.katalon.core.webui.exception.WebElementNotFoundException: Web element with id: 'Object Repository/EK_Objects/Page_Mozart - Dashboard/Click_On_Local_Settlements' located by '//a[@id='menu_LocalSettlements']' not found
	at com.kms.katalon.core.webui.keyword.internal.WebUIKeywordMain.stepFailed(WebUIKeywordMain.groovy:64)
	at com.kms.katalon.core.webui.keyword.builtin.VerifyElementPresentKeyword$_verifyElementPresent_closure1.doCall(VerifyElementPresentKeyword.groovy:85)
	at com.kms.katalon.core.webui.keyword.builtin.VerifyElementPresentKeyword$_verifyElementPresent_closure1.call(VerifyElementPresentKeyword.groovy)
	at com.kms.katalon.core.webui.keyword.internal.WebUIKeywordMain.runKeyword(WebUIKeywordMain.groovy:20)
	... 20 more
)

30-08-2024T20:21:04 - [MESSAGE][INFO] - Unable to find the element located by 'By.xpath: //a[@id='menu_LocalSettlements']'. Please recheck the objects properties to make sure the desired element is located. 

30-08-2024T20:21:04 - [MESSAGE][FAILED] - com.kms.katalon.core.webui.exception.WebElementNotFoundException: Web element with id: 'Object Repository/EK_Objects/Page_Mozart - Dashboard/Click_On_Local_Settlements' located by '//a[@id='menu_LocalSettlements']' not found (Root cause: com.kms.katalon.core.exception.StepFailedException: com.kms.katalon.core.webui.exception.WebElementNotFoundException: Web element with id: 'Object Repository/EK_Objects/Page_Mozart - Dashboard/Click_On_Local_Settlements' located by '//a[@id='menu_LocalSettlements']' not found
	at com.kms.katalon.core.webui.keyword.internal.WebUIKeywordMain.stepFailed(WebUIKeywordMain.groovy:64)
	at com.kms.katalon.core.webui.keyword.builtin.VerifyElementPresentKeyword$_verifyElementPresent_closure1.doCall(VerifyElementPresentKeyword.groovy:85)
	at com.kms.katalon.core.webui.keyword.builtin.VerifyElementPresentKeyword$_verifyElementPresent_closure1.call(VerifyElementPresentKeyword.groovy)
	at com.kms.katalon.core.webui.keyword.internal.WebUIKeywordMain.runKeyword(WebUIKeywordMain.groovy:20)
	at com.kms.katalon.core.webui.keyword.builtin.VerifyElementPresentKeyword.verifyElementPresent(VerifyElementPresentKeyword.groovy:92)
	at com.kms.katalon.core.webui.keyword.builtin.VerifyElementPresentKeyword.execute(VerifyElementPresentKeyword.groovy:68)
	at com.kms.katalon.core.keyword.internal.KeywordExecutor.executeKeywordForPlatform(KeywordExecutor.groovy:74)
	at com.kms.katalon.core.webui.keyword.WebUiBuiltInKeywords.verifyElementPresent(WebUiBuiltInKeywords.groovy:1503)
	at TC 2_MOZ_11445 Verify User Role Supervisor Access Levels for the Local Settlements Module.run(TC 2_MOZ_11445 Verify User Role Supervisor Access Levels for the Local Settlements Module:24)
	at com.kms.katalon.core.main.ScriptEngine.run(ScriptEngine.java:194)
	at com.kms.katalon.core.main.ScriptEngine.runScriptAsRawText(ScriptEngine.java:119)
	at com.kms.katalon.core.main.TestCaseExecutor.runScript(TestCaseExecutor.java:448)
	at com.kms.katalon.core.main.TestCaseExecutor.doExecute(TestCaseExecutor.java:439)
	at com.kms.katalon.core.main.TestCaseExecutor.processExecutionPhase(TestCaseExecutor.java:418)
	at com.kms.katalon.core.main.TestCaseExecutor.accessMainPhase(TestCaseExecutor.java:410)
	at com.kms.katalon.core.main.TestCaseExecutor.execute(TestCaseExecutor.java:285)
	at com.kms.katalon.core.common.CommonExecutor.accessTestCaseMainPhase(CommonExecutor.java:65)
	at com.kms.katalon.core.main.TestSuiteExecutor.accessTestSuiteMainPhase(TestSuiteExecutor.java:150)
	at com.kms.katalon.core.main.TestSuiteExecutor.execute(TestSuiteExecutor.java:106)
	at com.kms.katalon.core.main.TestCaseMain.startTestSuite(TestCaseMain.java:180)
	at TempTestSuite1725028561053.run(TempTestSuite1725028561053.groovy:35)
	at java.base/jdk.internal.reflect.NativeMethodAccessorImpl.invoke0(Native Method)
	at java.base/jdk.internal.reflect.NativeMethodAccessorImpl.invoke(NativeMethodAccessorImpl.java:77)
	at java.base/jdk.internal.reflect.DelegatingMethodAccessorImpl.invoke(DelegatingMethodAccessorImpl.java:43)
)
[[ATTACHMENT|C:\\Users\\ranjit.vadar\\Katalon Studio\\Mozart Emirates\\Reports\\20240830_200559\\Suite MOZ-10510\\20240830_200601\\1725029464675.png]]

30-08-2024T20:21:05 - [MESSAGE][FAILED] - Unable to verify object 'Object Repository/EK_Objects/Page_Mozart - Dashboard/Click_On_Local_Settlements' is present (Root cause: com.kms.katalon.core.exception.StepFailedException: Unable to verify object 'Object Repository/EK_Objects/Page_Mozart - Dashboard/Click_On_Local_Settlements' is present
	at com.kms.katalon.core.webui.keyword.internal.WebUIKeywordMain.stepFailed(WebUIKeywordMain.groovy:64)
	at com.kms.katalon.core.webui.keyword.internal.WebUIKeywordMain.runKeyword(WebUIKeywordMain.groovy:26)
	at com.kms.katalon.core.webui.keyword.builtin.VerifyElementPresentKeyword.verifyElementPresent(VerifyElementPresentKeyword.groovy:92)
	at com.kms.katalon.core.webui.keyword.builtin.VerifyElementPresentKeyword.execute(VerifyElementPresentKeyword.groovy:68)
	at com.kms.katalon.core.keyword.internal.KeywordExecutor.executeKeywordForPlatform(KeywordExecutor.groovy:74)
	at com.kms.katalon.core.webui.keyword.WebUiBuiltInKeywords.verifyElementPresent(WebUiBuiltInKeywords.groovy:1503)
	at TC 2_MOZ_11445 Verify User Role Supervisor Access Levels for the Local Settlements Module.run(TC 2_MOZ_11445 Verify User Role Supervisor Access Levels for the Local Settlements Module:24)
	at com.kms.katalon.core.main.ScriptEngine.run(ScriptEngine.java:194)
	at com.kms.katalon.core.main.ScriptEngine.runScriptAsRawText(ScriptEngine.java:119)
	at com.kms.katalon.core.main.TestCaseExecutor.runScript(TestCaseExecutor.java:448)
	at com.kms.katalon.core.main.TestCaseExecutor.doExecute(TestCaseExecutor.java:439)
	at com.kms.katalon.core.main.TestCaseExecutor.processExecutionPhase(TestCaseExecutor.java:418)
	at com.kms.katalon.core.main.TestCaseExecutor.accessMainPhase(TestCaseExecutor.java:410)
	at com.kms.katalon.core.main.TestCaseExecutor.execute(TestCaseExecutor.java:285)
	at com.kms.katalon.core.common.CommonExecutor.accessTestCaseMainPhase(CommonExecutor.java:65)
	at com.kms.katalon.core.main.TestSuiteExecutor.accessTestSuiteMainPhase(TestSuiteExecutor.java:150)
	at com.kms.katalon.core.main.TestSuiteExecutor.execute(TestSuiteExecutor.java:106)
	at com.kms.katalon.core.main.TestCaseMain.startTestSuite(TestCaseMain.java:180)
	at TempTestSuite1725028561053.run(TempTestSuite1725028561053.groovy:35)
	at java.base/jdk.internal.reflect.NativeMethodAccessorImpl.invoke0(Native Method)
	at java.base/jdk.internal.reflect.NativeMethodAccessorImpl.invoke(NativeMethodAccessorImpl.java:77)
	at java.base/jdk.internal.reflect.DelegatingMethodAccessorImpl.invoke(DelegatingMethodAccessorImpl.java:43)
Caused by: com.kms.katalon.core.exception.StepFailedException: com.kms.katalon.core.webui.exception.WebElementNotFoundException: Web element with id: 'Object Repository/EK_Objects/Page_Mozart - Dashboard/Click_On_Local_Settlements' located by '//a[@id='menu_LocalSettlements']' not found
	at com.kms.katalon.core.webui.keyword.internal.WebUIKeywordMain.stepFailed(WebUIKeywordMain.groovy:64)
	at com.kms.katalon.core.webui.keyword.builtin.VerifyElementPresentKeyword$_verifyElementPresent_closure1.doCall(VerifyElementPresentKeyword.groovy:85)
	at com.kms.katalon.core.webui.keyword.builtin.VerifyElementPresentKeyword$_verifyElementPresent_closure1.call(VerifyElementPresentKeyword.groovy)
	at com.kms.katalon.core.webui.keyword.internal.WebUIKeywordMain.runKeyword(WebUIKeywordMain.groovy:20)
	... 20 more
)
[[ATTACHMENT|C:\\Users\\ranjit.vadar\\Katalon Studio\\Mozart Emirates\\Reports\\20240830_200559\\Suite MOZ-10510\\20240830_200601\\1725029464982.png]]]]></system-out>
         <system-err><![CDATA[30-08-2024T20:18:36 - [TEST_CASE][FAILED] - Test Cases/MOZ-10510/TC 2_MOZ_11445 Verify User Role Supervisor Access Levels for the Local Settlements Module: Test Cases/MOZ-10510/TC 2_MOZ_11445 Verify User Role Supervisor Access Levels for the Local Settlements Module FAILED.
Reason:
com.kms.katalon.core.exception.StepFailedException: Unable to verify object 'Object Repository/EK_Objects/Page_Mozart - Dashboard/Click_On_Local_Settlements' is present
	at com.kms.katalon.core.webui.keyword.internal.WebUIKeywordMain.stepFailed(WebUIKeywordMain.groovy:64)
	at com.kms.katalon.core.webui.keyword.internal.WebUIKeywordMain.runKeyword(WebUIKeywordMain.groovy:26)
	at com.kms.katalon.core.webui.keyword.builtin.VerifyElementPresentKeyword.verifyElementPresent(VerifyElementPresentKeyword.groovy:92)
	at com.kms.katalon.core.webui.keyword.builtin.VerifyElementPresentKeyword.execute(VerifyElementPresentKeyword.groovy:68)
	at com.kms.katalon.core.keyword.internal.KeywordExecutor.executeKeywordForPlatform(KeywordExecutor.groovy:74)
	at com.kms.katalon.core.webui.keyword.WebUiBuiltInKeywords.verifyElementPresent(WebUiBuiltInKeywords.groovy:1503)
	at TC 2_MOZ_11445 Verify User Role Supervisor Access Levels for the Local Settlements Module.run(TC 2_MOZ_11445 Verify User Role Supervisor Access Levels for the Local Settlements Module:24)
	at com.kms.katalon.core.main.ScriptEngine.run(ScriptEngine.java:194)
	at com.kms.katalon.core.main.ScriptEngine.runScriptAsRawText(ScriptEngine.java:119)
	at com.kms.katalon.core.main.TestCaseExecutor.runScript(TestCaseExecutor.java:448)
	at com.kms.katalon.core.main.TestCaseExecutor.doExecute(TestCaseExecutor.java:439)
	at com.kms.katalon.core.main.TestCaseExecutor.processExecutionPhase(TestCaseExecutor.java:418)
	at com.kms.katalon.core.main.TestCaseExecutor.accessMainPhase(TestCaseExecutor.java:410)
	at com.kms.katalon.core.main.TestCaseExecutor.execute(TestCaseExecutor.java:285)
	at com.kms.katalon.core.common.CommonExecutor.accessTestCaseMainPhase(CommonExecutor.java:65)
	at com.kms.katalon.core.main.TestSuiteExecutor.accessTestSuiteMainPhase(TestSuiteExecutor.java:150)
	at com.kms.katalon.core.main.TestSuiteExecutor.execute(TestSuiteExecutor.java:106)
	at com.kms.katalon.core.main.TestCaseMain.startTestSuite(TestCaseMain.java:180)
	at TempTestSuite1725028561053.run(TempTestSuite1725028561053.groovy:35)
	at java.base/jdk.internal.reflect.NativeMethodAccessorImpl.invoke0(Native Method)
	at java.base/jdk.internal.reflect.NativeMethodAccessorImpl.invoke(NativeMethodAccessorImpl.java:77)
	at java.base/jdk.internal.reflect.DelegatingMethodAccessorImpl.invoke(DelegatingMethodAccessorImpl.java:43)
Caused by: com.kms.katalon.core.exception.StepFailedException: com.kms.katalon.core.webui.exception.WebElementNotFoundException: Web element with id: 'Object Repository/EK_Objects/Page_Mozart - Dashboard/Click_On_Local_Settlements' located by '//a[@id='menu_LocalSettlements']' not found
	at com.kms.katalon.core.webui.keyword.internal.WebUIKeywordMain.stepFailed(WebUIKeywordMain.groovy:64)
	at com.kms.katalon.core.webui.keyword.builtin.VerifyElementPresentKeyword$_verifyElementPresent_closure1.doCall(VerifyElementPresentKeyword.groovy:85)
	at com.kms.katalon.core.webui.keyword.builtin.VerifyElementPresentKeyword$_verifyElementPresent_closure1.call(VerifyElementPresentKeyword.groovy)
	at com.kms.katalon.core.webui.keyword.internal.WebUIKeywordMain.runKeyword(WebUIKeywordMain.groovy:20)
	... 20 more]]></system-err>
      </testcase>
      <testcase name="Test Cases/MOZ-10510/TC 1_MOZ_11444 Verify Creation of the Local Settlements Module in Mozart" time="40.224" classname="Test Cases/MOZ-10510/TC 1_MOZ_11444 Verify Creation of the Local Settlements Module in Mozart" status="PASSED">
         <system-out><![CDATA[30-08-2024T20:21:05 - [TEST_CASE][PASSED] - Test Cases/MOZ-10510/TC 1_MOZ_11444 Verify Creation of the Local Settlements Module in Mozart: Test Cases/MOZ-10510/TC 1_MOZ_11444 Verify Creation of the Local Settlements Module in Mozart

30-08-2024T20:21:05 - [TEST_STEP][PASSED] - demoPackage.MozartLogin.LoginWithChromeForEK(): demoPackage.MozartLogin.LoginWithChromeForEK is PASSED

30-08-2024T20:21:05 - [MESSAGE][WARNING] - A browser is already opened. Closing browser and opening a new one

30-08-2024T20:21:06 - [MESSAGE][INFO] - Starting 'Chrome' driver

30-08-2024T20:21:06 - [MESSAGE][INFO] - Action delay is set to 0 milliseconds

30-08-2024T20:21:07 - [MESSAGE][PASSED] - Browser is opened with url: ''

30-08-2024T20:21:08 - [MESSAGE][PASSED] - Navigate to 'https://accelyacomtest.accelya.local/MozartTest/AirlinesHub/Index' successfully

30-08-2024T20:21:08 - [MESSAGE][PASSED] - Current window maximized

30-08-2024T20:21:08 - [MESSAGE][PASSED] - Object: 'Object Repository/MozartChrome/ChromeAdvance/ClickOnAdvanceButton' is clicked on

30-08-2024T20:21:22 - [MESSAGE][PASSED] - Object: 'Object Repository/MozartChrome/ChromeAdvance/ProccedLink' is clicked on

30-08-2024T20:21:23 - [MESSAGE][PASSED] - Text 'supermozart' is set on object 'Object Repository/MozartChrome/Page_/input_Username_Login'

30-08-2024T20:21:23 - [MESSAGE][PASSED] - Object: 'Object Repository/MozartChrome/Page_/button_Next' is clicked on

30-08-2024T20:21:24 - [MESSAGE][PASSED] - Text 'Accelya.1' is set on object 'Object Repository/MozartChrome/Page_/input_Password_Password'

30-08-2024T20:21:25 - [MESSAGE][PASSED] - Object: 'Object Repository/MozartChrome/Page_/button_Sign in' is clicked on

30-08-2024T20:21:40 - [MESSAGE][PASSED] - Object: 'Object Repository/MozartChrome/Page_Mozart - AirlinesHub/button_Please select' is clicked on

30-08-2024T20:21:41 - [MESSAGE][PASSED] - Object: 'Object Repository/EK_Objects/Page_Mozart - AirlinesHub/a_176 Emirates' is clicked on

30-08-2024T20:21:44 - [MESSAGE][PASSED] - Object: 'Object Repository/MozartChrome/Page_Mozart - AirlinesHub/a_Select' is clicked on

30-08-2024T20:21:44 - [MESSAGE][PASSED] - demoPackage.MozartLogin.LoginWithChromeForEK is PASSED

30-08-2024T20:21:44 - [TEST_STEP][PASSED] - click(findTestObject("EK_Objects/Page_Mozart - Dashboard/a_Refunds")): Object: 'Object Repository/EK_Objects/Page_Mozart - Dashboard/a_Refunds' is clicked on

30-08-2024T20:21:44 - [MESSAGE][PASSED] - Object: 'Object Repository/EK_Objects/Page_Mozart - Dashboard/a_Refunds' is clicked on

30-08-2024T20:21:44 - [TEST_STEP][PASSED] - verifyElementPresent(findTestObject("EK_Objects/Page_Mozart - Dashboard/Click_On_Local_Settlements"), 2): Object 'Object Repository/EK_Objects/Page_Mozart - Dashboard/Click_On_Local_Settlements' is present

30-08-2024T20:21:45 - [MESSAGE][PASSED] - Object 'Object Repository/EK_Objects/Page_Mozart - Dashboard/Click_On_Local_Settlements' is present

30-08-2024T20:21:45 - [TEST_STEP][PASSED] - closeBrowser(): Browser is closed

30-08-2024T20:21:45 - [MESSAGE][PASSED] - Browser is closed]]></system-out>
         <system-err><![CDATA[]]></system-err>
      </testcase>
      <system-out><![CDATA[30-08-2024T20:06:15 - [TEST_SUITE][FAILED] - Suite MOZ-10510: Test Cases/MOZ-10510/TC 5_MOZ_11446 Verify Landing Page Layout and Filtering Area for the Local Settlements Module FAILED.
Reason:
com.kms.katalon.core.exception.StepFailedException: Unable to verify object 'Object Repository/EK_Objects/Page_Mozart - LocalSettlements/show_exceptions' is not present
	at com.kms.katalon.core.webui.keyword.internal.WebUIKeywordMain.stepFailed(WebUIKeywordMain.groovy:64)
	at com.kms.katalon.core.webui.keyword.internal.WebUIKeywordMain.runKeyword(WebUIKeywordMain.groovy:26)
	at com.kms.katalon.core.webui.keyword.internal.WebUIKeywordMain$runKeyword.call(Unknown Source)
	at com.kms.katalon.core.webui.keyword.builtin.VerifyElementNotPresentKeyword.verifyElementNotPresent(VerifyElementNotPresentKeyword.groovy:131)
	at com.kms.katalon.core.webui.keyword.builtin.VerifyElementNotPresentKeyword.execute(VerifyElementNotPresentKeyword.groovy:69)
	at com.kms.katalon.core.keyword.internal.KeywordExecutor.executeKeywordForPlatform(KeywordExecutor.groovy:74)
	at com.kms.katalon.core.webui.keyword.WebUiBuiltInKeywords.verifyElementNotPresent(WebUiBuiltInKeywords.groovy:1536)
	at TC 5_MOZ_11446 Verify Landing Page Layout and Filtering Area for the Local Settlements Module.run(TC 5_MOZ_11446 Verify Landing Page Layout and Filtering Area for the Local Settlements Module:36)
	at com.kms.katalon.core.main.ScriptEngine.run(ScriptEngine.java:194)
	at com.kms.katalon.core.main.ScriptEngine.runScriptAsRawText(ScriptEngine.java:119)
	at com.kms.katalon.core.main.TestCaseExecutor.runScript(TestCaseExecutor.java:448)
	at com.kms.katalon.core.main.TestCaseExecutor.doExecute(TestCaseExecutor.java:439)
	at com.kms.katalon.core.main.TestCaseExecutor.processExecutionPhase(TestCaseExecutor.java:418)
	at com.kms.katalon.core.main.TestCaseExecutor.accessMainPhase(TestCaseExecutor.java:410)
	at com.kms.katalon.core.main.TestCaseExecutor.execute(TestCaseExecutor.java:285)
	at com.kms.katalon.core.common.CommonExecutor.accessTestCaseMainPhase(CommonExecutor.java:65)
	at com.kms.katalon.core.main.TestSuiteExecutor.accessTestSuiteMainPhase(TestSuiteExecutor.java:150)
	at com.kms.katalon.core.main.TestSuiteExecutor.execute(TestSuiteExecutor.java:106)
	at com.kms.katalon.core.main.TestCaseMain.startTestSuite(TestCaseMain.java:180)
	at TempTestSuite1725028561053.run(TempTestSuite1725028561053.groovy:35)
	at java.base/jdk.internal.reflect.NativeMethodAccessorImpl.invoke0(Native Method)
	at java.base/jdk.internal.reflect.NativeMethodAccessorImpl.invoke(NativeMethodAccessorImpl.java:77)
	at java.base/jdk.internal.reflect.DelegatingMethodAccessorImpl.invoke(DelegatingMethodAccessorImpl.java:43)
Caused by: com.kms.katalon.core.exception.StepFailedException: Web element with id: 'Object Repository/EK_Objects/Page_Mozart - LocalSettlements/show_exceptions' located by 'By.xpath: //div[@class='pl-1']' is present after '10' second(s)
	at com.kms.katalon.core.webui.keyword.internal.WebUIKeywordMain.stepFailed(WebUIKeywordMain.groovy:64)
	at com.kms.katalon.core.webui.keyword.internal.WebUIKeywordMain$stepFailed$0.call(Unknown Source)
	at com.kms.katalon.core.webui.keyword.builtin.VerifyElementNotPresentKeyword$_verifyElementNotPresent_closure1.doCall(VerifyElementNotPresentKeyword.groovy:122)
	at com.kms.katalon.core.webui.keyword.builtin.VerifyElementNotPresentKeyword$_verifyElementNotPresent_closure1.doCall(VerifyElementNotPresentKeyword.groovy)
	at java.base/jdk.internal.reflect.NativeMethodAccessorImpl.invoke0(Native Method)
	at java.base/jdk.internal.reflect.NativeMethodAccessorImpl.invoke(NativeMethodAccessorImpl.java:77)
	at java.base/jdk.internal.reflect.DelegatingMethodAccessorImpl.invoke(DelegatingMethodAccessorImpl.java:43)
	at com.kms.katalon.core.webui.keyword.internal.WebUIKeywordMain.runKeyword(WebUIKeywordMain.groovy:20)
	... 21 more]]></system-out>
      <system-err><![CDATA[30-08-2024T20:06:15 - [TEST_SUITE][FAILED] - Suite MOZ-10510: Test Cases/MOZ-10510/TC 5_MOZ_11446 Verify Landing Page Layout and Filtering Area for the Local Settlements Module FAILED.
Reason:
com.kms.katalon.core.exception.StepFailedException: Unable to verify object 'Object Repository/EK_Objects/Page_Mozart - LocalSettlements/show_exceptions' is not present
	at com.kms.katalon.core.webui.keyword.internal.WebUIKeywordMain.stepFailed(WebUIKeywordMain.groovy:64)
	at com.kms.katalon.core.webui.keyword.internal.WebUIKeywordMain.runKeyword(WebUIKeywordMain.groovy:26)
	at com.kms.katalon.core.webui.keyword.internal.WebUIKeywordMain$runKeyword.call(Unknown Source)
	at com.kms.katalon.core.webui.keyword.builtin.VerifyElementNotPresentKeyword.verifyElementNotPresent(VerifyElementNotPresentKeyword.groovy:131)
	at com.kms.katalon.core.webui.keyword.builtin.VerifyElementNotPresentKeyword.execute(VerifyElementNotPresentKeyword.groovy:69)
	at com.kms.katalon.core.keyword.internal.KeywordExecutor.executeKeywordForPlatform(KeywordExecutor.groovy:74)
	at com.kms.katalon.core.webui.keyword.WebUiBuiltInKeywords.verifyElementNotPresent(WebUiBuiltInKeywords.groovy:1536)
	at TC 5_MOZ_11446 Verify Landing Page Layout and Filtering Area for the Local Settlements Module.run(TC 5_MOZ_11446 Verify Landing Page Layout and Filtering Area for the Local Settlements Module:36)
	at com.kms.katalon.core.main.ScriptEngine.run(ScriptEngine.java:194)
	at com.kms.katalon.core.main.ScriptEngine.runScriptAsRawText(ScriptEngine.java:119)
	at com.kms.katalon.core.main.TestCaseExecutor.runScript(TestCaseExecutor.java:448)
	at com.kms.katalon.core.main.TestCaseExecutor.doExecute(TestCaseExecutor.java:439)
	at com.kms.katalon.core.main.TestCaseExecutor.processExecutionPhase(TestCaseExecutor.java:418)
	at com.kms.katalon.core.main.TestCaseExecutor.accessMainPhase(TestCaseExecutor.java:410)
	at com.kms.katalon.core.main.TestCaseExecutor.execute(TestCaseExecutor.java:285)
	at com.kms.katalon.core.common.CommonExecutor.accessTestCaseMainPhase(CommonExecutor.java:65)
	at com.kms.katalon.core.main.TestSuiteExecutor.accessTestSuiteMainPhase(TestSuiteExecutor.java:150)
	at com.kms.katalon.core.main.TestSuiteExecutor.execute(TestSuiteExecutor.java:106)
	at com.kms.katalon.core.main.TestCaseMain.startTestSuite(TestCaseMain.java:180)
	at TempTestSuite1725028561053.run(TempTestSuite1725028561053.groovy:35)
	at java.base/jdk.internal.reflect.NativeMethodAccessorImpl.invoke0(Native Method)
	at java.base/jdk.internal.reflect.NativeMethodAccessorImpl.invoke(NativeMethodAccessorImpl.java:77)
	at java.base/jdk.internal.reflect.DelegatingMethodAccessorImpl.invoke(DelegatingMethodAccessorImpl.java:43)
Caused by: com.kms.katalon.core.exception.StepFailedException: Web element with id: 'Object Repository/EK_Objects/Page_Mozart - LocalSettlements/show_exceptions' located by 'By.xpath: //div[@class='pl-1']' is present after '10' second(s)
	at com.kms.katalon.core.webui.keyword.internal.WebUIKeywordMain.stepFailed(WebUIKeywordMain.groovy:64)
	at com.kms.katalon.core.webui.keyword.internal.WebUIKeywordMain$stepFailed$0.call(Unknown Source)
	at com.kms.katalon.core.webui.keyword.builtin.VerifyElementNotPresentKeyword$_verifyElementNotPresent_closure1.doCall(VerifyElementNotPresentKeyword.groovy:122)
	at com.kms.katalon.core.webui.keyword.builtin.VerifyElementNotPresentKeyword$_verifyElementNotPresent_closure1.doCall(VerifyElementNotPresentKeyword.groovy)
	at java.base/jdk.internal.reflect.NativeMethodAccessorImpl.invoke0(Native Method)
	at java.base/jdk.internal.reflect.NativeMethodAccessorImpl.invoke(NativeMethodAccessorImpl.java:77)
	at java.base/jdk.internal.reflect.DelegatingMethodAccessorImpl.invoke(DelegatingMethodAccessorImpl.java:43)
	at com.kms.katalon.core.webui.keyword.internal.WebUIKeywordMain.runKeyword(WebUIKeywordMain.groovy:20)
	... 21 more]]></system-err>
   </testsuite>
</testsuites>
