<?xml version="1.0" encoding="UTF-8"?>
<testsuites name="Suite MOZ-10510" time="743.276" tests="10" failures="1" errors="0">
   <testsuite name="Suite MOZ-10510" tests="10" failures="1" errors="0" time="743.276" skipped="0" timestamp="28-08-2024T19:20:37" hostname="ranajit.vadar - CCE0231.accelya.local" id="Test Suites/Suite MOZ-10510">
      <properties>
         <property name="deviceName" value=""/>
         <property name="devicePlatform"/>
         <property name="logFolder" value="C:\\Users\\ranjit.vadar\\Katalon Studio\\Mozart Emirates\\Reports\\20240828_192027\\Suite MOZ-10510\\20240828_192027"/>
         <property name="logFiles" value="C:\\Users\\ranjit.vadar\\Katalon Studio\\Mozart Emirates\\Reports\\20240828_192027\\Suite MOZ-10510\\20240828_192027\\execution0.log"/>
         <property name="attachments" value="C:\\Users\\ranjit.vadar\\Katalon Studio\\Mozart Emirates\\Reports\\20240828_192027\\Suite MOZ-10510\\20240828_192027\\1724853522179.png, C:\\Users\\ranjit.vadar\\Katalon Studio\\Mozart Emirates\\Reports\\20240828_192027\\Suite MOZ-10510\\20240828_192027\\1724853522359.png"/>
         <property name="hostName" value="ranajit.vadar - CCE0231.accelya.local"/>
         <property name="os" value="Windows 10 64bit"/>
         <property name="katalonVersion" value="9.5.0.217"/>
         <property name="browser" value="Chrome 128.0.0.0"/>
         <property name="hostAddress" value="10.50.0.233"/>
         <property name="sessionId" value="af951de40d8825f512562c8b93263071"/>
         <property name="seleniumVersion" value="3.141.59"/>
         <property name="proxyInformation" value="ProxyInformation { proxyOption=NO_PROXY, proxyServerType=HTTP, username=, password=********, proxyServerAddress=, proxyServerPort=0, executionList=&quot;&quot;, isApplyToDesiredCapabilities=true }"/>
         <property name="platform" value="Windows 10"/>
      </properties>
      <testcase name="Test Cases/MOZ-10510/TC10_MOZ_11451 Display of Refundable Amount and FOP in the Grid" time="91.265" classname="Test Cases/MOZ-10510/TC10_MOZ_11451 Display of Refundable Amount and FOP in the Grid" status="PASSED">
         <system-out><![CDATA[28-08-2024T19:20:37 - [TEST_CASE][PASSED] - Test Cases/MOZ-10510/TC10_MOZ_11451 Display of Refundable Amount and FOP in the Grid: Test Cases/MOZ-10510/TC10_MOZ_11451 Display of Refundable Amount and FOP in the Grid

28-08-2024T19:20:38 - [TEST_STEP][PASSED] - requestIdValue = "O062400001": null

28-08-2024T19:20:38 - [TEST_STEP][PASSED] - sqlQuery = "select * from bdmozart.md_rfnd_local_settlement where idrequest = 'O062400001'": null

28-08-2024T19:20:38 - [TEST_STEP][PASSED] - fop_types_dbValue = database.DatabaseUtils.executeQuery(sqlQuery, "fop_types", 1): database.DatabaseUtils.executeQuery is PASSED

28-08-2024T19:20:45 - [MESSAGE][PASSED] - database.DatabaseUtils.executeQuery is PASSED

28-08-2024T19:20:45 - [TEST_STEP][PASSED] - paid_amount_dbValue = database.DatabaseUtils.executeQuery(sqlQuery, "balanceamounttotal", 1): database.DatabaseUtils.executeQuery is PASSED

28-08-2024T19:20:49 - [MESSAGE][PASSED] - database.DatabaseUtils.executeQuery is PASSED

28-08-2024T19:20:49 - [TEST_STEP][PASSED] - value = paid_amount_dbValue: null

28-08-2024T19:20:49 - [TEST_STEP][PASSED] - doubleValue = Double.parseDouble(value): null

28-08-2024T19:20:49 - [TEST_STEP][PASSED] - paid_amount_dbValue_int = doubleValue: null

28-08-2024T19:20:49 - [TEST_STEP][PASSED] - paid_amount_dbValue = paid_amount_dbValue_int.toString(): null

28-08-2024T19:20:49 - [TEST_STEP][PASSED] - out.println(paid_amount_dbValue): null

28-08-2024T19:20:49 - [TEST_STEP][PASSED] - demoPackage.MozartLogin.mozartLoginWithUser(): demoPackage.MozartLogin.mozartLoginWithUser is PASSED

28-08-2024T19:20:50 - [MESSAGE][INFO] - Starting 'Chrome' driver

28-08-2024T19:20:50 - [MESSAGE][INFO] - Action delay is set to 0 milliseconds

28-08-2024T19:20:54 - [MESSAGE][PASSED] - Browser is opened with url: ''

28-08-2024T19:20:56 - [MESSAGE][PASSED] - Navigate to 'https://accelyacomtest.accelya.local/MozartTest/AirlinesHub/Index' successfully

28-08-2024T19:20:56 - [MESSAGE][PASSED] - Current window maximized

28-08-2024T19:20:57 - [MESSAGE][PASSED] - Object: 'Object Repository/MozartChrome/ChromeAdvance/ClickOnAdvanceButton' is clicked on

28-08-2024T19:21:17 - [MESSAGE][PASSED] - Object: 'Object Repository/MozartChrome/ChromeAdvance/ProccedLink' is clicked on

28-08-2024T19:21:18 - [MESSAGE][PASSED] - Text 'ranajitvadar' is set on object 'Object Repository/MozartChrome/Page_/input_Username_Login'

28-08-2024T19:21:18 - [MESSAGE][PASSED] - Object: 'Object Repository/MozartChrome/Page_/button_Next' is clicked on

28-08-2024T19:21:20 - [MESSAGE][PASSED] - Text 'Accelya.1' is set on object 'Object Repository/MozartChrome/Page_/input_Password_Password'

28-08-2024T19:21:20 - [MESSAGE][PASSED] - Object: 'Object Repository/MozartChrome/Page_/button_Sign in' is clicked on

28-08-2024T19:21:20 - [MESSAGE][PASSED] - demoPackage.MozartLogin.mozartLoginWithUser is PASSED

28-08-2024T19:21:20 - [TEST_STEP][PASSED] - click(findTestObject("EK_Objects/Page_Mozart - Dashboard/a_Refunds")): Object: 'Object Repository/EK_Objects/Page_Mozart - Dashboard/a_Refunds' is clicked on

28-08-2024T19:21:39 - [MESSAGE][PASSED] - Object: 'Object Repository/EK_Objects/Page_Mozart - Dashboard/a_Refunds' is clicked on

28-08-2024T19:21:39 - [TEST_STEP][PASSED] - click(findTestObject("EK_Objects/Page_Mozart - Dashboard/Click_On_Local_Settlements")): Object: 'Object Repository/EK_Objects/Page_Mozart - Dashboard/Click_On_Local_Settlements' is clicked on

28-08-2024T19:21:42 - [MESSAGE][PASSED] - Object: 'Object Repository/EK_Objects/Page_Mozart - Dashboard/Click_On_Local_Settlements' is clicked on

28-08-2024T19:21:42 - [TEST_STEP][PASSED] - dynamicTestObject = new com.kms.katalon.core.testobject.TestObject(): null

28-08-2024T19:21:42 - [TEST_STEP][PASSED] - refresh(): Refresh successfully

28-08-2024T19:21:47 - [MESSAGE][PASSED] - Refresh successfully

28-08-2024T19:21:47 - [TEST_STEP][PASSED] - listOfRequestIds = findWebElements(findTestObject("Object Repository/EK_Objects/Page_Mozart - LocalSettlements/getListOfRequestIdFromGrid"), 10): Found web elements by test object Object Repository/EK_Objects/Page_Mozart - LocalSettlements/getListOfRequestIdFromGrid

28-08-2024T19:21:50 - [MESSAGE][PASSED] - Found web elements by test object Object Repository/EK_Objects/Page_Mozart - LocalSettlements/getListOfRequestIdFromGrid

28-08-2024T19:21:50 - [TEST_STEP][PASSED] - refundAmount_web = <not implemented yet for class: org.codehaus.groovy.ast.expr.EmptyExpression>: null

28-08-2024T19:21:50 - [TEST_STEP][PASSED] - refundFopPaidLocally_web = <not implemented yet for class: org.codehaus.groovy.ast.expr.EmptyExpression>: null

28-08-2024T19:21:50 - [TEST_STEP][PASSED] - for ([row = 1, row <= listOfRequestIds.size(), (row++)]): null

28-08-2024T19:21:50 - [TEST_STEP][PASSED] - dynamicXpath = "//table[@class='table display compact nowrap cell-border hover dataTable no-footer']/tbody/tr[" + row + "]/td[2]": null

28-08-2024T19:21:50 - [TEST_STEP][PASSED] - dynamicTestObject.addProperty("xpath", EQUALS, dynamicXpath): null

28-08-2024T19:21:50 - [TEST_STEP][PASSED] - requestIdWeb = findWebElement(dynamicTestObject, 10): Found web element by test object 

28-08-2024T19:21:50 - [MESSAGE][PASSED] - Found web element by test object 

28-08-2024T19:21:50 - [TEST_STEP][PASSED] - if (getText().equals(requestIdValue)): null

28-08-2024T19:21:50 - [TEST_STEP][PASSED] - dynamicXpath = "//table[@class='table display compact nowrap cell-border hover dataTable no-footer']/tbody/tr[" + row + "]/td[2]": null

28-08-2024T19:21:50 - [TEST_STEP][PASSED] - dynamicTestObject.addProperty("xpath", EQUALS, dynamicXpath): null

28-08-2024T19:21:50 - [TEST_STEP][PASSED] - requestIdWeb = findWebElement(dynamicTestObject, 10): Found web element by test object 

28-08-2024T19:21:50 - [MESSAGE][PASSED] - Found web element by test object 

28-08-2024T19:21:50 - [TEST_STEP][PASSED] - if (getText().equals(requestIdValue)): null

28-08-2024T19:21:50 - [TEST_STEP][PASSED] - dynamicXpath = "//table[@class='table display compact nowrap cell-border hover dataTable no-footer']/tbody/tr[" + row + "]/td[2]": null

28-08-2024T19:21:50 - [TEST_STEP][PASSED] - dynamicTestObject.addProperty("xpath", EQUALS, dynamicXpath): null

28-08-2024T19:21:50 - [TEST_STEP][PASSED] - requestIdWeb = findWebElement(dynamicTestObject, 10): Found web element by test object 

28-08-2024T19:21:51 - [MESSAGE][PASSED] - Found web element by test object 

28-08-2024T19:21:51 - [TEST_STEP][PASSED] - if (getText().equals(requestIdValue)): null

28-08-2024T19:21:51 - [TEST_STEP][PASSED] - dynamicXpath = "//table[@class='table display compact nowrap cell-border hover dataTable no-footer']/tbody/tr[" + row + "]/td[2]": null

28-08-2024T19:21:51 - [TEST_STEP][PASSED] - dynamicTestObject.addProperty("xpath", EQUALS, dynamicXpath): null

28-08-2024T19:21:51 - [TEST_STEP][PASSED] - requestIdWeb = findWebElement(dynamicTestObject, 10): Found web element by test object 

28-08-2024T19:21:51 - [MESSAGE][PASSED] - Found web element by test object 

28-08-2024T19:21:51 - [TEST_STEP][PASSED] - if (getText().equals(requestIdValue)): null

28-08-2024T19:21:51 - [TEST_STEP][PASSED] - dynamicXpath = "//table[@class='table display compact nowrap cell-border hover dataTable no-footer']/tbody/tr[" + row + "]/td[2]": null

28-08-2024T19:21:51 - [TEST_STEP][PASSED] - dynamicTestObject.addProperty("xpath", EQUALS, dynamicXpath): null

28-08-2024T19:21:51 - [TEST_STEP][PASSED] - requestIdWeb = findWebElement(dynamicTestObject, 10): Found web element by test object 

28-08-2024T19:21:51 - [MESSAGE][PASSED] - Found web element by test object 

28-08-2024T19:21:51 - [TEST_STEP][PASSED] - if (getText().equals(requestIdValue)): null

28-08-2024T19:21:51 - [TEST_STEP][PASSED] - dynamicXpath = "//table[@class='table display compact nowrap cell-border hover dataTable no-footer']/tbody/tr[" + row + "]/td[2]": null

28-08-2024T19:21:51 - [TEST_STEP][PASSED] - dynamicTestObject.addProperty("xpath", EQUALS, dynamicXpath): null

28-08-2024T19:21:51 - [TEST_STEP][PASSED] - requestIdWeb = findWebElement(dynamicTestObject, 10): Found web element by test object 

28-08-2024T19:21:52 - [MESSAGE][PASSED] - Found web element by test object 

28-08-2024T19:21:52 - [TEST_STEP][PASSED] - if (getText().equals(requestIdValue)): null

28-08-2024T19:21:52 - [TEST_STEP][PASSED] - dynamicXpath = "//table[@class='table display compact nowrap cell-border hover dataTable no-footer']/tbody/tr[" + row + "]/td[2]": null

28-08-2024T19:21:52 - [TEST_STEP][PASSED] - dynamicTestObject.addProperty("xpath", EQUALS, dynamicXpath): null

28-08-2024T19:21:52 - [TEST_STEP][PASSED] - requestIdWeb = findWebElement(dynamicTestObject, 10): Found web element by test object 

28-08-2024T19:21:52 - [MESSAGE][PASSED] - Found web element by test object 

28-08-2024T19:21:52 - [TEST_STEP][PASSED] - if (getText().equals(requestIdValue)): null

28-08-2024T19:21:52 - [TEST_STEP][PASSED] - dynamicXpath = "//table[@class='table display compact nowrap cell-border hover dataTable no-footer']/tbody/tr[" + row + "]/td[2]": null

28-08-2024T19:21:52 - [TEST_STEP][PASSED] - dynamicTestObject.addProperty("xpath", EQUALS, dynamicXpath): null

28-08-2024T19:21:52 - [TEST_STEP][PASSED] - requestIdWeb = findWebElement(dynamicTestObject, 10): Found web element by test object 

28-08-2024T19:21:52 - [MESSAGE][PASSED] - Found web element by test object 

28-08-2024T19:21:52 - [TEST_STEP][PASSED] - if (getText().equals(requestIdValue)): null

28-08-2024T19:21:52 - [TEST_STEP][PASSED] - dynamicXpath = "//table[@class='table display compact nowrap cell-border hover dataTable no-footer']/tbody/tr[" + row + "]/td[2]": null

28-08-2024T19:21:52 - [TEST_STEP][PASSED] - dynamicTestObject.addProperty("xpath", EQUALS, dynamicXpath): null

28-08-2024T19:21:52 - [TEST_STEP][PASSED] - requestIdWeb = findWebElement(dynamicTestObject, 10): Found web element by test object 

28-08-2024T19:21:53 - [MESSAGE][PASSED] - Found web element by test object 

28-08-2024T19:21:53 - [TEST_STEP][PASSED] - if (getText().equals(requestIdValue)): null

28-08-2024T19:21:53 - [TEST_STEP][PASSED] - dynamicXpath = "//table[@class='table display compact nowrap cell-border hover dataTable no-footer']/tbody/tr[" + row + "]/td[2]": null

28-08-2024T19:21:53 - [TEST_STEP][PASSED] - dynamicTestObject.addProperty("xpath", EQUALS, dynamicXpath): null

28-08-2024T19:21:53 - [TEST_STEP][PASSED] - requestIdWeb = findWebElement(dynamicTestObject, 10): Found web element by test object 

28-08-2024T19:21:53 - [MESSAGE][PASSED] - Found web element by test object 

28-08-2024T19:21:53 - [TEST_STEP][PASSED] - if (getText().equals(requestIdValue)): null

28-08-2024T19:21:53 - [TEST_STEP][PASSED] - dynamicXpath = "//table[@class='table display compact nowrap cell-border hover dataTable no-footer']/tbody/tr[" + row + "]/td[2]": null

28-08-2024T19:21:53 - [TEST_STEP][PASSED] - dynamicTestObject.addProperty("xpath", EQUALS, dynamicXpath): null

28-08-2024T19:21:53 - [TEST_STEP][PASSED] - requestIdWeb = findWebElement(dynamicTestObject, 10): Found web element by test object 

28-08-2024T19:21:53 - [MESSAGE][PASSED] - Found web element by test object 

28-08-2024T19:21:53 - [TEST_STEP][PASSED] - if (getText().equals(requestIdValue)): null

28-08-2024T19:21:53 - [TEST_STEP][PASSED] - dynamicXpath = "//table[@class='table display compact nowrap cell-border hover dataTable no-footer']/tbody/tr[" + row + "]/td[2]": null

28-08-2024T19:21:53 - [TEST_STEP][PASSED] - dynamicTestObject.addProperty("xpath", EQUALS, dynamicXpath): null

28-08-2024T19:21:53 - [TEST_STEP][PASSED] - requestIdWeb = findWebElement(dynamicTestObject, 10): Found web element by test object 

28-08-2024T19:21:53 - [MESSAGE][PASSED] - Found web element by test object 

28-08-2024T19:21:53 - [TEST_STEP][PASSED] - if (getText().equals(requestIdValue)): null

28-08-2024T19:21:53 - [TEST_STEP][PASSED] - dynamicXpath = "//table[@class='table display compact nowrap cell-border hover dataTable no-footer']/tbody/tr[" + row + "]/td[2]": null

28-08-2024T19:21:53 - [TEST_STEP][PASSED] - dynamicTestObject.addProperty("xpath", EQUALS, dynamicXpath): null

28-08-2024T19:21:53 - [TEST_STEP][PASSED] - requestIdWeb = findWebElement(dynamicTestObject, 10): Found web element by test object 

28-08-2024T19:21:54 - [MESSAGE][PASSED] - Found web element by test object 

28-08-2024T19:21:54 - [TEST_STEP][PASSED] - if (getText().equals(requestIdValue)): null

28-08-2024T19:21:54 - [TEST_STEP][PASSED] - dynamicXpath = "//table[@class='table display compact nowrap cell-border hover dataTable no-footer']/tbody/tr[" + row + "]/td[2]": null

28-08-2024T19:21:54 - [TEST_STEP][PASSED] - dynamicTestObject.addProperty("xpath", EQUALS, dynamicXpath): null

28-08-2024T19:21:54 - [TEST_STEP][PASSED] - requestIdWeb = findWebElement(dynamicTestObject, 10): Found web element by test object 

28-08-2024T19:21:54 - [MESSAGE][PASSED] - Found web element by test object 

28-08-2024T19:21:54 - [TEST_STEP][PASSED] - if (getText().equals(requestIdValue)): null

28-08-2024T19:21:54 - [TEST_STEP][PASSED] - dynamicXpath = "//table[@class='table display compact nowrap cell-border hover dataTable no-footer']/tbody/tr[" + row + "]/td[2]": null

28-08-2024T19:21:54 - [TEST_STEP][PASSED] - dynamicTestObject.addProperty("xpath", EQUALS, dynamicXpath): null

28-08-2024T19:21:54 - [TEST_STEP][PASSED] - requestIdWeb = findWebElement(dynamicTestObject, 10): Found web element by test object 

28-08-2024T19:21:54 - [MESSAGE][PASSED] - Found web element by test object 

28-08-2024T19:21:54 - [TEST_STEP][PASSED] - if (getText().equals(requestIdValue)): null

28-08-2024T19:21:54 - [TEST_STEP][PASSED] - dynamicXpath = "//table[@class='table display compact nowrap cell-border hover dataTable no-footer']/tbody/tr[" + row + "]/td[2]": null

28-08-2024T19:21:54 - [TEST_STEP][PASSED] - dynamicTestObject.addProperty("xpath", EQUALS, dynamicXpath): null

28-08-2024T19:21:54 - [TEST_STEP][PASSED] - requestIdWeb = findWebElement(dynamicTestObject, 10): Found web element by test object 

28-08-2024T19:21:55 - [MESSAGE][PASSED] - Found web element by test object 

28-08-2024T19:21:55 - [TEST_STEP][PASSED] - if (getText().equals(requestIdValue)): null

28-08-2024T19:21:55 - [TEST_STEP][PASSED] - dynamicXpath = "//table[@class='table display compact nowrap cell-border hover dataTable no-footer']/tbody/tr[" + row + "]/td[2]": null

28-08-2024T19:21:55 - [TEST_STEP][PASSED] - dynamicTestObject.addProperty("xpath", EQUALS, dynamicXpath): null

28-08-2024T19:21:55 - [TEST_STEP][PASSED] - requestIdWeb = findWebElement(dynamicTestObject, 10): Found web element by test object 

28-08-2024T19:21:55 - [MESSAGE][PASSED] - Found web element by test object 

28-08-2024T19:21:55 - [TEST_STEP][PASSED] - if (getText().equals(requestIdValue)): null

28-08-2024T19:21:55 - [TEST_STEP][PASSED] - dynamicXpath = "//table[@class='table display compact nowrap cell-border hover dataTable no-footer']/tbody/tr[" + row + "]/td[2]": null

28-08-2024T19:21:55 - [TEST_STEP][PASSED] - dynamicTestObject.addProperty("xpath", EQUALS, dynamicXpath): null

28-08-2024T19:21:55 - [TEST_STEP][PASSED] - requestIdWeb = findWebElement(dynamicTestObject, 10): Found web element by test object 

28-08-2024T19:21:55 - [MESSAGE][PASSED] - Found web element by test object 

28-08-2024T19:21:55 - [TEST_STEP][PASSED] - if (getText().equals(requestIdValue)): null

28-08-2024T19:21:55 - [TEST_STEP][PASSED] - dynamicXpath = "//table[@class='table display compact nowrap cell-border hover dataTable no-footer']/tbody/tr[" + row + "]/td[2]": null

28-08-2024T19:21:55 - [TEST_STEP][PASSED] - dynamicTestObject.addProperty("xpath", EQUALS, dynamicXpath): null

28-08-2024T19:21:55 - [TEST_STEP][PASSED] - requestIdWeb = findWebElement(dynamicTestObject, 10): Found web element by test object 

28-08-2024T19:21:56 - [MESSAGE][PASSED] - Found web element by test object 

28-08-2024T19:21:56 - [TEST_STEP][PASSED] - if (getText().equals(requestIdValue)): null

28-08-2024T19:21:56 - [TEST_STEP][PASSED] - dynamicXpath = "//table[@class='table display compact nowrap cell-border hover dataTable no-footer']/tbody/tr[" + row + "]/td[2]": null

28-08-2024T19:21:56 - [TEST_STEP][PASSED] - dynamicTestObject.addProperty("xpath", EQUALS, dynamicXpath): null

28-08-2024T19:21:56 - [TEST_STEP][PASSED] - requestIdWeb = findWebElement(dynamicTestObject, 10): Found web element by test object 

28-08-2024T19:21:56 - [MESSAGE][PASSED] - Found web element by test object 

28-08-2024T19:21:56 - [TEST_STEP][PASSED] - if (getText().equals(requestIdValue)): null

28-08-2024T19:21:56 - [TEST_STEP][PASSED] - dynamicXpath = "//table[@class='table display compact nowrap cell-border hover dataTable no-footer']/tbody/tr[" + row + "]/td[2]": null

28-08-2024T19:21:56 - [TEST_STEP][PASSED] - dynamicTestObject.addProperty("xpath", EQUALS, dynamicXpath): null

28-08-2024T19:21:56 - [TEST_STEP][PASSED] - requestIdWeb = findWebElement(dynamicTestObject, 10): Found web element by test object 

28-08-2024T19:21:56 - [MESSAGE][PASSED] - Found web element by test object 

28-08-2024T19:21:56 - [TEST_STEP][PASSED] - if (getText().equals(requestIdValue)): null

28-08-2024T19:21:56 - [TEST_STEP][PASSED] - dynamicXpath = "//table[@class='table display compact nowrap cell-border hover dataTable no-footer']/tbody/tr[" + row + "]/td[2]": null

28-08-2024T19:21:56 - [TEST_STEP][PASSED] - dynamicTestObject.addProperty("xpath", EQUALS, dynamicXpath): null

28-08-2024T19:21:56 - [TEST_STEP][PASSED] - requestIdWeb = findWebElement(dynamicTestObject, 10): Found web element by test object 

28-08-2024T19:21:57 - [MESSAGE][PASSED] - Found web element by test object 

28-08-2024T19:21:57 - [TEST_STEP][PASSED] - if (getText().equals(requestIdValue)): null

28-08-2024T19:21:57 - [TEST_STEP][PASSED] - dynamicXpath = "//table[@class='table display compact nowrap cell-border hover dataTable no-footer']/tbody/tr[" + row + "]/td[2]": null

28-08-2024T19:21:57 - [TEST_STEP][PASSED] - dynamicTestObject.addProperty("xpath", EQUALS, dynamicXpath): null

28-08-2024T19:21:57 - [TEST_STEP][PASSED] - requestIdWeb = findWebElement(dynamicTestObject, 10): Found web element by test object 

28-08-2024T19:21:57 - [MESSAGE][PASSED] - Found web element by test object 

28-08-2024T19:21:57 - [TEST_STEP][PASSED] - if (getText().equals(requestIdValue)): null

28-08-2024T19:21:57 - [TEST_STEP][PASSED] - dynamicXpath = "//table[@class='table display compact nowrap cell-border hover dataTable no-footer']/tbody/tr[" + row + "]/td[2]": null

28-08-2024T19:21:57 - [TEST_STEP][PASSED] - dynamicTestObject.addProperty("xpath", EQUALS, dynamicXpath): null

28-08-2024T19:21:57 - [TEST_STEP][PASSED] - requestIdWeb = findWebElement(dynamicTestObject, 10): Found web element by test object 

28-08-2024T19:21:57 - [MESSAGE][PASSED] - Found web element by test object 

28-08-2024T19:21:57 - [TEST_STEP][PASSED] - if (getText().equals(requestIdValue)): null

28-08-2024T19:21:57 - [TEST_STEP][PASSED] - dynamicXpath = "//table[@class='table display compact nowrap cell-border hover dataTable no-footer']/tbody/tr[" + row + "]/td[2]": null

28-08-2024T19:21:57 - [TEST_STEP][PASSED] - dynamicTestObject.addProperty("xpath", EQUALS, dynamicXpath): null

28-08-2024T19:21:57 - [TEST_STEP][PASSED] - requestIdWeb = findWebElement(dynamicTestObject, 10): Found web element by test object 

28-08-2024T19:21:57 - [MESSAGE][PASSED] - Found web element by test object 

28-08-2024T19:21:57 - [TEST_STEP][PASSED] - if (getText().equals(requestIdValue)): null

28-08-2024T19:21:57 - [TEST_STEP][PASSED] - dynamicXpath = "//table[@class='table display compact nowrap cell-border hover dataTable no-footer']/tbody/tr[" + row + "]/td[2]": null

28-08-2024T19:21:57 - [TEST_STEP][PASSED] - dynamicTestObject.addProperty("xpath", EQUALS, dynamicXpath): null

28-08-2024T19:21:57 - [TEST_STEP][PASSED] - requestIdWeb = findWebElement(dynamicTestObject, 10): Found web element by test object 

28-08-2024T19:21:58 - [MESSAGE][PASSED] - Found web element by test object 

28-08-2024T19:21:58 - [TEST_STEP][PASSED] - if (getText().equals(requestIdValue)): null

28-08-2024T19:21:58 - [TEST_STEP][PASSED] - dynamicXpath = "//table[@class='table display compact nowrap cell-border hover dataTable no-footer']/tbody/tr[" + row + "]/td[2]": null

28-08-2024T19:21:58 - [TEST_STEP][PASSED] - dynamicTestObject.addProperty("xpath", EQUALS, dynamicXpath): null

28-08-2024T19:21:58 - [TEST_STEP][PASSED] - requestIdWeb = findWebElement(dynamicTestObject, 10): Found web element by test object 

28-08-2024T19:21:58 - [MESSAGE][PASSED] - Found web element by test object 

28-08-2024T19:21:58 - [TEST_STEP][PASSED] - if (getText().equals(requestIdValue)): null

28-08-2024T19:21:58 - [TEST_STEP][PASSED] - dynamicXpath = "//table[@class='table display compact nowrap cell-border hover dataTable no-footer']/tbody/tr[" + row + "]/td[2]": null

28-08-2024T19:21:58 - [TEST_STEP][PASSED] - dynamicTestObject.addProperty("xpath", EQUALS, dynamicXpath): null

28-08-2024T19:21:58 - [TEST_STEP][PASSED] - requestIdWeb = findWebElement(dynamicTestObject, 10): Found web element by test object 

28-08-2024T19:21:58 - [MESSAGE][PASSED] - Found web element by test object 

28-08-2024T19:21:58 - [TEST_STEP][PASSED] - if (getText().equals(requestIdValue)): null

28-08-2024T19:21:58 - [TEST_STEP][PASSED] - dynamicXpath = "//table[@class='table display compact nowrap cell-border hover dataTable no-footer']/tbody/tr[" + row + "]/td[2]": null

28-08-2024T19:21:58 - [TEST_STEP][PASSED] - dynamicTestObject.addProperty("xpath", EQUALS, dynamicXpath): null

28-08-2024T19:21:58 - [TEST_STEP][PASSED] - requestIdWeb = findWebElement(dynamicTestObject, 10): Found web element by test object 

28-08-2024T19:21:59 - [MESSAGE][PASSED] - Found web element by test object 

28-08-2024T19:21:59 - [TEST_STEP][PASSED] - if (getText().equals(requestIdValue)): null

28-08-2024T19:21:59 - [TEST_STEP][PASSED] - dynamicXpath = "//table[@class='table display compact nowrap cell-border hover dataTable no-footer']/tbody/tr[" + row + "]/td[2]": null

28-08-2024T19:21:59 - [TEST_STEP][PASSED] - dynamicTestObject.addProperty("xpath", EQUALS, dynamicXpath): null

28-08-2024T19:21:59 - [TEST_STEP][PASSED] - requestIdWeb = findWebElement(dynamicTestObject, 10): Found web element by test object 

28-08-2024T19:21:59 - [MESSAGE][PASSED] - Found web element by test object 

28-08-2024T19:21:59 - [TEST_STEP][PASSED] - if (getText().equals(requestIdValue)): null

28-08-2024T19:21:59 - [TEST_STEP][PASSED] - dynamicXpath = "//table[@class='table display compact nowrap cell-border hover dataTable no-footer']/tbody/tr[" + row + "]/td[2]": null

28-08-2024T19:21:59 - [TEST_STEP][PASSED] - dynamicTestObject.addProperty("xpath", EQUALS, dynamicXpath): null

28-08-2024T19:21:59 - [TEST_STEP][PASSED] - requestIdWeb = findWebElement(dynamicTestObject, 10): Found web element by test object 

28-08-2024T19:21:59 - [MESSAGE][PASSED] - Found web element by test object 

28-08-2024T19:21:59 - [TEST_STEP][PASSED] - if (getText().equals(requestIdValue)): null

28-08-2024T19:21:59 - [TEST_STEP][PASSED] - dynamicXpath = "//table[@class='table display compact nowrap cell-border hover dataTable no-footer']/tbody/tr[" + row + "]/td[2]": null

28-08-2024T19:21:59 - [TEST_STEP][PASSED] - dynamicTestObject.addProperty("xpath", EQUALS, dynamicXpath): null

28-08-2024T19:21:59 - [TEST_STEP][PASSED] - requestIdWeb = findWebElement(dynamicTestObject, 10): Found web element by test object 

28-08-2024T19:22:00 - [MESSAGE][PASSED] - Found web element by test object 

28-08-2024T19:22:00 - [TEST_STEP][PASSED] - if (getText().equals(requestIdValue)): null

28-08-2024T19:22:00 - [TEST_STEP][PASSED] - dynamicXpath = "//table[@class='table display compact nowrap cell-border hover dataTable no-footer']/tbody/tr[" + row + "]/td[2]": null

28-08-2024T19:22:00 - [TEST_STEP][PASSED] - dynamicTestObject.addProperty("xpath", EQUALS, dynamicXpath): null

28-08-2024T19:22:00 - [TEST_STEP][PASSED] - requestIdWeb = findWebElement(dynamicTestObject, 10): Found web element by test object 

28-08-2024T19:22:00 - [MESSAGE][PASSED] - Found web element by test object 

28-08-2024T19:22:00 - [TEST_STEP][PASSED] - if (getText().equals(requestIdValue)): null

28-08-2024T19:22:00 - [TEST_STEP][PASSED] - dynamicXpath = "//table[@class='table display compact nowrap cell-border hover dataTable no-footer']/tbody/tr[" + row + "]/td[2]": null

28-08-2024T19:22:00 - [TEST_STEP][PASSED] - dynamicTestObject.addProperty("xpath", EQUALS, dynamicXpath): null

28-08-2024T19:22:00 - [TEST_STEP][PASSED] - requestIdWeb = findWebElement(dynamicTestObject, 10): Found web element by test object 

28-08-2024T19:22:00 - [MESSAGE][PASSED] - Found web element by test object 

28-08-2024T19:22:00 - [TEST_STEP][PASSED] - if (getText().equals(requestIdValue)): null

28-08-2024T19:22:00 - [TEST_STEP][PASSED] - dynamicXpath = "//table[@class='table display compact nowrap cell-border hover dataTable no-footer']/tbody/tr[" + row + "]/td[2]": null

28-08-2024T19:22:00 - [TEST_STEP][PASSED] - dynamicTestObject.addProperty("xpath", EQUALS, dynamicXpath): null

28-08-2024T19:22:00 - [TEST_STEP][PASSED] - requestIdWeb = findWebElement(dynamicTestObject, 10): Found web element by test object 

28-08-2024T19:22:01 - [MESSAGE][PASSED] - Found web element by test object 

28-08-2024T19:22:01 - [TEST_STEP][PASSED] - if (getText().equals(requestIdValue)): null

28-08-2024T19:22:01 - [TEST_STEP][PASSED] - dynamicXpath = "//table[@class='table display compact nowrap cell-border hover dataTable no-footer']/tbody/tr[" + row + "]/td[2]": null

28-08-2024T19:22:01 - [TEST_STEP][PASSED] - dynamicTestObject.addProperty("xpath", EQUALS, dynamicXpath): null

28-08-2024T19:22:01 - [TEST_STEP][PASSED] - requestIdWeb = findWebElement(dynamicTestObject, 10): Found web element by test object 

28-08-2024T19:22:01 - [MESSAGE][PASSED] - Found web element by test object 

28-08-2024T19:22:01 - [TEST_STEP][PASSED] - if (getText().equals(requestIdValue)): null

28-08-2024T19:22:01 - [TEST_STEP][PASSED] - dynamicXpath = "//table[@class='table display compact nowrap cell-border hover dataTable no-footer']/tbody/tr[" + row + "]/td[2]": null

28-08-2024T19:22:01 - [TEST_STEP][PASSED] - dynamicTestObject.addProperty("xpath", EQUALS, dynamicXpath): null

28-08-2024T19:22:01 - [TEST_STEP][PASSED] - requestIdWeb = findWebElement(dynamicTestObject, 10): Found web element by test object 

28-08-2024T19:22:01 - [MESSAGE][PASSED] - Found web element by test object 

28-08-2024T19:22:01 - [TEST_STEP][PASSED] - if (getText().equals(requestIdValue)): null

28-08-2024T19:22:01 - [TEST_STEP][PASSED] - dynamicXpath = "//table[@class='table display compact nowrap cell-border hover dataTable no-footer']/tbody/tr[" + row + "]/td[2]": null

28-08-2024T19:22:01 - [TEST_STEP][PASSED] - dynamicTestObject.addProperty("xpath", EQUALS, dynamicXpath): null

28-08-2024T19:22:01 - [TEST_STEP][PASSED] - requestIdWeb = findWebElement(dynamicTestObject, 10): Found web element by test object 

28-08-2024T19:22:01 - [MESSAGE][PASSED] - Found web element by test object 

28-08-2024T19:22:01 - [TEST_STEP][PASSED] - if (getText().equals(requestIdValue)): null

28-08-2024T19:22:01 - [TEST_STEP][PASSED] - dynamicXpath = "//table[@class='table display compact nowrap cell-border hover dataTable no-footer']/tbody/tr[" + row + "]/td[2]": null

28-08-2024T19:22:01 - [TEST_STEP][PASSED] - dynamicTestObject.addProperty("xpath", EQUALS, dynamicXpath): null

28-08-2024T19:22:01 - [TEST_STEP][PASSED] - requestIdWeb = findWebElement(dynamicTestObject, 10): Found web element by test object 

28-08-2024T19:22:02 - [MESSAGE][PASSED] - Found web element by test object 

28-08-2024T19:22:02 - [TEST_STEP][PASSED] - if (getText().equals(requestIdValue)): null

28-08-2024T19:22:02 - [TEST_STEP][PASSED] - dynamicXpath = "//table[@class='table display compact nowrap cell-border hover dataTable no-footer']/tbody/tr[" + row + "]/td[2]": null

28-08-2024T19:22:02 - [TEST_STEP][PASSED] - dynamicTestObject.addProperty("xpath", EQUALS, dynamicXpath): null

28-08-2024T19:22:02 - [TEST_STEP][PASSED] - requestIdWeb = findWebElement(dynamicTestObject, 10): Found web element by test object 

28-08-2024T19:22:02 - [MESSAGE][PASSED] - Found web element by test object 

28-08-2024T19:22:02 - [TEST_STEP][PASSED] - if (getText().equals(requestIdValue)): null

28-08-2024T19:22:02 - [TEST_STEP][PASSED] - dynamicXpath = "//table[@class='table display compact nowrap cell-border hover dataTable no-footer']/tbody/tr[" + row + "]/td[2]": null

28-08-2024T19:22:02 - [TEST_STEP][PASSED] - dynamicTestObject.addProperty("xpath", EQUALS, dynamicXpath): null

28-08-2024T19:22:02 - [TEST_STEP][PASSED] - requestIdWeb = findWebElement(dynamicTestObject, 10): Found web element by test object 

28-08-2024T19:22:03 - [MESSAGE][PASSED] - Found web element by test object 

28-08-2024T19:22:03 - [TEST_STEP][PASSED] - if (getText().equals(requestIdValue)): null

28-08-2024T19:22:03 - [TEST_STEP][PASSED] - dynamicXpath = "//table[@class='table display compact nowrap cell-border hover dataTable no-footer']/tbody/tr[" + row + "]/td[2]": null

28-08-2024T19:22:03 - [TEST_STEP][PASSED] - dynamicTestObject.addProperty("xpath", EQUALS, dynamicXpath): null

28-08-2024T19:22:03 - [TEST_STEP][PASSED] - requestIdWeb = findWebElement(dynamicTestObject, 10): Found web element by test object 

28-08-2024T19:22:03 - [MESSAGE][PASSED] - Found web element by test object 

28-08-2024T19:22:03 - [TEST_STEP][PASSED] - if (getText().equals(requestIdValue)): null

28-08-2024T19:22:03 - [TEST_STEP][PASSED] - dynamicXpath = "//table[@class='table display compact nowrap cell-border hover dataTable no-footer']/tbody/tr[" + row + "]/td[2]": null

28-08-2024T19:22:03 - [TEST_STEP][PASSED] - dynamicTestObject.addProperty("xpath", EQUALS, dynamicXpath): null

28-08-2024T19:22:03 - [TEST_STEP][PASSED] - requestIdWeb = findWebElement(dynamicTestObject, 10): Found web element by test object 

28-08-2024T19:22:03 - [MESSAGE][PASSED] - Found web element by test object 

28-08-2024T19:22:03 - [TEST_STEP][PASSED] - if (getText().equals(requestIdValue)): null

28-08-2024T19:22:03 - [TEST_STEP][PASSED] - dynamicXpath = "//table[@class='table display compact nowrap cell-border hover dataTable no-footer']/tbody/tr[" + row + "]/td[2]": null

28-08-2024T19:22:03 - [TEST_STEP][PASSED] - dynamicTestObject.addProperty("xpath", EQUALS, dynamicXpath): null

28-08-2024T19:22:03 - [TEST_STEP][PASSED] - requestIdWeb = findWebElement(dynamicTestObject, 10): Found web element by test object 

28-08-2024T19:22:04 - [MESSAGE][PASSED] - Found web element by test object 

28-08-2024T19:22:04 - [TEST_STEP][PASSED] - if (getText().equals(requestIdValue)): null

28-08-2024T19:22:04 - [TEST_STEP][PASSED] - dynamicXpath = "//table[@class='table display compact nowrap cell-border hover dataTable no-footer']/tbody/tr[" + row + "]/td[2]": null

28-08-2024T19:22:04 - [TEST_STEP][PASSED] - dynamicTestObject.addProperty("xpath", EQUALS, dynamicXpath): null

28-08-2024T19:22:04 - [TEST_STEP][PASSED] - requestIdWeb = findWebElement(dynamicTestObject, 10): Found web element by test object 

28-08-2024T19:22:04 - [MESSAGE][PASSED] - Found web element by test object 

28-08-2024T19:22:04 - [TEST_STEP][PASSED] - if (getText().equals(requestIdValue)): null

28-08-2024T19:22:04 - [TEST_STEP][PASSED] - dynamicXpath = "//table[@class='table display compact nowrap cell-border hover dataTable no-footer']/tbody/tr[" + row + "]/td[2]": null

28-08-2024T19:22:04 - [TEST_STEP][PASSED] - dynamicTestObject.addProperty("xpath", EQUALS, dynamicXpath): null

28-08-2024T19:22:04 - [TEST_STEP][PASSED] - requestIdWeb = findWebElement(dynamicTestObject, 10): Found web element by test object 

28-08-2024T19:22:04 - [MESSAGE][PASSED] - Found web element by test object 

28-08-2024T19:22:04 - [TEST_STEP][PASSED] - if (getText().equals(requestIdValue)): null

28-08-2024T19:22:04 - [TEST_STEP][PASSED] - dynamicXpath = "//table[@class='table display compact nowrap cell-border hover dataTable no-footer']/tbody/tr[" + row + "]/td[2]": null

28-08-2024T19:22:04 - [TEST_STEP][PASSED] - dynamicTestObject.addProperty("xpath", EQUALS, dynamicXpath): null

28-08-2024T19:22:04 - [TEST_STEP][PASSED] - requestIdWeb = findWebElement(dynamicTestObject, 10): Found web element by test object 

28-08-2024T19:22:05 - [MESSAGE][PASSED] - Found web element by test object 

28-08-2024T19:22:05 - [TEST_STEP][PASSED] - if (getText().equals(requestIdValue)): null

28-08-2024T19:22:05 - [TEST_STEP][PASSED] - dynamicXpath = "//table[@class='table display compact nowrap cell-border hover dataTable no-footer']/tbody/tr[" + row + "]/td[2]": null

28-08-2024T19:22:05 - [TEST_STEP][PASSED] - dynamicTestObject.addProperty("xpath", EQUALS, dynamicXpath): null

28-08-2024T19:22:05 - [TEST_STEP][PASSED] - requestIdWeb = findWebElement(dynamicTestObject, 10): Found web element by test object 

28-08-2024T19:22:05 - [MESSAGE][PASSED] - Found web element by test object 

28-08-2024T19:22:05 - [TEST_STEP][PASSED] - if (getText().equals(requestIdValue)): null

28-08-2024T19:22:05 - [TEST_STEP][PASSED] - dynamicXpath = "//table[@class='table display compact nowrap cell-border hover dataTable no-footer']/tbody/tr[" + row + "]/td[2]": null

28-08-2024T19:22:05 - [TEST_STEP][PASSED] - dynamicTestObject.addProperty("xpath", EQUALS, dynamicXpath): null

28-08-2024T19:22:05 - [TEST_STEP][PASSED] - requestIdWeb = findWebElement(dynamicTestObject, 10): Found web element by test object 

28-08-2024T19:22:05 - [MESSAGE][PASSED] - Found web element by test object 

28-08-2024T19:22:05 - [TEST_STEP][PASSED] - if (getText().equals(requestIdValue)): null

28-08-2024T19:22:05 - [TEST_STEP][PASSED] - dynamicXpath = "//table[@class='table display compact nowrap cell-border hover dataTable no-footer']/tbody/tr[" + row + "]/td[2]": null

28-08-2024T19:22:05 - [TEST_STEP][PASSED] - dynamicTestObject.addProperty("xpath", EQUALS, dynamicXpath): null

28-08-2024T19:22:05 - [TEST_STEP][PASSED] - requestIdWeb = findWebElement(dynamicTestObject, 10): Found web element by test object 

28-08-2024T19:22:05 - [MESSAGE][PASSED] - Found web element by test object 

28-08-2024T19:22:05 - [TEST_STEP][PASSED] - if (getText().equals(requestIdValue)): null

28-08-2024T19:22:05 - [TEST_STEP][PASSED] - dynamicXpath = "//table[@class='table display compact nowrap cell-border hover dataTable no-footer']/tbody/tr[" + row + "]/td[2]": null

28-08-2024T19:22:05 - [TEST_STEP][PASSED] - dynamicTestObject.addProperty("xpath", EQUALS, dynamicXpath): null

28-08-2024T19:22:05 - [TEST_STEP][PASSED] - requestIdWeb = findWebElement(dynamicTestObject, 10): Found web element by test object 

28-08-2024T19:22:06 - [MESSAGE][PASSED] - Found web element by test object 

28-08-2024T19:22:06 - [TEST_STEP][PASSED] - if (getText().equals(requestIdValue)): null

28-08-2024T19:22:06 - [TEST_STEP][PASSED] - dynamicXpath = "//table[@class='table display compact nowrap cell-border hover dataTable no-footer']/tbody/tr[" + row + "]/td[2]": null

28-08-2024T19:22:06 - [TEST_STEP][PASSED] - dynamicTestObject.addProperty("xpath", EQUALS, dynamicXpath): null

28-08-2024T19:22:06 - [TEST_STEP][PASSED] - requestIdWeb = findWebElement(dynamicTestObject, 10): Found web element by test object 

28-08-2024T19:22:06 - [MESSAGE][PASSED] - Found web element by test object 

28-08-2024T19:22:06 - [TEST_STEP][PASSED] - if (getText().equals(requestIdValue)): null

28-08-2024T19:22:06 - [TEST_STEP][PASSED] - dynamicXpath = "//table[@class='table display compact nowrap cell-border hover dataTable no-footer']/tbody/tr[" + row + "]/td[2]": null

28-08-2024T19:22:06 - [TEST_STEP][PASSED] - dynamicTestObject.addProperty("xpath", EQUALS, dynamicXpath): null

28-08-2024T19:22:06 - [TEST_STEP][PASSED] - requestIdWeb = findWebElement(dynamicTestObject, 10): Found web element by test object 

28-08-2024T19:22:06 - [MESSAGE][PASSED] - Found web element by test object 

28-08-2024T19:22:06 - [TEST_STEP][PASSED] - if (getText().equals(requestIdValue)): null

28-08-2024T19:22:06 - [TEST_STEP][PASSED] - dynamicXpath = "//table[@class='table display compact nowrap cell-border hover dataTable no-footer']/tbody/tr[" + row + "]/td[2]": null

28-08-2024T19:22:06 - [TEST_STEP][PASSED] - dynamicTestObject.addProperty("xpath", EQUALS, dynamicXpath): null

28-08-2024T19:22:06 - [TEST_STEP][PASSED] - requestIdWeb = findWebElement(dynamicTestObject, 10): Found web element by test object 

28-08-2024T19:22:07 - [MESSAGE][PASSED] - Found web element by test object 

28-08-2024T19:22:07 - [TEST_STEP][PASSED] - if (getText().equals(requestIdValue)): null

28-08-2024T19:22:07 - [TEST_STEP][PASSED] - dynamicXpath = "//table[@class='table display compact nowrap cell-border hover dataTable no-footer']/tbody/tr[" + row + "]/td[2]": null

28-08-2024T19:22:07 - [TEST_STEP][PASSED] - dynamicTestObject.addProperty("xpath", EQUALS, dynamicXpath): null

28-08-2024T19:22:07 - [TEST_STEP][PASSED] - requestIdWeb = findWebElement(dynamicTestObject, 10): Found web element by test object 

28-08-2024T19:22:07 - [MESSAGE][PASSED] - Found web element by test object 

28-08-2024T19:22:07 - [TEST_STEP][PASSED] - if (getText().equals(requestIdValue)): null

28-08-2024T19:22:07 - [TEST_STEP][PASSED] - dynamicXpathRefundFop = "//table[@class='table display compact nowrap cell-border hover dataTable no-footer']/tbody/tr[" + row + "]/td[11]": null

28-08-2024T19:22:07 - [TEST_STEP][PASSED] - dynamicXpathRefundAmount = "//table[@class='table display compact nowrap cell-border hover dataTable no-footer']/tbody/tr[" + row + "]/td[9]": null

28-08-2024T19:22:07 - [TEST_STEP][PASSED] - dynamicTestObject.addProperty("xpath", EQUALS, dynamicXpathRefundFop): null

28-08-2024T19:22:07 - [TEST_STEP][PASSED] - fopWebElement = findWebElement(dynamicTestObject, 10): Found web element by test object 

28-08-2024T19:22:07 - [MESSAGE][PASSED] - Found web element by test object 

28-08-2024T19:22:07 - [TEST_STEP][PASSED] - refundFopPaidLocally_web = fopWebElement.getText(): null

28-08-2024T19:22:07 - [TEST_STEP][PASSED] - println(refundFopPaidLocally_web): null

28-08-2024T19:22:07 - [TEST_STEP][PASSED] - dynamicTestObject.addProperty("xpath", EQUALS, dynamicXpathRefundAmount): null

28-08-2024T19:22:07 - [TEST_STEP][PASSED] - refundAmountWebElement = findWebElement(dynamicTestObject, 10): Found web element by test object 

28-08-2024T19:22:08 - [MESSAGE][PASSED] - Found web element by test object 

28-08-2024T19:22:08 - [TEST_STEP][PASSED] - refundAmount_web = refundAmountWebElement.getText(): null

28-08-2024T19:22:08 - [TEST_STEP][PASSED] - doubleValue1 = Double.parseDouble(refundAmount_web): null

28-08-2024T19:22:08 - [TEST_STEP][PASSED] - refundAmount_int = doubleValue1: null

28-08-2024T19:22:08 - [TEST_STEP][PASSED] - refundAmount_web = refundAmount_int.toString(): null

28-08-2024T19:22:08 - [TEST_STEP][PASSED] - println(refundAmount_web): null

28-08-2024T19:22:08 - [TEST_STEP][PASSED] - break: null

28-08-2024T19:22:08 - [TEST_STEP][PASSED] - verifyMatch(refundFopPaidLocally_web, fop_types_dbValue, true, CONTINUE_ON_FAILURE): Actual text 'CA' and expected text 'CA' are matched  using regular expression

28-08-2024T19:22:08 - [MESSAGE][PASSED] - Actual text 'CA' and expected text 'CA' are matched  using regular expression

28-08-2024T19:22:08 - [TEST_STEP][PASSED] - verifyMatch(refundAmount_web, paid_amount_dbValue, true, CONTINUE_ON_FAILURE): Actual text '3000' and expected text '3000' are matched  using regular expression

28-08-2024T19:22:08 - [MESSAGE][PASSED] - Actual text '3000' and expected text '3000' are matched  using regular expression

28-08-2024T19:22:08 - [TEST_STEP][PASSED] - closeBrowser(): Browser is closed

28-08-2024T19:22:08 - [MESSAGE][PASSED] - Browser is closed]]></system-out>
         <system-err><![CDATA[]]></system-err>
      </testcase>
      <testcase name="Test Cases/MOZ-10510/TC 9_MOZ_11450 Verifies that the internal configuration in the database is correctly set up to define the form of payments visible in the Local Settlements module" time="99.172" classname="Test Cases/MOZ-10510/TC 9_MOZ_11450 Verifies that the internal configuration in the database is correctly set up to define the form of payments visible in the Local Settlements module" status="PASSED">
         <system-out><![CDATA[28-08-2024T19:22:08 - [TEST_CASE][PASSED] - Test Cases/MOZ-10510/TC 9_MOZ_11450 Verifies that the internal configuration in the database is correctly set up to define the form of payments visible in the Local Settlements module: Test Cases/MOZ-10510/TC 9_MOZ_11450 Verifies that the internal configuration in the database is correctly set up to define the form of payments visible in the Local Settlements module

28-08-2024T19:22:09 - [TEST_STEP][PASSED] - Table_md_rfnd_local_settlement = database.DatabaseUtils.checkTableExists("md_rfnd_local_settlement"): database.DatabaseUtils.checkTableExists is PASSED

28-08-2024T19:22:17 - [MESSAGE][INFO] - Table md_rfnd_local_settlement exists.

28-08-2024T19:22:17 - [MESSAGE][PASSED] - database.DatabaseUtils.checkTableExists is PASSED

28-08-2024T19:22:17 - [TEST_STEP][PASSED] - verifyEqual(Table_md_rfnd_local_settlement, true, CONTINUE_ON_FAILURE): Actual object 'true' and expected object 'true' are equal

28-08-2024T19:22:17 - [MESSAGE][PASSED] - Actual object 'true' and expected object 'true' are equal

28-08-2024T19:22:17 - [TEST_STEP][PASSED] - Column_paid_locally = database.DatabaseUtils.checkColumnExist("mc_fop_types", "paid_locally"): database.DatabaseUtils.checkColumnExist is PASSED

28-08-2024T19:22:22 - [MESSAGE][PASSED] - database.DatabaseUtils.checkColumnExist is PASSED

28-08-2024T19:22:22 - [TEST_STEP][PASSED] - verifyEqual(Column_paid_locally, true, CONTINUE_ON_FAILURE): Actual object 'true' and expected object 'true' are equal

28-08-2024T19:22:22 - [MESSAGE][PASSED] - Actual object 'true' and expected object 'true' are equal

28-08-2024T19:22:22 - [TEST_STEP][PASSED] - rowCount = database.DatabaseUtils.getRowCount("select * from bdmozart.mc_fop_types where paid_locally = 't'"): database.DatabaseUtils.getRowCount is PASSED

28-08-2024T19:22:28 - [MESSAGE][PASSED] - database.DatabaseUtils.getRowCount is PASSED

28-08-2024T19:22:28 - [TEST_STEP][PASSED] - DataBaseEnableFopList = new java.util.ArrayList(): null

28-08-2024T19:22:28 - [TEST_STEP][PASSED] - FilterFopList = new java.util.ArrayList(): null

28-08-2024T19:22:28 - [TEST_STEP][PASSED] - for ([i = 1, i <= rowCount, (i++)]): null

28-08-2024T19:22:28 - [TEST_STEP][PASSED] - enableFop = database.DatabaseUtils.executeQuery("select * from bdmozart.mc_fop_types where paid_locally = 't'", "fop_type", i): database.DatabaseUtils.executeQuery is PASSED

28-08-2024T19:22:38 - [MESSAGE][PASSED] - database.DatabaseUtils.executeQuery is PASSED

28-08-2024T19:22:38 - [TEST_STEP][PASSED] - println(enableFop): null

28-08-2024T19:22:38 - [TEST_STEP][PASSED] - DataBaseEnableFopList.add(enableFop): null

28-08-2024T19:22:38 - [TEST_STEP][PASSED] - enableFop = database.DatabaseUtils.executeQuery("select * from bdmozart.mc_fop_types where paid_locally = 't'", "fop_type", i): database.DatabaseUtils.executeQuery is PASSED

28-08-2024T19:22:43 - [MESSAGE][PASSED] - database.DatabaseUtils.executeQuery is PASSED

28-08-2024T19:22:43 - [TEST_STEP][PASSED] - println(enableFop): null

28-08-2024T19:22:43 - [TEST_STEP][PASSED] - DataBaseEnableFopList.add(enableFop): null

28-08-2024T19:22:43 - [TEST_STEP][PASSED] - enableFop = database.DatabaseUtils.executeQuery("select * from bdmozart.mc_fop_types where paid_locally = 't'", "fop_type", i): database.DatabaseUtils.executeQuery is PASSED

28-08-2024T19:22:50 - [MESSAGE][PASSED] - database.DatabaseUtils.executeQuery is PASSED

28-08-2024T19:22:50 - [TEST_STEP][PASSED] - println(enableFop): null

28-08-2024T19:22:50 - [TEST_STEP][PASSED] - DataBaseEnableFopList.add(enableFop): null

28-08-2024T19:22:50 - [TEST_STEP][PASSED] - demoPackage.MozartLogin.mozartLoginWithUser(): demoPackage.MozartLogin.mozartLoginWithUser is PASSED

28-08-2024T19:22:50 - [MESSAGE][INFO] - Starting 'Chrome' driver

28-08-2024T19:22:50 - [MESSAGE][INFO] - Action delay is set to 0 milliseconds

28-08-2024T19:22:52 - [MESSAGE][PASSED] - Browser is opened with url: ''

28-08-2024T19:22:53 - [MESSAGE][PASSED] - Navigate to 'https://accelyacomtest.accelya.local/MozartTest/AirlinesHub/Index' successfully

28-08-2024T19:22:53 - [MESSAGE][PASSED] - Current window maximized

28-08-2024T19:22:53 - [MESSAGE][PASSED] - Object: 'Object Repository/MozartChrome/ChromeAdvance/ClickOnAdvanceButton' is clicked on

28-08-2024T19:23:22 - [MESSAGE][PASSED] - Object: 'Object Repository/MozartChrome/ChromeAdvance/ProccedLink' is clicked on

28-08-2024T19:23:23 - [MESSAGE][PASSED] - Text 'ranajitvadar' is set on object 'Object Repository/MozartChrome/Page_/input_Username_Login'

28-08-2024T19:23:24 - [MESSAGE][PASSED] - Object: 'Object Repository/MozartChrome/Page_/button_Next' is clicked on

28-08-2024T19:23:25 - [MESSAGE][PASSED] - Text 'Accelya.1' is set on object 'Object Repository/MozartChrome/Page_/input_Password_Password'

28-08-2024T19:23:25 - [MESSAGE][PASSED] - Object: 'Object Repository/MozartChrome/Page_/button_Sign in' is clicked on

28-08-2024T19:23:25 - [MESSAGE][PASSED] - demoPackage.MozartLogin.mozartLoginWithUser is PASSED

28-08-2024T19:23:25 - [TEST_STEP][PASSED] - click(findTestObject("EK_Objects/Page_Mozart - Dashboard/a_Refunds")): Object: 'Object Repository/EK_Objects/Page_Mozart - Dashboard/a_Refunds' is clicked on

28-08-2024T19:23:35 - [MESSAGE][PASSED] - Object: 'Object Repository/EK_Objects/Page_Mozart - Dashboard/a_Refunds' is clicked on

28-08-2024T19:23:35 - [TEST_STEP][PASSED] - click(findTestObject("EK_Objects/Page_Mozart - Dashboard/Click_On_Local_Settlements")): Object: 'Object Repository/EK_Objects/Page_Mozart - Dashboard/Click_On_Local_Settlements' is clicked on

28-08-2024T19:23:41 - [MESSAGE][PASSED] - Object: 'Object Repository/EK_Objects/Page_Mozart - Dashboard/Click_On_Local_Settlements' is clicked on

28-08-2024T19:23:41 - [TEST_STEP][PASSED] - click(findTestObject("EK_Objects/Page_Mozart - LocalSettlements/filter_button")): Object: 'Object Repository/EK_Objects/Page_Mozart - LocalSettlements/filter_button' is clicked on

28-08-2024T19:23:45 - [MESSAGE][PASSED] - Object: 'Object Repository/EK_Objects/Page_Mozart - LocalSettlements/filter_button' is clicked on

28-08-2024T19:23:45 - [TEST_STEP][PASSED] - click(findTestObject("Object Repository/EK_Objects/Page_Mozart - LocalSettlements/textbox_filter_r2_c3")): Object: 'Object Repository/EK_Objects/Page_Mozart - LocalSettlements/textbox_filter_r2_c3' is clicked on

28-08-2024T19:23:45 - [MESSAGE][PASSED] - Object: 'Object Repository/EK_Objects/Page_Mozart - LocalSettlements/textbox_filter_r2_c3' is clicked on

28-08-2024T19:23:45 - [TEST_STEP][PASSED] - FopValues = findWebElements(findTestObject("EK_Objects/Page_Mozart - LocalSettlements/filter_RefundFopPaidLocally_values"), 10): Found web elements by test object Object Repository/EK_Objects/Page_Mozart - LocalSettlements/filter_RefundFopPaidLocally_values

28-08-2024T19:23:46 - [MESSAGE][PASSED] - Found web elements by test object Object Repository/EK_Objects/Page_Mozart - LocalSettlements/filter_RefundFopPaidLocally_values

28-08-2024T19:23:46 - [TEST_STEP][PASSED] - dynamicTestObject = new com.kms.katalon.core.testobject.TestObject(): null

28-08-2024T19:23:46 - [TEST_STEP][PASSED] - println(FopValues.size()): null

28-08-2024T19:23:46 - [TEST_STEP][PASSED] - for ([row = 1, row <= FopValues.size(), (row++)]): null

28-08-2024T19:23:46 - [TEST_STEP][PASSED] - dynamicXPath = "(//div[@id='bs-select-16']/ul[@class='dropdown-menu inner show']/li)[" + row + "]": null

28-08-2024T19:23:46 - [TEST_STEP][PASSED] - dynamicTestObject.addProperty("xpath", EQUALS, dynamicXPath): null

28-08-2024T19:23:46 - [TEST_STEP][PASSED] - editButtonElement = findWebElement(dynamicTestObject, 10): Found web element by test object 

28-08-2024T19:23:46 - [MESSAGE][PASSED] - Found web element by test object 

28-08-2024T19:23:46 - [TEST_STEP][PASSED] - FilterFopList.add(editButtonElement.getText()): null

28-08-2024T19:23:46 - [TEST_STEP][PASSED] - println(editButtonElement.getText()): null

28-08-2024T19:23:46 - [TEST_STEP][PASSED] - dynamicXPath = "(//div[@id='bs-select-16']/ul[@class='dropdown-menu inner show']/li)[" + row + "]": null

28-08-2024T19:23:46 - [TEST_STEP][PASSED] - dynamicTestObject.addProperty("xpath", EQUALS, dynamicXPath): null

28-08-2024T19:23:46 - [TEST_STEP][PASSED] - editButtonElement = findWebElement(dynamicTestObject, 10): Found web element by test object 

28-08-2024T19:23:46 - [MESSAGE][PASSED] - Found web element by test object 

28-08-2024T19:23:46 - [TEST_STEP][PASSED] - FilterFopList.add(editButtonElement.getText()): null

28-08-2024T19:23:46 - [TEST_STEP][PASSED] - println(editButtonElement.getText()): null

28-08-2024T19:23:46 - [TEST_STEP][PASSED] - dynamicXPath = "(//div[@id='bs-select-16']/ul[@class='dropdown-menu inner show']/li)[" + row + "]": null

28-08-2024T19:23:46 - [TEST_STEP][PASSED] - dynamicTestObject.addProperty("xpath", EQUALS, dynamicXPath): null

28-08-2024T19:23:46 - [TEST_STEP][PASSED] - editButtonElement = findWebElement(dynamicTestObject, 10): Found web element by test object 

28-08-2024T19:23:47 - [MESSAGE][PASSED] - Found web element by test object 

28-08-2024T19:23:47 - [TEST_STEP][PASSED] - FilterFopList.add(editButtonElement.getText()): null

28-08-2024T19:23:47 - [TEST_STEP][PASSED] - println(editButtonElement.getText()): null

28-08-2024T19:23:47 - [TEST_STEP][PASSED] - verifyMatch(size().toString(), size().toString(), true, CONTINUE_ON_FAILURE): Actual text '3' and expected text '3' are matched  using regular expression

28-08-2024T19:23:47 - [MESSAGE][PASSED] - Actual text '3' and expected text '3' are matched  using regular expression

28-08-2024T19:23:47 - [TEST_STEP][PASSED] - uniqueFopValues = new java.util.HashSet(): null

28-08-2024T19:23:47 - [TEST_STEP][PASSED] - try: null

28-08-2024T19:23:47 - [TEST_STEP][PASSED] - for ([i = 0, i < FilterFopList.size(), (i++)]): null

28-08-2024T19:23:47 - [TEST_STEP][PASSED] - uniqueFopValues.add(get(i).substring(0, 2)): null

28-08-2024T19:23:47 - [TEST_STEP][PASSED] - uniqueFopValues.add(get(i).substring(0, 2)): null

28-08-2024T19:23:47 - [TEST_STEP][PASSED] - uniqueFopValues.add(get(i).substring(0, 2)): null

28-08-2024T19:23:47 - [TEST_STEP][PASSED] - webFopValues = new java.util.ArrayList(uniqueFopValues): null

28-08-2024T19:23:47 - [TEST_STEP][PASSED] - Collections.sort(webFopValues): null

28-08-2024T19:23:47 - [TEST_STEP][PASSED] - Collections.sort(DataBaseEnableFopList): null

28-08-2024T19:23:47 - [TEST_STEP][PASSED] - for ([i = 0, i < DataBaseEnableFopList.size(), (i++)]): Actual text 'CQ' and expected text 'CQ' are matched  using regular expression

28-08-2024T19:23:47 - [TEST_STEP][PASSED] - verifyMatch(webFopValues[i], DataBaseEnableFopList[i], true, CONTINUE_ON_FAILURE): Actual text 'BT' and expected text 'BT' are matched  using regular expression

28-08-2024T19:23:47 - [MESSAGE][PASSED] - Actual text 'BT' and expected text 'BT' are matched  using regular expression

28-08-2024T19:23:47 - [TEST_STEP][PASSED] - verifyMatch(webFopValues[i], DataBaseEnableFopList[i], true, CONTINUE_ON_FAILURE): Actual text 'CA' and expected text 'CA' are matched  using regular expression

28-08-2024T19:23:47 - [MESSAGE][PASSED] - Actual text 'CA' and expected text 'CA' are matched  using regular expression

28-08-2024T19:23:47 - [TEST_STEP][PASSED] - verifyMatch(webFopValues[i], DataBaseEnableFopList[i], true, CONTINUE_ON_FAILURE): Actual text 'CQ' and expected text 'CQ' are matched  using regular expression

28-08-2024T19:23:47 - [MESSAGE][PASSED] - Actual text 'CQ' and expected text 'CQ' are matched  using regular expression

28-08-2024T19:23:47 - [TEST_STEP][PASSED] - utilityClass.CustomSoftAssert.assertAll(): utilityClass.CustomSoftAssert.assertAll is PASSED

28-08-2024T19:23:47 - [MESSAGE][PASSED] - utilityClass.CustomSoftAssert.assertAll is PASSED

28-08-2024T19:23:47 - [TEST_STEP][PASSED] - closeBrowser(): Browser is closed

28-08-2024T19:23:48 - [MESSAGE][PASSED] - Browser is closed]]></system-out>
         <system-err><![CDATA[]]></system-err>
      </testcase>
      <testcase name="Test Cases/MOZ-10510/TC 8_MOZ_11449 Verify the Availability of Group By,My Filters, and Download Options in the Local Settlements Module" time="53.087" classname="Test Cases/MOZ-10510/TC 8_MOZ_11449 Verify the Availability of Group By,My Filters, and Download Options in the Local Settlements Module" status="PASSED">
         <system-out><![CDATA[28-08-2024T19:23:48 - [TEST_CASE][PASSED] - Test Cases/MOZ-10510/TC 8_MOZ_11449 Verify the Availability of Group By,My Filters, and Download Options in the Local Settlements Module: Test Cases/MOZ-10510/TC 8_MOZ_11449 Verify the Availability of Group By,My Filters, and Download Options in the Local Settlements Module

28-08-2024T19:23:48 - [TEST_STEP][PASSED] - demoPackage.MozartLogin.mozartLoginWithUser(): demoPackage.MozartLogin.mozartLoginWithUser is PASSED

28-08-2024T19:23:48 - [MESSAGE][INFO] - Starting 'Chrome' driver

28-08-2024T19:23:48 - [MESSAGE][INFO] - Action delay is set to 0 milliseconds

28-08-2024T19:23:49 - [MESSAGE][PASSED] - Browser is opened with url: ''

28-08-2024T19:23:50 - [MESSAGE][PASSED] - Navigate to 'https://accelyacomtest.accelya.local/MozartTest/AirlinesHub/Index' successfully

28-08-2024T19:23:50 - [MESSAGE][PASSED] - Current window maximized

28-08-2024T19:23:50 - [MESSAGE][PASSED] - Object: 'Object Repository/MozartChrome/ChromeAdvance/ClickOnAdvanceButton' is clicked on

28-08-2024T19:24:05 - [MESSAGE][PASSED] - Object: 'Object Repository/MozartChrome/ChromeAdvance/ProccedLink' is clicked on

28-08-2024T19:24:05 - [MESSAGE][PASSED] - Text 'ranajitvadar' is set on object 'Object Repository/MozartChrome/Page_/input_Username_Login'

28-08-2024T19:24:06 - [MESSAGE][PASSED] - Object: 'Object Repository/MozartChrome/Page_/button_Next' is clicked on

28-08-2024T19:24:07 - [MESSAGE][PASSED] - Text 'Accelya.1' is set on object 'Object Repository/MozartChrome/Page_/input_Password_Password'

28-08-2024T19:24:07 - [MESSAGE][PASSED] - Object: 'Object Repository/MozartChrome/Page_/button_Sign in' is clicked on

28-08-2024T19:24:07 - [MESSAGE][PASSED] - demoPackage.MozartLogin.mozartLoginWithUser is PASSED

28-08-2024T19:24:07 - [TEST_STEP][PASSED] - click(findTestObject("EK_Objects/Page_Mozart - Dashboard/a_Refunds")): Object: 'Object Repository/EK_Objects/Page_Mozart - Dashboard/a_Refunds' is clicked on

28-08-2024T19:24:19 - [MESSAGE][PASSED] - Object: 'Object Repository/EK_Objects/Page_Mozart - Dashboard/a_Refunds' is clicked on

28-08-2024T19:24:19 - [TEST_STEP][PASSED] - click(findTestObject("EK_Objects/Page_Mozart - Dashboard/Click_On_Local_Settlements")): Object: 'Object Repository/EK_Objects/Page_Mozart - Dashboard/Click_On_Local_Settlements' is clicked on

28-08-2024T19:24:37 - [MESSAGE][PASSED] - Object: 'Object Repository/EK_Objects/Page_Mozart - Dashboard/Click_On_Local_Settlements' is clicked on

28-08-2024T19:24:37 - [TEST_STEP][PASSED] - verifyElementPresent(findTestObject("EK_Objects/Page_Mozart - LocalSettlements/filter_button"), 5, STOP_ON_FAILURE): Object 'Object Repository/EK_Objects/Page_Mozart - LocalSettlements/filter_button' is present

28-08-2024T19:24:40 - [MESSAGE][PASSED] - Object 'Object Repository/EK_Objects/Page_Mozart - LocalSettlements/filter_button' is present

28-08-2024T19:24:40 - [TEST_STEP][PASSED] - verifyElementPresent(findTestObject("EK_Objects/Page_Mozart - LocalSettlements/groupBy_button"), 5, STOP_ON_FAILURE): Object 'Object Repository/EK_Objects/Page_Mozart - LocalSettlements/groupBy_button' is present

28-08-2024T19:24:41 - [MESSAGE][PASSED] - Object 'Object Repository/EK_Objects/Page_Mozart - LocalSettlements/groupBy_button' is present]]></system-out>
         <system-err><![CDATA[]]></system-err>
      </testcase>
      <testcase name="Test Cases/MOZ-10510/TC 7_MOZ_11448 Verify Grid Display in the Local Settlements Module" time="74.225" classname="Test Cases/MOZ-10510/TC 7_MOZ_11448 Verify Grid Display in the Local Settlements Module" status="PASSED">
         <system-out><![CDATA[28-08-2024T19:24:41 - [TEST_CASE][PASSED] - Test Cases/MOZ-10510/TC 7_MOZ_11448 Verify Grid Display in the Local Settlements Module: Test Cases/MOZ-10510/TC 7_MOZ_11448 Verify Grid Display in the Local Settlements Module

28-08-2024T19:24:41 - [TEST_STEP][PASSED] - demoPackage.MozartLogin.mozartLoginWithUser(): demoPackage.MozartLogin.mozartLoginWithUser is PASSED

28-08-2024T19:24:41 - [MESSAGE][WARNING] - A browser is already opened. Closing browser and opening a new one

28-08-2024T19:24:41 - [MESSAGE][INFO] - Starting 'Chrome' driver

28-08-2024T19:24:42 - [MESSAGE][INFO] - Action delay is set to 0 milliseconds

28-08-2024T19:24:43 - [MESSAGE][PASSED] - Browser is opened with url: ''

28-08-2024T19:25:07 - [MESSAGE][PASSED] - Navigate to 'https://accelyacomtest.accelya.local/MozartTest/AirlinesHub/Index' successfully

28-08-2024T19:25:07 - [MESSAGE][PASSED] - Current window maximized

28-08-2024T19:25:07 - [MESSAGE][PASSED] - Object: 'Object Repository/MozartChrome/ChromeAdvance/ClickOnAdvanceButton' is clicked on

28-08-2024T19:25:30 - [MESSAGE][PASSED] - Object: 'Object Repository/MozartChrome/ChromeAdvance/ProccedLink' is clicked on

28-08-2024T19:25:30 - [MESSAGE][PASSED] - Text 'ranajitvadar' is set on object 'Object Repository/MozartChrome/Page_/input_Username_Login'

28-08-2024T19:25:31 - [MESSAGE][PASSED] - Object: 'Object Repository/MozartChrome/Page_/button_Next' is clicked on

28-08-2024T19:25:32 - [MESSAGE][PASSED] - Text 'Accelya.1' is set on object 'Object Repository/MozartChrome/Page_/input_Password_Password'

28-08-2024T19:25:32 - [MESSAGE][PASSED] - Object: 'Object Repository/MozartChrome/Page_/button_Sign in' is clicked on

28-08-2024T19:25:32 - [MESSAGE][PASSED] - demoPackage.MozartLogin.mozartLoginWithUser is PASSED

28-08-2024T19:25:32 - [TEST_STEP][PASSED] - click(findTestObject("EK_Objects/Page_Mozart - Dashboard/a_Refunds")): Object: 'Object Repository/EK_Objects/Page_Mozart - Dashboard/a_Refunds' is clicked on

28-08-2024T19:25:45 - [MESSAGE][PASSED] - Object: 'Object Repository/EK_Objects/Page_Mozart - Dashboard/a_Refunds' is clicked on

28-08-2024T19:25:45 - [TEST_STEP][PASSED] - click(findTestObject("EK_Objects/Page_Mozart - Dashboard/Click_On_Local_Settlements")): Object: 'Object Repository/EK_Objects/Page_Mozart - Dashboard/Click_On_Local_Settlements' is clicked on

28-08-2024T19:25:47 - [MESSAGE][PASSED] - Object: 'Object Repository/EK_Objects/Page_Mozart - Dashboard/Click_On_Local_Settlements' is clicked on

28-08-2024T19:25:47 - [TEST_STEP][PASSED] - listOfHeaderColumns = findWebElements(findTestObject("EK_Objects/Page_Mozart - LocalSettlements/filterTable_headers"), 10): Found web elements by test object Object Repository/EK_Objects/Page_Mozart - LocalSettlements/filterTable_headers

28-08-2024T19:25:54 - [MESSAGE][PASSED] - Found web elements by test object Object Repository/EK_Objects/Page_Mozart - LocalSettlements/filterTable_headers

28-08-2024T19:25:54 - [TEST_STEP][PASSED] - println(listOfHeaderColumns.size()): null

28-08-2024T19:25:54 - [TEST_STEP][PASSED] - elements = ["Request Id", "Processing Date (yyyy-mm-dd)", "Ticket Number", "Request Number", "Passenger Name", "Country", "Agent code", "Refund Amount", "Currency", "Refund FOP Paid Locally", "Reason"]: null

28-08-2024T19:25:54 - [TEST_STEP][PASSED] - for ([i = 1, i < listOfHeaderColumns.size(), (i++)]): Actual text 'Reason' and expected text 'Reason' are matched 

28-08-2024T19:25:54 - [TEST_STEP][PASSED] - if (i == listOfHeaderColumns.size() / 2): null

28-08-2024T19:25:54 - [TEST_STEP][PASSED] - println(get(i).getText() + " " + i): null

28-08-2024T19:25:54 - [TEST_STEP][PASSED] - verifyMatch(get(i).getText(), elements[i - 1], false): Actual text 'Request Id' and expected text 'Request Id' are matched 

28-08-2024T19:25:54 - [MESSAGE][PASSED] - Actual text 'Request Id' and expected text 'Request Id' are matched 

28-08-2024T19:25:54 - [TEST_STEP][PASSED] - if (i == listOfHeaderColumns.size() / 2): null

28-08-2024T19:25:54 - [TEST_STEP][PASSED] - println(get(i).getText() + " " + i): null

28-08-2024T19:25:54 - [TEST_STEP][PASSED] - verifyMatch(get(i).getText(), elements[i - 1], false): Actual text 'Processing Date (yyyy-mm-dd)' and expected text 'Processing Date (yyyy-mm-dd)' are matched 

28-08-2024T19:25:54 - [MESSAGE][PASSED] - Actual text 'Processing Date (yyyy-mm-dd)' and expected text 'Processing Date (yyyy-mm-dd)' are matched 

28-08-2024T19:25:54 - [TEST_STEP][PASSED] - if (i == listOfHeaderColumns.size() / 2): null

28-08-2024T19:25:54 - [TEST_STEP][PASSED] - println(get(i).getText() + " " + i): null

28-08-2024T19:25:54 - [TEST_STEP][PASSED] - verifyMatch(get(i).getText(), elements[i - 1], false): Actual text 'Ticket Number' and expected text 'Ticket Number' are matched 

28-08-2024T19:25:54 - [MESSAGE][PASSED] - Actual text 'Ticket Number' and expected text 'Ticket Number' are matched 

28-08-2024T19:25:54 - [TEST_STEP][PASSED] - if (i == listOfHeaderColumns.size() / 2): null

28-08-2024T19:25:54 - [TEST_STEP][PASSED] - println(get(i).getText() + " " + i): null

28-08-2024T19:25:54 - [TEST_STEP][PASSED] - verifyMatch(get(i).getText(), elements[i - 1], false): Actual text 'Request Number' and expected text 'Request Number' are matched 

28-08-2024T19:25:54 - [MESSAGE][PASSED] - Actual text 'Request Number' and expected text 'Request Number' are matched 

28-08-2024T19:25:54 - [TEST_STEP][PASSED] - if (i == listOfHeaderColumns.size() / 2): null

28-08-2024T19:25:54 - [TEST_STEP][PASSED] - println(get(i).getText() + " " + i): null

28-08-2024T19:25:54 - [TEST_STEP][PASSED] - verifyMatch(get(i).getText(), elements[i - 1], false): Actual text 'Passenger Name' and expected text 'Passenger Name' are matched 

28-08-2024T19:25:54 - [MESSAGE][PASSED] - Actual text 'Passenger Name' and expected text 'Passenger Name' are matched 

28-08-2024T19:25:54 - [TEST_STEP][PASSED] - if (i == listOfHeaderColumns.size() / 2): utilityClass.GenericMethods.scrollRight is PASSED

28-08-2024T19:25:54 - [TEST_STEP][PASSED] - utilityClass.GenericMethods.scrollRight(): utilityClass.GenericMethods.scrollRight is PASSED

28-08-2024T19:25:54 - [MESSAGE][PASSED] - Execute JavaScript 'document.querySelector('.dataTables_scrollBody').scrollLeft = 1000;' successfully

28-08-2024T19:25:54 - [MESSAGE][PASSED] - utilityClass.GenericMethods.scrollRight is PASSED

28-08-2024T19:25:54 - [TEST_STEP][PASSED] - println(get(i).getText() + " " + i): null

28-08-2024T19:25:54 - [TEST_STEP][PASSED] - verifyMatch(get(i).getText(), elements[i - 1], false): Actual text 'Country' and expected text 'Country' are matched 

28-08-2024T19:25:54 - [MESSAGE][PASSED] - Actual text 'Country' and expected text 'Country' are matched 

28-08-2024T19:25:54 - [TEST_STEP][PASSED] - if (i == listOfHeaderColumns.size() / 2): null

28-08-2024T19:25:54 - [TEST_STEP][PASSED] - println(get(i).getText() + " " + i): null

28-08-2024T19:25:54 - [TEST_STEP][PASSED] - verifyMatch(get(i).getText(), elements[i - 1], false): Actual text 'Agent code' and expected text 'Agent code' are matched 

28-08-2024T19:25:54 - [MESSAGE][PASSED] - Actual text 'Agent code' and expected text 'Agent code' are matched 

28-08-2024T19:25:54 - [TEST_STEP][PASSED] - if (i == listOfHeaderColumns.size() / 2): null

28-08-2024T19:25:54 - [TEST_STEP][PASSED] - println(get(i).getText() + " " + i): null

28-08-2024T19:25:54 - [TEST_STEP][PASSED] - verifyMatch(get(i).getText(), elements[i - 1], false): Actual text 'Refund Amount' and expected text 'Refund Amount' are matched 

28-08-2024T19:25:54 - [MESSAGE][PASSED] - Actual text 'Refund Amount' and expected text 'Refund Amount' are matched 

28-08-2024T19:25:54 - [TEST_STEP][PASSED] - if (i == listOfHeaderColumns.size() / 2): null

28-08-2024T19:25:54 - [TEST_STEP][PASSED] - println(get(i).getText() + " " + i): null

28-08-2024T19:25:54 - [TEST_STEP][PASSED] - verifyMatch(get(i).getText(), elements[i - 1], false): Actual text 'Currency' and expected text 'Currency' are matched 

28-08-2024T19:25:54 - [MESSAGE][PASSED] - Actual text 'Currency' and expected text 'Currency' are matched 

28-08-2024T19:25:54 - [TEST_STEP][PASSED] - if (i == listOfHeaderColumns.size() / 2): null

28-08-2024T19:25:54 - [TEST_STEP][PASSED] - println(get(i).getText() + " " + i): null

28-08-2024T19:25:54 - [TEST_STEP][PASSED] - verifyMatch(get(i).getText(), elements[i - 1], false): Actual text 'Refund FOP Paid Locally' and expected text 'Refund FOP Paid Locally' are matched 

28-08-2024T19:25:54 - [MESSAGE][PASSED] - Actual text 'Refund FOP Paid Locally' and expected text 'Refund FOP Paid Locally' are matched 

28-08-2024T19:25:54 - [TEST_STEP][PASSED] - if (i == listOfHeaderColumns.size() / 2): null

28-08-2024T19:25:54 - [TEST_STEP][PASSED] - println(get(i).getText() + " " + i): null

28-08-2024T19:25:54 - [TEST_STEP][PASSED] - verifyMatch(get(i).getText(), elements[i - 1], false): Actual text 'Reason' and expected text 'Reason' are matched 

28-08-2024T19:25:54 - [MESSAGE][PASSED] - Actual text 'Reason' and expected text 'Reason' are matched 

28-08-2024T19:25:54 - [TEST_STEP][PASSED] - utilityClass.CustomSoftAssert.assertAll(): utilityClass.CustomSoftAssert.assertAll is PASSED

28-08-2024T19:25:54 - [MESSAGE][PASSED] - utilityClass.CustomSoftAssert.assertAll is PASSED

28-08-2024T19:25:54 - [TEST_STEP][PASSED] - closeBrowser(): Browser is closed

28-08-2024T19:25:55 - [MESSAGE][PASSED] - Browser is closed]]></system-out>
         <system-err><![CDATA[]]></system-err>
      </testcase>
      <testcase name="Test Cases/MOZ-10510/TC 6_MOZ_11447 Verify Default Filtering Values in the Local Settlements Module" time="55.778" classname="Test Cases/MOZ-10510/TC 6_MOZ_11447 Verify Default Filtering Values in the Local Settlements Module" status="PASSED">
         <system-out><![CDATA[28-08-2024T19:25:55 - [TEST_CASE][PASSED] - Test Cases/MOZ-10510/TC 6_MOZ_11447 Verify Default Filtering Values in the Local Settlements Module: Test Cases/MOZ-10510/TC 6_MOZ_11447 Verify Default Filtering Values in the Local Settlements Module

28-08-2024T19:25:55 - [TEST_STEP][PASSED] - demoPackage.MozartLogin.mozartLoginWithUser(): demoPackage.MozartLogin.mozartLoginWithUser is PASSED

28-08-2024T19:25:55 - [MESSAGE][INFO] - Starting 'Chrome' driver

28-08-2024T19:25:55 - [MESSAGE][INFO] - Action delay is set to 0 milliseconds

28-08-2024T19:25:57 - [MESSAGE][PASSED] - Browser is opened with url: ''

28-08-2024T19:25:57 - [MESSAGE][PASSED] - Navigate to 'https://accelyacomtest.accelya.local/MozartTest/AirlinesHub/Index' successfully

28-08-2024T19:25:58 - [MESSAGE][PASSED] - Current window maximized

28-08-2024T19:25:58 - [MESSAGE][PASSED] - Object: 'Object Repository/MozartChrome/ChromeAdvance/ClickOnAdvanceButton' is clicked on

28-08-2024T19:26:14 - [MESSAGE][PASSED] - Object: 'Object Repository/MozartChrome/ChromeAdvance/ProccedLink' is clicked on

28-08-2024T19:26:15 - [MESSAGE][PASSED] - Text 'ranajitvadar' is set on object 'Object Repository/MozartChrome/Page_/input_Username_Login'

28-08-2024T19:26:15 - [MESSAGE][PASSED] - Object: 'Object Repository/MozartChrome/Page_/button_Next' is clicked on

28-08-2024T19:26:16 - [MESSAGE][PASSED] - Text 'Accelya.1' is set on object 'Object Repository/MozartChrome/Page_/input_Password_Password'

28-08-2024T19:26:17 - [MESSAGE][PASSED] - Object: 'Object Repository/MozartChrome/Page_/button_Sign in' is clicked on

28-08-2024T19:26:17 - [MESSAGE][PASSED] - demoPackage.MozartLogin.mozartLoginWithUser is PASSED

28-08-2024T19:26:17 - [TEST_STEP][PASSED] - click(findTestObject("EK_Objects/Page_Mozart - Dashboard/a_Refunds")): Object: 'Object Repository/EK_Objects/Page_Mozart - Dashboard/a_Refunds' is clicked on

28-08-2024T19:26:28 - [MESSAGE][PASSED] - Object: 'Object Repository/EK_Objects/Page_Mozart - Dashboard/a_Refunds' is clicked on

28-08-2024T19:26:28 - [TEST_STEP][PASSED] - click(findTestObject("EK_Objects/Page_Mozart - Dashboard/Click_On_Local_Settlements")): Object: 'Object Repository/EK_Objects/Page_Mozart - Dashboard/Click_On_Local_Settlements' is clicked on

28-08-2024T19:26:30 - [MESSAGE][PASSED] - Object: 'Object Repository/EK_Objects/Page_Mozart - Dashboard/Click_On_Local_Settlements' is clicked on

28-08-2024T19:26:30 - [TEST_STEP][PASSED] - click(findTestObject("EK_Objects/Page_Mozart - LocalSettlements/filter_button")): Object: 'Object Repository/EK_Objects/Page_Mozart - LocalSettlements/filter_button' is clicked on

28-08-2024T19:26:35 - [MESSAGE][PASSED] - Object: 'Object Repository/EK_Objects/Page_Mozart - LocalSettlements/filter_button' is clicked on

28-08-2024T19:26:35 - [TEST_STEP][PASSED] - verifyOptionSelectedByValue(findTestObject("EK_Objects/Page_Mozart - LocalSettlements/select_filter_column_r1_c1"), "date_processingdate", false, 5): All options with value 'date_processingdate' are selected in object 'Object Repository/EK_Objects/Page_Mozart - LocalSettlements/select_filter_column_r1_c1' 

28-08-2024T19:26:40 - [MESSAGE][PASSED] - All options with value 'date_processingdate' are selected in object 'Object Repository/EK_Objects/Page_Mozart - LocalSettlements/select_filter_column_r1_c1' 

28-08-2024T19:26:40 - [TEST_STEP][PASSED] - verifyOptionSelectedByValue(findTestObject("EK_Objects/Page_Mozart - LocalSettlements/select_filter_column_r2_c1"), "select_request_fop_settlem", false, 5): All options with value 'select_request_fop_settlem' are selected in object 'Object Repository/EK_Objects/Page_Mozart - LocalSettlements/select_filter_column_r2_c1' 

28-08-2024T19:26:45 - [MESSAGE][PASSED] - All options with value 'select_request_fop_settlem' are selected in object 'Object Repository/EK_Objects/Page_Mozart - LocalSettlements/select_filter_column_r2_c1' 

28-08-2024T19:26:45 - [TEST_STEP][PASSED] - verifyOptionSelectedByValue(findTestObject("EK_Objects/Page_Mozart - LocalSettlements/select_filter_column_r3_c1"), "select_ro_isocode_country", false, 5): All options with value 'select_ro_isocode_country' are selected in object 'Object Repository/EK_Objects/Page_Mozart - LocalSettlements/select_filter_column_r3_c1' 

28-08-2024T19:26:50 - [MESSAGE][PASSED] - All options with value 'select_ro_isocode_country' are selected in object 'Object Repository/EK_Objects/Page_Mozart - LocalSettlements/select_filter_column_r3_c1' 

28-08-2024T19:26:50 - [TEST_STEP][PASSED] - closeBrowser(): Browser is closed

28-08-2024T19:26:51 - [MESSAGE][PASSED] - Browser is closed]]></system-out>
         <system-err><![CDATA[]]></system-err>
      </testcase>
      <testcase name="Test Cases/MOZ-10510/TC 5_MOZ_11446 Verify Landing Page Layout and Filtering Area for the Local Settlements Module" time="111.371" classname="Test Cases/MOZ-10510/TC 5_MOZ_11446 Verify Landing Page Layout and Filtering Area for the Local Settlements Module" status="FAILED">
         <failure type="FAILED" message="Test Cases/MOZ-10510/TC 5_MOZ_11446 Verify Landing Page Layout and Filtering Area for the Local Settlements Module FAILED.&#xa;Reason:&#xa;com.kms.katalon.core.exception.StepFailedException: Unable to verify object 'Object Repository/EK_Objects/Page_Mozart - LocalSettlements/show_exceptions' is not present&#xa;	at com.kms.katalon.core.webui.keyword.internal.WebUIKeywordMain.stepFailed(WebUIKeywordMain.groovy:64)&#xa;	at com.kms.katalon.core.webui.keyword.internal.WebUIKeywordMain.runKeyword(WebUIKeywordMain.groovy:26)&#xa;	at com.kms.katalon.core.webui.keyword.internal.WebUIKeywordMain$runKeyword.call(Unknown Source)&#xa;	at com.kms.katalon.core.webui.keyword.builtin.VerifyElementNotPresentKeyword.verifyElementNotPresent(VerifyElementNotPresentKeyword.groovy:131)&#xa;	at com.kms.katalon.core.webui.keyword.builtin.VerifyElementNotPresentKeyword.execute(VerifyElementNotPresentKeyword.groovy:69)&#xa;	at com.kms.katalon.core.keyword.internal.KeywordExecutor.executeKeywordForPlatform(KeywordExecutor.groovy:74)&#xa;	at com.kms.katalon.core.webui.keyword.WebUiBuiltInKeywords.verifyElementNotPresent(WebUiBuiltInKeywords.groovy:1536)&#xa;	at TC 5_MOZ_11446 Verify Landing Page Layout and Filtering Area for the Local Settlements Module.run(TC 5_MOZ_11446 Verify Landing Page Layout and Filtering Area for the Local Settlements Module:38)&#xa;	at com.kms.katalon.core.main.ScriptEngine.run(ScriptEngine.java:194)&#xa;	at com.kms.katalon.core.main.ScriptEngine.runScriptAsRawText(ScriptEngine.java:119)&#xa;	at com.kms.katalon.core.main.TestCaseExecutor.runScript(TestCaseExecutor.java:448)&#xa;	at com.kms.katalon.core.main.TestCaseExecutor.doExecute(TestCaseExecutor.java:439)&#xa;	at com.kms.katalon.core.main.TestCaseExecutor.processExecutionPhase(TestCaseExecutor.java:418)&#xa;	at com.kms.katalon.core.main.TestCaseExecutor.accessMainPhase(TestCaseExecutor.java:410)&#xa;	at com.kms.katalon.core.main.TestCaseExecutor.execute(TestCaseExecutor.java:285)&#xa;	at com.kms.katalon.core.common.CommonExecutor.accessTestCaseMainPhase(CommonExecutor.java:65)&#xa;	at com.kms.katalon.core.main.TestSuiteExecutor.accessTestSuiteMainPhase(TestSuiteExecutor.java:150)&#xa;	at com.kms.katalon.core.main.TestSuiteExecutor.execute(TestSuiteExecutor.java:106)&#xa;	at com.kms.katalon.core.main.TestCaseMain.startTestSuite(TestCaseMain.java:180)&#xa;	at TempTestSuite1724853027584.run(TempTestSuite1724853027584.groovy:35)&#xa;	at java.base/jdk.internal.reflect.NativeMethodAccessorImpl.invoke0(Native Method)&#xa;	at java.base/jdk.internal.reflect.NativeMethodAccessorImpl.invoke(NativeMethodAccessorImpl.java:77)&#xa;	at java.base/jdk.internal.reflect.DelegatingMethodAccessorImpl.invoke(DelegatingMethodAccessorImpl.java:43)&#xa;Caused by: com.kms.katalon.core.exception.StepFailedException: Web element with id: 'Object Repository/EK_Objects/Page_Mozart - LocalSettlements/show_exceptions' located by 'By.xpath: //div[@class='pl-1']' is present after '10' second(s)&#xa;	at com.kms.katalon.core.webui.keyword.internal.WebUIKeywordMain.stepFailed(WebUIKeywordMain.groovy:64)&#xa;	at com.kms.katalon.core.webui.keyword.internal.WebUIKeywordMain$stepFailed$0.call(Unknown Source)&#xa;	at com.kms.katalon.core.webui.keyword.builtin.VerifyElementNotPresentKeyword$_verifyElementNotPresent_closure1.doCall(VerifyElementNotPresentKeyword.groovy:122)&#xa;	at com.kms.katalon.core.webui.keyword.builtin.VerifyElementNotPresentKeyword$_verifyElementNotPresent_closure1.doCall(VerifyElementNotPresentKeyword.groovy)&#xa;	at java.base/jdk.internal.reflect.NativeMethodAccessorImpl.invoke0(Native Method)&#xa;	at java.base/jdk.internal.reflect.NativeMethodAccessorImpl.invoke(NativeMethodAccessorImpl.java:77)&#xa;	at java.base/jdk.internal.reflect.DelegatingMethodAccessorImpl.invoke(DelegatingMethodAccessorImpl.java:43)&#xa;	at com.kms.katalon.core.webui.keyword.internal.WebUIKeywordMain.runKeyword(WebUIKeywordMain.groovy:20)&#xa;	... 21 more&#xa;"/>
         <system-out><![CDATA[28-08-2024T19:26:51 - [TEST_CASE][FAILED] - Test Cases/MOZ-10510/TC 5_MOZ_11446 Verify Landing Page Layout and Filtering Area for the Local Settlements Module: Test Cases/MOZ-10510/TC 5_MOZ_11446 Verify Landing Page Layout and Filtering Area for the Local Settlements Module FAILED.
Reason:
com.kms.katalon.core.exception.StepFailedException: Unable to verify object 'Object Repository/EK_Objects/Page_Mozart - LocalSettlements/show_exceptions' is not present
	at com.kms.katalon.core.webui.keyword.internal.WebUIKeywordMain.stepFailed(WebUIKeywordMain.groovy:64)
	at com.kms.katalon.core.webui.keyword.internal.WebUIKeywordMain.runKeyword(WebUIKeywordMain.groovy:26)
	at com.kms.katalon.core.webui.keyword.internal.WebUIKeywordMain$runKeyword.call(Unknown Source)
	at com.kms.katalon.core.webui.keyword.builtin.VerifyElementNotPresentKeyword.verifyElementNotPresent(VerifyElementNotPresentKeyword.groovy:131)
	at com.kms.katalon.core.webui.keyword.builtin.VerifyElementNotPresentKeyword.execute(VerifyElementNotPresentKeyword.groovy:69)
	at com.kms.katalon.core.keyword.internal.KeywordExecutor.executeKeywordForPlatform(KeywordExecutor.groovy:74)
	at com.kms.katalon.core.webui.keyword.WebUiBuiltInKeywords.verifyElementNotPresent(WebUiBuiltInKeywords.groovy:1536)
	at TC 5_MOZ_11446 Verify Landing Page Layout and Filtering Area for the Local Settlements Module.run(TC 5_MOZ_11446 Verify Landing Page Layout and Filtering Area for the Local Settlements Module:38)
	at com.kms.katalon.core.main.ScriptEngine.run(ScriptEngine.java:194)
	at com.kms.katalon.core.main.ScriptEngine.runScriptAsRawText(ScriptEngine.java:119)
	at com.kms.katalon.core.main.TestCaseExecutor.runScript(TestCaseExecutor.java:448)
	at com.kms.katalon.core.main.TestCaseExecutor.doExecute(TestCaseExecutor.java:439)
	at com.kms.katalon.core.main.TestCaseExecutor.processExecutionPhase(TestCaseExecutor.java:418)
	at com.kms.katalon.core.main.TestCaseExecutor.accessMainPhase(TestCaseExecutor.java:410)
	at com.kms.katalon.core.main.TestCaseExecutor.execute(TestCaseExecutor.java:285)
	at com.kms.katalon.core.common.CommonExecutor.accessTestCaseMainPhase(CommonExecutor.java:65)
	at com.kms.katalon.core.main.TestSuiteExecutor.accessTestSuiteMainPhase(TestSuiteExecutor.java:150)
	at com.kms.katalon.core.main.TestSuiteExecutor.execute(TestSuiteExecutor.java:106)
	at com.kms.katalon.core.main.TestCaseMain.startTestSuite(TestCaseMain.java:180)
	at TempTestSuite1724853027584.run(TempTestSuite1724853027584.groovy:35)
	at java.base/jdk.internal.reflect.NativeMethodAccessorImpl.invoke0(Native Method)
	at java.base/jdk.internal.reflect.NativeMethodAccessorImpl.invoke(NativeMethodAccessorImpl.java:77)
	at java.base/jdk.internal.reflect.DelegatingMethodAccessorImpl.invoke(DelegatingMethodAccessorImpl.java:43)
Caused by: com.kms.katalon.core.exception.StepFailedException: Web element with id: 'Object Repository/EK_Objects/Page_Mozart - LocalSettlements/show_exceptions' located by 'By.xpath: //div[@class='pl-1']' is present after '10' second(s)
	at com.kms.katalon.core.webui.keyword.internal.WebUIKeywordMain.stepFailed(WebUIKeywordMain.groovy:64)
	at com.kms.katalon.core.webui.keyword.internal.WebUIKeywordMain$stepFailed$0.call(Unknown Source)
	at com.kms.katalon.core.webui.keyword.builtin.VerifyElementNotPresentKeyword$_verifyElementNotPresent_closure1.doCall(VerifyElementNotPresentKeyword.groovy:122)
	at com.kms.katalon.core.webui.keyword.builtin.VerifyElementNotPresentKeyword$_verifyElementNotPresent_closure1.doCall(VerifyElementNotPresentKeyword.groovy)
	at java.base/jdk.internal.reflect.NativeMethodAccessorImpl.invoke0(Native Method)
	at java.base/jdk.internal.reflect.NativeMethodAccessorImpl.invoke(NativeMethodAccessorImpl.java:77)
	at java.base/jdk.internal.reflect.DelegatingMethodAccessorImpl.invoke(DelegatingMethodAccessorImpl.java:43)
	at com.kms.katalon.core.webui.keyword.internal.WebUIKeywordMain.runKeyword(WebUIKeywordMain.groovy:20)
	... 21 more


28-08-2024T19:26:51 - [TEST_STEP][PASSED] - demoPackage.MozartLogin.mozartLoginWithUser(): demoPackage.MozartLogin.mozartLoginWithUser is PASSED

28-08-2024T19:26:51 - [MESSAGE][INFO] - Starting 'Chrome' driver

28-08-2024T19:26:51 - [MESSAGE][INFO] - Action delay is set to 0 milliseconds

28-08-2024T19:26:53 - [MESSAGE][PASSED] - Browser is opened with url: ''

28-08-2024T19:27:20 - [MESSAGE][PASSED] - Navigate to 'https://accelyacomtest.accelya.local/MozartTest/AirlinesHub/Index' successfully

28-08-2024T19:27:20 - [MESSAGE][PASSED] - Current window maximized

28-08-2024T19:27:21 - [MESSAGE][PASSED] - Object: 'Object Repository/MozartChrome/ChromeAdvance/ClickOnAdvanceButton' is clicked on

28-08-2024T19:28:01 - [MESSAGE][PASSED] - Object: 'Object Repository/MozartChrome/ChromeAdvance/ProccedLink' is clicked on

28-08-2024T19:28:01 - [MESSAGE][PASSED] - Text 'ranajitvadar' is set on object 'Object Repository/MozartChrome/Page_/input_Username_Login'

28-08-2024T19:28:02 - [MESSAGE][PASSED] - Object: 'Object Repository/MozartChrome/Page_/button_Next' is clicked on

28-08-2024T19:28:04 - [MESSAGE][PASSED] - Text 'Accelya.1' is set on object 'Object Repository/MozartChrome/Page_/input_Password_Password'

28-08-2024T19:28:05 - [MESSAGE][PASSED] - Object: 'Object Repository/MozartChrome/Page_/button_Sign in' is clicked on

28-08-2024T19:28:05 - [MESSAGE][PASSED] - demoPackage.MozartLogin.mozartLoginWithUser is PASSED

28-08-2024T19:28:05 - [TEST_STEP][PASSED] - click(findTestObject("EK_Objects/Page_Mozart - Dashboard/a_Refunds")): Object: 'Object Repository/EK_Objects/Page_Mozart - Dashboard/a_Refunds' is clicked on

28-08-2024T19:28:17 - [MESSAGE][PASSED] - Object: 'Object Repository/EK_Objects/Page_Mozart - Dashboard/a_Refunds' is clicked on

28-08-2024T19:28:17 - [TEST_STEP][PASSED] - verifyElementPresent(findTestObject("EK_Objects/Page_Mozart - Dashboard/Click_On_Local_Settlements"), 2): Object 'Object Repository/EK_Objects/Page_Mozart - Dashboard/Click_On_Local_Settlements' is present

28-08-2024T19:28:17 - [MESSAGE][PASSED] - Object 'Object Repository/EK_Objects/Page_Mozart - Dashboard/Click_On_Local_Settlements' is present

28-08-2024T19:28:17 - [TEST_STEP][PASSED] - click(findTestObject("Object Repository/EK_Objects/Page_Mozart - Dashboard/Click_On_Local_Settlements")): Object: 'Object Repository/EK_Objects/Page_Mozart - Dashboard/Click_On_Local_Settlements' is clicked on

28-08-2024T19:28:20 - [MESSAGE][PASSED] - Object: 'Object Repository/EK_Objects/Page_Mozart - Dashboard/Click_On_Local_Settlements' is clicked on

28-08-2024T19:28:20 - [TEST_STEP][PASSED] - click(findTestObject("Object Repository/EK_Objects/Page_Mozart - LocalSettlements/filter_button")): Object: 'Object Repository/EK_Objects/Page_Mozart - LocalSettlements/filter_button' is clicked on

28-08-2024T19:28:30 - [MESSAGE][PASSED] - Object: 'Object Repository/EK_Objects/Page_Mozart - LocalSettlements/filter_button' is clicked on

28-08-2024T19:28:30 - [TEST_STEP][PASSED] - verifyElementNotPresent(findTestObject("Object Repository/EK_Objects/Page_Mozart - LocalSettlements/compact_mode"), 10): Web element with id: 'Object Repository/EK_Objects/Page_Mozart - LocalSettlements/compact_mode' located by 'By.xpath: (//div[@class='custom-control custom-switch ml-2'])[1]' is not present after '10' second(s)

28-08-2024T19:28:31 - [MESSAGE][PASSED] - Web element with id: 'Object Repository/EK_Objects/Page_Mozart - LocalSettlements/compact_mode' located by 'By.xpath: (//div[@class='custom-control custom-switch ml-2'])[1]' is not present after '10' second(s)

28-08-2024T19:28:31 - [TEST_STEP][PASSED] - verifyElementNotPresent(findTestObject("Object Repository/EK_Objects/Page_Mozart - LocalSettlements/grouped"), 10): Web element with id: 'Object Repository/EK_Objects/Page_Mozart - LocalSettlements/grouped' located by 'By.xpath: (//div[@class='custom-control custom-switch ml-2'])[2]' is not present after '10' second(s)

28-08-2024T19:28:31 - [MESSAGE][PASSED] - Web element with id: 'Object Repository/EK_Objects/Page_Mozart - LocalSettlements/grouped' located by 'By.xpath: (//div[@class='custom-control custom-switch ml-2'])[2]' is not present after '10' second(s)

28-08-2024T19:28:31 - [TEST_STEP][FAILED] - verifyElementNotPresent(findTestObject("Object Repository/EK_Objects/Page_Mozart - LocalSettlements/show_exceptions"), 10): Unable to verify object 'Object Repository/EK_Objects/Page_Mozart - LocalSettlements/show_exceptions' is not present (Root cause: com.kms.katalon.core.exception.StepFailedException: Unable to verify object 'Object Repository/EK_Objects/Page_Mozart - LocalSettlements/show_exceptions' is not present
	at com.kms.katalon.core.webui.keyword.internal.WebUIKeywordMain.stepFailed(WebUIKeywordMain.groovy:64)
	at com.kms.katalon.core.webui.keyword.internal.WebUIKeywordMain.runKeyword(WebUIKeywordMain.groovy:26)
	at com.kms.katalon.core.webui.keyword.internal.WebUIKeywordMain$runKeyword.call(Unknown Source)
	at com.kms.katalon.core.webui.keyword.builtin.VerifyElementNotPresentKeyword.verifyElementNotPresent(VerifyElementNotPresentKeyword.groovy:131)
	at com.kms.katalon.core.webui.keyword.builtin.VerifyElementNotPresentKeyword.execute(VerifyElementNotPresentKeyword.groovy:69)
	at com.kms.katalon.core.keyword.internal.KeywordExecutor.executeKeywordForPlatform(KeywordExecutor.groovy:74)
	at com.kms.katalon.core.webui.keyword.WebUiBuiltInKeywords.verifyElementNotPresent(WebUiBuiltInKeywords.groovy:1536)
	at TC 5_MOZ_11446 Verify Landing Page Layout and Filtering Area for the Local Settlements Module.run(TC 5_MOZ_11446 Verify Landing Page Layout and Filtering Area for the Local Settlements Module:38)
	at com.kms.katalon.core.main.ScriptEngine.run(ScriptEngine.java:194)
	at com.kms.katalon.core.main.ScriptEngine.runScriptAsRawText(ScriptEngine.java:119)
	at com.kms.katalon.core.main.TestCaseExecutor.runScript(TestCaseExecutor.java:448)
	at com.kms.katalon.core.main.TestCaseExecutor.doExecute(TestCaseExecutor.java:439)
	at com.kms.katalon.core.main.TestCaseExecutor.processExecutionPhase(TestCaseExecutor.java:418)
	at com.kms.katalon.core.main.TestCaseExecutor.accessMainPhase(TestCaseExecutor.java:410)
	at com.kms.katalon.core.main.TestCaseExecutor.execute(TestCaseExecutor.java:285)
	at com.kms.katalon.core.common.CommonExecutor.accessTestCaseMainPhase(CommonExecutor.java:65)
	at com.kms.katalon.core.main.TestSuiteExecutor.accessTestSuiteMainPhase(TestSuiteExecutor.java:150)
	at com.kms.katalon.core.main.TestSuiteExecutor.execute(TestSuiteExecutor.java:106)
	at com.kms.katalon.core.main.TestCaseMain.startTestSuite(TestCaseMain.java:180)
	at TempTestSuite1724853027584.run(TempTestSuite1724853027584.groovy:35)
	at java.base/jdk.internal.reflect.NativeMethodAccessorImpl.invoke0(Native Method)
	at java.base/jdk.internal.reflect.NativeMethodAccessorImpl.invoke(NativeMethodAccessorImpl.java:77)
	at java.base/jdk.internal.reflect.DelegatingMethodAccessorImpl.invoke(DelegatingMethodAccessorImpl.java:43)
Caused by: com.kms.katalon.core.exception.StepFailedException: Web element with id: 'Object Repository/EK_Objects/Page_Mozart - LocalSettlements/show_exceptions' located by 'By.xpath: //div[@class='pl-1']' is present after '10' second(s)
	at com.kms.katalon.core.webui.keyword.internal.WebUIKeywordMain.stepFailed(WebUIKeywordMain.groovy:64)
	at com.kms.katalon.core.webui.keyword.internal.WebUIKeywordMain$stepFailed$0.call(Unknown Source)
	at com.kms.katalon.core.webui.keyword.builtin.VerifyElementNotPresentKeyword$_verifyElementNotPresent_closure1.doCall(VerifyElementNotPresentKeyword.groovy:122)
	at com.kms.katalon.core.webui.keyword.builtin.VerifyElementNotPresentKeyword$_verifyElementNotPresent_closure1.doCall(VerifyElementNotPresentKeyword.groovy)
	at java.base/jdk.internal.reflect.NativeMethodAccessorImpl.invoke0(Native Method)
	at java.base/jdk.internal.reflect.NativeMethodAccessorImpl.invoke(NativeMethodAccessorImpl.java:77)
	at java.base/jdk.internal.reflect.DelegatingMethodAccessorImpl.invoke(DelegatingMethodAccessorImpl.java:43)
	at com.kms.katalon.core.webui.keyword.internal.WebUIKeywordMain.runKeyword(WebUIKeywordMain.groovy:20)
	... 21 more
)

28-08-2024T19:28:42 - [MESSAGE][FAILED] - Web element with id: 'Object Repository/EK_Objects/Page_Mozart - LocalSettlements/show_exceptions' located by 'By.xpath: //div[@class='pl-1']' is present after '10' second(s) (Root cause: com.kms.katalon.core.exception.StepFailedException: Web element with id: 'Object Repository/EK_Objects/Page_Mozart - LocalSettlements/show_exceptions' located by 'By.xpath: //div[@class='pl-1']' is present after '10' second(s)
	at com.kms.katalon.core.webui.keyword.internal.WebUIKeywordMain.stepFailed(WebUIKeywordMain.groovy:64)
	at com.kms.katalon.core.webui.keyword.internal.WebUIKeywordMain$stepFailed$0.call(Unknown Source)
	at com.kms.katalon.core.webui.keyword.builtin.VerifyElementNotPresentKeyword$_verifyElementNotPresent_closure1.doCall(VerifyElementNotPresentKeyword.groovy:122)
	at com.kms.katalon.core.webui.keyword.builtin.VerifyElementNotPresentKeyword$_verifyElementNotPresent_closure1.doCall(VerifyElementNotPresentKeyword.groovy)
	at java.base/jdk.internal.reflect.NativeMethodAccessorImpl.invoke0(Native Method)
	at java.base/jdk.internal.reflect.NativeMethodAccessorImpl.invoke(NativeMethodAccessorImpl.java:77)
	at java.base/jdk.internal.reflect.DelegatingMethodAccessorImpl.invoke(DelegatingMethodAccessorImpl.java:43)
	at com.kms.katalon.core.webui.keyword.internal.WebUIKeywordMain.runKeyword(WebUIKeywordMain.groovy:20)
	at com.kms.katalon.core.webui.keyword.internal.WebUIKeywordMain$runKeyword.call(Unknown Source)
	at com.kms.katalon.core.webui.keyword.builtin.VerifyElementNotPresentKeyword.verifyElementNotPresent(VerifyElementNotPresentKeyword.groovy:131)
	at com.kms.katalon.core.webui.keyword.builtin.VerifyElementNotPresentKeyword.execute(VerifyElementNotPresentKeyword.groovy:69)
	at com.kms.katalon.core.keyword.internal.KeywordExecutor.executeKeywordForPlatform(KeywordExecutor.groovy:74)
	at com.kms.katalon.core.webui.keyword.WebUiBuiltInKeywords.verifyElementNotPresent(WebUiBuiltInKeywords.groovy:1536)
	at TC 5_MOZ_11446 Verify Landing Page Layout and Filtering Area for the Local Settlements Module.run(TC 5_MOZ_11446 Verify Landing Page Layout and Filtering Area for the Local Settlements Module:38)
	at com.kms.katalon.core.main.ScriptEngine.run(ScriptEngine.java:194)
	at com.kms.katalon.core.main.ScriptEngine.runScriptAsRawText(ScriptEngine.java:119)
	at com.kms.katalon.core.main.TestCaseExecutor.runScript(TestCaseExecutor.java:448)
	at com.kms.katalon.core.main.TestCaseExecutor.doExecute(TestCaseExecutor.java:439)
	at com.kms.katalon.core.main.TestCaseExecutor.processExecutionPhase(TestCaseExecutor.java:418)
	at com.kms.katalon.core.main.TestCaseExecutor.accessMainPhase(TestCaseExecutor.java:410)
	at com.kms.katalon.core.main.TestCaseExecutor.execute(TestCaseExecutor.java:285)
	at com.kms.katalon.core.common.CommonExecutor.accessTestCaseMainPhase(CommonExecutor.java:65)
	at com.kms.katalon.core.main.TestSuiteExecutor.accessTestSuiteMainPhase(TestSuiteExecutor.java:150)
	at com.kms.katalon.core.main.TestSuiteExecutor.execute(TestSuiteExecutor.java:106)
	at com.kms.katalon.core.main.TestCaseMain.startTestSuite(TestCaseMain.java:180)
	at TempTestSuite1724853027584.run(TempTestSuite1724853027584.groovy:35)
	at java.base/jdk.internal.reflect.NativeMethodAccessorImpl.invoke0(Native Method)
	at java.base/jdk.internal.reflect.NativeMethodAccessorImpl.invoke(NativeMethodAccessorImpl.java:77)
	at java.base/jdk.internal.reflect.DelegatingMethodAccessorImpl.invoke(DelegatingMethodAccessorImpl.java:43)
)
[[ATTACHMENT|C:\\Users\\ranjit.vadar\\Katalon Studio\\Mozart Emirates\\Reports\\20240828_192027\\Suite MOZ-10510\\20240828_192027\\1724853522179.png]]

28-08-2024T19:28:42 - [MESSAGE][FAILED] - Unable to verify object 'Object Repository/EK_Objects/Page_Mozart - LocalSettlements/show_exceptions' is not present (Root cause: com.kms.katalon.core.exception.StepFailedException: Unable to verify object 'Object Repository/EK_Objects/Page_Mozart - LocalSettlements/show_exceptions' is not present
	at com.kms.katalon.core.webui.keyword.internal.WebUIKeywordMain.stepFailed(WebUIKeywordMain.groovy:64)
	at com.kms.katalon.core.webui.keyword.internal.WebUIKeywordMain.runKeyword(WebUIKeywordMain.groovy:26)
	at com.kms.katalon.core.webui.keyword.internal.WebUIKeywordMain$runKeyword.call(Unknown Source)
	at com.kms.katalon.core.webui.keyword.builtin.VerifyElementNotPresentKeyword.verifyElementNotPresent(VerifyElementNotPresentKeyword.groovy:131)
	at com.kms.katalon.core.webui.keyword.builtin.VerifyElementNotPresentKeyword.execute(VerifyElementNotPresentKeyword.groovy:69)
	at com.kms.katalon.core.keyword.internal.KeywordExecutor.executeKeywordForPlatform(KeywordExecutor.groovy:74)
	at com.kms.katalon.core.webui.keyword.WebUiBuiltInKeywords.verifyElementNotPresent(WebUiBuiltInKeywords.groovy:1536)
	at TC 5_MOZ_11446 Verify Landing Page Layout and Filtering Area for the Local Settlements Module.run(TC 5_MOZ_11446 Verify Landing Page Layout and Filtering Area for the Local Settlements Module:38)
	at com.kms.katalon.core.main.ScriptEngine.run(ScriptEngine.java:194)
	at com.kms.katalon.core.main.ScriptEngine.runScriptAsRawText(ScriptEngine.java:119)
	at com.kms.katalon.core.main.TestCaseExecutor.runScript(TestCaseExecutor.java:448)
	at com.kms.katalon.core.main.TestCaseExecutor.doExecute(TestCaseExecutor.java:439)
	at com.kms.katalon.core.main.TestCaseExecutor.processExecutionPhase(TestCaseExecutor.java:418)
	at com.kms.katalon.core.main.TestCaseExecutor.accessMainPhase(TestCaseExecutor.java:410)
	at com.kms.katalon.core.main.TestCaseExecutor.execute(TestCaseExecutor.java:285)
	at com.kms.katalon.core.common.CommonExecutor.accessTestCaseMainPhase(CommonExecutor.java:65)
	at com.kms.katalon.core.main.TestSuiteExecutor.accessTestSuiteMainPhase(TestSuiteExecutor.java:150)
	at com.kms.katalon.core.main.TestSuiteExecutor.execute(TestSuiteExecutor.java:106)
	at com.kms.katalon.core.main.TestCaseMain.startTestSuite(TestCaseMain.java:180)
	at TempTestSuite1724853027584.run(TempTestSuite1724853027584.groovy:35)
	at java.base/jdk.internal.reflect.NativeMethodAccessorImpl.invoke0(Native Method)
	at java.base/jdk.internal.reflect.NativeMethodAccessorImpl.invoke(NativeMethodAccessorImpl.java:77)
	at java.base/jdk.internal.reflect.DelegatingMethodAccessorImpl.invoke(DelegatingMethodAccessorImpl.java:43)
Caused by: com.kms.katalon.core.exception.StepFailedException: Web element with id: 'Object Repository/EK_Objects/Page_Mozart - LocalSettlements/show_exceptions' located by 'By.xpath: //div[@class='pl-1']' is present after '10' second(s)
	at com.kms.katalon.core.webui.keyword.internal.WebUIKeywordMain.stepFailed(WebUIKeywordMain.groovy:64)
	at com.kms.katalon.core.webui.keyword.internal.WebUIKeywordMain$stepFailed$0.call(Unknown Source)
	at com.kms.katalon.core.webui.keyword.builtin.VerifyElementNotPresentKeyword$_verifyElementNotPresent_closure1.doCall(VerifyElementNotPresentKeyword.groovy:122)
	at com.kms.katalon.core.webui.keyword.builtin.VerifyElementNotPresentKeyword$_verifyElementNotPresent_closure1.doCall(VerifyElementNotPresentKeyword.groovy)
	at java.base/jdk.internal.reflect.NativeMethodAccessorImpl.invoke0(Native Method)
	at java.base/jdk.internal.reflect.NativeMethodAccessorImpl.invoke(NativeMethodAccessorImpl.java:77)
	at java.base/jdk.internal.reflect.DelegatingMethodAccessorImpl.invoke(DelegatingMethodAccessorImpl.java:43)
	at com.kms.katalon.core.webui.keyword.internal.WebUIKeywordMain.runKeyword(WebUIKeywordMain.groovy:20)
	... 21 more
)
[[ATTACHMENT|C:\\Users\\ranjit.vadar\\Katalon Studio\\Mozart Emirates\\Reports\\20240828_192027\\Suite MOZ-10510\\20240828_192027\\1724853522359.png]]]]></system-out>
         <system-err><![CDATA[28-08-2024T19:26:51 - [TEST_CASE][FAILED] - Test Cases/MOZ-10510/TC 5_MOZ_11446 Verify Landing Page Layout and Filtering Area for the Local Settlements Module: Test Cases/MOZ-10510/TC 5_MOZ_11446 Verify Landing Page Layout and Filtering Area for the Local Settlements Module FAILED.
Reason:
com.kms.katalon.core.exception.StepFailedException: Unable to verify object 'Object Repository/EK_Objects/Page_Mozart - LocalSettlements/show_exceptions' is not present
	at com.kms.katalon.core.webui.keyword.internal.WebUIKeywordMain.stepFailed(WebUIKeywordMain.groovy:64)
	at com.kms.katalon.core.webui.keyword.internal.WebUIKeywordMain.runKeyword(WebUIKeywordMain.groovy:26)
	at com.kms.katalon.core.webui.keyword.internal.WebUIKeywordMain$runKeyword.call(Unknown Source)
	at com.kms.katalon.core.webui.keyword.builtin.VerifyElementNotPresentKeyword.verifyElementNotPresent(VerifyElementNotPresentKeyword.groovy:131)
	at com.kms.katalon.core.webui.keyword.builtin.VerifyElementNotPresentKeyword.execute(VerifyElementNotPresentKeyword.groovy:69)
	at com.kms.katalon.core.keyword.internal.KeywordExecutor.executeKeywordForPlatform(KeywordExecutor.groovy:74)
	at com.kms.katalon.core.webui.keyword.WebUiBuiltInKeywords.verifyElementNotPresent(WebUiBuiltInKeywords.groovy:1536)
	at TC 5_MOZ_11446 Verify Landing Page Layout and Filtering Area for the Local Settlements Module.run(TC 5_MOZ_11446 Verify Landing Page Layout and Filtering Area for the Local Settlements Module:38)
	at com.kms.katalon.core.main.ScriptEngine.run(ScriptEngine.java:194)
	at com.kms.katalon.core.main.ScriptEngine.runScriptAsRawText(ScriptEngine.java:119)
	at com.kms.katalon.core.main.TestCaseExecutor.runScript(TestCaseExecutor.java:448)
	at com.kms.katalon.core.main.TestCaseExecutor.doExecute(TestCaseExecutor.java:439)
	at com.kms.katalon.core.main.TestCaseExecutor.processExecutionPhase(TestCaseExecutor.java:418)
	at com.kms.katalon.core.main.TestCaseExecutor.accessMainPhase(TestCaseExecutor.java:410)
	at com.kms.katalon.core.main.TestCaseExecutor.execute(TestCaseExecutor.java:285)
	at com.kms.katalon.core.common.CommonExecutor.accessTestCaseMainPhase(CommonExecutor.java:65)
	at com.kms.katalon.core.main.TestSuiteExecutor.accessTestSuiteMainPhase(TestSuiteExecutor.java:150)
	at com.kms.katalon.core.main.TestSuiteExecutor.execute(TestSuiteExecutor.java:106)
	at com.kms.katalon.core.main.TestCaseMain.startTestSuite(TestCaseMain.java:180)
	at TempTestSuite1724853027584.run(TempTestSuite1724853027584.groovy:35)
	at java.base/jdk.internal.reflect.NativeMethodAccessorImpl.invoke0(Native Method)
	at java.base/jdk.internal.reflect.NativeMethodAccessorImpl.invoke(NativeMethodAccessorImpl.java:77)
	at java.base/jdk.internal.reflect.DelegatingMethodAccessorImpl.invoke(DelegatingMethodAccessorImpl.java:43)
Caused by: com.kms.katalon.core.exception.StepFailedException: Web element with id: 'Object Repository/EK_Objects/Page_Mozart - LocalSettlements/show_exceptions' located by 'By.xpath: //div[@class='pl-1']' is present after '10' second(s)
	at com.kms.katalon.core.webui.keyword.internal.WebUIKeywordMain.stepFailed(WebUIKeywordMain.groovy:64)
	at com.kms.katalon.core.webui.keyword.internal.WebUIKeywordMain$stepFailed$0.call(Unknown Source)
	at com.kms.katalon.core.webui.keyword.builtin.VerifyElementNotPresentKeyword$_verifyElementNotPresent_closure1.doCall(VerifyElementNotPresentKeyword.groovy:122)
	at com.kms.katalon.core.webui.keyword.builtin.VerifyElementNotPresentKeyword$_verifyElementNotPresent_closure1.doCall(VerifyElementNotPresentKeyword.groovy)
	at java.base/jdk.internal.reflect.NativeMethodAccessorImpl.invoke0(Native Method)
	at java.base/jdk.internal.reflect.NativeMethodAccessorImpl.invoke(NativeMethodAccessorImpl.java:77)
	at java.base/jdk.internal.reflect.DelegatingMethodAccessorImpl.invoke(DelegatingMethodAccessorImpl.java:43)
	at com.kms.katalon.core.webui.keyword.internal.WebUIKeywordMain.runKeyword(WebUIKeywordMain.groovy:20)
	... 21 more]]></system-err>
      </testcase>
      <testcase name="Test Cases/MOZ-10510/TC 4_MOZ_11445 Verify User Role other than the auditor or supervisor Access Levels for the Local Settlements Module" time="33.169" classname="Test Cases/MOZ-10510/TC 4_MOZ_11445 Verify User Role other than the auditor or supervisor Access Levels for the Local Settlements Module" status="PASSED">
         <system-out><![CDATA[28-08-2024T19:28:42 - [TEST_CASE][PASSED] - Test Cases/MOZ-10510/TC 4_MOZ_11445 Verify User Role other than the auditor or supervisor Access Levels for the Local Settlements Module: Test Cases/MOZ-10510/TC 4_MOZ_11445 Verify User Role other than the auditor or supervisor Access Levels for the Local Settlements Module

28-08-2024T19:28:42 - [TEST_STEP][PASSED] - demoPackage.MozartLogin.mozartLoginWithUser(): demoPackage.MozartLogin.mozartLoginWithUser is PASSED

28-08-2024T19:28:42 - [MESSAGE][WARNING] - A browser is already opened. Closing browser and opening a new one

28-08-2024T19:28:43 - [MESSAGE][INFO] - Starting 'Chrome' driver

28-08-2024T19:28:43 - [MESSAGE][INFO] - Action delay is set to 0 milliseconds

28-08-2024T19:28:44 - [MESSAGE][PASSED] - Browser is opened with url: ''

28-08-2024T19:28:45 - [MESSAGE][PASSED] - Navigate to 'https://accelyacomtest.accelya.local/MozartTest/AirlinesHub/Index' successfully

28-08-2024T19:28:45 - [MESSAGE][PASSED] - Current window maximized

28-08-2024T19:28:46 - [MESSAGE][PASSED] - Object: 'Object Repository/MozartChrome/ChromeAdvance/ClickOnAdvanceButton' is clicked on

28-08-2024T19:29:00 - [MESSAGE][PASSED] - Object: 'Object Repository/MozartChrome/ChromeAdvance/ProccedLink' is clicked on

28-08-2024T19:29:01 - [MESSAGE][PASSED] - Text 'ranajitvadar' is set on object 'Object Repository/MozartChrome/Page_/input_Username_Login'

28-08-2024T19:29:01 - [MESSAGE][PASSED] - Object: 'Object Repository/MozartChrome/Page_/button_Next' is clicked on

28-08-2024T19:29:02 - [MESSAGE][PASSED] - Text 'Accelya.1' is set on object 'Object Repository/MozartChrome/Page_/input_Password_Password'

28-08-2024T19:29:02 - [MESSAGE][PASSED] - Object: 'Object Repository/MozartChrome/Page_/button_Sign in' is clicked on

28-08-2024T19:29:02 - [MESSAGE][PASSED] - demoPackage.MozartLogin.mozartLoginWithUser is PASSED

28-08-2024T19:29:02 - [TEST_STEP][PASSED] - delay(1): Delayed 1 second(s)

28-08-2024T19:29:03 - [MESSAGE][PASSED] - Delayed 1 second(s)

28-08-2024T19:29:03 - [TEST_STEP][PASSED] - click(findTestObject("EK_Objects/Page_Mozart - Dashboard/a_Refunds")): Object: 'Object Repository/EK_Objects/Page_Mozart - Dashboard/a_Refunds' is clicked on

28-08-2024T19:29:14 - [MESSAGE][PASSED] - Object: 'Object Repository/EK_Objects/Page_Mozart - Dashboard/a_Refunds' is clicked on

28-08-2024T19:29:14 - [TEST_STEP][PASSED] - verifyElementPresent(findTestObject("EK_Objects/Page_Mozart - Dashboard/Click_On_Local_Settlements"), 2): Object 'Object Repository/EK_Objects/Page_Mozart - Dashboard/Click_On_Local_Settlements' is present

28-08-2024T19:29:15 - [MESSAGE][PASSED] - Object 'Object Repository/EK_Objects/Page_Mozart - Dashboard/Click_On_Local_Settlements' is present

28-08-2024T19:29:15 - [TEST_STEP][PASSED] - closeBrowser(): Browser is closed

28-08-2024T19:29:15 - [MESSAGE][PASSED] - Browser is closed]]></system-out>
         <system-err><![CDATA[]]></system-err>
      </testcase>
      <testcase name="Test Cases/MOZ-10510/TC 3_MOZ_11445 Verify User Role Auditor Access Levels for the Local Settlements Module" time="32.446" classname="Test Cases/MOZ-10510/TC 3_MOZ_11445 Verify User Role Auditor Access Levels for the Local Settlements Module" status="PASSED">
         <system-out><![CDATA[28-08-2024T19:29:15 - [TEST_CASE][PASSED] - Test Cases/MOZ-10510/TC 3_MOZ_11445 Verify User Role Auditor Access Levels for the Local Settlements Module: Test Cases/MOZ-10510/TC 3_MOZ_11445 Verify User Role Auditor Access Levels for the Local Settlements Module

28-08-2024T19:29:15 - [TEST_STEP][PASSED] - demoPackage.MozartLogin.mozartLoginWithUser(): demoPackage.MozartLogin.mozartLoginWithUser is PASSED

28-08-2024T19:29:15 - [MESSAGE][INFO] - Starting 'Chrome' driver

28-08-2024T19:29:15 - [MESSAGE][INFO] - Action delay is set to 0 milliseconds

28-08-2024T19:29:17 - [MESSAGE][PASSED] - Browser is opened with url: ''

28-08-2024T19:29:18 - [MESSAGE][PASSED] - Navigate to 'https://accelyacomtest.accelya.local/MozartTest/AirlinesHub/Index' successfully

28-08-2024T19:29:18 - [MESSAGE][PASSED] - Current window maximized

28-08-2024T19:29:18 - [MESSAGE][PASSED] - Object: 'Object Repository/MozartChrome/ChromeAdvance/ClickOnAdvanceButton' is clicked on

28-08-2024T19:29:33 - [MESSAGE][PASSED] - Object: 'Object Repository/MozartChrome/ChromeAdvance/ProccedLink' is clicked on

28-08-2024T19:29:33 - [MESSAGE][PASSED] - Text 'ranajitvadar' is set on object 'Object Repository/MozartChrome/Page_/input_Username_Login'

28-08-2024T19:29:34 - [MESSAGE][PASSED] - Object: 'Object Repository/MozartChrome/Page_/button_Next' is clicked on

28-08-2024T19:29:35 - [MESSAGE][PASSED] - Text 'Accelya.1' is set on object 'Object Repository/MozartChrome/Page_/input_Password_Password'

28-08-2024T19:29:35 - [MESSAGE][PASSED] - Object: 'Object Repository/MozartChrome/Page_/button_Sign in' is clicked on

28-08-2024T19:29:35 - [MESSAGE][PASSED] - demoPackage.MozartLogin.mozartLoginWithUser is PASSED

28-08-2024T19:29:35 - [TEST_STEP][PASSED] - delay(2): Delayed 2 second(s)

28-08-2024T19:29:37 - [MESSAGE][PASSED] - Delayed 2 second(s)

28-08-2024T19:29:37 - [TEST_STEP][PASSED] - click(findTestObject("EK_Objects/Page_Mozart - Dashboard/a_Refunds")): Object: 'Object Repository/EK_Objects/Page_Mozart - Dashboard/a_Refunds' is clicked on

28-08-2024T19:29:47 - [MESSAGE][PASSED] - Object: 'Object Repository/EK_Objects/Page_Mozart - Dashboard/a_Refunds' is clicked on

28-08-2024T19:29:47 - [TEST_STEP][PASSED] - verifyElementPresent(findTestObject("EK_Objects/Page_Mozart - Dashboard/Click_On_Local_Settlements"), 2): Object 'Object Repository/EK_Objects/Page_Mozart - Dashboard/Click_On_Local_Settlements' is present

28-08-2024T19:29:47 - [MESSAGE][PASSED] - Object 'Object Repository/EK_Objects/Page_Mozart - Dashboard/Click_On_Local_Settlements' is present

28-08-2024T19:29:47 - [TEST_STEP][PASSED] - closeBrowser(): Browser is closed

28-08-2024T19:29:48 - [MESSAGE][PASSED] - Browser is closed]]></system-out>
         <system-err><![CDATA[]]></system-err>
      </testcase>
      <testcase name="Test Cases/MOZ-10510/TC 2_MOZ_11445 Verify User Role Supervisor Access Levels for the Local Settlements Module" time="39.194" classname="Test Cases/MOZ-10510/TC 2_MOZ_11445 Verify User Role Supervisor Access Levels for the Local Settlements Module" status="PASSED">
         <system-out><![CDATA[28-08-2024T19:29:48 - [TEST_CASE][PASSED] - Test Cases/MOZ-10510/TC 2_MOZ_11445 Verify User Role Supervisor Access Levels for the Local Settlements Module: Test Cases/MOZ-10510/TC 2_MOZ_11445 Verify User Role Supervisor Access Levels for the Local Settlements Module

28-08-2024T19:29:48 - [TEST_STEP][PASSED] - demoPackage.MozartLogin.mozartLoginWithUser(): demoPackage.MozartLogin.mozartLoginWithUser is PASSED

28-08-2024T19:29:48 - [MESSAGE][INFO] - Starting 'Chrome' driver

28-08-2024T19:29:48 - [MESSAGE][INFO] - Action delay is set to 0 milliseconds

28-08-2024T19:29:49 - [MESSAGE][PASSED] - Browser is opened with url: ''

28-08-2024T19:29:50 - [MESSAGE][PASSED] - Navigate to 'https://accelyacomtest.accelya.local/MozartTest/AirlinesHub/Index' successfully

28-08-2024T19:29:50 - [MESSAGE][PASSED] - Current window maximized

28-08-2024T19:29:50 - [MESSAGE][PASSED] - Object: 'Object Repository/MozartChrome/ChromeAdvance/ClickOnAdvanceButton' is clicked on

28-08-2024T19:30:13 - [MESSAGE][PASSED] - Object: 'Object Repository/MozartChrome/ChromeAdvance/ProccedLink' is clicked on

28-08-2024T19:30:14 - [MESSAGE][PASSED] - Text 'ranajitvadar' is set on object 'Object Repository/MozartChrome/Page_/input_Username_Login'

28-08-2024T19:30:14 - [MESSAGE][PASSED] - Object: 'Object Repository/MozartChrome/Page_/button_Next' is clicked on

28-08-2024T19:30:15 - [MESSAGE][PASSED] - Text 'Accelya.1' is set on object 'Object Repository/MozartChrome/Page_/input_Password_Password'

28-08-2024T19:30:16 - [MESSAGE][PASSED] - Object: 'Object Repository/MozartChrome/Page_/button_Sign in' is clicked on

28-08-2024T19:30:16 - [MESSAGE][PASSED] - demoPackage.MozartLogin.mozartLoginWithUser is PASSED

28-08-2024T19:30:16 - [TEST_STEP][PASSED] - click(findTestObject("EK_Objects/Page_Mozart - Dashboard/a_Refunds")): Object: 'Object Repository/EK_Objects/Page_Mozart - Dashboard/a_Refunds' is clicked on

28-08-2024T19:30:26 - [MESSAGE][PASSED] - Object: 'Object Repository/EK_Objects/Page_Mozart - Dashboard/a_Refunds' is clicked on

28-08-2024T19:30:26 - [TEST_STEP][PASSED] - verifyElementPresent(findTestObject("EK_Objects/Page_Mozart - Dashboard/Click_On_Local_Settlements"), 2): Object 'Object Repository/EK_Objects/Page_Mozart - Dashboard/Click_On_Local_Settlements' is present

28-08-2024T19:30:26 - [MESSAGE][PASSED] - Object 'Object Repository/EK_Objects/Page_Mozart - Dashboard/Click_On_Local_Settlements' is present

28-08-2024T19:30:26 - [TEST_STEP][PASSED] - closeBrowser(): Browser is closed

28-08-2024T19:30:27 - [MESSAGE][PASSED] - Browser is closed]]></system-out>
         <system-err><![CDATA[]]></system-err>
      </testcase>
      <testcase name="Test Cases/MOZ-10510/TC 1_MOZ_11444 Verify Creation of the Local Settlements Module in Mozart" time="153.15" classname="Test Cases/MOZ-10510/TC 1_MOZ_11444 Verify Creation of the Local Settlements Module in Mozart" status="PASSED">
         <system-out><![CDATA[28-08-2024T19:30:27 - [TEST_CASE][PASSED] - Test Cases/MOZ-10510/TC 1_MOZ_11444 Verify Creation of the Local Settlements Module in Mozart: Test Cases/MOZ-10510/TC 1_MOZ_11444 Verify Creation of the Local Settlements Module in Mozart

28-08-2024T19:30:27 - [TEST_STEP][PASSED] - demoPackage.MozartLogin.mozartLoginWithUser(): demoPackage.MozartLogin.mozartLoginWithUser is PASSED

28-08-2024T19:30:27 - [MESSAGE][INFO] - Starting 'Chrome' driver

28-08-2024T19:30:27 - [MESSAGE][INFO] - Action delay is set to 0 milliseconds

28-08-2024T19:30:29 - [MESSAGE][PASSED] - Browser is opened with url: ''

28-08-2024T19:30:29 - [MESSAGE][PASSED] - Navigate to 'https://accelyacomtest.accelya.local/MozartTest/AirlinesHub/Index' successfully

28-08-2024T19:30:29 - [MESSAGE][PASSED] - Current window maximized

28-08-2024T19:30:30 - [MESSAGE][PASSED] - Object: 'Object Repository/MozartChrome/ChromeAdvance/ClickOnAdvanceButton' is clicked on

28-08-2024T19:30:44 - [MESSAGE][PASSED] - Object: 'Object Repository/MozartChrome/ChromeAdvance/ProccedLink' is clicked on

28-08-2024T19:30:45 - [MESSAGE][PASSED] - Text 'ranajitvadar' is set on object 'Object Repository/MozartChrome/Page_/input_Username_Login'

28-08-2024T19:30:45 - [MESSAGE][PASSED] - Object: 'Object Repository/MozartChrome/Page_/button_Next' is clicked on

28-08-2024T19:30:46 - [MESSAGE][PASSED] - Text 'Accelya.1' is set on object 'Object Repository/MozartChrome/Page_/input_Password_Password'

28-08-2024T19:30:47 - [MESSAGE][PASSED] - Object: 'Object Repository/MozartChrome/Page_/button_Sign in' is clicked on

28-08-2024T19:30:47 - [MESSAGE][PASSED] - demoPackage.MozartLogin.mozartLoginWithUser is PASSED

28-08-2024T19:30:47 - [TEST_STEP][PASSED] - click(findTestObject("EK_Objects/Page_Mozart - Dashboard/a_Refunds")): Object: 'Object Repository/EK_Objects/Page_Mozart - Dashboard/a_Refunds' is clicked on

28-08-2024T19:32:59 - [MESSAGE][PASSED] - Object: 'Object Repository/EK_Objects/Page_Mozart - Dashboard/a_Refunds' is clicked on

28-08-2024T19:32:59 - [TEST_STEP][PASSED] - verifyElementPresent(findTestObject("EK_Objects/Page_Mozart - Dashboard/Click_On_Local_Settlements"), 2): Object 'Object Repository/EK_Objects/Page_Mozart - Dashboard/Click_On_Local_Settlements' is present

28-08-2024T19:32:59 - [MESSAGE][PASSED] - Object 'Object Repository/EK_Objects/Page_Mozart - Dashboard/Click_On_Local_Settlements' is present

28-08-2024T19:32:59 - [TEST_STEP][PASSED] - closeBrowser(): Browser is closed

28-08-2024T19:33:00 - [MESSAGE][PASSED] - Browser is closed]]></system-out>
         <system-err><![CDATA[]]></system-err>
      </testcase>
      <system-out><![CDATA[28-08-2024T19:20:37 - [TEST_SUITE][FAILED] - Suite MOZ-10510: Test Cases/MOZ-10510/TC 5_MOZ_11446 Verify Landing Page Layout and Filtering Area for the Local Settlements Module FAILED.
Reason:
com.kms.katalon.core.exception.StepFailedException: Unable to verify object 'Object Repository/EK_Objects/Page_Mozart - LocalSettlements/show_exceptions' is not present
	at com.kms.katalon.core.webui.keyword.internal.WebUIKeywordMain.stepFailed(WebUIKeywordMain.groovy:64)
	at com.kms.katalon.core.webui.keyword.internal.WebUIKeywordMain.runKeyword(WebUIKeywordMain.groovy:26)
	at com.kms.katalon.core.webui.keyword.internal.WebUIKeywordMain$runKeyword.call(Unknown Source)
	at com.kms.katalon.core.webui.keyword.builtin.VerifyElementNotPresentKeyword.verifyElementNotPresent(VerifyElementNotPresentKeyword.groovy:131)
	at com.kms.katalon.core.webui.keyword.builtin.VerifyElementNotPresentKeyword.execute(VerifyElementNotPresentKeyword.groovy:69)
	at com.kms.katalon.core.keyword.internal.KeywordExecutor.executeKeywordForPlatform(KeywordExecutor.groovy:74)
	at com.kms.katalon.core.webui.keyword.WebUiBuiltInKeywords.verifyElementNotPresent(WebUiBuiltInKeywords.groovy:1536)
	at TC 5_MOZ_11446 Verify Landing Page Layout and Filtering Area for the Local Settlements Module.run(TC 5_MOZ_11446 Verify Landing Page Layout and Filtering Area for the Local Settlements Module:38)
	at com.kms.katalon.core.main.ScriptEngine.run(ScriptEngine.java:194)
	at com.kms.katalon.core.main.ScriptEngine.runScriptAsRawText(ScriptEngine.java:119)
	at com.kms.katalon.core.main.TestCaseExecutor.runScript(TestCaseExecutor.java:448)
	at com.kms.katalon.core.main.TestCaseExecutor.doExecute(TestCaseExecutor.java:439)
	at com.kms.katalon.core.main.TestCaseExecutor.processExecutionPhase(TestCaseExecutor.java:418)
	at com.kms.katalon.core.main.TestCaseExecutor.accessMainPhase(TestCaseExecutor.java:410)
	at com.kms.katalon.core.main.TestCaseExecutor.execute(TestCaseExecutor.java:285)
	at com.kms.katalon.core.common.CommonExecutor.accessTestCaseMainPhase(CommonExecutor.java:65)
	at com.kms.katalon.core.main.TestSuiteExecutor.accessTestSuiteMainPhase(TestSuiteExecutor.java:150)
	at com.kms.katalon.core.main.TestSuiteExecutor.execute(TestSuiteExecutor.java:106)
	at com.kms.katalon.core.main.TestCaseMain.startTestSuite(TestCaseMain.java:180)
	at TempTestSuite1724853027584.run(TempTestSuite1724853027584.groovy:35)
	at java.base/jdk.internal.reflect.NativeMethodAccessorImpl.invoke0(Native Method)
	at java.base/jdk.internal.reflect.NativeMethodAccessorImpl.invoke(NativeMethodAccessorImpl.java:77)
	at java.base/jdk.internal.reflect.DelegatingMethodAccessorImpl.invoke(DelegatingMethodAccessorImpl.java:43)
Caused by: com.kms.katalon.core.exception.StepFailedException: Web element with id: 'Object Repository/EK_Objects/Page_Mozart - LocalSettlements/show_exceptions' located by 'By.xpath: //div[@class='pl-1']' is present after '10' second(s)
	at com.kms.katalon.core.webui.keyword.internal.WebUIKeywordMain.stepFailed(WebUIKeywordMain.groovy:64)
	at com.kms.katalon.core.webui.keyword.internal.WebUIKeywordMain$stepFailed$0.call(Unknown Source)
	at com.kms.katalon.core.webui.keyword.builtin.VerifyElementNotPresentKeyword$_verifyElementNotPresent_closure1.doCall(VerifyElementNotPresentKeyword.groovy:122)
	at com.kms.katalon.core.webui.keyword.builtin.VerifyElementNotPresentKeyword$_verifyElementNotPresent_closure1.doCall(VerifyElementNotPresentKeyword.groovy)
	at java.base/jdk.internal.reflect.NativeMethodAccessorImpl.invoke0(Native Method)
	at java.base/jdk.internal.reflect.NativeMethodAccessorImpl.invoke(NativeMethodAccessorImpl.java:77)
	at java.base/jdk.internal.reflect.DelegatingMethodAccessorImpl.invoke(DelegatingMethodAccessorImpl.java:43)
	at com.kms.katalon.core.webui.keyword.internal.WebUIKeywordMain.runKeyword(WebUIKeywordMain.groovy:20)
	... 21 more]]></system-out>
      <system-err><![CDATA[28-08-2024T19:20:37 - [TEST_SUITE][FAILED] - Suite MOZ-10510: Test Cases/MOZ-10510/TC 5_MOZ_11446 Verify Landing Page Layout and Filtering Area for the Local Settlements Module FAILED.
Reason:
com.kms.katalon.core.exception.StepFailedException: Unable to verify object 'Object Repository/EK_Objects/Page_Mozart - LocalSettlements/show_exceptions' is not present
	at com.kms.katalon.core.webui.keyword.internal.WebUIKeywordMain.stepFailed(WebUIKeywordMain.groovy:64)
	at com.kms.katalon.core.webui.keyword.internal.WebUIKeywordMain.runKeyword(WebUIKeywordMain.groovy:26)
	at com.kms.katalon.core.webui.keyword.internal.WebUIKeywordMain$runKeyword.call(Unknown Source)
	at com.kms.katalon.core.webui.keyword.builtin.VerifyElementNotPresentKeyword.verifyElementNotPresent(VerifyElementNotPresentKeyword.groovy:131)
	at com.kms.katalon.core.webui.keyword.builtin.VerifyElementNotPresentKeyword.execute(VerifyElementNotPresentKeyword.groovy:69)
	at com.kms.katalon.core.keyword.internal.KeywordExecutor.executeKeywordForPlatform(KeywordExecutor.groovy:74)
	at com.kms.katalon.core.webui.keyword.WebUiBuiltInKeywords.verifyElementNotPresent(WebUiBuiltInKeywords.groovy:1536)
	at TC 5_MOZ_11446 Verify Landing Page Layout and Filtering Area for the Local Settlements Module.run(TC 5_MOZ_11446 Verify Landing Page Layout and Filtering Area for the Local Settlements Module:38)
	at com.kms.katalon.core.main.ScriptEngine.run(ScriptEngine.java:194)
	at com.kms.katalon.core.main.ScriptEngine.runScriptAsRawText(ScriptEngine.java:119)
	at com.kms.katalon.core.main.TestCaseExecutor.runScript(TestCaseExecutor.java:448)
	at com.kms.katalon.core.main.TestCaseExecutor.doExecute(TestCaseExecutor.java:439)
	at com.kms.katalon.core.main.TestCaseExecutor.processExecutionPhase(TestCaseExecutor.java:418)
	at com.kms.katalon.core.main.TestCaseExecutor.accessMainPhase(TestCaseExecutor.java:410)
	at com.kms.katalon.core.main.TestCaseExecutor.execute(TestCaseExecutor.java:285)
	at com.kms.katalon.core.common.CommonExecutor.accessTestCaseMainPhase(CommonExecutor.java:65)
	at com.kms.katalon.core.main.TestSuiteExecutor.accessTestSuiteMainPhase(TestSuiteExecutor.java:150)
	at com.kms.katalon.core.main.TestSuiteExecutor.execute(TestSuiteExecutor.java:106)
	at com.kms.katalon.core.main.TestCaseMain.startTestSuite(TestCaseMain.java:180)
	at TempTestSuite1724853027584.run(TempTestSuite1724853027584.groovy:35)
	at java.base/jdk.internal.reflect.NativeMethodAccessorImpl.invoke0(Native Method)
	at java.base/jdk.internal.reflect.NativeMethodAccessorImpl.invoke(NativeMethodAccessorImpl.java:77)
	at java.base/jdk.internal.reflect.DelegatingMethodAccessorImpl.invoke(DelegatingMethodAccessorImpl.java:43)
Caused by: com.kms.katalon.core.exception.StepFailedException: Web element with id: 'Object Repository/EK_Objects/Page_Mozart - LocalSettlements/show_exceptions' located by 'By.xpath: //div[@class='pl-1']' is present after '10' second(s)
	at com.kms.katalon.core.webui.keyword.internal.WebUIKeywordMain.stepFailed(WebUIKeywordMain.groovy:64)
	at com.kms.katalon.core.webui.keyword.internal.WebUIKeywordMain$stepFailed$0.call(Unknown Source)
	at com.kms.katalon.core.webui.keyword.builtin.VerifyElementNotPresentKeyword$_verifyElementNotPresent_closure1.doCall(VerifyElementNotPresentKeyword.groovy:122)
	at com.kms.katalon.core.webui.keyword.builtin.VerifyElementNotPresentKeyword$_verifyElementNotPresent_closure1.doCall(VerifyElementNotPresentKeyword.groovy)
	at java.base/jdk.internal.reflect.NativeMethodAccessorImpl.invoke0(Native Method)
	at java.base/jdk.internal.reflect.NativeMethodAccessorImpl.invoke(NativeMethodAccessorImpl.java:77)
	at java.base/jdk.internal.reflect.DelegatingMethodAccessorImpl.invoke(DelegatingMethodAccessorImpl.java:43)
	at com.kms.katalon.core.webui.keyword.internal.WebUIKeywordMain.runKeyword(WebUIKeywordMain.groovy:20)
	... 21 more]]></system-err>
   </testsuite>
</testsuites>
