<?xml version="1.0" encoding="UTF-8"?>
<testsuites name="Suite MOZ-10510" time="1248.3" tests="10" failures="3" errors="4">
   <testsuite name="Suite MOZ-10510" tests="10" failures="3" errors="4" time="1248.3" skipped="0" timestamp="27-08-2024T22:47:48" hostname="ranajit.vadar - CCE0231.accelya.local" id="Test Suites/Suite MOZ-10510">
      <properties>
         <property name="deviceName" value=""/>
         <property name="devicePlatform"/>
         <property name="logFolder" value="C:\\Users\\ranjit.vadar\\Katalon Studio\\Mozart Emirates\\Reports\\20240827_224738\\Suite MOZ-10510\\20240827_224738"/>
         <property name="logFiles" value="C:\\Users\\ranjit.vadar\\Katalon Studio\\Mozart Emirates\\Reports\\20240827_224738\\Suite MOZ-10510\\20240827_224738\\execution0.log"/>
         <property name="attachments" value="C:\\Users\\ranjit.vadar\\Katalon Studio\\Mozart Emirates\\Reports\\20240827_224738\\Suite MOZ-10510\\20240827_224738\\1724779861683.png, C:\\Users\\ranjit.vadar\\Katalon Studio\\Mozart Emirates\\Reports\\20240827_224738\\Suite MOZ-10510\\20240827_224738\\1724780088317.png, C:\\Users\\ranjit.vadar\\Katalon Studio\\Mozart Emirates\\Reports\\20240827_224738\\Suite MOZ-10510\\20240827_224738\\1724780096577.png"/>
         <property name="hostName" value="ranajit.vadar - CCE0231.accelya.local"/>
         <property name="os" value="Windows 10 64bit"/>
         <property name="katalonVersion" value="9.5.0.217"/>
         <property name="browser" value="Chrome 127.0.0.0"/>
         <property name="hostAddress" value="10.50.0.221"/>
         <property name="sessionId" value="d3c1d66d0de164ffa0167d96622cf4e8"/>
         <property name="seleniumVersion" value="3.141.59"/>
         <property name="proxyInformation" value="ProxyInformation { proxyOption=NO_PROXY, proxyServerType=HTTP, username=, password=********, proxyServerAddress=, proxyServerPort=0, executionList=&quot;&quot;, isApplyToDesiredCapabilities=true }"/>
         <property name="platform" value="Windows 10"/>
      </properties>
      <testcase name="Test Cases/MOZ-10510/TC10_MOZ_11451 Display of Refundable Amount and FOP in the Grid" time="236.168" classname="Test Cases/MOZ-10510/TC10_MOZ_11451 Display of Refundable Amount and FOP in the Grid" status="ERROR">
         <error type="ERROR" message="Test Cases/MOZ-10510/TC10_MOZ_11451 Display of Refundable Amount and FOP in the Grid FAILED.&#xa;Reason:&#xa;org.codehaus.groovy.runtime.InvokerInvocationException: java.lang.AssertionError: The following asserts failed:&#xa;	amount fail expected [true] but found [false]&#xa;	at com.kms.katalon.core.main.CustomKeywordDelegatingMetaClass.invokeStaticMethod(CustomKeywordDelegatingMetaClass.java:55)&#xa;	at TC10_MOZ_11451 Display of Refundable Amount and FOP in the Grid.run(TC10_MOZ_11451 Display of Refundable Amount and FOP in the Grid:60)&#xa;	at com.kms.katalon.core.main.ScriptEngine.run(ScriptEngine.java:194)&#xa;	at com.kms.katalon.core.main.ScriptEngine.runScriptAsRawText(ScriptEngine.java:119)&#xa;	at com.kms.katalon.core.main.TestCaseExecutor.runScript(TestCaseExecutor.java:448)&#xa;	at com.kms.katalon.core.main.TestCaseExecutor.doExecute(TestCaseExecutor.java:439)&#xa;	at com.kms.katalon.core.main.TestCaseExecutor.processExecutionPhase(TestCaseExecutor.java:418)&#xa;	at com.kms.katalon.core.main.TestCaseExecutor.accessMainPhase(TestCaseExecutor.java:410)&#xa;	at com.kms.katalon.core.main.TestCaseExecutor.execute(TestCaseExecutor.java:285)&#xa;	at com.kms.katalon.core.common.CommonExecutor.accessTestCaseMainPhase(CommonExecutor.java:65)&#xa;	at com.kms.katalon.core.main.TestSuiteExecutor.accessTestSuiteMainPhase(TestSuiteExecutor.java:150)&#xa;	at com.kms.katalon.core.main.TestSuiteExecutor.execute(TestSuiteExecutor.java:106)&#xa;	at com.kms.katalon.core.main.TestCaseMain.startTestSuite(TestCaseMain.java:180)&#xa;	at TempTestSuite1724779058748.run(TempTestSuite1724779058748.groovy:35)&#xa;	at java.base/jdk.internal.reflect.NativeMethodAccessorImpl.invoke0(Native Method)&#xa;	at java.base/jdk.internal.reflect.NativeMethodAccessorImpl.invoke(NativeMethodAccessorImpl.java:77)&#xa;	at java.base/jdk.internal.reflect.DelegatingMethodAccessorImpl.invoke(DelegatingMethodAccessorImpl.java:43)&#xa;Caused by: java.lang.AssertionError: The following asserts failed:&#xa;	amount fail expected [true] but found [false]&#xa;	at org.testng.asserts.SoftAssert.assertAll(SoftAssert.java:46)&#xa;	at org.testng.asserts.SoftAssert.assertAll(SoftAssert.java:30)&#xa;	at utilityClass.CustomSoftAssert.assertAll(CustomSoftAssert.groovy:44)&#xa;	at java.base/jdk.internal.reflect.NativeMethodAccessorImpl.invoke0(Native Method)&#xa;	at java.base/jdk.internal.reflect.NativeMethodAccessorImpl.invoke(NativeMethodAccessorImpl.java:77)&#xa;	at java.base/jdk.internal.reflect.DelegatingMethodAccessorImpl.invoke(DelegatingMethodAccessorImpl.java:43)&#xa;	... 17 more&#xa;"/>
         <system-out><![CDATA[27-08-2024T22:47:49 - [TEST_CASE][ERROR] - Test Cases/MOZ-10510/TC10_MOZ_11451 Display of Refundable Amount and FOP in the Grid: Test Cases/MOZ-10510/TC10_MOZ_11451 Display of Refundable Amount and FOP in the Grid FAILED.
Reason:
org.codehaus.groovy.runtime.InvokerInvocationException: java.lang.AssertionError: The following asserts failed:
	amount fail expected [true] but found [false]
	at com.kms.katalon.core.main.CustomKeywordDelegatingMetaClass.invokeStaticMethod(CustomKeywordDelegatingMetaClass.java:55)
	at TC10_MOZ_11451 Display of Refundable Amount and FOP in the Grid.run(TC10_MOZ_11451 Display of Refundable Amount and FOP in the Grid:60)
	at com.kms.katalon.core.main.ScriptEngine.run(ScriptEngine.java:194)
	at com.kms.katalon.core.main.ScriptEngine.runScriptAsRawText(ScriptEngine.java:119)
	at com.kms.katalon.core.main.TestCaseExecutor.runScript(TestCaseExecutor.java:448)
	at com.kms.katalon.core.main.TestCaseExecutor.doExecute(TestCaseExecutor.java:439)
	at com.kms.katalon.core.main.TestCaseExecutor.processExecutionPhase(TestCaseExecutor.java:418)
	at com.kms.katalon.core.main.TestCaseExecutor.accessMainPhase(TestCaseExecutor.java:410)
	at com.kms.katalon.core.main.TestCaseExecutor.execute(TestCaseExecutor.java:285)
	at com.kms.katalon.core.common.CommonExecutor.accessTestCaseMainPhase(CommonExecutor.java:65)
	at com.kms.katalon.core.main.TestSuiteExecutor.accessTestSuiteMainPhase(TestSuiteExecutor.java:150)
	at com.kms.katalon.core.main.TestSuiteExecutor.execute(TestSuiteExecutor.java:106)
	at com.kms.katalon.core.main.TestCaseMain.startTestSuite(TestCaseMain.java:180)
	at TempTestSuite1724779058748.run(TempTestSuite1724779058748.groovy:35)
	at java.base/jdk.internal.reflect.NativeMethodAccessorImpl.invoke0(Native Method)
	at java.base/jdk.internal.reflect.NativeMethodAccessorImpl.invoke(NativeMethodAccessorImpl.java:77)
	at java.base/jdk.internal.reflect.DelegatingMethodAccessorImpl.invoke(DelegatingMethodAccessorImpl.java:43)
Caused by: java.lang.AssertionError: The following asserts failed:
	amount fail expected [true] but found [false]
	at org.testng.asserts.SoftAssert.assertAll(SoftAssert.java:46)
	at org.testng.asserts.SoftAssert.assertAll(SoftAssert.java:30)
	at utilityClass.CustomSoftAssert.assertAll(CustomSoftAssert.groovy:44)
	at java.base/jdk.internal.reflect.NativeMethodAccessorImpl.invoke0(Native Method)
	at java.base/jdk.internal.reflect.NativeMethodAccessorImpl.invoke(NativeMethodAccessorImpl.java:77)
	at java.base/jdk.internal.reflect.DelegatingMethodAccessorImpl.invoke(DelegatingMethodAccessorImpl.java:43)
	... 17 more


27-08-2024T22:47:50 - [TEST_STEP][PASSED] - demoPackage.MozartLogin.mozartLoginWithUser(): demoPackage.MozartLogin.mozartLoginWithUser is PASSED

27-08-2024T22:47:51 - [MESSAGE][INFO] - Starting 'Chrome' driver

27-08-2024T22:47:51 - [MESSAGE][INFO] - Action delay is set to 0 milliseconds

27-08-2024T22:47:54 - [MESSAGE][PASSED] - Browser is opened with url: ''

27-08-2024T22:47:57 - [MESSAGE][PASSED] - Navigate to 'https://accelyacomtest.accelya.local/MozartTest/AirlinesHub/Index' successfully

27-08-2024T22:47:57 - [MESSAGE][PASSED] - Current window maximized

27-08-2024T22:47:57 - [MESSAGE][PASSED] - Object: 'Object Repository/MozartChrome/ChromeAdvance/ClickOnAdvanceButton' is clicked on

27-08-2024T22:49:55 - [MESSAGE][PASSED] - Object: 'Object Repository/MozartChrome/ChromeAdvance/ProccedLink' is clicked on

27-08-2024T22:49:56 - [MESSAGE][PASSED] - Text 'ranajitvadar' is set on object 'Object Repository/MozartChrome/Page_/input_Username_Login'

27-08-2024T22:49:57 - [MESSAGE][PASSED] - Object: 'Object Repository/MozartChrome/Page_/button_Next' is clicked on

27-08-2024T22:50:00 - [MESSAGE][PASSED] - Text 'Accelya.1' is set on object 'Object Repository/MozartChrome/Page_/input_Password_Password'

27-08-2024T22:50:00 - [MESSAGE][PASSED] - Object: 'Object Repository/MozartChrome/Page_/button_Sign in' is clicked on

27-08-2024T22:50:00 - [MESSAGE][PASSED] - demoPackage.MozartLogin.mozartLoginWithUser is PASSED

27-08-2024T22:50:00 - [TEST_STEP][PASSED] - requestIdValue = "O062400001": null

27-08-2024T22:50:00 - [TEST_STEP][PASSED] - sqlQuery = "select * from bdmozart.md_rfnd_local_settlement where idrequest = 'O062400001'": null

27-08-2024T22:50:00 - [TEST_STEP][PASSED] - fop_types_dbValue = database.DatabaseUtils.executeQuery(sqlQuery, "fop_types", 1): database.DatabaseUtils.executeQuery is PASSED

27-08-2024T22:50:27 - [MESSAGE][PASSED] - database.DatabaseUtils.executeQuery is PASSED

27-08-2024T22:50:27 - [TEST_STEP][PASSED] - paid_amount_dbValue = database.DatabaseUtils.executeQuery(sqlQuery, "balanceamounttotal", 1): database.DatabaseUtils.executeQuery is PASSED

27-08-2024T22:50:41 - [MESSAGE][PASSED] - database.DatabaseUtils.executeQuery is PASSED

27-08-2024T22:50:41 - [TEST_STEP][PASSED] - click(findTestObject("EK_Objects/Page_Mozart - Dashboard/a_Refunds")): Object: 'Object Repository/EK_Objects/Page_Mozart - Dashboard/a_Refunds' is clicked on

27-08-2024T22:50:53 - [MESSAGE][PASSED] - Object: 'Object Repository/EK_Objects/Page_Mozart - Dashboard/a_Refunds' is clicked on

27-08-2024T22:50:53 - [TEST_STEP][PASSED] - click(findTestObject("EK_Objects/Page_Mozart - Dashboard/Click_On_Local_Settlements")): Object: 'Object Repository/EK_Objects/Page_Mozart - Dashboard/Click_On_Local_Settlements' is clicked on

27-08-2024T22:50:57 - [MESSAGE][PASSED] - Object: 'Object Repository/EK_Objects/Page_Mozart - Dashboard/Click_On_Local_Settlements' is clicked on

27-08-2024T22:50:57 - [TEST_STEP][PASSED] - dynamicTestObject = new com.kms.katalon.core.testobject.TestObject(): null

27-08-2024T22:50:57 - [TEST_STEP][PASSED] - refresh(): Refresh successfully

27-08-2024T22:51:28 - [MESSAGE][PASSED] - Refresh successfully

27-08-2024T22:51:28 - [TEST_STEP][PASSED] - listOfRequestIds = findWebElements(findTestObject("Object Repository/EK_Objects/Page_Mozart - LocalSettlements/getListOfRequestIdFromGrid"), 10): Found web elements by test object Object Repository/EK_Objects/Page_Mozart - LocalSettlements/getListOfRequestIdFromGrid

27-08-2024T22:51:31 - [MESSAGE][PASSED] - Found web elements by test object Object Repository/EK_Objects/Page_Mozart - LocalSettlements/getListOfRequestIdFromGrid

27-08-2024T22:51:31 - [TEST_STEP][PASSED] - for ([row = 1, row <= listOfRequestIds.size(), (row++)]): null

27-08-2024T22:51:31 - [TEST_STEP][PASSED] - dynamicXpath = "//table[@class='table display compact nowrap cell-border hover dataTable no-footer']/tbody/tr[" + row + "]/td[2]": null

27-08-2024T22:51:31 - [TEST_STEP][PASSED] - dynamicTestObject.addProperty("xpath", EQUALS, dynamicXpath): null

27-08-2024T22:51:31 - [TEST_STEP][PASSED] - editButtonElement = findWebElement(dynamicTestObject, 10): Found web element by test object 

27-08-2024T22:51:31 - [MESSAGE][PASSED] - Found web element by test object 

27-08-2024T22:51:31 - [TEST_STEP][PASSED] - if (getText().equals(requestIdValue)): null

27-08-2024T22:51:31 - [TEST_STEP][PASSED] - dynamicXpath = "//table[@class='table display compact nowrap cell-border hover dataTable no-footer']/tbody/tr[" + row + "]/td[2]": null

27-08-2024T22:51:31 - [TEST_STEP][PASSED] - dynamicTestObject.addProperty("xpath", EQUALS, dynamicXpath): null

27-08-2024T22:51:31 - [TEST_STEP][PASSED] - editButtonElement = findWebElement(dynamicTestObject, 10): Found web element by test object 

27-08-2024T22:51:32 - [MESSAGE][PASSED] - Found web element by test object 

27-08-2024T22:51:32 - [TEST_STEP][PASSED] - if (getText().equals(requestIdValue)): null

27-08-2024T22:51:32 - [TEST_STEP][PASSED] - dynamicXpath = "//table[@class='table display compact nowrap cell-border hover dataTable no-footer']/tbody/tr[" + row + "]/td[2]": null

27-08-2024T22:51:32 - [TEST_STEP][PASSED] - dynamicTestObject.addProperty("xpath", EQUALS, dynamicXpath): null

27-08-2024T22:51:32 - [TEST_STEP][PASSED] - editButtonElement = findWebElement(dynamicTestObject, 10): Found web element by test object 

27-08-2024T22:51:32 - [MESSAGE][PASSED] - Found web element by test object 

27-08-2024T22:51:32 - [TEST_STEP][PASSED] - if (getText().equals(requestIdValue)): null

27-08-2024T22:51:32 - [TEST_STEP][PASSED] - dynamicXpath = "//table[@class='table display compact nowrap cell-border hover dataTable no-footer']/tbody/tr[" + row + "]/td[2]": null

27-08-2024T22:51:32 - [TEST_STEP][PASSED] - dynamicTestObject.addProperty("xpath", EQUALS, dynamicXpath): null

27-08-2024T22:51:32 - [TEST_STEP][PASSED] - editButtonElement = findWebElement(dynamicTestObject, 10): Found web element by test object 

27-08-2024T22:51:32 - [MESSAGE][PASSED] - Found web element by test object 

27-08-2024T22:51:32 - [TEST_STEP][PASSED] - if (getText().equals(requestIdValue)): null

27-08-2024T22:51:32 - [TEST_STEP][PASSED] - dynamicXpath = "//table[@class='table display compact nowrap cell-border hover dataTable no-footer']/tbody/tr[" + row + "]/td[2]": null

27-08-2024T22:51:32 - [TEST_STEP][PASSED] - dynamicTestObject.addProperty("xpath", EQUALS, dynamicXpath): null

27-08-2024T22:51:32 - [TEST_STEP][PASSED] - editButtonElement = findWebElement(dynamicTestObject, 10): Found web element by test object 

27-08-2024T22:51:33 - [MESSAGE][PASSED] - Found web element by test object 

27-08-2024T22:51:33 - [TEST_STEP][PASSED] - if (getText().equals(requestIdValue)): null

27-08-2024T22:51:33 - [TEST_STEP][PASSED] - dynamicXpath = "//table[@class='table display compact nowrap cell-border hover dataTable no-footer']/tbody/tr[" + row + "]/td[2]": null

27-08-2024T22:51:33 - [TEST_STEP][PASSED] - dynamicTestObject.addProperty("xpath", EQUALS, dynamicXpath): null

27-08-2024T22:51:33 - [TEST_STEP][PASSED] - editButtonElement = findWebElement(dynamicTestObject, 10): Found web element by test object 

27-08-2024T22:51:33 - [MESSAGE][PASSED] - Found web element by test object 

27-08-2024T22:51:33 - [TEST_STEP][PASSED] - if (getText().equals(requestIdValue)): null

27-08-2024T22:51:33 - [TEST_STEP][PASSED] - dynamicXpath = "//table[@class='table display compact nowrap cell-border hover dataTable no-footer']/tbody/tr[" + row + "]/td[2]": null

27-08-2024T22:51:33 - [TEST_STEP][PASSED] - dynamicTestObject.addProperty("xpath", EQUALS, dynamicXpath): null

27-08-2024T22:51:33 - [TEST_STEP][PASSED] - editButtonElement = findWebElement(dynamicTestObject, 10): Found web element by test object 

27-08-2024T22:51:33 - [MESSAGE][PASSED] - Found web element by test object 

27-08-2024T22:51:33 - [TEST_STEP][PASSED] - if (getText().equals(requestIdValue)): null

27-08-2024T22:51:33 - [TEST_STEP][PASSED] - dynamicXpath = "//table[@class='table display compact nowrap cell-border hover dataTable no-footer']/tbody/tr[" + row + "]/td[2]": null

27-08-2024T22:51:33 - [TEST_STEP][PASSED] - dynamicTestObject.addProperty("xpath", EQUALS, dynamicXpath): null

27-08-2024T22:51:33 - [TEST_STEP][PASSED] - editButtonElement = findWebElement(dynamicTestObject, 10): Found web element by test object 

27-08-2024T22:51:33 - [MESSAGE][PASSED] - Found web element by test object 

27-08-2024T22:51:33 - [TEST_STEP][PASSED] - if (getText().equals(requestIdValue)): null

27-08-2024T22:51:33 - [TEST_STEP][PASSED] - dynamicXpath = "//table[@class='table display compact nowrap cell-border hover dataTable no-footer']/tbody/tr[" + row + "]/td[2]": null

27-08-2024T22:51:33 - [TEST_STEP][PASSED] - dynamicTestObject.addProperty("xpath", EQUALS, dynamicXpath): null

27-08-2024T22:51:33 - [TEST_STEP][PASSED] - editButtonElement = findWebElement(dynamicTestObject, 10): Found web element by test object 

27-08-2024T22:51:34 - [MESSAGE][PASSED] - Found web element by test object 

27-08-2024T22:51:34 - [TEST_STEP][PASSED] - if (getText().equals(requestIdValue)): null

27-08-2024T22:51:34 - [TEST_STEP][PASSED] - dynamicXpath = "//table[@class='table display compact nowrap cell-border hover dataTable no-footer']/tbody/tr[" + row + "]/td[2]": null

27-08-2024T22:51:34 - [TEST_STEP][PASSED] - dynamicTestObject.addProperty("xpath", EQUALS, dynamicXpath): null

27-08-2024T22:51:34 - [TEST_STEP][PASSED] - editButtonElement = findWebElement(dynamicTestObject, 10): Found web element by test object 

27-08-2024T22:51:34 - [MESSAGE][PASSED] - Found web element by test object 

27-08-2024T22:51:34 - [TEST_STEP][PASSED] - if (getText().equals(requestIdValue)): null

27-08-2024T22:51:34 - [TEST_STEP][PASSED] - dynamicXpath = "//table[@class='table display compact nowrap cell-border hover dataTable no-footer']/tbody/tr[" + row + "]/td[2]": null

27-08-2024T22:51:34 - [TEST_STEP][PASSED] - dynamicTestObject.addProperty("xpath", EQUALS, dynamicXpath): null

27-08-2024T22:51:34 - [TEST_STEP][PASSED] - editButtonElement = findWebElement(dynamicTestObject, 10): Found web element by test object 

27-08-2024T22:51:34 - [MESSAGE][PASSED] - Found web element by test object 

27-08-2024T22:51:34 - [TEST_STEP][PASSED] - if (getText().equals(requestIdValue)): null

27-08-2024T22:51:34 - [TEST_STEP][PASSED] - dynamicXpath = "//table[@class='table display compact nowrap cell-border hover dataTable no-footer']/tbody/tr[" + row + "]/td[2]": null

27-08-2024T22:51:34 - [TEST_STEP][PASSED] - dynamicTestObject.addProperty("xpath", EQUALS, dynamicXpath): null

27-08-2024T22:51:34 - [TEST_STEP][PASSED] - editButtonElement = findWebElement(dynamicTestObject, 10): Found web element by test object 

27-08-2024T22:51:34 - [MESSAGE][PASSED] - Found web element by test object 

27-08-2024T22:51:34 - [TEST_STEP][PASSED] - if (getText().equals(requestIdValue)): null

27-08-2024T22:51:34 - [TEST_STEP][PASSED] - dynamicXpath = "//table[@class='table display compact nowrap cell-border hover dataTable no-footer']/tbody/tr[" + row + "]/td[2]": null

27-08-2024T22:51:34 - [TEST_STEP][PASSED] - dynamicTestObject.addProperty("xpath", EQUALS, dynamicXpath): null

27-08-2024T22:51:34 - [TEST_STEP][PASSED] - editButtonElement = findWebElement(dynamicTestObject, 10): Found web element by test object 

27-08-2024T22:51:35 - [MESSAGE][PASSED] - Found web element by test object 

27-08-2024T22:51:35 - [TEST_STEP][PASSED] - if (getText().equals(requestIdValue)): null

27-08-2024T22:51:35 - [TEST_STEP][PASSED] - dynamicXpath = "//table[@class='table display compact nowrap cell-border hover dataTable no-footer']/tbody/tr[" + row + "]/td[2]": null

27-08-2024T22:51:35 - [TEST_STEP][PASSED] - dynamicTestObject.addProperty("xpath", EQUALS, dynamicXpath): null

27-08-2024T22:51:35 - [TEST_STEP][PASSED] - editButtonElement = findWebElement(dynamicTestObject, 10): Found web element by test object 

27-08-2024T22:51:35 - [MESSAGE][PASSED] - Found web element by test object 

27-08-2024T22:51:35 - [TEST_STEP][PASSED] - if (getText().equals(requestIdValue)): null

27-08-2024T22:51:35 - [TEST_STEP][PASSED] - dynamicXpath = "//table[@class='table display compact nowrap cell-border hover dataTable no-footer']/tbody/tr[" + row + "]/td[2]": null

27-08-2024T22:51:35 - [TEST_STEP][PASSED] - dynamicTestObject.addProperty("xpath", EQUALS, dynamicXpath): null

27-08-2024T22:51:35 - [TEST_STEP][PASSED] - editButtonElement = findWebElement(dynamicTestObject, 10): Found web element by test object 

27-08-2024T22:51:35 - [MESSAGE][PASSED] - Found web element by test object 

27-08-2024T22:51:35 - [TEST_STEP][PASSED] - if (getText().equals(requestIdValue)): null

27-08-2024T22:51:35 - [TEST_STEP][PASSED] - dynamicXpath = "//table[@class='table display compact nowrap cell-border hover dataTable no-footer']/tbody/tr[" + row + "]/td[2]": null

27-08-2024T22:51:35 - [TEST_STEP][PASSED] - dynamicTestObject.addProperty("xpath", EQUALS, dynamicXpath): null

27-08-2024T22:51:35 - [TEST_STEP][PASSED] - editButtonElement = findWebElement(dynamicTestObject, 10): Found web element by test object 

27-08-2024T22:51:35 - [MESSAGE][PASSED] - Found web element by test object 

27-08-2024T22:51:35 - [TEST_STEP][PASSED] - if (getText().equals(requestIdValue)): null

27-08-2024T22:51:36 - [TEST_STEP][PASSED] - dynamicXpath = "//table[@class='table display compact nowrap cell-border hover dataTable no-footer']/tbody/tr[" + row + "]/td[2]": null

27-08-2024T22:51:36 - [TEST_STEP][PASSED] - dynamicTestObject.addProperty("xpath", EQUALS, dynamicXpath): null

27-08-2024T22:51:36 - [TEST_STEP][PASSED] - editButtonElement = findWebElement(dynamicTestObject, 10): Found web element by test object 

27-08-2024T22:51:36 - [MESSAGE][PASSED] - Found web element by test object 

27-08-2024T22:51:36 - [TEST_STEP][PASSED] - if (getText().equals(requestIdValue)): null

27-08-2024T22:51:36 - [TEST_STEP][PASSED] - dynamicXpath = "//table[@class='table display compact nowrap cell-border hover dataTable no-footer']/tbody/tr[" + row + "]/td[2]": null

27-08-2024T22:51:36 - [TEST_STEP][PASSED] - dynamicTestObject.addProperty("xpath", EQUALS, dynamicXpath): null

27-08-2024T22:51:36 - [TEST_STEP][PASSED] - editButtonElement = findWebElement(dynamicTestObject, 10): Found web element by test object 

27-08-2024T22:51:36 - [MESSAGE][PASSED] - Found web element by test object 

27-08-2024T22:51:36 - [TEST_STEP][PASSED] - if (getText().equals(requestIdValue)): null

27-08-2024T22:51:36 - [TEST_STEP][PASSED] - dynamicXpath = "//table[@class='table display compact nowrap cell-border hover dataTable no-footer']/tbody/tr[" + row + "]/td[2]": null

27-08-2024T22:51:36 - [TEST_STEP][PASSED] - dynamicTestObject.addProperty("xpath", EQUALS, dynamicXpath): null

27-08-2024T22:51:36 - [TEST_STEP][PASSED] - editButtonElement = findWebElement(dynamicTestObject, 10): Found web element by test object 

27-08-2024T22:51:36 - [MESSAGE][PASSED] - Found web element by test object 

27-08-2024T22:51:36 - [TEST_STEP][PASSED] - if (getText().equals(requestIdValue)): null

27-08-2024T22:51:36 - [TEST_STEP][PASSED] - dynamicXpath = "//table[@class='table display compact nowrap cell-border hover dataTable no-footer']/tbody/tr[" + row + "]/td[2]": null

27-08-2024T22:51:36 - [TEST_STEP][PASSED] - dynamicTestObject.addProperty("xpath", EQUALS, dynamicXpath): null

27-08-2024T22:51:36 - [TEST_STEP][PASSED] - editButtonElement = findWebElement(dynamicTestObject, 10): Found web element by test object 

27-08-2024T22:51:37 - [MESSAGE][PASSED] - Found web element by test object 

27-08-2024T22:51:37 - [TEST_STEP][PASSED] - if (getText().equals(requestIdValue)): null

27-08-2024T22:51:37 - [TEST_STEP][PASSED] - dynamicXpath = "//table[@class='table display compact nowrap cell-border hover dataTable no-footer']/tbody/tr[" + row + "]/td[2]": null

27-08-2024T22:51:37 - [TEST_STEP][PASSED] - dynamicTestObject.addProperty("xpath", EQUALS, dynamicXpath): null

27-08-2024T22:51:37 - [TEST_STEP][PASSED] - editButtonElement = findWebElement(dynamicTestObject, 10): Found web element by test object 

27-08-2024T22:51:37 - [MESSAGE][PASSED] - Found web element by test object 

27-08-2024T22:51:37 - [TEST_STEP][PASSED] - if (getText().equals(requestIdValue)): null

27-08-2024T22:51:37 - [TEST_STEP][PASSED] - dynamicXpath = "//table[@class='table display compact nowrap cell-border hover dataTable no-footer']/tbody/tr[" + row + "]/td[2]": null

27-08-2024T22:51:37 - [TEST_STEP][PASSED] - dynamicTestObject.addProperty("xpath", EQUALS, dynamicXpath): null

27-08-2024T22:51:37 - [TEST_STEP][PASSED] - editButtonElement = findWebElement(dynamicTestObject, 10): Found web element by test object 

27-08-2024T22:51:37 - [MESSAGE][PASSED] - Found web element by test object 

27-08-2024T22:51:37 - [TEST_STEP][PASSED] - if (getText().equals(requestIdValue)): null

27-08-2024T22:51:37 - [TEST_STEP][PASSED] - dynamicXpath = "//table[@class='table display compact nowrap cell-border hover dataTable no-footer']/tbody/tr[" + row + "]/td[2]": null

27-08-2024T22:51:37 - [TEST_STEP][PASSED] - dynamicTestObject.addProperty("xpath", EQUALS, dynamicXpath): null

27-08-2024T22:51:37 - [TEST_STEP][PASSED] - editButtonElement = findWebElement(dynamicTestObject, 10): Found web element by test object 

27-08-2024T22:51:37 - [MESSAGE][PASSED] - Found web element by test object 

27-08-2024T22:51:37 - [TEST_STEP][PASSED] - if (getText().equals(requestIdValue)): null

27-08-2024T22:51:37 - [TEST_STEP][PASSED] - dynamicXpath = "//table[@class='table display compact nowrap cell-border hover dataTable no-footer']/tbody/tr[" + row + "]/td[2]": null

27-08-2024T22:51:37 - [TEST_STEP][PASSED] - dynamicTestObject.addProperty("xpath", EQUALS, dynamicXpath): null

27-08-2024T22:51:37 - [TEST_STEP][PASSED] - editButtonElement = findWebElement(dynamicTestObject, 10): Found web element by test object 

27-08-2024T22:51:38 - [MESSAGE][PASSED] - Found web element by test object 

27-08-2024T22:51:38 - [TEST_STEP][PASSED] - if (getText().equals(requestIdValue)): null

27-08-2024T22:51:38 - [TEST_STEP][PASSED] - dynamicXpath = "//table[@class='table display compact nowrap cell-border hover dataTable no-footer']/tbody/tr[" + row + "]/td[2]": null

27-08-2024T22:51:38 - [TEST_STEP][PASSED] - dynamicTestObject.addProperty("xpath", EQUALS, dynamicXpath): null

27-08-2024T22:51:38 - [TEST_STEP][PASSED] - editButtonElement = findWebElement(dynamicTestObject, 10): Found web element by test object 

27-08-2024T22:51:38 - [MESSAGE][PASSED] - Found web element by test object 

27-08-2024T22:51:38 - [TEST_STEP][PASSED] - if (getText().equals(requestIdValue)): null

27-08-2024T22:51:38 - [TEST_STEP][PASSED] - dynamicXpath = "//table[@class='table display compact nowrap cell-border hover dataTable no-footer']/tbody/tr[" + row + "]/td[2]": null

27-08-2024T22:51:38 - [TEST_STEP][PASSED] - dynamicTestObject.addProperty("xpath", EQUALS, dynamicXpath): null

27-08-2024T22:51:38 - [TEST_STEP][PASSED] - editButtonElement = findWebElement(dynamicTestObject, 10): Found web element by test object 

27-08-2024T22:51:38 - [MESSAGE][PASSED] - Found web element by test object 

27-08-2024T22:51:38 - [TEST_STEP][PASSED] - if (getText().equals(requestIdValue)): null

27-08-2024T22:51:38 - [TEST_STEP][PASSED] - dynamicXpath = "//table[@class='table display compact nowrap cell-border hover dataTable no-footer']/tbody/tr[" + row + "]/td[2]": null

27-08-2024T22:51:38 - [TEST_STEP][PASSED] - dynamicTestObject.addProperty("xpath", EQUALS, dynamicXpath): null

27-08-2024T22:51:38 - [TEST_STEP][PASSED] - editButtonElement = findWebElement(dynamicTestObject, 10): Found web element by test object 

27-08-2024T22:51:38 - [MESSAGE][PASSED] - Found web element by test object 

27-08-2024T22:51:38 - [TEST_STEP][PASSED] - if (getText().equals(requestIdValue)): null

27-08-2024T22:51:38 - [TEST_STEP][PASSED] - dynamicXpath = "//table[@class='table display compact nowrap cell-border hover dataTable no-footer']/tbody/tr[" + row + "]/td[2]": null

27-08-2024T22:51:38 - [TEST_STEP][PASSED] - dynamicTestObject.addProperty("xpath", EQUALS, dynamicXpath): null

27-08-2024T22:51:38 - [TEST_STEP][PASSED] - editButtonElement = findWebElement(dynamicTestObject, 10): Found web element by test object 

27-08-2024T22:51:39 - [MESSAGE][PASSED] - Found web element by test object 

27-08-2024T22:51:39 - [TEST_STEP][PASSED] - if (getText().equals(requestIdValue)): null

27-08-2024T22:51:39 - [TEST_STEP][PASSED] - dynamicXpath = "//table[@class='table display compact nowrap cell-border hover dataTable no-footer']/tbody/tr[" + row + "]/td[2]": null

27-08-2024T22:51:39 - [TEST_STEP][PASSED] - dynamicTestObject.addProperty("xpath", EQUALS, dynamicXpath): null

27-08-2024T22:51:39 - [TEST_STEP][PASSED] - editButtonElement = findWebElement(dynamicTestObject, 10): Found web element by test object 

27-08-2024T22:51:39 - [MESSAGE][PASSED] - Found web element by test object 

27-08-2024T22:51:39 - [TEST_STEP][PASSED] - if (getText().equals(requestIdValue)): null

27-08-2024T22:51:39 - [TEST_STEP][PASSED] - dynamicXpath = "//table[@class='table display compact nowrap cell-border hover dataTable no-footer']/tbody/tr[" + row + "]/td[2]": null

27-08-2024T22:51:39 - [TEST_STEP][PASSED] - dynamicTestObject.addProperty("xpath", EQUALS, dynamicXpath): null

27-08-2024T22:51:39 - [TEST_STEP][PASSED] - editButtonElement = findWebElement(dynamicTestObject, 10): Found web element by test object 

27-08-2024T22:51:39 - [MESSAGE][PASSED] - Found web element by test object 

27-08-2024T22:51:39 - [TEST_STEP][PASSED] - if (getText().equals(requestIdValue)): null

27-08-2024T22:51:39 - [TEST_STEP][PASSED] - dynamicXpath = "//table[@class='table display compact nowrap cell-border hover dataTable no-footer']/tbody/tr[" + row + "]/td[2]": null

27-08-2024T22:51:39 - [TEST_STEP][PASSED] - dynamicTestObject.addProperty("xpath", EQUALS, dynamicXpath): null

27-08-2024T22:51:39 - [TEST_STEP][PASSED] - editButtonElement = findWebElement(dynamicTestObject, 10): Found web element by test object 

27-08-2024T22:51:40 - [MESSAGE][PASSED] - Found web element by test object 

27-08-2024T22:51:40 - [TEST_STEP][PASSED] - if (getText().equals(requestIdValue)): null

27-08-2024T22:51:40 - [TEST_STEP][PASSED] - dynamicXpath = "//table[@class='table display compact nowrap cell-border hover dataTable no-footer']/tbody/tr[" + row + "]/td[2]": null

27-08-2024T22:51:40 - [TEST_STEP][PASSED] - dynamicTestObject.addProperty("xpath", EQUALS, dynamicXpath): null

27-08-2024T22:51:40 - [TEST_STEP][PASSED] - editButtonElement = findWebElement(dynamicTestObject, 10): Found web element by test object 

27-08-2024T22:51:40 - [MESSAGE][PASSED] - Found web element by test object 

27-08-2024T22:51:40 - [TEST_STEP][PASSED] - if (getText().equals(requestIdValue)): null

27-08-2024T22:51:40 - [TEST_STEP][PASSED] - dynamicXpath = "//table[@class='table display compact nowrap cell-border hover dataTable no-footer']/tbody/tr[" + row + "]/td[2]": null

27-08-2024T22:51:40 - [TEST_STEP][PASSED] - dynamicTestObject.addProperty("xpath", EQUALS, dynamicXpath): null

27-08-2024T22:51:40 - [TEST_STEP][PASSED] - editButtonElement = findWebElement(dynamicTestObject, 10): Found web element by test object 

27-08-2024T22:51:40 - [MESSAGE][PASSED] - Found web element by test object 

27-08-2024T22:51:40 - [TEST_STEP][PASSED] - if (getText().equals(requestIdValue)): null

27-08-2024T22:51:40 - [TEST_STEP][PASSED] - dynamicXpath = "//table[@class='table display compact nowrap cell-border hover dataTable no-footer']/tbody/tr[" + row + "]/td[2]": null

27-08-2024T22:51:40 - [TEST_STEP][PASSED] - dynamicTestObject.addProperty("xpath", EQUALS, dynamicXpath): null

27-08-2024T22:51:40 - [TEST_STEP][PASSED] - editButtonElement = findWebElement(dynamicTestObject, 10): Found web element by test object 

27-08-2024T22:51:40 - [MESSAGE][PASSED] - Found web element by test object 

27-08-2024T22:51:40 - [TEST_STEP][PASSED] - if (getText().equals(requestIdValue)): null

27-08-2024T22:51:40 - [TEST_STEP][PASSED] - dynamicXpath = "//table[@class='table display compact nowrap cell-border hover dataTable no-footer']/tbody/tr[" + row + "]/td[2]": null

27-08-2024T22:51:40 - [TEST_STEP][PASSED] - dynamicTestObject.addProperty("xpath", EQUALS, dynamicXpath): null

27-08-2024T22:51:40 - [TEST_STEP][PASSED] - editButtonElement = findWebElement(dynamicTestObject, 10): Found web element by test object 

27-08-2024T22:51:41 - [MESSAGE][PASSED] - Found web element by test object 

27-08-2024T22:51:41 - [TEST_STEP][PASSED] - if (getText().equals(requestIdValue)): null

27-08-2024T22:51:41 - [TEST_STEP][PASSED] - dynamicXpath = "//table[@class='table display compact nowrap cell-border hover dataTable no-footer']/tbody/tr[" + row + "]/td[2]": null

27-08-2024T22:51:41 - [TEST_STEP][PASSED] - dynamicTestObject.addProperty("xpath", EQUALS, dynamicXpath): null

27-08-2024T22:51:41 - [TEST_STEP][PASSED] - editButtonElement = findWebElement(dynamicTestObject, 10): Found web element by test object 

27-08-2024T22:51:41 - [MESSAGE][PASSED] - Found web element by test object 

27-08-2024T22:51:41 - [TEST_STEP][PASSED] - if (getText().equals(requestIdValue)): null

27-08-2024T22:51:41 - [TEST_STEP][PASSED] - dynamicXpath = "//table[@class='table display compact nowrap cell-border hover dataTable no-footer']/tbody/tr[" + row + "]/td[2]": null

27-08-2024T22:51:41 - [TEST_STEP][PASSED] - dynamicTestObject.addProperty("xpath", EQUALS, dynamicXpath): null

27-08-2024T22:51:41 - [TEST_STEP][PASSED] - editButtonElement = findWebElement(dynamicTestObject, 10): Found web element by test object 

27-08-2024T22:51:41 - [MESSAGE][PASSED] - Found web element by test object 

27-08-2024T22:51:41 - [TEST_STEP][PASSED] - if (getText().equals(requestIdValue)): null

27-08-2024T22:51:41 - [TEST_STEP][PASSED] - dynamicXpath = "//table[@class='table display compact nowrap cell-border hover dataTable no-footer']/tbody/tr[" + row + "]/td[2]": null

27-08-2024T22:51:41 - [TEST_STEP][PASSED] - dynamicTestObject.addProperty("xpath", EQUALS, dynamicXpath): null

27-08-2024T22:51:41 - [TEST_STEP][PASSED] - editButtonElement = findWebElement(dynamicTestObject, 10): Found web element by test object 

27-08-2024T22:51:41 - [MESSAGE][PASSED] - Found web element by test object 

27-08-2024T22:51:41 - [TEST_STEP][PASSED] - if (getText().equals(requestIdValue)): null

27-08-2024T22:51:41 - [TEST_STEP][PASSED] - dynamicXpath = "//table[@class='table display compact nowrap cell-border hover dataTable no-footer']/tbody/tr[" + row + "]/td[2]": null

27-08-2024T22:51:41 - [TEST_STEP][PASSED] - dynamicTestObject.addProperty("xpath", EQUALS, dynamicXpath): null

27-08-2024T22:51:41 - [TEST_STEP][PASSED] - editButtonElement = findWebElement(dynamicTestObject, 10): Found web element by test object 

27-08-2024T22:51:42 - [MESSAGE][PASSED] - Found web element by test object 

27-08-2024T22:51:42 - [TEST_STEP][PASSED] - if (getText().equals(requestIdValue)): null

27-08-2024T22:51:42 - [TEST_STEP][PASSED] - dynamicXpath = "//table[@class='table display compact nowrap cell-border hover dataTable no-footer']/tbody/tr[" + row + "]/td[2]": null

27-08-2024T22:51:42 - [TEST_STEP][PASSED] - dynamicTestObject.addProperty("xpath", EQUALS, dynamicXpath): null

27-08-2024T22:51:42 - [TEST_STEP][PASSED] - editButtonElement = findWebElement(dynamicTestObject, 10): Found web element by test object 

27-08-2024T22:51:42 - [MESSAGE][PASSED] - Found web element by test object 

27-08-2024T22:51:42 - [TEST_STEP][PASSED] - if (getText().equals(requestIdValue)): null

27-08-2024T22:51:42 - [TEST_STEP][PASSED] - dynamicXpath = "//table[@class='table display compact nowrap cell-border hover dataTable no-footer']/tbody/tr[" + row + "]/td[2]": null

27-08-2024T22:51:42 - [TEST_STEP][PASSED] - dynamicTestObject.addProperty("xpath", EQUALS, dynamicXpath): null

27-08-2024T22:51:42 - [TEST_STEP][PASSED] - editButtonElement = findWebElement(dynamicTestObject, 10): Found web element by test object 

27-08-2024T22:51:42 - [MESSAGE][PASSED] - Found web element by test object 

27-08-2024T22:51:42 - [TEST_STEP][PASSED] - if (getText().equals(requestIdValue)): null

27-08-2024T22:51:42 - [TEST_STEP][PASSED] - dynamicXpath = "//table[@class='table display compact nowrap cell-border hover dataTable no-footer']/tbody/tr[" + row + "]/td[2]": null

27-08-2024T22:51:42 - [TEST_STEP][PASSED] - dynamicTestObject.addProperty("xpath", EQUALS, dynamicXpath): null

27-08-2024T22:51:42 - [TEST_STEP][PASSED] - editButtonElement = findWebElement(dynamicTestObject, 10): Found web element by test object 

27-08-2024T22:51:42 - [MESSAGE][PASSED] - Found web element by test object 

27-08-2024T22:51:42 - [TEST_STEP][PASSED] - if (getText().equals(requestIdValue)): null

27-08-2024T22:51:43 - [TEST_STEP][PASSED] - dynamicXpath = "//table[@class='table display compact nowrap cell-border hover dataTable no-footer']/tbody/tr[" + row + "]/td[2]": null

27-08-2024T22:51:43 - [TEST_STEP][PASSED] - dynamicTestObject.addProperty("xpath", EQUALS, dynamicXpath): null

27-08-2024T22:51:43 - [TEST_STEP][PASSED] - editButtonElement = findWebElement(dynamicTestObject, 10): Found web element by test object 

27-08-2024T22:51:43 - [MESSAGE][PASSED] - Found web element by test object 

27-08-2024T22:51:43 - [TEST_STEP][PASSED] - if (getText().equals(requestIdValue)): null

27-08-2024T22:51:43 - [TEST_STEP][PASSED] - dynamicXpath = "//table[@class='table display compact nowrap cell-border hover dataTable no-footer']/tbody/tr[" + row + "]/td[2]": null

27-08-2024T22:51:43 - [TEST_STEP][PASSED] - dynamicTestObject.addProperty("xpath", EQUALS, dynamicXpath): null

27-08-2024T22:51:43 - [TEST_STEP][PASSED] - editButtonElement = findWebElement(dynamicTestObject, 10): Found web element by test object 

27-08-2024T22:51:43 - [MESSAGE][PASSED] - Found web element by test object 

27-08-2024T22:51:43 - [TEST_STEP][PASSED] - if (getText().equals(requestIdValue)): null

27-08-2024T22:51:43 - [TEST_STEP][PASSED] - dynamicXpath = "//table[@class='table display compact nowrap cell-border hover dataTable no-footer']/tbody/tr[" + row + "]/td[2]": null

27-08-2024T22:51:43 - [TEST_STEP][PASSED] - dynamicTestObject.addProperty("xpath", EQUALS, dynamicXpath): null

27-08-2024T22:51:43 - [TEST_STEP][PASSED] - editButtonElement = findWebElement(dynamicTestObject, 10): Found web element by test object 

27-08-2024T22:51:44 - [MESSAGE][PASSED] - Found web element by test object 

27-08-2024T22:51:44 - [TEST_STEP][PASSED] - if (getText().equals(requestIdValue)): null

27-08-2024T22:51:44 - [TEST_STEP][PASSED] - dynamicXpath = "//table[@class='table display compact nowrap cell-border hover dataTable no-footer']/tbody/tr[" + row + "]/td[2]": null

27-08-2024T22:51:44 - [TEST_STEP][PASSED] - dynamicTestObject.addProperty("xpath", EQUALS, dynamicXpath): null

27-08-2024T22:51:44 - [TEST_STEP][PASSED] - editButtonElement = findWebElement(dynamicTestObject, 10): Found web element by test object 

27-08-2024T22:51:44 - [MESSAGE][PASSED] - Found web element by test object 

27-08-2024T22:51:44 - [TEST_STEP][PASSED] - if (getText().equals(requestIdValue)): null

27-08-2024T22:51:44 - [TEST_STEP][PASSED] - dynamicXpath = "//table[@class='table display compact nowrap cell-border hover dataTable no-footer']/tbody/tr[" + row + "]/td[2]": null

27-08-2024T22:51:44 - [TEST_STEP][PASSED] - dynamicTestObject.addProperty("xpath", EQUALS, dynamicXpath): null

27-08-2024T22:51:44 - [TEST_STEP][PASSED] - editButtonElement = findWebElement(dynamicTestObject, 10): Found web element by test object 

27-08-2024T22:51:44 - [MESSAGE][PASSED] - Found web element by test object 

27-08-2024T22:51:44 - [TEST_STEP][PASSED] - if (getText().equals(requestIdValue)): null

27-08-2024T22:51:44 - [TEST_STEP][PASSED] - dynamicXpath = "//table[@class='table display compact nowrap cell-border hover dataTable no-footer']/tbody/tr[" + row + "]/td[2]": null

27-08-2024T22:51:44 - [TEST_STEP][PASSED] - dynamicTestObject.addProperty("xpath", EQUALS, dynamicXpath): null

27-08-2024T22:51:44 - [TEST_STEP][PASSED] - editButtonElement = findWebElement(dynamicTestObject, 10): Found web element by test object 

27-08-2024T22:51:44 - [MESSAGE][PASSED] - Found web element by test object 

27-08-2024T22:51:44 - [TEST_STEP][PASSED] - if (getText().equals(requestIdValue)): null

27-08-2024T22:51:44 - [TEST_STEP][PASSED] - dynamicXpathRefundFop = "//table[@class='table display compact nowrap cell-border hover dataTable no-footer']/tbody/tr[" + row + "]/td[11]": null

27-08-2024T22:51:44 - [TEST_STEP][PASSED] - dynamicXpathRefundAmount = "//table[@class='table display compact nowrap cell-border hover dataTable no-footer']/tbody/tr[" + row + "]/td[9]": null

27-08-2024T22:51:44 - [TEST_STEP][PASSED] - dynamicTestObject.addProperty("xpath", EQUALS, dynamicXpathRefundFop): null

27-08-2024T22:51:44 - [TEST_STEP][PASSED] - fopWebElement = findWebElement(dynamicTestObject, 10): Found web element by test object 

27-08-2024T22:51:45 - [MESSAGE][PASSED] - Found web element by test object 

27-08-2024T22:51:45 - [TEST_STEP][PASSED] - refundFopPaidLocally = fopWebElement.getText(): null

27-08-2024T22:51:45 - [TEST_STEP][PASSED] - println(refundFopPaidLocally): null

27-08-2024T22:51:45 - [TEST_STEP][PASSED] - dynamicTestObject.addProperty("xpath", EQUALS, dynamicXpathRefundAmount): null

27-08-2024T22:51:45 - [TEST_STEP][PASSED] - refundAmountWebElement = findWebElement(dynamicTestObject, 10): Found web element by test object 

27-08-2024T22:51:45 - [MESSAGE][PASSED] - Found web element by test object 

27-08-2024T22:51:45 - [TEST_STEP][PASSED] - refundAmount = refundAmountWebElement.getText(): null

27-08-2024T22:51:45 - [TEST_STEP][PASSED] - println(refundAmount): null

27-08-2024T22:51:45 - [TEST_STEP][PASSED] - utilityClass.CustomSoftAssert.assertTrue(refundFopPaidLocally.equals(fop_types_dbValue), "fail fop"): utilityClass.CustomSoftAssert.assertTrue is PASSED

27-08-2024T22:51:45 - [MESSAGE][PASSED] - utilityClass.CustomSoftAssert.assertTrue is PASSED

27-08-2024T22:51:45 - [TEST_STEP][PASSED] - utilityClass.CustomSoftAssert.assertTrue(refundAmount.equals(paid_amount_dbValue), "amount fail"): utilityClass.CustomSoftAssert.assertTrue is PASSED

27-08-2024T22:51:45 - [MESSAGE][PASSED] - utilityClass.CustomSoftAssert.assertTrue is PASSED

27-08-2024T22:51:45 - [TEST_STEP][PASSED] - break: null

27-08-2024T22:51:45 - [TEST_STEP][FAILED] - utilityClass.CustomSoftAssert.assertAll(): Test Cases/MOZ-10510/TC10_MOZ_11451 Display of Refundable Amount and FOP in the Grid FAILED.
Reason:
java.lang.AssertionError: The following asserts failed:
	amount fail expected [true] but found [false]
	at org.testng.asserts.SoftAssert.assertAll(SoftAssert.java:46)
	at org.testng.asserts.SoftAssert.assertAll(SoftAssert.java:30)
	at utilityClass.CustomSoftAssert.assertAll(CustomSoftAssert.groovy:44)
	at java.base/jdk.internal.reflect.NativeMethodAccessorImpl.invoke0(Native Method)
	at java.base/jdk.internal.reflect.NativeMethodAccessorImpl.invoke(NativeMethodAccessorImpl.java:77)
	at java.base/jdk.internal.reflect.DelegatingMethodAccessorImpl.invoke(DelegatingMethodAccessorImpl.java:43)
	at com.kms.katalon.core.main.CustomKeywordDelegatingMetaClass.invokeStaticMethod(CustomKeywordDelegatingMetaClass.java:55)
	at TC10_MOZ_11451 Display of Refundable Amount and FOP in the Grid.run(TC10_MOZ_11451 Display of Refundable Amount and FOP in the Grid:60)
	at com.kms.katalon.core.main.ScriptEngine.run(ScriptEngine.java:194)
	at com.kms.katalon.core.main.ScriptEngine.runScriptAsRawText(ScriptEngine.java:119)
	at com.kms.katalon.core.main.TestCaseExecutor.runScript(TestCaseExecutor.java:448)
	at com.kms.katalon.core.main.TestCaseExecutor.doExecute(TestCaseExecutor.java:439)
	at com.kms.katalon.core.main.TestCaseExecutor.processExecutionPhase(TestCaseExecutor.java:418)
	at com.kms.katalon.core.main.TestCaseExecutor.accessMainPhase(TestCaseExecutor.java:410)
	at com.kms.katalon.core.main.TestCaseExecutor.execute(TestCaseExecutor.java:285)
	at com.kms.katalon.core.common.CommonExecutor.accessTestCaseMainPhase(CommonExecutor.java:65)
	at com.kms.katalon.core.main.TestSuiteExecutor.accessTestSuiteMainPhase(TestSuiteExecutor.java:150)
	at com.kms.katalon.core.main.TestSuiteExecutor.execute(TestSuiteExecutor.java:106)
	at com.kms.katalon.core.main.TestCaseMain.startTestSuite(TestCaseMain.java:180)
	at TempTestSuite1724779058748.run(TempTestSuite1724779058748.groovy:35)
	at java.base/jdk.internal.reflect.NativeMethodAccessorImpl.invoke0(Native Method)
	at java.base/jdk.internal.reflect.NativeMethodAccessorImpl.invoke(NativeMethodAccessorImpl.java:77)
	at java.base/jdk.internal.reflect.DelegatingMethodAccessorImpl.invoke(DelegatingMethodAccessorImpl.java:43)


27-08-2024T22:51:45 - [MESSAGE][FAILED] - java.lang.AssertionError: The following asserts failed:
	amount fail expected [true] but found [false]

27-08-2024T22:51:45 - [MESSAGE][FAILED] - Test Cases/MOZ-10510/TC10_MOZ_11451 Display of Refundable Amount and FOP in the Grid FAILED.
Reason:
java.lang.AssertionError: The following asserts failed:
	amount fail expected [true] but found [false]
	at org.testng.asserts.SoftAssert.assertAll(SoftAssert.java:46)
	at org.testng.asserts.SoftAssert.assertAll(SoftAssert.java:30)
	at utilityClass.CustomSoftAssert.assertAll(CustomSoftAssert.groovy:44)
	at java.base/jdk.internal.reflect.NativeMethodAccessorImpl.invoke0(Native Method)
	at java.base/jdk.internal.reflect.NativeMethodAccessorImpl.invoke(NativeMethodAccessorImpl.java:77)
	at java.base/jdk.internal.reflect.DelegatingMethodAccessorImpl.invoke(DelegatingMethodAccessorImpl.java:43)
	at com.kms.katalon.core.main.CustomKeywordDelegatingMetaClass.invokeStaticMethod(CustomKeywordDelegatingMetaClass.java:55)
	at TC10_MOZ_11451 Display of Refundable Amount and FOP in the Grid.run(TC10_MOZ_11451 Display of Refundable Amount and FOP in the Grid:60)
	at com.kms.katalon.core.main.ScriptEngine.run(ScriptEngine.java:194)
	at com.kms.katalon.core.main.ScriptEngine.runScriptAsRawText(ScriptEngine.java:119)
	at com.kms.katalon.core.main.TestCaseExecutor.runScript(TestCaseExecutor.java:448)
	at com.kms.katalon.core.main.TestCaseExecutor.doExecute(TestCaseExecutor.java:439)
	at com.kms.katalon.core.main.TestCaseExecutor.processExecutionPhase(TestCaseExecutor.java:418)
	at com.kms.katalon.core.main.TestCaseExecutor.accessMainPhase(TestCaseExecutor.java:410)
	at com.kms.katalon.core.main.TestCaseExecutor.execute(TestCaseExecutor.java:285)
	at com.kms.katalon.core.common.CommonExecutor.accessTestCaseMainPhase(CommonExecutor.java:65)
	at com.kms.katalon.core.main.TestSuiteExecutor.accessTestSuiteMainPhase(TestSuiteExecutor.java:150)
	at com.kms.katalon.core.main.TestSuiteExecutor.execute(TestSuiteExecutor.java:106)
	at com.kms.katalon.core.main.TestCaseMain.startTestSuite(TestCaseMain.java:180)
	at TempTestSuite1724779058748.run(TempTestSuite1724779058748.groovy:35)
	at java.base/jdk.internal.reflect.NativeMethodAccessorImpl.invoke0(Native Method)
	at java.base/jdk.internal.reflect.NativeMethodAccessorImpl.invoke(NativeMethodAccessorImpl.java:77)
	at java.base/jdk.internal.reflect.DelegatingMethodAccessorImpl.invoke(DelegatingMethodAccessorImpl.java:43)]]></system-out>
         <system-err><![CDATA[27-08-2024T22:47:49 - [TEST_CASE][ERROR] - Test Cases/MOZ-10510/TC10_MOZ_11451 Display of Refundable Amount and FOP in the Grid: Test Cases/MOZ-10510/TC10_MOZ_11451 Display of Refundable Amount and FOP in the Grid FAILED.
Reason:
org.codehaus.groovy.runtime.InvokerInvocationException: java.lang.AssertionError: The following asserts failed:
	amount fail expected [true] but found [false]
	at com.kms.katalon.core.main.CustomKeywordDelegatingMetaClass.invokeStaticMethod(CustomKeywordDelegatingMetaClass.java:55)
	at TC10_MOZ_11451 Display of Refundable Amount and FOP in the Grid.run(TC10_MOZ_11451 Display of Refundable Amount and FOP in the Grid:60)
	at com.kms.katalon.core.main.ScriptEngine.run(ScriptEngine.java:194)
	at com.kms.katalon.core.main.ScriptEngine.runScriptAsRawText(ScriptEngine.java:119)
	at com.kms.katalon.core.main.TestCaseExecutor.runScript(TestCaseExecutor.java:448)
	at com.kms.katalon.core.main.TestCaseExecutor.doExecute(TestCaseExecutor.java:439)
	at com.kms.katalon.core.main.TestCaseExecutor.processExecutionPhase(TestCaseExecutor.java:418)
	at com.kms.katalon.core.main.TestCaseExecutor.accessMainPhase(TestCaseExecutor.java:410)
	at com.kms.katalon.core.main.TestCaseExecutor.execute(TestCaseExecutor.java:285)
	at com.kms.katalon.core.common.CommonExecutor.accessTestCaseMainPhase(CommonExecutor.java:65)
	at com.kms.katalon.core.main.TestSuiteExecutor.accessTestSuiteMainPhase(TestSuiteExecutor.java:150)
	at com.kms.katalon.core.main.TestSuiteExecutor.execute(TestSuiteExecutor.java:106)
	at com.kms.katalon.core.main.TestCaseMain.startTestSuite(TestCaseMain.java:180)
	at TempTestSuite1724779058748.run(TempTestSuite1724779058748.groovy:35)
	at java.base/jdk.internal.reflect.NativeMethodAccessorImpl.invoke0(Native Method)
	at java.base/jdk.internal.reflect.NativeMethodAccessorImpl.invoke(NativeMethodAccessorImpl.java:77)
	at java.base/jdk.internal.reflect.DelegatingMethodAccessorImpl.invoke(DelegatingMethodAccessorImpl.java:43)
Caused by: java.lang.AssertionError: The following asserts failed:
	amount fail expected [true] but found [false]
	at org.testng.asserts.SoftAssert.assertAll(SoftAssert.java:46)
	at org.testng.asserts.SoftAssert.assertAll(SoftAssert.java:30)
	at utilityClass.CustomSoftAssert.assertAll(CustomSoftAssert.groovy:44)
	at java.base/jdk.internal.reflect.NativeMethodAccessorImpl.invoke0(Native Method)
	at java.base/jdk.internal.reflect.NativeMethodAccessorImpl.invoke(NativeMethodAccessorImpl.java:77)
	at java.base/jdk.internal.reflect.DelegatingMethodAccessorImpl.invoke(DelegatingMethodAccessorImpl.java:43)
	... 17 more]]></system-err>
      </testcase>
      <testcase name="Test Cases/MOZ-10510/TC 9_MOZ_11450 Verifies that the internal configuration in the database is correctly set up to define the form of payments visible in the Local Settlements module" time="180.086" classname="Test Cases/MOZ-10510/TC 9_MOZ_11450 Verifies that the internal configuration in the database is correctly set up to define the form of payments visible in the Local Settlements module" status="ERROR">
         <error type="ERROR" message="Test Cases/MOZ-10510/TC 9_MOZ_11450 Verifies that the internal configuration in the database is correctly set up to define the form of payments visible in the Local Settlements module FAILED.&#xa;Reason:&#xa;org.codehaus.groovy.runtime.InvokerInvocationException: java.lang.AssertionError: The following asserts failed:&#xa;	amount fail expected [true] but found [false]&#xa;	at com.kms.katalon.core.main.CustomKeywordDelegatingMetaClass.invokeStaticMethod(CustomKeywordDelegatingMetaClass.java:55)&#xa;	at TC 9_MOZ_11450 Verifies that the internal configuration in the database is correctly set up to define the form of payments visible in the Local Settlements module.run(TC 9_MOZ_11450 Verifies that the internal configuration in the database is correctly set up to define the form of payments visible in the Local Settlements module:84)&#xa;	at com.kms.katalon.core.main.ScriptEngine.run(ScriptEngine.java:194)&#xa;	at com.kms.katalon.core.main.ScriptEngine.runScriptAsRawText(ScriptEngine.java:119)&#xa;	at com.kms.katalon.core.main.TestCaseExecutor.runScript(TestCaseExecutor.java:448)&#xa;	at com.kms.katalon.core.main.TestCaseExecutor.doExecute(TestCaseExecutor.java:439)&#xa;	at com.kms.katalon.core.main.TestCaseExecutor.processExecutionPhase(TestCaseExecutor.java:418)&#xa;	at com.kms.katalon.core.main.TestCaseExecutor.accessMainPhase(TestCaseExecutor.java:410)&#xa;	at com.kms.katalon.core.main.TestCaseExecutor.execute(TestCaseExecutor.java:285)&#xa;	at com.kms.katalon.core.common.CommonExecutor.accessTestCaseMainPhase(CommonExecutor.java:65)&#xa;	at com.kms.katalon.core.main.TestSuiteExecutor.accessTestSuiteMainPhase(TestSuiteExecutor.java:150)&#xa;	at com.kms.katalon.core.main.TestSuiteExecutor.execute(TestSuiteExecutor.java:106)&#xa;	at com.kms.katalon.core.main.TestCaseMain.startTestSuite(TestCaseMain.java:180)&#xa;	at TempTestSuite1724779058748.run(TempTestSuite1724779058748.groovy:35)&#xa;	at java.base/jdk.internal.reflect.NativeMethodAccessorImpl.invoke0(Native Method)&#xa;	at java.base/jdk.internal.reflect.NativeMethodAccessorImpl.invoke(NativeMethodAccessorImpl.java:77)&#xa;	at java.base/jdk.internal.reflect.DelegatingMethodAccessorImpl.invoke(DelegatingMethodAccessorImpl.java:43)&#xa;Caused by: java.lang.AssertionError: The following asserts failed:&#xa;	amount fail expected [true] but found [false]&#xa;	at org.testng.asserts.SoftAssert.assertAll(SoftAssert.java:46)&#xa;	at org.testng.asserts.SoftAssert.assertAll(SoftAssert.java:30)&#xa;	at utilityClass.CustomSoftAssert.assertAll(CustomSoftAssert.groovy:44)&#xa;	at java.base/jdk.internal.reflect.NativeMethodAccessorImpl.invoke0(Native Method)&#xa;	at java.base/jdk.internal.reflect.NativeMethodAccessorImpl.invoke(NativeMethodAccessorImpl.java:77)&#xa;	at java.base/jdk.internal.reflect.DelegatingMethodAccessorImpl.invoke(DelegatingMethodAccessorImpl.java:43)&#xa;	... 17 more&#xa;"/>
         <system-out><![CDATA[27-08-2024T22:51:45 - [TEST_CASE][ERROR] - Test Cases/MOZ-10510/TC 9_MOZ_11450 Verifies that the internal configuration in the database is correctly set up to define the form of payments visible in the Local Settlements module: Test Cases/MOZ-10510/TC 9_MOZ_11450 Verifies that the internal configuration in the database is correctly set up to define the form of payments visible in the Local Settlements module FAILED.
Reason:
org.codehaus.groovy.runtime.InvokerInvocationException: java.lang.AssertionError: The following asserts failed:
	amount fail expected [true] but found [false]
	at com.kms.katalon.core.main.CustomKeywordDelegatingMetaClass.invokeStaticMethod(CustomKeywordDelegatingMetaClass.java:55)
	at TC 9_MOZ_11450 Verifies that the internal configuration in the database is correctly set up to define the form of payments visible in the Local Settlements module.run(TC 9_MOZ_11450 Verifies that the internal configuration in the database is correctly set up to define the form of payments visible in the Local Settlements module:84)
	at com.kms.katalon.core.main.ScriptEngine.run(ScriptEngine.java:194)
	at com.kms.katalon.core.main.ScriptEngine.runScriptAsRawText(ScriptEngine.java:119)
	at com.kms.katalon.core.main.TestCaseExecutor.runScript(TestCaseExecutor.java:448)
	at com.kms.katalon.core.main.TestCaseExecutor.doExecute(TestCaseExecutor.java:439)
	at com.kms.katalon.core.main.TestCaseExecutor.processExecutionPhase(TestCaseExecutor.java:418)
	at com.kms.katalon.core.main.TestCaseExecutor.accessMainPhase(TestCaseExecutor.java:410)
	at com.kms.katalon.core.main.TestCaseExecutor.execute(TestCaseExecutor.java:285)
	at com.kms.katalon.core.common.CommonExecutor.accessTestCaseMainPhase(CommonExecutor.java:65)
	at com.kms.katalon.core.main.TestSuiteExecutor.accessTestSuiteMainPhase(TestSuiteExecutor.java:150)
	at com.kms.katalon.core.main.TestSuiteExecutor.execute(TestSuiteExecutor.java:106)
	at com.kms.katalon.core.main.TestCaseMain.startTestSuite(TestCaseMain.java:180)
	at TempTestSuite1724779058748.run(TempTestSuite1724779058748.groovy:35)
	at java.base/jdk.internal.reflect.NativeMethodAccessorImpl.invoke0(Native Method)
	at java.base/jdk.internal.reflect.NativeMethodAccessorImpl.invoke(NativeMethodAccessorImpl.java:77)
	at java.base/jdk.internal.reflect.DelegatingMethodAccessorImpl.invoke(DelegatingMethodAccessorImpl.java:43)
Caused by: java.lang.AssertionError: The following asserts failed:
	amount fail expected [true] but found [false]
	at org.testng.asserts.SoftAssert.assertAll(SoftAssert.java:46)
	at org.testng.asserts.SoftAssert.assertAll(SoftAssert.java:30)
	at utilityClass.CustomSoftAssert.assertAll(CustomSoftAssert.groovy:44)
	at java.base/jdk.internal.reflect.NativeMethodAccessorImpl.invoke0(Native Method)
	at java.base/jdk.internal.reflect.NativeMethodAccessorImpl.invoke(NativeMethodAccessorImpl.java:77)
	at java.base/jdk.internal.reflect.DelegatingMethodAccessorImpl.invoke(DelegatingMethodAccessorImpl.java:43)
	... 17 more


27-08-2024T22:51:46 - [TEST_STEP][PASSED] - Table_md_rfnd_local_settlement = database.DatabaseUtils.checkTableExists("md_rfnd_local_settlement"): database.DatabaseUtils.checkTableExists is PASSED

27-08-2024T22:51:52 - [MESSAGE][INFO] - Table md_rfnd_local_settlement exists.

27-08-2024T22:51:52 - [MESSAGE][PASSED] - database.DatabaseUtils.checkTableExists is PASSED

27-08-2024T22:51:52 - [TEST_STEP][PASSED] - utilityClass.CustomSoftAssert.assertTrue(Table_md_rfnd_local_settlement, "The mi_pnr_waiver table should be available in the database."): utilityClass.CustomSoftAssert.assertTrue is PASSED

27-08-2024T22:51:52 - [MESSAGE][PASSED] - utilityClass.CustomSoftAssert.assertTrue is PASSED

27-08-2024T22:51:52 - [TEST_STEP][PASSED] - Column_paid_locally = database.DatabaseUtils.checkColumnExist("mc_fop_types", "paid_locally"): database.DatabaseUtils.checkColumnExist is PASSED

27-08-2024T22:51:58 - [MESSAGE][PASSED] - database.DatabaseUtils.checkColumnExist is PASSED

27-08-2024T22:51:58 - [TEST_STEP][PASSED] - utilityClass.CustomSoftAssert.assertTrue(Column_paid_locally, "Column paid_locally is not available"): utilityClass.CustomSoftAssert.assertTrue is PASSED

27-08-2024T22:51:58 - [MESSAGE][PASSED] - utilityClass.CustomSoftAssert.assertTrue is PASSED

27-08-2024T22:51:58 - [TEST_STEP][PASSED] - rowCount = database.DatabaseUtils.getRowCount("select * from bdmozart.mc_fop_types where paid_locally = 't'"): database.DatabaseUtils.getRowCount is PASSED

27-08-2024T22:52:04 - [MESSAGE][PASSED] - database.DatabaseUtils.getRowCount is PASSED

27-08-2024T22:52:04 - [TEST_STEP][PASSED] - DataBaseEnableFopList = new java.util.ArrayList(): null

27-08-2024T22:52:04 - [TEST_STEP][PASSED] - FilterFopList = new java.util.ArrayList(): null

27-08-2024T22:52:04 - [TEST_STEP][PASSED] - for ([i = 1, i <= rowCount, (i++)]): null

27-08-2024T22:52:04 - [TEST_STEP][PASSED] - enableFop = database.DatabaseUtils.executeQuery("select * from bdmozart.mc_fop_types where paid_locally = 't'", "fop_type", i): database.DatabaseUtils.executeQuery is PASSED

27-08-2024T22:52:08 - [MESSAGE][PASSED] - database.DatabaseUtils.executeQuery is PASSED

27-08-2024T22:52:08 - [TEST_STEP][PASSED] - println(enableFop): null

27-08-2024T22:52:08 - [TEST_STEP][PASSED] - DataBaseEnableFopList.add(enableFop): null

27-08-2024T22:52:08 - [TEST_STEP][PASSED] - enableFop = database.DatabaseUtils.executeQuery("select * from bdmozart.mc_fop_types where paid_locally = 't'", "fop_type", i): database.DatabaseUtils.executeQuery is PASSED

27-08-2024T22:52:14 - [MESSAGE][PASSED] - database.DatabaseUtils.executeQuery is PASSED

27-08-2024T22:52:14 - [TEST_STEP][PASSED] - println(enableFop): null

27-08-2024T22:52:14 - [TEST_STEP][PASSED] - DataBaseEnableFopList.add(enableFop): null

27-08-2024T22:52:14 - [TEST_STEP][PASSED] - enableFop = database.DatabaseUtils.executeQuery("select * from bdmozart.mc_fop_types where paid_locally = 't'", "fop_type", i): database.DatabaseUtils.executeQuery is PASSED

27-08-2024T22:52:20 - [MESSAGE][PASSED] - database.DatabaseUtils.executeQuery is PASSED

27-08-2024T22:52:20 - [TEST_STEP][PASSED] - println(enableFop): null

27-08-2024T22:52:20 - [TEST_STEP][PASSED] - DataBaseEnableFopList.add(enableFop): null

27-08-2024T22:52:20 - [TEST_STEP][PASSED] - demoPackage.MozartLogin.mozartLoginWithUser(): demoPackage.MozartLogin.mozartLoginWithUser is PASSED

27-08-2024T22:52:20 - [MESSAGE][WARNING] - A browser is already opened. Closing browser and opening a new one

27-08-2024T22:52:20 - [MESSAGE][INFO] - Starting 'Chrome' driver

27-08-2024T22:52:20 - [MESSAGE][INFO] - Action delay is set to 0 milliseconds

27-08-2024T22:52:22 - [MESSAGE][PASSED] - Browser is opened with url: ''

27-08-2024T22:52:25 - [MESSAGE][PASSED] - Navigate to 'https://accelyacomtest.accelya.local/MozartTest/AirlinesHub/Index' successfully

27-08-2024T22:52:25 - [MESSAGE][PASSED] - Current window maximized

27-08-2024T22:52:25 - [MESSAGE][PASSED] - Object: 'Object Repository/MozartChrome/ChromeAdvance/ClickOnAdvanceButton' is clicked on

27-08-2024T22:53:53 - [MESSAGE][PASSED] - Object: 'Object Repository/MozartChrome/ChromeAdvance/ProccedLink' is clicked on

27-08-2024T22:53:54 - [MESSAGE][PASSED] - Text 'ranajitvadar' is set on object 'Object Repository/MozartChrome/Page_/input_Username_Login'

27-08-2024T22:53:54 - [MESSAGE][PASSED] - Object: 'Object Repository/MozartChrome/Page_/button_Next' is clicked on

27-08-2024T22:53:55 - [MESSAGE][PASSED] - Text 'Accelya.1' is set on object 'Object Repository/MozartChrome/Page_/input_Password_Password'

27-08-2024T22:53:56 - [MESSAGE][PASSED] - Object: 'Object Repository/MozartChrome/Page_/button_Sign in' is clicked on

27-08-2024T22:53:56 - [MESSAGE][PASSED] - demoPackage.MozartLogin.mozartLoginWithUser is PASSED

27-08-2024T22:53:56 - [TEST_STEP][PASSED] - click(findTestObject("EK_Objects/Page_Mozart - Dashboard/a_Refunds")): Object: 'Object Repository/EK_Objects/Page_Mozart - Dashboard/a_Refunds' is clicked on

27-08-2024T22:54:36 - [MESSAGE][PASSED] - Object: 'Object Repository/EK_Objects/Page_Mozart - Dashboard/a_Refunds' is clicked on

27-08-2024T22:54:36 - [TEST_STEP][PASSED] - click(findTestObject("EK_Objects/Page_Mozart - Dashboard/Click_On_Local_Settlements")): Object: 'Object Repository/EK_Objects/Page_Mozart - Dashboard/Click_On_Local_Settlements' is clicked on

27-08-2024T22:54:40 - [MESSAGE][PASSED] - Object: 'Object Repository/EK_Objects/Page_Mozart - Dashboard/Click_On_Local_Settlements' is clicked on

27-08-2024T22:54:40 - [TEST_STEP][PASSED] - click(findTestObject("EK_Objects/Page_Mozart - LocalSettlements/filter_button")): Object: 'Object Repository/EK_Objects/Page_Mozart - LocalSettlements/filter_button' is clicked on

27-08-2024T22:54:43 - [MESSAGE][PASSED] - Object: 'Object Repository/EK_Objects/Page_Mozart - LocalSettlements/filter_button' is clicked on

27-08-2024T22:54:43 - [TEST_STEP][PASSED] - click(findTestObject("Object Repository/EK_Objects/Page_Mozart - LocalSettlements/textbox_filter_r2_c3")): Object: 'Object Repository/EK_Objects/Page_Mozart - LocalSettlements/textbox_filter_r2_c3' is clicked on

27-08-2024T22:54:44 - [MESSAGE][PASSED] - Object: 'Object Repository/EK_Objects/Page_Mozart - LocalSettlements/textbox_filter_r2_c3' is clicked on

27-08-2024T22:54:44 - [TEST_STEP][PASSED] - FopValues = findWebElements(findTestObject("EK_Objects/Page_Mozart - LocalSettlements/filter_RefundFopPaidLocally_values"), 10): Found web elements by test object Object Repository/EK_Objects/Page_Mozart - LocalSettlements/filter_RefundFopPaidLocally_values

27-08-2024T22:54:44 - [MESSAGE][PASSED] - Found web elements by test object Object Repository/EK_Objects/Page_Mozart - LocalSettlements/filter_RefundFopPaidLocally_values

27-08-2024T22:54:44 - [TEST_STEP][PASSED] - dynamicTestObject = new com.kms.katalon.core.testobject.TestObject(): null

27-08-2024T22:54:44 - [TEST_STEP][PASSED] - println(FopValues.size()): null

27-08-2024T22:54:44 - [TEST_STEP][PASSED] - for ([row = 1, row <= FopValues.size(), (row++)]): null

27-08-2024T22:54:44 - [TEST_STEP][PASSED] - dynamicXPath = "(//div[@id='bs-select-16']/ul[@class='dropdown-menu inner show']/li)[" + row + "]": null

27-08-2024T22:54:44 - [TEST_STEP][PASSED] - dynamicTestObject.addProperty("xpath", EQUALS, dynamicXPath): null

27-08-2024T22:54:44 - [TEST_STEP][PASSED] - editButtonElement = findWebElement(dynamicTestObject, 10): Found web element by test object 

27-08-2024T22:54:44 - [MESSAGE][PASSED] - Found web element by test object 

27-08-2024T22:54:44 - [TEST_STEP][PASSED] - FilterFopList.add(editButtonElement.getText()): null

27-08-2024T22:54:44 - [TEST_STEP][PASSED] - println(editButtonElement.getText()): null

27-08-2024T22:54:44 - [TEST_STEP][PASSED] - dynamicXPath = "(//div[@id='bs-select-16']/ul[@class='dropdown-menu inner show']/li)[" + row + "]": null

27-08-2024T22:54:44 - [TEST_STEP][PASSED] - dynamicTestObject.addProperty("xpath", EQUALS, dynamicXPath): null

27-08-2024T22:54:44 - [TEST_STEP][PASSED] - editButtonElement = findWebElement(dynamicTestObject, 10): Found web element by test object 

27-08-2024T22:54:45 - [MESSAGE][PASSED] - Found web element by test object 

27-08-2024T22:54:45 - [TEST_STEP][PASSED] - FilterFopList.add(editButtonElement.getText()): null

27-08-2024T22:54:45 - [TEST_STEP][PASSED] - println(editButtonElement.getText()): null

27-08-2024T22:54:45 - [TEST_STEP][PASSED] - dynamicXPath = "(//div[@id='bs-select-16']/ul[@class='dropdown-menu inner show']/li)[" + row + "]": null

27-08-2024T22:54:45 - [TEST_STEP][PASSED] - dynamicTestObject.addProperty("xpath", EQUALS, dynamicXPath): null

27-08-2024T22:54:45 - [TEST_STEP][PASSED] - editButtonElement = findWebElement(dynamicTestObject, 10): Found web element by test object 

27-08-2024T22:54:45 - [MESSAGE][PASSED] - Found web element by test object 

27-08-2024T22:54:45 - [TEST_STEP][PASSED] - FilterFopList.add(editButtonElement.getText()): null

27-08-2024T22:54:45 - [TEST_STEP][PASSED] - println(editButtonElement.getText()): null

27-08-2024T22:54:45 - [TEST_STEP][PASSED] - utilityClass.CustomSoftAssert.assertTrue(size().equals(FilterFopList.size()), "Fop list is count is not match"): utilityClass.CustomSoftAssert.assertTrue is PASSED

27-08-2024T22:54:45 - [MESSAGE][PASSED] - utilityClass.CustomSoftAssert.assertTrue is PASSED

27-08-2024T22:54:45 - [TEST_STEP][PASSED] - uniqueFopValues = new java.util.HashSet(): null

27-08-2024T22:54:45 - [TEST_STEP][PASSED] - try: null

27-08-2024T22:54:45 - [TEST_STEP][PASSED] - for ([i = 0, i < FilterFopList.size(), (i++)]): null

27-08-2024T22:54:45 - [TEST_STEP][PASSED] - uniqueFopValues.add(get(i).substring(0, 2)): null

27-08-2024T22:54:45 - [TEST_STEP][PASSED] - uniqueFopValues.add(get(i).substring(0, 2)): null

27-08-2024T22:54:45 - [TEST_STEP][PASSED] - uniqueFopValues.add(get(i).substring(0, 2)): null

27-08-2024T22:54:45 - [TEST_STEP][PASSED] - webFopValues = new java.util.ArrayList(uniqueFopValues): null

27-08-2024T22:54:45 - [TEST_STEP][PASSED] - Collections.sort(webFopValues): null

27-08-2024T22:54:45 - [TEST_STEP][PASSED] - Collections.sort(DataBaseEnableFopList): null

27-08-2024T22:54:45 - [TEST_STEP][PASSED] - areEqual = webFopValues.equals(DataBaseEnableFopList): null

27-08-2024T22:54:45 - [TEST_STEP][PASSED] - utilityClass.CustomSoftAssert.assertTrue(areEqual, "FOP found in filter is not matchnig"): utilityClass.CustomSoftAssert.assertTrue is PASSED

27-08-2024T22:54:45 - [MESSAGE][PASSED] - utilityClass.CustomSoftAssert.assertTrue is PASSED

27-08-2024T22:54:45 - [TEST_STEP][FAILED] - utilityClass.CustomSoftAssert.assertAll(): Test Cases/MOZ-10510/TC 9_MOZ_11450 Verifies that the internal configuration in the database is correctly set up to define the form of payments visible in the Local Settlements module FAILED.
Reason:
java.lang.AssertionError: The following asserts failed:
	amount fail expected [true] but found [false]
	at org.testng.asserts.SoftAssert.assertAll(SoftAssert.java:46)
	at org.testng.asserts.SoftAssert.assertAll(SoftAssert.java:30)
	at utilityClass.CustomSoftAssert.assertAll(CustomSoftAssert.groovy:44)
	at java.base/jdk.internal.reflect.NativeMethodAccessorImpl.invoke0(Native Method)
	at java.base/jdk.internal.reflect.NativeMethodAccessorImpl.invoke(NativeMethodAccessorImpl.java:77)
	at java.base/jdk.internal.reflect.DelegatingMethodAccessorImpl.invoke(DelegatingMethodAccessorImpl.java:43)
	at com.kms.katalon.core.main.CustomKeywordDelegatingMetaClass.invokeStaticMethod(CustomKeywordDelegatingMetaClass.java:55)
	at TC 9_MOZ_11450 Verifies that the internal configuration in the database is correctly set up to define the form of payments visible in the Local Settlements module.run(TC 9_MOZ_11450 Verifies that the internal configuration in the database is correctly set up to define the form of payments visible in the Local Settlements module:84)
	at com.kms.katalon.core.main.ScriptEngine.run(ScriptEngine.java:194)
	at com.kms.katalon.core.main.ScriptEngine.runScriptAsRawText(ScriptEngine.java:119)
	at com.kms.katalon.core.main.TestCaseExecutor.runScript(TestCaseExecutor.java:448)
	at com.kms.katalon.core.main.TestCaseExecutor.doExecute(TestCaseExecutor.java:439)
	at com.kms.katalon.core.main.TestCaseExecutor.processExecutionPhase(TestCaseExecutor.java:418)
	at com.kms.katalon.core.main.TestCaseExecutor.accessMainPhase(TestCaseExecutor.java:410)
	at com.kms.katalon.core.main.TestCaseExecutor.execute(TestCaseExecutor.java:285)
	at com.kms.katalon.core.common.CommonExecutor.accessTestCaseMainPhase(CommonExecutor.java:65)
	at com.kms.katalon.core.main.TestSuiteExecutor.accessTestSuiteMainPhase(TestSuiteExecutor.java:150)
	at com.kms.katalon.core.main.TestSuiteExecutor.execute(TestSuiteExecutor.java:106)
	at com.kms.katalon.core.main.TestCaseMain.startTestSuite(TestCaseMain.java:180)
	at TempTestSuite1724779058748.run(TempTestSuite1724779058748.groovy:35)
	at java.base/jdk.internal.reflect.NativeMethodAccessorImpl.invoke0(Native Method)
	at java.base/jdk.internal.reflect.NativeMethodAccessorImpl.invoke(NativeMethodAccessorImpl.java:77)
	at java.base/jdk.internal.reflect.DelegatingMethodAccessorImpl.invoke(DelegatingMethodAccessorImpl.java:43)


27-08-2024T22:54:45 - [MESSAGE][FAILED] - java.lang.AssertionError: The following asserts failed:
	amount fail expected [true] but found [false]

27-08-2024T22:54:45 - [MESSAGE][FAILED] - Test Cases/MOZ-10510/TC 9_MOZ_11450 Verifies that the internal configuration in the database is correctly set up to define the form of payments visible in the Local Settlements module FAILED.
Reason:
java.lang.AssertionError: The following asserts failed:
	amount fail expected [true] but found [false]
	at org.testng.asserts.SoftAssert.assertAll(SoftAssert.java:46)
	at org.testng.asserts.SoftAssert.assertAll(SoftAssert.java:30)
	at utilityClass.CustomSoftAssert.assertAll(CustomSoftAssert.groovy:44)
	at java.base/jdk.internal.reflect.NativeMethodAccessorImpl.invoke0(Native Method)
	at java.base/jdk.internal.reflect.NativeMethodAccessorImpl.invoke(NativeMethodAccessorImpl.java:77)
	at java.base/jdk.internal.reflect.DelegatingMethodAccessorImpl.invoke(DelegatingMethodAccessorImpl.java:43)
	at com.kms.katalon.core.main.CustomKeywordDelegatingMetaClass.invokeStaticMethod(CustomKeywordDelegatingMetaClass.java:55)
	at TC 9_MOZ_11450 Verifies that the internal configuration in the database is correctly set up to define the form of payments visible in the Local Settlements module.run(TC 9_MOZ_11450 Verifies that the internal configuration in the database is correctly set up to define the form of payments visible in the Local Settlements module:84)
	at com.kms.katalon.core.main.ScriptEngine.run(ScriptEngine.java:194)
	at com.kms.katalon.core.main.ScriptEngine.runScriptAsRawText(ScriptEngine.java:119)
	at com.kms.katalon.core.main.TestCaseExecutor.runScript(TestCaseExecutor.java:448)
	at com.kms.katalon.core.main.TestCaseExecutor.doExecute(TestCaseExecutor.java:439)
	at com.kms.katalon.core.main.TestCaseExecutor.processExecutionPhase(TestCaseExecutor.java:418)
	at com.kms.katalon.core.main.TestCaseExecutor.accessMainPhase(TestCaseExecutor.java:410)
	at com.kms.katalon.core.main.TestCaseExecutor.execute(TestCaseExecutor.java:285)
	at com.kms.katalon.core.common.CommonExecutor.accessTestCaseMainPhase(CommonExecutor.java:65)
	at com.kms.katalon.core.main.TestSuiteExecutor.accessTestSuiteMainPhase(TestSuiteExecutor.java:150)
	at com.kms.katalon.core.main.TestSuiteExecutor.execute(TestSuiteExecutor.java:106)
	at com.kms.katalon.core.main.TestCaseMain.startTestSuite(TestCaseMain.java:180)
	at TempTestSuite1724779058748.run(TempTestSuite1724779058748.groovy:35)
	at java.base/jdk.internal.reflect.NativeMethodAccessorImpl.invoke0(Native Method)
	at java.base/jdk.internal.reflect.NativeMethodAccessorImpl.invoke(NativeMethodAccessorImpl.java:77)
	at java.base/jdk.internal.reflect.DelegatingMethodAccessorImpl.invoke(DelegatingMethodAccessorImpl.java:43)]]></system-out>
         <system-err><![CDATA[27-08-2024T22:51:45 - [TEST_CASE][ERROR] - Test Cases/MOZ-10510/TC 9_MOZ_11450 Verifies that the internal configuration in the database is correctly set up to define the form of payments visible in the Local Settlements module: Test Cases/MOZ-10510/TC 9_MOZ_11450 Verifies that the internal configuration in the database is correctly set up to define the form of payments visible in the Local Settlements module FAILED.
Reason:
org.codehaus.groovy.runtime.InvokerInvocationException: java.lang.AssertionError: The following asserts failed:
	amount fail expected [true] but found [false]
	at com.kms.katalon.core.main.CustomKeywordDelegatingMetaClass.invokeStaticMethod(CustomKeywordDelegatingMetaClass.java:55)
	at TC 9_MOZ_11450 Verifies that the internal configuration in the database is correctly set up to define the form of payments visible in the Local Settlements module.run(TC 9_MOZ_11450 Verifies that the internal configuration in the database is correctly set up to define the form of payments visible in the Local Settlements module:84)
	at com.kms.katalon.core.main.ScriptEngine.run(ScriptEngine.java:194)
	at com.kms.katalon.core.main.ScriptEngine.runScriptAsRawText(ScriptEngine.java:119)
	at com.kms.katalon.core.main.TestCaseExecutor.runScript(TestCaseExecutor.java:448)
	at com.kms.katalon.core.main.TestCaseExecutor.doExecute(TestCaseExecutor.java:439)
	at com.kms.katalon.core.main.TestCaseExecutor.processExecutionPhase(TestCaseExecutor.java:418)
	at com.kms.katalon.core.main.TestCaseExecutor.accessMainPhase(TestCaseExecutor.java:410)
	at com.kms.katalon.core.main.TestCaseExecutor.execute(TestCaseExecutor.java:285)
	at com.kms.katalon.core.common.CommonExecutor.accessTestCaseMainPhase(CommonExecutor.java:65)
	at com.kms.katalon.core.main.TestSuiteExecutor.accessTestSuiteMainPhase(TestSuiteExecutor.java:150)
	at com.kms.katalon.core.main.TestSuiteExecutor.execute(TestSuiteExecutor.java:106)
	at com.kms.katalon.core.main.TestCaseMain.startTestSuite(TestCaseMain.java:180)
	at TempTestSuite1724779058748.run(TempTestSuite1724779058748.groovy:35)
	at java.base/jdk.internal.reflect.NativeMethodAccessorImpl.invoke0(Native Method)
	at java.base/jdk.internal.reflect.NativeMethodAccessorImpl.invoke(NativeMethodAccessorImpl.java:77)
	at java.base/jdk.internal.reflect.DelegatingMethodAccessorImpl.invoke(DelegatingMethodAccessorImpl.java:43)
Caused by: java.lang.AssertionError: The following asserts failed:
	amount fail expected [true] but found [false]
	at org.testng.asserts.SoftAssert.assertAll(SoftAssert.java:46)
	at org.testng.asserts.SoftAssert.assertAll(SoftAssert.java:30)
	at utilityClass.CustomSoftAssert.assertAll(CustomSoftAssert.groovy:44)
	at java.base/jdk.internal.reflect.NativeMethodAccessorImpl.invoke0(Native Method)
	at java.base/jdk.internal.reflect.NativeMethodAccessorImpl.invoke(NativeMethodAccessorImpl.java:77)
	at java.base/jdk.internal.reflect.DelegatingMethodAccessorImpl.invoke(DelegatingMethodAccessorImpl.java:43)
	... 17 more]]></system-err>
      </testcase>
      <testcase name="Test Cases/MOZ-10510/TC 8_MOZ_11449 Verify the Availability of Group By,My Filters, and Download Options in the Local Settlements Module" time="119.722" classname="Test Cases/MOZ-10510/TC 8_MOZ_11449 Verify the Availability of Group By,My Filters, and Download Options in the Local Settlements Module" status="PASSED">
         <system-out><![CDATA[27-08-2024T22:54:45 - [TEST_CASE][PASSED] - Test Cases/MOZ-10510/TC 8_MOZ_11449 Verify the Availability of Group By,My Filters, and Download Options in the Local Settlements Module: Test Cases/MOZ-10510/TC 8_MOZ_11449 Verify the Availability of Group By,My Filters, and Download Options in the Local Settlements Module

27-08-2024T22:54:45 - [TEST_STEP][PASSED] - demoPackage.MozartLogin.mozartLoginWithUser(): demoPackage.MozartLogin.mozartLoginWithUser is PASSED

27-08-2024T22:54:45 - [MESSAGE][WARNING] - A browser is already opened. Closing browser and opening a new one

27-08-2024T22:54:46 - [MESSAGE][INFO] - Starting 'Chrome' driver

27-08-2024T22:54:46 - [MESSAGE][INFO] - Action delay is set to 0 milliseconds

27-08-2024T22:54:47 - [MESSAGE][PASSED] - Browser is opened with url: ''

27-08-2024T22:54:50 - [MESSAGE][PASSED] - Navigate to 'https://accelyacomtest.accelya.local/MozartTest/AirlinesHub/Index' successfully

27-08-2024T22:54:50 - [MESSAGE][PASSED] - Current window maximized

27-08-2024T22:54:50 - [MESSAGE][PASSED] - Object: 'Object Repository/MozartChrome/ChromeAdvance/ClickOnAdvanceButton' is clicked on

27-08-2024T22:55:24 - [MESSAGE][PASSED] - Object: 'Object Repository/MozartChrome/ChromeAdvance/ProccedLink' is clicked on

27-08-2024T22:55:25 - [MESSAGE][PASSED] - Text 'ranajitvadar' is set on object 'Object Repository/MozartChrome/Page_/input_Username_Login'

27-08-2024T22:55:25 - [MESSAGE][PASSED] - Object: 'Object Repository/MozartChrome/Page_/button_Next' is clicked on

27-08-2024T22:55:27 - [MESSAGE][PASSED] - Text 'Accelya.1' is set on object 'Object Repository/MozartChrome/Page_/input_Password_Password'

27-08-2024T22:55:27 - [MESSAGE][PASSED] - Object: 'Object Repository/MozartChrome/Page_/button_Sign in' is clicked on

27-08-2024T22:55:27 - [MESSAGE][PASSED] - demoPackage.MozartLogin.mozartLoginWithUser is PASSED

27-08-2024T22:55:27 - [TEST_STEP][PASSED] - click(findTestObject("EK_Objects/Page_Mozart - Dashboard/a_Refunds")): Object: 'Object Repository/EK_Objects/Page_Mozart - Dashboard/a_Refunds' is clicked on

27-08-2024T22:56:00 - [MESSAGE][PASSED] - Object: 'Object Repository/EK_Objects/Page_Mozart - Dashboard/a_Refunds' is clicked on

27-08-2024T22:56:00 - [TEST_STEP][PASSED] - click(findTestObject("EK_Objects/Page_Mozart - Dashboard/Click_On_Local_Settlements")): Object: 'Object Repository/EK_Objects/Page_Mozart - Dashboard/Click_On_Local_Settlements' is clicked on

27-08-2024T22:56:33 - [MESSAGE][PASSED] - Object: 'Object Repository/EK_Objects/Page_Mozart - Dashboard/Click_On_Local_Settlements' is clicked on

27-08-2024T22:56:33 - [TEST_STEP][PASSED] - verifyElementPresent(findTestObject("EK_Objects/Page_Mozart - LocalSettlements/filter_button"), 5, STOP_ON_FAILURE): Object 'Object Repository/EK_Objects/Page_Mozart - LocalSettlements/filter_button' is present

27-08-2024T22:56:43 - [MESSAGE][PASSED] - Object 'Object Repository/EK_Objects/Page_Mozart - LocalSettlements/filter_button' is present

27-08-2024T22:56:43 - [TEST_STEP][PASSED] - verifyElementPresent(findTestObject("EK_Objects/Page_Mozart - LocalSettlements/groupBy_button"), 5, STOP_ON_FAILURE): Object 'Object Repository/EK_Objects/Page_Mozart - LocalSettlements/groupBy_button' is present

27-08-2024T22:56:45 - [MESSAGE][PASSED] - Object 'Object Repository/EK_Objects/Page_Mozart - LocalSettlements/groupBy_button' is present]]></system-out>
         <system-err><![CDATA[]]></system-err>
      </testcase>
      <testcase name="Test Cases/MOZ-10510/TC 7_MOZ_11448 Verify Grid Display in the Local Settlements Module" time="103.08" classname="Test Cases/MOZ-10510/TC 7_MOZ_11448 Verify Grid Display in the Local Settlements Module" status="ERROR">
         <error type="ERROR" message="Test Cases/MOZ-10510/TC 7_MOZ_11448 Verify Grid Display in the Local Settlements Module FAILED.&#xa;Reason:&#xa;org.codehaus.groovy.runtime.InvokerInvocationException: java.lang.AssertionError: The following asserts failed:&#xa;	amount fail expected [true] but found [false]&#xa;	at com.kms.katalon.core.main.CustomKeywordDelegatingMetaClass.invokeStaticMethod(CustomKeywordDelegatingMetaClass.java:55)&#xa;	at TC 7_MOZ_11448 Verify Grid Display in the Local Settlements Module.run(TC 7_MOZ_11448 Verify Grid Display in the Local Settlements Module:29)&#xa;	at com.kms.katalon.core.main.ScriptEngine.run(ScriptEngine.java:194)&#xa;	at com.kms.katalon.core.main.ScriptEngine.runScriptAsRawText(ScriptEngine.java:119)&#xa;	at com.kms.katalon.core.main.TestCaseExecutor.runScript(TestCaseExecutor.java:448)&#xa;	at com.kms.katalon.core.main.TestCaseExecutor.doExecute(TestCaseExecutor.java:439)&#xa;	at com.kms.katalon.core.main.TestCaseExecutor.processExecutionPhase(TestCaseExecutor.java:418)&#xa;	at com.kms.katalon.core.main.TestCaseExecutor.accessMainPhase(TestCaseExecutor.java:410)&#xa;	at com.kms.katalon.core.main.TestCaseExecutor.execute(TestCaseExecutor.java:285)&#xa;	at com.kms.katalon.core.common.CommonExecutor.accessTestCaseMainPhase(CommonExecutor.java:65)&#xa;	at com.kms.katalon.core.main.TestSuiteExecutor.accessTestSuiteMainPhase(TestSuiteExecutor.java:150)&#xa;	at com.kms.katalon.core.main.TestSuiteExecutor.execute(TestSuiteExecutor.java:106)&#xa;	at com.kms.katalon.core.main.TestCaseMain.startTestSuite(TestCaseMain.java:180)&#xa;	at TempTestSuite1724779058748.run(TempTestSuite1724779058748.groovy:35)&#xa;	at java.base/jdk.internal.reflect.NativeMethodAccessorImpl.invoke0(Native Method)&#xa;	at java.base/jdk.internal.reflect.NativeMethodAccessorImpl.invoke(NativeMethodAccessorImpl.java:77)&#xa;	at java.base/jdk.internal.reflect.DelegatingMethodAccessorImpl.invoke(DelegatingMethodAccessorImpl.java:43)&#xa;Caused by: java.lang.AssertionError: The following asserts failed:&#xa;	amount fail expected [true] but found [false]&#xa;	at org.testng.asserts.SoftAssert.assertAll(SoftAssert.java:46)&#xa;	at org.testng.asserts.SoftAssert.assertAll(SoftAssert.java:30)&#xa;	at utilityClass.CustomSoftAssert.assertAll(CustomSoftAssert.groovy:44)&#xa;	at java.base/jdk.internal.reflect.NativeMethodAccessorImpl.invoke0(Native Method)&#xa;	at java.base/jdk.internal.reflect.NativeMethodAccessorImpl.invoke(NativeMethodAccessorImpl.java:77)&#xa;	at java.base/jdk.internal.reflect.DelegatingMethodAccessorImpl.invoke(DelegatingMethodAccessorImpl.java:43)&#xa;	... 17 more&#xa;"/>
         <system-out><![CDATA[27-08-2024T22:56:45 - [TEST_CASE][ERROR] - Test Cases/MOZ-10510/TC 7_MOZ_11448 Verify Grid Display in the Local Settlements Module: Test Cases/MOZ-10510/TC 7_MOZ_11448 Verify Grid Display in the Local Settlements Module FAILED.
Reason:
org.codehaus.groovy.runtime.InvokerInvocationException: java.lang.AssertionError: The following asserts failed:
	amount fail expected [true] but found [false]
	at com.kms.katalon.core.main.CustomKeywordDelegatingMetaClass.invokeStaticMethod(CustomKeywordDelegatingMetaClass.java:55)
	at TC 7_MOZ_11448 Verify Grid Display in the Local Settlements Module.run(TC 7_MOZ_11448 Verify Grid Display in the Local Settlements Module:29)
	at com.kms.katalon.core.main.ScriptEngine.run(ScriptEngine.java:194)
	at com.kms.katalon.core.main.ScriptEngine.runScriptAsRawText(ScriptEngine.java:119)
	at com.kms.katalon.core.main.TestCaseExecutor.runScript(TestCaseExecutor.java:448)
	at com.kms.katalon.core.main.TestCaseExecutor.doExecute(TestCaseExecutor.java:439)
	at com.kms.katalon.core.main.TestCaseExecutor.processExecutionPhase(TestCaseExecutor.java:418)
	at com.kms.katalon.core.main.TestCaseExecutor.accessMainPhase(TestCaseExecutor.java:410)
	at com.kms.katalon.core.main.TestCaseExecutor.execute(TestCaseExecutor.java:285)
	at com.kms.katalon.core.common.CommonExecutor.accessTestCaseMainPhase(CommonExecutor.java:65)
	at com.kms.katalon.core.main.TestSuiteExecutor.accessTestSuiteMainPhase(TestSuiteExecutor.java:150)
	at com.kms.katalon.core.main.TestSuiteExecutor.execute(TestSuiteExecutor.java:106)
	at com.kms.katalon.core.main.TestCaseMain.startTestSuite(TestCaseMain.java:180)
	at TempTestSuite1724779058748.run(TempTestSuite1724779058748.groovy:35)
	at java.base/jdk.internal.reflect.NativeMethodAccessorImpl.invoke0(Native Method)
	at java.base/jdk.internal.reflect.NativeMethodAccessorImpl.invoke(NativeMethodAccessorImpl.java:77)
	at java.base/jdk.internal.reflect.DelegatingMethodAccessorImpl.invoke(DelegatingMethodAccessorImpl.java:43)
Caused by: java.lang.AssertionError: The following asserts failed:
	amount fail expected [true] but found [false]
	at org.testng.asserts.SoftAssert.assertAll(SoftAssert.java:46)
	at org.testng.asserts.SoftAssert.assertAll(SoftAssert.java:30)
	at utilityClass.CustomSoftAssert.assertAll(CustomSoftAssert.groovy:44)
	at java.base/jdk.internal.reflect.NativeMethodAccessorImpl.invoke0(Native Method)
	at java.base/jdk.internal.reflect.NativeMethodAccessorImpl.invoke(NativeMethodAccessorImpl.java:77)
	at java.base/jdk.internal.reflect.DelegatingMethodAccessorImpl.invoke(DelegatingMethodAccessorImpl.java:43)
	... 17 more


27-08-2024T22:56:45 - [TEST_STEP][PASSED] - demoPackage.MozartLogin.mozartLoginWithUser(): demoPackage.MozartLogin.mozartLoginWithUser is PASSED

27-08-2024T22:56:45 - [MESSAGE][WARNING] - A browser is already opened. Closing browser and opening a new one

27-08-2024T22:56:46 - [MESSAGE][INFO] - Starting 'Chrome' driver

27-08-2024T22:56:46 - [MESSAGE][INFO] - Action delay is set to 0 milliseconds

27-08-2024T22:56:47 - [MESSAGE][PASSED] - Browser is opened with url: ''

27-08-2024T22:56:48 - [MESSAGE][PASSED] - Navigate to 'https://accelyacomtest.accelya.local/MozartTest/AirlinesHub/Index' successfully

27-08-2024T22:56:48 - [MESSAGE][PASSED] - Current window maximized

27-08-2024T22:56:49 - [MESSAGE][PASSED] - Object: 'Object Repository/MozartChrome/ChromeAdvance/ClickOnAdvanceButton' is clicked on

27-08-2024T22:57:22 - [MESSAGE][PASSED] - Object: 'Object Repository/MozartChrome/ChromeAdvance/ProccedLink' is clicked on

27-08-2024T22:57:23 - [MESSAGE][PASSED] - Text 'ranajitvadar' is set on object 'Object Repository/MozartChrome/Page_/input_Username_Login'

27-08-2024T22:57:23 - [MESSAGE][PASSED] - Object: 'Object Repository/MozartChrome/Page_/button_Next' is clicked on

27-08-2024T22:57:24 - [MESSAGE][PASSED] - Text 'Accelya.1' is set on object 'Object Repository/MozartChrome/Page_/input_Password_Password'

27-08-2024T22:57:25 - [MESSAGE][PASSED] - Object: 'Object Repository/MozartChrome/Page_/button_Sign in' is clicked on

27-08-2024T22:57:25 - [MESSAGE][PASSED] - demoPackage.MozartLogin.mozartLoginWithUser is PASSED

27-08-2024T22:57:25 - [TEST_STEP][PASSED] - click(findTestObject("EK_Objects/Page_Mozart - Dashboard/a_Refunds")): Object: 'Object Repository/EK_Objects/Page_Mozart - Dashboard/a_Refunds' is clicked on

27-08-2024T22:57:55 - [MESSAGE][PASSED] - Object: 'Object Repository/EK_Objects/Page_Mozart - Dashboard/a_Refunds' is clicked on

27-08-2024T22:57:55 - [TEST_STEP][PASSED] - click(findTestObject("EK_Objects/Page_Mozart - Dashboard/Click_On_Local_Settlements")): Object: 'Object Repository/EK_Objects/Page_Mozart - Dashboard/Click_On_Local_Settlements' is clicked on

27-08-2024T22:58:25 - [MESSAGE][PASSED] - Object: 'Object Repository/EK_Objects/Page_Mozart - Dashboard/Click_On_Local_Settlements' is clicked on

27-08-2024T22:58:25 - [TEST_STEP][PASSED] - listOfHeaderColumns = findWebElements(findTestObject("EK_Objects/Page_Mozart - LocalSettlements/filterTable_headers"), 10): Found web elements by test object Object Repository/EK_Objects/Page_Mozart - LocalSettlements/filterTable_headers

27-08-2024T22:58:27 - [MESSAGE][PASSED] - Found web elements by test object Object Repository/EK_Objects/Page_Mozart - LocalSettlements/filterTable_headers

27-08-2024T22:58:27 - [TEST_STEP][PASSED] - println(listOfHeaderColumns.size()): null

27-08-2024T22:58:27 - [TEST_STEP][PASSED] - elements = ["xyz", "Request Id", "Processing Date (yyyy-mm-dd)", "Ticket Number", "Request Number", "Passenger Name", "Country", "Agent code", "Refund Amount", "Currency", "Refund FOP Paid Locally", "Reason"]: null

27-08-2024T22:58:27 - [TEST_STEP][PASSED] - for ([i = 1, i < listOfHeaderColumns.size(), (i++)]): utilityClass.CustomSoftAssert.assertEquals is PASSED

27-08-2024T22:58:27 - [TEST_STEP][PASSED] - if (i == listOfHeaderColumns.size() / 2): null

27-08-2024T22:58:27 - [TEST_STEP][PASSED] - println(get(i).getText() + " " + i): null

27-08-2024T22:58:28 - [TEST_STEP][PASSED] - utilityClass.CustomSoftAssert.assertEquals(get(i).getText(), elements[i], "element is not equal"): utilityClass.CustomSoftAssert.assertEquals is PASSED

27-08-2024T22:58:28 - [MESSAGE][PASSED] - utilityClass.CustomSoftAssert.assertEquals is PASSED

27-08-2024T22:58:28 - [TEST_STEP][PASSED] - if (i == listOfHeaderColumns.size() / 2): null

27-08-2024T22:58:28 - [TEST_STEP][PASSED] - println(get(i).getText() + " " + i): null

27-08-2024T22:58:28 - [TEST_STEP][PASSED] - utilityClass.CustomSoftAssert.assertEquals(get(i).getText(), elements[i], "element is not equal"): utilityClass.CustomSoftAssert.assertEquals is PASSED

27-08-2024T22:58:28 - [MESSAGE][PASSED] - utilityClass.CustomSoftAssert.assertEquals is PASSED

27-08-2024T22:58:28 - [TEST_STEP][PASSED] - if (i == listOfHeaderColumns.size() / 2): null

27-08-2024T22:58:28 - [TEST_STEP][PASSED] - println(get(i).getText() + " " + i): null

27-08-2024T22:58:28 - [TEST_STEP][PASSED] - utilityClass.CustomSoftAssert.assertEquals(get(i).getText(), elements[i], "element is not equal"): utilityClass.CustomSoftAssert.assertEquals is PASSED

27-08-2024T22:58:28 - [MESSAGE][PASSED] - utilityClass.CustomSoftAssert.assertEquals is PASSED

27-08-2024T22:58:28 - [TEST_STEP][PASSED] - if (i == listOfHeaderColumns.size() / 2): null

27-08-2024T22:58:28 - [TEST_STEP][PASSED] - println(get(i).getText() + " " + i): null

27-08-2024T22:58:28 - [TEST_STEP][PASSED] - utilityClass.CustomSoftAssert.assertEquals(get(i).getText(), elements[i], "element is not equal"): utilityClass.CustomSoftAssert.assertEquals is PASSED

27-08-2024T22:58:28 - [MESSAGE][PASSED] - utilityClass.CustomSoftAssert.assertEquals is PASSED

27-08-2024T22:58:28 - [TEST_STEP][PASSED] - if (i == listOfHeaderColumns.size() / 2): null

27-08-2024T22:58:28 - [TEST_STEP][PASSED] - println(get(i).getText() + " " + i): null

27-08-2024T22:58:28 - [TEST_STEP][PASSED] - utilityClass.CustomSoftAssert.assertEquals(get(i).getText(), elements[i], "element is not equal"): utilityClass.CustomSoftAssert.assertEquals is PASSED

27-08-2024T22:58:28 - [MESSAGE][PASSED] - utilityClass.CustomSoftAssert.assertEquals is PASSED

27-08-2024T22:58:28 - [TEST_STEP][PASSED] - if (i == listOfHeaderColumns.size() / 2): utilityClass.GenericMethods.scrollRight is PASSED

27-08-2024T22:58:28 - [TEST_STEP][PASSED] - utilityClass.GenericMethods.scrollRight(): utilityClass.GenericMethods.scrollRight is PASSED

27-08-2024T22:58:28 - [MESSAGE][PASSED] - Execute JavaScript 'document.querySelector('.dataTables_scrollBody').scrollLeft = 1000;' successfully

27-08-2024T22:58:28 - [MESSAGE][PASSED] - utilityClass.GenericMethods.scrollRight is PASSED

27-08-2024T22:58:28 - [TEST_STEP][PASSED] - println(get(i).getText() + " " + i): null

27-08-2024T22:58:28 - [TEST_STEP][PASSED] - utilityClass.CustomSoftAssert.assertEquals(get(i).getText(), elements[i], "element is not equal"): utilityClass.CustomSoftAssert.assertEquals is PASSED

27-08-2024T22:58:28 - [MESSAGE][PASSED] - utilityClass.CustomSoftAssert.assertEquals is PASSED

27-08-2024T22:58:28 - [TEST_STEP][PASSED] - if (i == listOfHeaderColumns.size() / 2): null

27-08-2024T22:58:28 - [TEST_STEP][PASSED] - println(get(i).getText() + " " + i): null

27-08-2024T22:58:28 - [TEST_STEP][PASSED] - utilityClass.CustomSoftAssert.assertEquals(get(i).getText(), elements[i], "element is not equal"): utilityClass.CustomSoftAssert.assertEquals is PASSED

27-08-2024T22:58:28 - [MESSAGE][PASSED] - utilityClass.CustomSoftAssert.assertEquals is PASSED

27-08-2024T22:58:28 - [TEST_STEP][PASSED] - if (i == listOfHeaderColumns.size() / 2): null

27-08-2024T22:58:28 - [TEST_STEP][PASSED] - println(get(i).getText() + " " + i): null

27-08-2024T22:58:28 - [TEST_STEP][PASSED] - utilityClass.CustomSoftAssert.assertEquals(get(i).getText(), elements[i], "element is not equal"): utilityClass.CustomSoftAssert.assertEquals is PASSED

27-08-2024T22:58:28 - [MESSAGE][PASSED] - utilityClass.CustomSoftAssert.assertEquals is PASSED

27-08-2024T22:58:28 - [TEST_STEP][PASSED] - if (i == listOfHeaderColumns.size() / 2): null

27-08-2024T22:58:28 - [TEST_STEP][PASSED] - println(get(i).getText() + " " + i): null

27-08-2024T22:58:28 - [TEST_STEP][PASSED] - utilityClass.CustomSoftAssert.assertEquals(get(i).getText(), elements[i], "element is not equal"): utilityClass.CustomSoftAssert.assertEquals is PASSED

27-08-2024T22:58:28 - [MESSAGE][PASSED] - utilityClass.CustomSoftAssert.assertEquals is PASSED

27-08-2024T22:58:28 - [TEST_STEP][PASSED] - if (i == listOfHeaderColumns.size() / 2): null

27-08-2024T22:58:28 - [TEST_STEP][PASSED] - println(get(i).getText() + " " + i): null

27-08-2024T22:58:28 - [TEST_STEP][PASSED] - utilityClass.CustomSoftAssert.assertEquals(get(i).getText(), elements[i], "element is not equal"): utilityClass.CustomSoftAssert.assertEquals is PASSED

27-08-2024T22:58:28 - [MESSAGE][PASSED] - utilityClass.CustomSoftAssert.assertEquals is PASSED

27-08-2024T22:58:28 - [TEST_STEP][PASSED] - if (i == listOfHeaderColumns.size() / 2): null

27-08-2024T22:58:28 - [TEST_STEP][PASSED] - println(get(i).getText() + " " + i): null

27-08-2024T22:58:28 - [TEST_STEP][PASSED] - utilityClass.CustomSoftAssert.assertEquals(get(i).getText(), elements[i], "element is not equal"): utilityClass.CustomSoftAssert.assertEquals is PASSED

27-08-2024T22:58:28 - [MESSAGE][PASSED] - utilityClass.CustomSoftAssert.assertEquals is PASSED

27-08-2024T22:58:28 - [TEST_STEP][FAILED] - utilityClass.CustomSoftAssert.assertAll(): Test Cases/MOZ-10510/TC 7_MOZ_11448 Verify Grid Display in the Local Settlements Module FAILED.
Reason:
java.lang.AssertionError: The following asserts failed:
	amount fail expected [true] but found [false]
	at org.testng.asserts.SoftAssert.assertAll(SoftAssert.java:46)
	at org.testng.asserts.SoftAssert.assertAll(SoftAssert.java:30)
	at utilityClass.CustomSoftAssert.assertAll(CustomSoftAssert.groovy:44)
	at java.base/jdk.internal.reflect.NativeMethodAccessorImpl.invoke0(Native Method)
	at java.base/jdk.internal.reflect.NativeMethodAccessorImpl.invoke(NativeMethodAccessorImpl.java:77)
	at java.base/jdk.internal.reflect.DelegatingMethodAccessorImpl.invoke(DelegatingMethodAccessorImpl.java:43)
	at com.kms.katalon.core.main.CustomKeywordDelegatingMetaClass.invokeStaticMethod(CustomKeywordDelegatingMetaClass.java:55)
	at TC 7_MOZ_11448 Verify Grid Display in the Local Settlements Module.run(TC 7_MOZ_11448 Verify Grid Display in the Local Settlements Module:29)
	at com.kms.katalon.core.main.ScriptEngine.run(ScriptEngine.java:194)
	at com.kms.katalon.core.main.ScriptEngine.runScriptAsRawText(ScriptEngine.java:119)
	at com.kms.katalon.core.main.TestCaseExecutor.runScript(TestCaseExecutor.java:448)
	at com.kms.katalon.core.main.TestCaseExecutor.doExecute(TestCaseExecutor.java:439)
	at com.kms.katalon.core.main.TestCaseExecutor.processExecutionPhase(TestCaseExecutor.java:418)
	at com.kms.katalon.core.main.TestCaseExecutor.accessMainPhase(TestCaseExecutor.java:410)
	at com.kms.katalon.core.main.TestCaseExecutor.execute(TestCaseExecutor.java:285)
	at com.kms.katalon.core.common.CommonExecutor.accessTestCaseMainPhase(CommonExecutor.java:65)
	at com.kms.katalon.core.main.TestSuiteExecutor.accessTestSuiteMainPhase(TestSuiteExecutor.java:150)
	at com.kms.katalon.core.main.TestSuiteExecutor.execute(TestSuiteExecutor.java:106)
	at com.kms.katalon.core.main.TestCaseMain.startTestSuite(TestCaseMain.java:180)
	at TempTestSuite1724779058748.run(TempTestSuite1724779058748.groovy:35)
	at java.base/jdk.internal.reflect.NativeMethodAccessorImpl.invoke0(Native Method)
	at java.base/jdk.internal.reflect.NativeMethodAccessorImpl.invoke(NativeMethodAccessorImpl.java:77)
	at java.base/jdk.internal.reflect.DelegatingMethodAccessorImpl.invoke(DelegatingMethodAccessorImpl.java:43)


27-08-2024T22:58:28 - [MESSAGE][FAILED] - java.lang.AssertionError: The following asserts failed:
	amount fail expected [true] but found [false]

27-08-2024T22:58:28 - [MESSAGE][FAILED] - Test Cases/MOZ-10510/TC 7_MOZ_11448 Verify Grid Display in the Local Settlements Module FAILED.
Reason:
java.lang.AssertionError: The following asserts failed:
	amount fail expected [true] but found [false]
	at org.testng.asserts.SoftAssert.assertAll(SoftAssert.java:46)
	at org.testng.asserts.SoftAssert.assertAll(SoftAssert.java:30)
	at utilityClass.CustomSoftAssert.assertAll(CustomSoftAssert.groovy:44)
	at java.base/jdk.internal.reflect.NativeMethodAccessorImpl.invoke0(Native Method)
	at java.base/jdk.internal.reflect.NativeMethodAccessorImpl.invoke(NativeMethodAccessorImpl.java:77)
	at java.base/jdk.internal.reflect.DelegatingMethodAccessorImpl.invoke(DelegatingMethodAccessorImpl.java:43)
	at com.kms.katalon.core.main.CustomKeywordDelegatingMetaClass.invokeStaticMethod(CustomKeywordDelegatingMetaClass.java:55)
	at TC 7_MOZ_11448 Verify Grid Display in the Local Settlements Module.run(TC 7_MOZ_11448 Verify Grid Display in the Local Settlements Module:29)
	at com.kms.katalon.core.main.ScriptEngine.run(ScriptEngine.java:194)
	at com.kms.katalon.core.main.ScriptEngine.runScriptAsRawText(ScriptEngine.java:119)
	at com.kms.katalon.core.main.TestCaseExecutor.runScript(TestCaseExecutor.java:448)
	at com.kms.katalon.core.main.TestCaseExecutor.doExecute(TestCaseExecutor.java:439)
	at com.kms.katalon.core.main.TestCaseExecutor.processExecutionPhase(TestCaseExecutor.java:418)
	at com.kms.katalon.core.main.TestCaseExecutor.accessMainPhase(TestCaseExecutor.java:410)
	at com.kms.katalon.core.main.TestCaseExecutor.execute(TestCaseExecutor.java:285)
	at com.kms.katalon.core.common.CommonExecutor.accessTestCaseMainPhase(CommonExecutor.java:65)
	at com.kms.katalon.core.main.TestSuiteExecutor.accessTestSuiteMainPhase(TestSuiteExecutor.java:150)
	at com.kms.katalon.core.main.TestSuiteExecutor.execute(TestSuiteExecutor.java:106)
	at com.kms.katalon.core.main.TestCaseMain.startTestSuite(TestCaseMain.java:180)
	at TempTestSuite1724779058748.run(TempTestSuite1724779058748.groovy:35)
	at java.base/jdk.internal.reflect.NativeMethodAccessorImpl.invoke0(Native Method)
	at java.base/jdk.internal.reflect.NativeMethodAccessorImpl.invoke(NativeMethodAccessorImpl.java:77)
	at java.base/jdk.internal.reflect.DelegatingMethodAccessorImpl.invoke(DelegatingMethodAccessorImpl.java:43)]]></system-out>
         <system-err><![CDATA[27-08-2024T22:56:45 - [TEST_CASE][ERROR] - Test Cases/MOZ-10510/TC 7_MOZ_11448 Verify Grid Display in the Local Settlements Module: Test Cases/MOZ-10510/TC 7_MOZ_11448 Verify Grid Display in the Local Settlements Module FAILED.
Reason:
org.codehaus.groovy.runtime.InvokerInvocationException: java.lang.AssertionError: The following asserts failed:
	amount fail expected [true] but found [false]
	at com.kms.katalon.core.main.CustomKeywordDelegatingMetaClass.invokeStaticMethod(CustomKeywordDelegatingMetaClass.java:55)
	at TC 7_MOZ_11448 Verify Grid Display in the Local Settlements Module.run(TC 7_MOZ_11448 Verify Grid Display in the Local Settlements Module:29)
	at com.kms.katalon.core.main.ScriptEngine.run(ScriptEngine.java:194)
	at com.kms.katalon.core.main.ScriptEngine.runScriptAsRawText(ScriptEngine.java:119)
	at com.kms.katalon.core.main.TestCaseExecutor.runScript(TestCaseExecutor.java:448)
	at com.kms.katalon.core.main.TestCaseExecutor.doExecute(TestCaseExecutor.java:439)
	at com.kms.katalon.core.main.TestCaseExecutor.processExecutionPhase(TestCaseExecutor.java:418)
	at com.kms.katalon.core.main.TestCaseExecutor.accessMainPhase(TestCaseExecutor.java:410)
	at com.kms.katalon.core.main.TestCaseExecutor.execute(TestCaseExecutor.java:285)
	at com.kms.katalon.core.common.CommonExecutor.accessTestCaseMainPhase(CommonExecutor.java:65)
	at com.kms.katalon.core.main.TestSuiteExecutor.accessTestSuiteMainPhase(TestSuiteExecutor.java:150)
	at com.kms.katalon.core.main.TestSuiteExecutor.execute(TestSuiteExecutor.java:106)
	at com.kms.katalon.core.main.TestCaseMain.startTestSuite(TestCaseMain.java:180)
	at TempTestSuite1724779058748.run(TempTestSuite1724779058748.groovy:35)
	at java.base/jdk.internal.reflect.NativeMethodAccessorImpl.invoke0(Native Method)
	at java.base/jdk.internal.reflect.NativeMethodAccessorImpl.invoke(NativeMethodAccessorImpl.java:77)
	at java.base/jdk.internal.reflect.DelegatingMethodAccessorImpl.invoke(DelegatingMethodAccessorImpl.java:43)
Caused by: java.lang.AssertionError: The following asserts failed:
	amount fail expected [true] but found [false]
	at org.testng.asserts.SoftAssert.assertAll(SoftAssert.java:46)
	at org.testng.asserts.SoftAssert.assertAll(SoftAssert.java:30)
	at utilityClass.CustomSoftAssert.assertAll(CustomSoftAssert.groovy:44)
	at java.base/jdk.internal.reflect.NativeMethodAccessorImpl.invoke0(Native Method)
	at java.base/jdk.internal.reflect.NativeMethodAccessorImpl.invoke(NativeMethodAccessorImpl.java:77)
	at java.base/jdk.internal.reflect.DelegatingMethodAccessorImpl.invoke(DelegatingMethodAccessorImpl.java:43)
	... 17 more]]></system-err>
      </testcase>
      <testcase name="Test Cases/MOZ-10510/TC 6_MOZ_11447 Verify Default Filtering Values in the Local Settlements Module" time="153.422" classname="Test Cases/MOZ-10510/TC 6_MOZ_11447 Verify Default Filtering Values in the Local Settlements Module" status="FAILED">
         <failure type="FAILED" message="Test Cases/MOZ-10510/TC 6_MOZ_11447 Verify Default Filtering Values in the Local Settlements Module FAILED.&#xa;Reason:&#xa;com.kms.katalon.core.exception.StepFailedException: Unable to click on object 'Object Repository/EK_Objects/Page_Mozart - LocalSettlements/filter_button'&#xa;	at com.kms.katalon.core.webui.keyword.internal.WebUIKeywordMain.stepFailed(WebUIKeywordMain.groovy:64)&#xa;	at com.kms.katalon.core.webui.keyword.internal.WebUIKeywordMain.runKeyword(WebUIKeywordMain.groovy:26)&#xa;	at com.kms.katalon.core.webui.keyword.builtin.ClickKeyword.click(ClickKeyword.groovy:74)&#xa;	at com.kms.katalon.core.webui.keyword.builtin.ClickKeyword.execute(ClickKeyword.groovy:40)&#xa;	at com.kms.katalon.core.keyword.internal.KeywordExecutor.executeKeywordForPlatform(KeywordExecutor.groovy:74)&#xa;	at com.kms.katalon.core.webui.keyword.WebUiBuiltInKeywords.click(WebUiBuiltInKeywords.groovy:659)&#xa;	at TC 6_MOZ_11447 Verify Default Filtering Values in the Local Settlements Module.run(TC 6_MOZ_11447 Verify Default Filtering Values in the Local Settlements Module:28)&#xa;	at com.kms.katalon.core.main.ScriptEngine.run(ScriptEngine.java:194)&#xa;	at com.kms.katalon.core.main.ScriptEngine.runScriptAsRawText(ScriptEngine.java:119)&#xa;	at com.kms.katalon.core.main.TestCaseExecutor.runScript(TestCaseExecutor.java:448)&#xa;	at com.kms.katalon.core.main.TestCaseExecutor.doExecute(TestCaseExecutor.java:439)&#xa;	at com.kms.katalon.core.main.TestCaseExecutor.processExecutionPhase(TestCaseExecutor.java:418)&#xa;	at com.kms.katalon.core.main.TestCaseExecutor.accessMainPhase(TestCaseExecutor.java:410)&#xa;	at com.kms.katalon.core.main.TestCaseExecutor.execute(TestCaseExecutor.java:285)&#xa;	at com.kms.katalon.core.common.CommonExecutor.accessTestCaseMainPhase(CommonExecutor.java:65)&#xa;	at com.kms.katalon.core.main.TestSuiteExecutor.accessTestSuiteMainPhase(TestSuiteExecutor.java:150)&#xa;	at com.kms.katalon.core.main.TestSuiteExecutor.execute(TestSuiteExecutor.java:106)&#xa;	at com.kms.katalon.core.main.TestCaseMain.startTestSuite(TestCaseMain.java:180)&#xa;	at TempTestSuite1724779058748.run(TempTestSuite1724779058748.groovy:35)&#xa;	at java.base/jdk.internal.reflect.NativeMethodAccessorImpl.invoke0(Native Method)&#xa;	at java.base/jdk.internal.reflect.NativeMethodAccessorImpl.invoke(NativeMethodAccessorImpl.java:77)&#xa;	at java.base/jdk.internal.reflect.DelegatingMethodAccessorImpl.invoke(DelegatingMethodAccessorImpl.java:43)&#xa;Caused by: org.openqa.selenium.ElementClickInterceptedException: element click intercepted: Element &lt;a id=&quot;btnFilter&quot; class=&quot;collapsed btn btn-outline-info-whitebackground  btn-sm float-sm-right filter-button&quot; onclick=&quot;GeneralHelper.changeRowIcon($(this))&quot; data-toggle=&quot;collapse&quot; href=&quot;#collapsePanel&quot; aria-expanded=&quot;false&quot; aria-controls=&quot;collapsePanel&quot;>...&lt;/a> is not clickable at point (1298, 76). Other element would receive the click: &lt;div id=&quot;ui-widget-overlay&quot; class=&quot;ui-widget-overlay&quot; style=&quot;&quot;>&lt;/div>&#xa;  (Session info: chrome=127.0.6533.122)&#xa;Build info: version: '3.141.59', revision: 'unknown', time: 'unknown'&#xa;System info: host: 'CCE0231', ip: '10.50.0.221', os.name: 'Windows 10', os.arch: 'amd64', os.version: '10.0', java.version: '17.0.7'&#xa;Driver info: com.kms.katalon.selenium.driver.CChromeDriver&#xa;Capabilities {acceptInsecureCerts: false, browserName: chrome, browserVersion: 127.0.6533.122, chrome: {chromedriverVersion: 127.0.6533.88 (a2d0cb026721..., userDataDir: C:\Users\RANJIT~1.VAD\AppDa...}, fedcm:accounts: true, goog:chromeOptions: {debuggerAddress: localhost:51575}, javascriptEnabled: true, networkConnectionEnabled: false, pageLoadStrategy: normal, platform: WINDOWS, platformName: WINDOWS, proxy: Proxy(), setWindowRect: true, strictFileInteractability: false, timeouts: {implicit: 0, pageLoad: 300000, script: 30000}, unhandledPromptBehavior: dismiss and notify, webauthn:extension:credBlob: true, webauthn:extension:largeBlob: true, webauthn:extension:minPinLength: true, webauthn:extension:prf: true, webauthn:virtualAuthenticators: true}&#xa;Session ID: 614396010ea502b186f5340c0ada9d4a&#xa;	at java.base/jdk.internal.reflect.NativeConstructorAccessorImpl.newInstance0(Native Method)&#xa;	at java.base/jdk.internal.reflect.NativeConstructorAccessorImpl.newInstance(NativeConstructorAccessorImpl.java:77)&#xa;	at java.base/jdk.internal.reflect.DelegatingConstructorAccessorImpl.newInstance(DelegatingConstructorAccessorImpl.java:45)&#xa;	at org.openqa.selenium.remote.http.W3CHttpResponseCodec.createException(W3CHttpResponseCodec.java:187)&#xa;	at org.openqa.selenium.remote.http.W3CHttpResponseCodec.decode(W3CHttpResponseCodec.java:122)&#xa;	at org.openqa.selenium.remote.http.W3CHttpResponseCodec.decode(W3CHttpResponseCodec.java:49)&#xa;	at org.openqa.selenium.remote.HttpCommandExecutor.execute(HttpCommandExecutor.java:158)&#xa;	at org.openqa.selenium.remote.service.DriverCommandExecutor.execute(DriverCommandExecutor.java:83)&#xa;	at org.openqa.selenium.remote.RemoteWebDriver.execute(RemoteWebDriver.java:552)&#xa;	at com.kms.katalon.selenium.driver.CChromeDriver.execute(CChromeDriver.java:19)&#xa;	at org.openqa.selenium.remote.RemoteWebElement.execute(RemoteWebElement.java:285)&#xa;	at org.openqa.selenium.remote.RemoteWebElement.click(RemoteWebElement.java:84)&#xa;	at jdk.internal.reflect.GeneratedMethodAccessor19.invoke(Unknown Source)&#xa;	at java.base/jdk.internal.reflect.DelegatingMethodAccessorImpl.invoke(DelegatingMethodAccessorImpl.java:43)&#xa;	at org.openqa.selenium.support.events.EventFiringWebDriver$EventFiringWebElement.lambda$new$0(EventFiringWebDriver.java:404)&#xa;	at jdk.proxy2/jdk.proxy2.$Proxy24.click(Unknown Source)&#xa;	at org.openqa.selenium.support.events.EventFiringWebDriver$EventFiringWebElement.click(EventFiringWebDriver.java:417)&#xa;	at org.openqa.selenium.WebElement$click.call(Unknown Source)&#xa;	at com.kms.katalon.core.webui.keyword.builtin.ClickKeyword.clickUntilSuccessWithTimeout(ClickKeyword.groovy:81)&#xa;	at com.kms.katalon.core.webui.keyword.builtin.ClickKeyword.clickUntilSuccessWithTimeout(ClickKeyword.groovy)&#xa;	at jdk.internal.reflect.GeneratedMethodAccessor17.invoke(Unknown Source)&#xa;	at java.base/jdk.internal.reflect.DelegatingMethodAccessorImpl.invoke(DelegatingMethodAccessorImpl.java:43)&#xa;	at com.kms.katalon.core.webui.keyword.builtin.ClickKeyword$_click_closure1.doCall(ClickKeyword.groovy:67)&#xa;	at com.kms.katalon.core.webui.keyword.builtin.ClickKeyword$_click_closure1.call(ClickKeyword.groovy)&#xa;	at com.kms.katalon.core.webui.keyword.internal.WebUIKeywordMain.runKeyword(WebUIKeywordMain.groovy:20)&#xa;	... 20 more&#xa;"/>
         <system-out><![CDATA[27-08-2024T22:58:28 - [TEST_CASE][FAILED] - Test Cases/MOZ-10510/TC 6_MOZ_11447 Verify Default Filtering Values in the Local Settlements Module: Test Cases/MOZ-10510/TC 6_MOZ_11447 Verify Default Filtering Values in the Local Settlements Module FAILED.
Reason:
com.kms.katalon.core.exception.StepFailedException: Unable to click on object 'Object Repository/EK_Objects/Page_Mozart - LocalSettlements/filter_button'
	at com.kms.katalon.core.webui.keyword.internal.WebUIKeywordMain.stepFailed(WebUIKeywordMain.groovy:64)
	at com.kms.katalon.core.webui.keyword.internal.WebUIKeywordMain.runKeyword(WebUIKeywordMain.groovy:26)
	at com.kms.katalon.core.webui.keyword.builtin.ClickKeyword.click(ClickKeyword.groovy:74)
	at com.kms.katalon.core.webui.keyword.builtin.ClickKeyword.execute(ClickKeyword.groovy:40)
	at com.kms.katalon.core.keyword.internal.KeywordExecutor.executeKeywordForPlatform(KeywordExecutor.groovy:74)
	at com.kms.katalon.core.webui.keyword.WebUiBuiltInKeywords.click(WebUiBuiltInKeywords.groovy:659)
	at TC 6_MOZ_11447 Verify Default Filtering Values in the Local Settlements Module.run(TC 6_MOZ_11447 Verify Default Filtering Values in the Local Settlements Module:28)
	at com.kms.katalon.core.main.ScriptEngine.run(ScriptEngine.java:194)
	at com.kms.katalon.core.main.ScriptEngine.runScriptAsRawText(ScriptEngine.java:119)
	at com.kms.katalon.core.main.TestCaseExecutor.runScript(TestCaseExecutor.java:448)
	at com.kms.katalon.core.main.TestCaseExecutor.doExecute(TestCaseExecutor.java:439)
	at com.kms.katalon.core.main.TestCaseExecutor.processExecutionPhase(TestCaseExecutor.java:418)
	at com.kms.katalon.core.main.TestCaseExecutor.accessMainPhase(TestCaseExecutor.java:410)
	at com.kms.katalon.core.main.TestCaseExecutor.execute(TestCaseExecutor.java:285)
	at com.kms.katalon.core.common.CommonExecutor.accessTestCaseMainPhase(CommonExecutor.java:65)
	at com.kms.katalon.core.main.TestSuiteExecutor.accessTestSuiteMainPhase(TestSuiteExecutor.java:150)
	at com.kms.katalon.core.main.TestSuiteExecutor.execute(TestSuiteExecutor.java:106)
	at com.kms.katalon.core.main.TestCaseMain.startTestSuite(TestCaseMain.java:180)
	at TempTestSuite1724779058748.run(TempTestSuite1724779058748.groovy:35)
	at java.base/jdk.internal.reflect.NativeMethodAccessorImpl.invoke0(Native Method)
	at java.base/jdk.internal.reflect.NativeMethodAccessorImpl.invoke(NativeMethodAccessorImpl.java:77)
	at java.base/jdk.internal.reflect.DelegatingMethodAccessorImpl.invoke(DelegatingMethodAccessorImpl.java:43)
Caused by: org.openqa.selenium.ElementClickInterceptedException: element click intercepted: Element <a id="btnFilter" class="collapsed btn btn-outline-info-whitebackground  btn-sm float-sm-right filter-button" onclick="GeneralHelper.changeRowIcon($(this))" data-toggle="collapse" href="#collapsePanel" aria-expanded="false" aria-controls="collapsePanel">...</a> is not clickable at point (1298, 76). Other element would receive the click: <div id="ui-widget-overlay" class="ui-widget-overlay" style=""></div>
  (Session info: chrome=127.0.6533.122)
Build info: version: '3.141.59', revision: 'unknown', time: 'unknown'
System info: host: 'CCE0231', ip: '10.50.0.221', os.name: 'Windows 10', os.arch: 'amd64', os.version: '10.0', java.version: '17.0.7'
Driver info: com.kms.katalon.selenium.driver.CChromeDriver
Capabilities {acceptInsecureCerts: false, browserName: chrome, browserVersion: 127.0.6533.122, chrome: {chromedriverVersion: 127.0.6533.88 (a2d0cb026721..., userDataDir: C:\Users\RANJIT~1.VAD\AppDa...}, fedcm:accounts: true, goog:chromeOptions: {debuggerAddress: localhost:51575}, javascriptEnabled: true, networkConnectionEnabled: false, pageLoadStrategy: normal, platform: WINDOWS, platformName: WINDOWS, proxy: Proxy(), setWindowRect: true, strictFileInteractability: false, timeouts: {implicit: 0, pageLoad: 300000, script: 30000}, unhandledPromptBehavior: dismiss and notify, webauthn:extension:credBlob: true, webauthn:extension:largeBlob: true, webauthn:extension:minPinLength: true, webauthn:extension:prf: true, webauthn:virtualAuthenticators: true}
Session ID: 614396010ea502b186f5340c0ada9d4a
	at java.base/jdk.internal.reflect.NativeConstructorAccessorImpl.newInstance0(Native Method)
	at java.base/jdk.internal.reflect.NativeConstructorAccessorImpl.newInstance(NativeConstructorAccessorImpl.java:77)
	at java.base/jdk.internal.reflect.DelegatingConstructorAccessorImpl.newInstance(DelegatingConstructorAccessorImpl.java:45)
	at org.openqa.selenium.remote.http.W3CHttpResponseCodec.createException(W3CHttpResponseCodec.java:187)
	at org.openqa.selenium.remote.http.W3CHttpResponseCodec.decode(W3CHttpResponseCodec.java:122)
	at org.openqa.selenium.remote.http.W3CHttpResponseCodec.decode(W3CHttpResponseCodec.java:49)
	at org.openqa.selenium.remote.HttpCommandExecutor.execute(HttpCommandExecutor.java:158)
	at org.openqa.selenium.remote.service.DriverCommandExecutor.execute(DriverCommandExecutor.java:83)
	at org.openqa.selenium.remote.RemoteWebDriver.execute(RemoteWebDriver.java:552)
	at com.kms.katalon.selenium.driver.CChromeDriver.execute(CChromeDriver.java:19)
	at org.openqa.selenium.remote.RemoteWebElement.execute(RemoteWebElement.java:285)
	at org.openqa.selenium.remote.RemoteWebElement.click(RemoteWebElement.java:84)
	at jdk.internal.reflect.GeneratedMethodAccessor19.invoke(Unknown Source)
	at java.base/jdk.internal.reflect.DelegatingMethodAccessorImpl.invoke(DelegatingMethodAccessorImpl.java:43)
	at org.openqa.selenium.support.events.EventFiringWebDriver$EventFiringWebElement.lambda$new$0(EventFiringWebDriver.java:404)
	at jdk.proxy2/jdk.proxy2.$Proxy24.click(Unknown Source)
	at org.openqa.selenium.support.events.EventFiringWebDriver$EventFiringWebElement.click(EventFiringWebDriver.java:417)
	at org.openqa.selenium.WebElement$click.call(Unknown Source)
	at com.kms.katalon.core.webui.keyword.builtin.ClickKeyword.clickUntilSuccessWithTimeout(ClickKeyword.groovy:81)
	at com.kms.katalon.core.webui.keyword.builtin.ClickKeyword.clickUntilSuccessWithTimeout(ClickKeyword.groovy)
	at jdk.internal.reflect.GeneratedMethodAccessor17.invoke(Unknown Source)
	at java.base/jdk.internal.reflect.DelegatingMethodAccessorImpl.invoke(DelegatingMethodAccessorImpl.java:43)
	at com.kms.katalon.core.webui.keyword.builtin.ClickKeyword$_click_closure1.doCall(ClickKeyword.groovy:67)
	at com.kms.katalon.core.webui.keyword.builtin.ClickKeyword$_click_closure1.call(ClickKeyword.groovy)
	at com.kms.katalon.core.webui.keyword.internal.WebUIKeywordMain.runKeyword(WebUIKeywordMain.groovy:20)
	... 20 more


27-08-2024T22:58:28 - [TEST_STEP][PASSED] - demoPackage.MozartLogin.mozartLoginWithUser(): demoPackage.MozartLogin.mozartLoginWithUser is PASSED

27-08-2024T22:58:28 - [MESSAGE][WARNING] - A browser is already opened. Closing browser and opening a new one

27-08-2024T22:58:29 - [MESSAGE][INFO] - Starting 'Chrome' driver

27-08-2024T22:58:29 - [MESSAGE][INFO] - Action delay is set to 0 milliseconds

27-08-2024T22:58:30 - [MESSAGE][PASSED] - Browser is opened with url: ''

27-08-2024T22:58:32 - [MESSAGE][PASSED] - Navigate to 'https://accelyacomtest.accelya.local/MozartTest/AirlinesHub/Index' successfully

27-08-2024T22:58:32 - [MESSAGE][PASSED] - Current window maximized

27-08-2024T22:58:32 - [MESSAGE][PASSED] - Object: 'Object Repository/MozartChrome/ChromeAdvance/ClickOnAdvanceButton' is clicked on

27-08-2024T22:59:14 - [MESSAGE][PASSED] - Object: 'Object Repository/MozartChrome/ChromeAdvance/ProccedLink' is clicked on

27-08-2024T22:59:15 - [MESSAGE][PASSED] - Text 'ranajitvadar' is set on object 'Object Repository/MozartChrome/Page_/input_Username_Login'

27-08-2024T22:59:15 - [MESSAGE][PASSED] - Object: 'Object Repository/MozartChrome/Page_/button_Next' is clicked on

27-08-2024T22:59:17 - [MESSAGE][PASSED] - Text 'Accelya.1' is set on object 'Object Repository/MozartChrome/Page_/input_Password_Password'

27-08-2024T22:59:17 - [MESSAGE][PASSED] - Object: 'Object Repository/MozartChrome/Page_/button_Sign in' is clicked on

27-08-2024T22:59:17 - [MESSAGE][PASSED] - demoPackage.MozartLogin.mozartLoginWithUser is PASSED

27-08-2024T22:59:17 - [TEST_STEP][PASSED] - click(findTestObject("EK_Objects/Page_Mozart - Dashboard/a_Refunds")): Object: 'Object Repository/EK_Objects/Page_Mozart - Dashboard/a_Refunds' is clicked on

27-08-2024T22:59:54 - [MESSAGE][PASSED] - Object: 'Object Repository/EK_Objects/Page_Mozart - Dashboard/a_Refunds' is clicked on

27-08-2024T22:59:54 - [TEST_STEP][PASSED] - click(findTestObject("EK_Objects/Page_Mozart - Dashboard/Click_On_Local_Settlements")): Object: 'Object Repository/EK_Objects/Page_Mozart - Dashboard/Click_On_Local_Settlements' is clicked on

27-08-2024T22:59:59 - [MESSAGE][PASSED] - Object: 'Object Repository/EK_Objects/Page_Mozart - Dashboard/Click_On_Local_Settlements' is clicked on

27-08-2024T22:59:59 - [TEST_STEP][FAILED] - click(findTestObject("EK_Objects/Page_Mozart - LocalSettlements/filter_button")): Unable to click on object 'Object Repository/EK_Objects/Page_Mozart - LocalSettlements/filter_button' (Root cause: com.kms.katalon.core.exception.StepFailedException: Unable to click on object 'Object Repository/EK_Objects/Page_Mozart - LocalSettlements/filter_button'
	at com.kms.katalon.core.webui.keyword.internal.WebUIKeywordMain.stepFailed(WebUIKeywordMain.groovy:64)
	at com.kms.katalon.core.webui.keyword.internal.WebUIKeywordMain.runKeyword(WebUIKeywordMain.groovy:26)
	at com.kms.katalon.core.webui.keyword.builtin.ClickKeyword.click(ClickKeyword.groovy:74)
	at com.kms.katalon.core.webui.keyword.builtin.ClickKeyword.execute(ClickKeyword.groovy:40)
	at com.kms.katalon.core.keyword.internal.KeywordExecutor.executeKeywordForPlatform(KeywordExecutor.groovy:74)
	at com.kms.katalon.core.webui.keyword.WebUiBuiltInKeywords.click(WebUiBuiltInKeywords.groovy:659)
	at TC 6_MOZ_11447 Verify Default Filtering Values in the Local Settlements Module.run(TC 6_MOZ_11447 Verify Default Filtering Values in the Local Settlements Module:28)
	at com.kms.katalon.core.main.ScriptEngine.run(ScriptEngine.java:194)
	at com.kms.katalon.core.main.ScriptEngine.runScriptAsRawText(ScriptEngine.java:119)
	at com.kms.katalon.core.main.TestCaseExecutor.runScript(TestCaseExecutor.java:448)
	at com.kms.katalon.core.main.TestCaseExecutor.doExecute(TestCaseExecutor.java:439)
	at com.kms.katalon.core.main.TestCaseExecutor.processExecutionPhase(TestCaseExecutor.java:418)
	at com.kms.katalon.core.main.TestCaseExecutor.accessMainPhase(TestCaseExecutor.java:410)
	at com.kms.katalon.core.main.TestCaseExecutor.execute(TestCaseExecutor.java:285)
	at com.kms.katalon.core.common.CommonExecutor.accessTestCaseMainPhase(CommonExecutor.java:65)
	at com.kms.katalon.core.main.TestSuiteExecutor.accessTestSuiteMainPhase(TestSuiteExecutor.java:150)
	at com.kms.katalon.core.main.TestSuiteExecutor.execute(TestSuiteExecutor.java:106)
	at com.kms.katalon.core.main.TestCaseMain.startTestSuite(TestCaseMain.java:180)
	at TempTestSuite1724779058748.run(TempTestSuite1724779058748.groovy:35)
	at java.base/jdk.internal.reflect.NativeMethodAccessorImpl.invoke0(Native Method)
	at java.base/jdk.internal.reflect.NativeMethodAccessorImpl.invoke(NativeMethodAccessorImpl.java:77)
	at java.base/jdk.internal.reflect.DelegatingMethodAccessorImpl.invoke(DelegatingMethodAccessorImpl.java:43)
Caused by: org.openqa.selenium.ElementClickInterceptedException: element click intercepted: Element <a id="btnFilter" class="collapsed btn btn-outline-info-whitebackground  btn-sm float-sm-right filter-button" onclick="GeneralHelper.changeRowIcon($(this))" data-toggle="collapse" href="#collapsePanel" aria-expanded="false" aria-controls="collapsePanel">...</a> is not clickable at point (1298, 76). Other element would receive the click: <div id="ui-widget-overlay" class="ui-widget-overlay" style=""></div>
  (Session info: chrome=127.0.6533.122)
Build info: version: '3.141.59', revision: 'unknown', time: 'unknown'
System info: host: 'CCE0231', ip: '10.50.0.221', os.name: 'Windows 10', os.arch: 'amd64', os.version: '10.0', java.version: '17.0.7'
Driver info: com.kms.katalon.selenium.driver.CChromeDriver
Capabilities {acceptInsecureCerts: false, browserName: chrome, browserVersion: 127.0.6533.122, chrome: {chromedriverVersion: 127.0.6533.88 (a2d0cb026721..., userDataDir: C:\Users\RANJIT~1.VAD\AppDa...}, fedcm:accounts: true, goog:chromeOptions: {debuggerAddress: localhost:51575}, javascriptEnabled: true, networkConnectionEnabled: false, pageLoadStrategy: normal, platform: WINDOWS, platformName: WINDOWS, proxy: Proxy(), setWindowRect: true, strictFileInteractability: false, timeouts: {implicit: 0, pageLoad: 300000, script: 30000}, unhandledPromptBehavior: dismiss and notify, webauthn:extension:credBlob: true, webauthn:extension:largeBlob: true, webauthn:extension:minPinLength: true, webauthn:extension:prf: true, webauthn:virtualAuthenticators: true}
Session ID: 614396010ea502b186f5340c0ada9d4a
	at java.base/jdk.internal.reflect.NativeConstructorAccessorImpl.newInstance0(Native Method)
	at java.base/jdk.internal.reflect.NativeConstructorAccessorImpl.newInstance(NativeConstructorAccessorImpl.java:77)
	at java.base/jdk.internal.reflect.DelegatingConstructorAccessorImpl.newInstance(DelegatingConstructorAccessorImpl.java:45)
	at org.openqa.selenium.remote.http.W3CHttpResponseCodec.createException(W3CHttpResponseCodec.java:187)
	at org.openqa.selenium.remote.http.W3CHttpResponseCodec.decode(W3CHttpResponseCodec.java:122)
	at org.openqa.selenium.remote.http.W3CHttpResponseCodec.decode(W3CHttpResponseCodec.java:49)
	at org.openqa.selenium.remote.HttpCommandExecutor.execute(HttpCommandExecutor.java:158)
	at org.openqa.selenium.remote.service.DriverCommandExecutor.execute(DriverCommandExecutor.java:83)
	at org.openqa.selenium.remote.RemoteWebDriver.execute(RemoteWebDriver.java:552)
	at com.kms.katalon.selenium.driver.CChromeDriver.execute(CChromeDriver.java:19)
	at org.openqa.selenium.remote.RemoteWebElement.execute(RemoteWebElement.java:285)
	at org.openqa.selenium.remote.RemoteWebElement.click(RemoteWebElement.java:84)
	at jdk.internal.reflect.GeneratedMethodAccessor19.invoke(Unknown Source)
	at java.base/jdk.internal.reflect.DelegatingMethodAccessorImpl.invoke(DelegatingMethodAccessorImpl.java:43)
	at org.openqa.selenium.support.events.EventFiringWebDriver$EventFiringWebElement.lambda$new$0(EventFiringWebDriver.java:404)
	at jdk.proxy2/jdk.proxy2.$Proxy24.click(Unknown Source)
	at org.openqa.selenium.support.events.EventFiringWebDriver$EventFiringWebElement.click(EventFiringWebDriver.java:417)
	at org.openqa.selenium.WebElement$click.call(Unknown Source)
	at com.kms.katalon.core.webui.keyword.builtin.ClickKeyword.clickUntilSuccessWithTimeout(ClickKeyword.groovy:81)
	at com.kms.katalon.core.webui.keyword.builtin.ClickKeyword.clickUntilSuccessWithTimeout(ClickKeyword.groovy)
	at jdk.internal.reflect.GeneratedMethodAccessor17.invoke(Unknown Source)
	at java.base/jdk.internal.reflect.DelegatingMethodAccessorImpl.invoke(DelegatingMethodAccessorImpl.java:43)
	at com.kms.katalon.core.webui.keyword.builtin.ClickKeyword$_click_closure1.doCall(ClickKeyword.groovy:67)
	at com.kms.katalon.core.webui.keyword.builtin.ClickKeyword$_click_closure1.call(ClickKeyword.groovy)
	at com.kms.katalon.core.webui.keyword.internal.WebUIKeywordMain.runKeyword(WebUIKeywordMain.groovy:20)
	at com.kms.katalon.core.webui.keyword.builtin.ClickKeyword.click(ClickKeyword.groovy:74)
	at com.kms.katalon.core.webui.keyword.builtin.ClickKeyword.execute(ClickKeyword.groovy:40)
	at com.kms.katalon.core.keyword.internal.KeywordExecutor.executeKeywordForPlatform(KeywordExecutor.groovy:74)
	at com.kms.katalon.core.webui.keyword.WebUiBuiltInKeywords.click(WebUiBuiltInKeywords.groovy:659)
	at Script1724259455010.run(Script1724259455010.groovy:28)
	... 15 more
)

27-08-2024T23:01:01 - [MESSAGE][FAILED] - Unable to click on object 'Object Repository/EK_Objects/Page_Mozart - LocalSettlements/filter_button' (Root cause: com.kms.katalon.core.exception.StepFailedException: Unable to click on object 'Object Repository/EK_Objects/Page_Mozart - LocalSettlements/filter_button'
	at com.kms.katalon.core.webui.keyword.internal.WebUIKeywordMain.stepFailed(WebUIKeywordMain.groovy:64)
	at com.kms.katalon.core.webui.keyword.internal.WebUIKeywordMain.runKeyword(WebUIKeywordMain.groovy:26)
	at com.kms.katalon.core.webui.keyword.builtin.ClickKeyword.click(ClickKeyword.groovy:74)
	at com.kms.katalon.core.webui.keyword.builtin.ClickKeyword.execute(ClickKeyword.groovy:40)
	at com.kms.katalon.core.keyword.internal.KeywordExecutor.executeKeywordForPlatform(KeywordExecutor.groovy:74)
	at com.kms.katalon.core.webui.keyword.WebUiBuiltInKeywords.click(WebUiBuiltInKeywords.groovy:659)
	at TC 6_MOZ_11447 Verify Default Filtering Values in the Local Settlements Module.run(TC 6_MOZ_11447 Verify Default Filtering Values in the Local Settlements Module:28)
	at com.kms.katalon.core.main.ScriptEngine.run(ScriptEngine.java:194)
	at com.kms.katalon.core.main.ScriptEngine.runScriptAsRawText(ScriptEngine.java:119)
	at com.kms.katalon.core.main.TestCaseExecutor.runScript(TestCaseExecutor.java:448)
	at com.kms.katalon.core.main.TestCaseExecutor.doExecute(TestCaseExecutor.java:439)
	at com.kms.katalon.core.main.TestCaseExecutor.processExecutionPhase(TestCaseExecutor.java:418)
	at com.kms.katalon.core.main.TestCaseExecutor.accessMainPhase(TestCaseExecutor.java:410)
	at com.kms.katalon.core.main.TestCaseExecutor.execute(TestCaseExecutor.java:285)
	at com.kms.katalon.core.common.CommonExecutor.accessTestCaseMainPhase(CommonExecutor.java:65)
	at com.kms.katalon.core.main.TestSuiteExecutor.accessTestSuiteMainPhase(TestSuiteExecutor.java:150)
	at com.kms.katalon.core.main.TestSuiteExecutor.execute(TestSuiteExecutor.java:106)
	at com.kms.katalon.core.main.TestCaseMain.startTestSuite(TestCaseMain.java:180)
	at TempTestSuite1724779058748.run(TempTestSuite1724779058748.groovy:35)
	at java.base/jdk.internal.reflect.NativeMethodAccessorImpl.invoke0(Native Method)
	at java.base/jdk.internal.reflect.NativeMethodAccessorImpl.invoke(NativeMethodAccessorImpl.java:77)
	at java.base/jdk.internal.reflect.DelegatingMethodAccessorImpl.invoke(DelegatingMethodAccessorImpl.java:43)
Caused by: org.openqa.selenium.ElementClickInterceptedException: element click intercepted: Element <a id="btnFilter" class="collapsed btn btn-outline-info-whitebackground  btn-sm float-sm-right filter-button" onclick="GeneralHelper.changeRowIcon($(this))" data-toggle="collapse" href="#collapsePanel" aria-expanded="false" aria-controls="collapsePanel">...</a> is not clickable at point (1298, 76). Other element would receive the click: <div id="ui-widget-overlay" class="ui-widget-overlay" style=""></div>
  (Session info: chrome=127.0.6533.122)
Build info: version: '3.141.59', revision: 'unknown', time: 'unknown'
System info: host: 'CCE0231', ip: '10.50.0.221', os.name: 'Windows 10', os.arch: 'amd64', os.version: '10.0', java.version: '17.0.7'
Driver info: com.kms.katalon.selenium.driver.CChromeDriver
Capabilities {acceptInsecureCerts: false, browserName: chrome, browserVersion: 127.0.6533.122, chrome: {chromedriverVersion: 127.0.6533.88 (a2d0cb026721..., userDataDir: C:\Users\RANJIT~1.VAD\AppDa...}, fedcm:accounts: true, goog:chromeOptions: {debuggerAddress: localhost:51575}, javascriptEnabled: true, networkConnectionEnabled: false, pageLoadStrategy: normal, platform: WINDOWS, platformName: WINDOWS, proxy: Proxy(), setWindowRect: true, strictFileInteractability: false, timeouts: {implicit: 0, pageLoad: 300000, script: 30000}, unhandledPromptBehavior: dismiss and notify, webauthn:extension:credBlob: true, webauthn:extension:largeBlob: true, webauthn:extension:minPinLength: true, webauthn:extension:prf: true, webauthn:virtualAuthenticators: true}
Session ID: 614396010ea502b186f5340c0ada9d4a
	at java.base/jdk.internal.reflect.NativeConstructorAccessorImpl.newInstance0(Native Method)
	at java.base/jdk.internal.reflect.NativeConstructorAccessorImpl.newInstance(NativeConstructorAccessorImpl.java:77)
	at java.base/jdk.internal.reflect.DelegatingConstructorAccessorImpl.newInstance(DelegatingConstructorAccessorImpl.java:45)
	at org.openqa.selenium.remote.http.W3CHttpResponseCodec.createException(W3CHttpResponseCodec.java:187)
	at org.openqa.selenium.remote.http.W3CHttpResponseCodec.decode(W3CHttpResponseCodec.java:122)
	at org.openqa.selenium.remote.http.W3CHttpResponseCodec.decode(W3CHttpResponseCodec.java:49)
	at org.openqa.selenium.remote.HttpCommandExecutor.execute(HttpCommandExecutor.java:158)
	at org.openqa.selenium.remote.service.DriverCommandExecutor.execute(DriverCommandExecutor.java:83)
	at org.openqa.selenium.remote.RemoteWebDriver.execute(RemoteWebDriver.java:552)
	at com.kms.katalon.selenium.driver.CChromeDriver.execute(CChromeDriver.java:19)
	at org.openqa.selenium.remote.RemoteWebElement.execute(RemoteWebElement.java:285)
	at org.openqa.selenium.remote.RemoteWebElement.click(RemoteWebElement.java:84)
	at jdk.internal.reflect.GeneratedMethodAccessor19.invoke(Unknown Source)
	at java.base/jdk.internal.reflect.DelegatingMethodAccessorImpl.invoke(DelegatingMethodAccessorImpl.java:43)
	at org.openqa.selenium.support.events.EventFiringWebDriver$EventFiringWebElement.lambda$new$0(EventFiringWebDriver.java:404)
	at jdk.proxy2/jdk.proxy2.$Proxy24.click(Unknown Source)
	at org.openqa.selenium.support.events.EventFiringWebDriver$EventFiringWebElement.click(EventFiringWebDriver.java:417)
	at org.openqa.selenium.WebElement$click.call(Unknown Source)
	at com.kms.katalon.core.webui.keyword.builtin.ClickKeyword.clickUntilSuccessWithTimeout(ClickKeyword.groovy:81)
	at com.kms.katalon.core.webui.keyword.builtin.ClickKeyword.clickUntilSuccessWithTimeout(ClickKeyword.groovy)
	at jdk.internal.reflect.GeneratedMethodAccessor17.invoke(Unknown Source)
	at java.base/jdk.internal.reflect.DelegatingMethodAccessorImpl.invoke(DelegatingMethodAccessorImpl.java:43)
	at com.kms.katalon.core.webui.keyword.builtin.ClickKeyword$_click_closure1.doCall(ClickKeyword.groovy:67)
	at com.kms.katalon.core.webui.keyword.builtin.ClickKeyword$_click_closure1.call(ClickKeyword.groovy)
	at com.kms.katalon.core.webui.keyword.internal.WebUIKeywordMain.runKeyword(WebUIKeywordMain.groovy:20)
	at com.kms.katalon.core.webui.keyword.builtin.ClickKeyword.click(ClickKeyword.groovy:74)
	at com.kms.katalon.core.webui.keyword.builtin.ClickKeyword.execute(ClickKeyword.groovy:40)
	at com.kms.katalon.core.keyword.internal.KeywordExecutor.executeKeywordForPlatform(KeywordExecutor.groovy:74)
	at com.kms.katalon.core.webui.keyword.WebUiBuiltInKeywords.click(WebUiBuiltInKeywords.groovy:659)
	at Script1724259455010.run(Script1724259455010.groovy:28)
	... 15 more
)
[[ATTACHMENT|C:\\Users\\ranjit.vadar\\Katalon Studio\\Mozart Emirates\\Reports\\20240827_224738\\Suite MOZ-10510\\20240827_224738\\1724779861683.png]]]]></system-out>
         <system-err><![CDATA[27-08-2024T22:58:28 - [TEST_CASE][FAILED] - Test Cases/MOZ-10510/TC 6_MOZ_11447 Verify Default Filtering Values in the Local Settlements Module: Test Cases/MOZ-10510/TC 6_MOZ_11447 Verify Default Filtering Values in the Local Settlements Module FAILED.
Reason:
com.kms.katalon.core.exception.StepFailedException: Unable to click on object 'Object Repository/EK_Objects/Page_Mozart - LocalSettlements/filter_button'
	at com.kms.katalon.core.webui.keyword.internal.WebUIKeywordMain.stepFailed(WebUIKeywordMain.groovy:64)
	at com.kms.katalon.core.webui.keyword.internal.WebUIKeywordMain.runKeyword(WebUIKeywordMain.groovy:26)
	at com.kms.katalon.core.webui.keyword.builtin.ClickKeyword.click(ClickKeyword.groovy:74)
	at com.kms.katalon.core.webui.keyword.builtin.ClickKeyword.execute(ClickKeyword.groovy:40)
	at com.kms.katalon.core.keyword.internal.KeywordExecutor.executeKeywordForPlatform(KeywordExecutor.groovy:74)
	at com.kms.katalon.core.webui.keyword.WebUiBuiltInKeywords.click(WebUiBuiltInKeywords.groovy:659)
	at TC 6_MOZ_11447 Verify Default Filtering Values in the Local Settlements Module.run(TC 6_MOZ_11447 Verify Default Filtering Values in the Local Settlements Module:28)
	at com.kms.katalon.core.main.ScriptEngine.run(ScriptEngine.java:194)
	at com.kms.katalon.core.main.ScriptEngine.runScriptAsRawText(ScriptEngine.java:119)
	at com.kms.katalon.core.main.TestCaseExecutor.runScript(TestCaseExecutor.java:448)
	at com.kms.katalon.core.main.TestCaseExecutor.doExecute(TestCaseExecutor.java:439)
	at com.kms.katalon.core.main.TestCaseExecutor.processExecutionPhase(TestCaseExecutor.java:418)
	at com.kms.katalon.core.main.TestCaseExecutor.accessMainPhase(TestCaseExecutor.java:410)
	at com.kms.katalon.core.main.TestCaseExecutor.execute(TestCaseExecutor.java:285)
	at com.kms.katalon.core.common.CommonExecutor.accessTestCaseMainPhase(CommonExecutor.java:65)
	at com.kms.katalon.core.main.TestSuiteExecutor.accessTestSuiteMainPhase(TestSuiteExecutor.java:150)
	at com.kms.katalon.core.main.TestSuiteExecutor.execute(TestSuiteExecutor.java:106)
	at com.kms.katalon.core.main.TestCaseMain.startTestSuite(TestCaseMain.java:180)
	at TempTestSuite1724779058748.run(TempTestSuite1724779058748.groovy:35)
	at java.base/jdk.internal.reflect.NativeMethodAccessorImpl.invoke0(Native Method)
	at java.base/jdk.internal.reflect.NativeMethodAccessorImpl.invoke(NativeMethodAccessorImpl.java:77)
	at java.base/jdk.internal.reflect.DelegatingMethodAccessorImpl.invoke(DelegatingMethodAccessorImpl.java:43)
Caused by: org.openqa.selenium.ElementClickInterceptedException: element click intercepted: Element <a id="btnFilter" class="collapsed btn btn-outline-info-whitebackground  btn-sm float-sm-right filter-button" onclick="GeneralHelper.changeRowIcon($(this))" data-toggle="collapse" href="#collapsePanel" aria-expanded="false" aria-controls="collapsePanel">...</a> is not clickable at point (1298, 76). Other element would receive the click: <div id="ui-widget-overlay" class="ui-widget-overlay" style=""></div>
  (Session info: chrome=127.0.6533.122)
Build info: version: '3.141.59', revision: 'unknown', time: 'unknown'
System info: host: 'CCE0231', ip: '10.50.0.221', os.name: 'Windows 10', os.arch: 'amd64', os.version: '10.0', java.version: '17.0.7'
Driver info: com.kms.katalon.selenium.driver.CChromeDriver
Capabilities {acceptInsecureCerts: false, browserName: chrome, browserVersion: 127.0.6533.122, chrome: {chromedriverVersion: 127.0.6533.88 (a2d0cb026721..., userDataDir: C:\Users\RANJIT~1.VAD\AppDa...}, fedcm:accounts: true, goog:chromeOptions: {debuggerAddress: localhost:51575}, javascriptEnabled: true, networkConnectionEnabled: false, pageLoadStrategy: normal, platform: WINDOWS, platformName: WINDOWS, proxy: Proxy(), setWindowRect: true, strictFileInteractability: false, timeouts: {implicit: 0, pageLoad: 300000, script: 30000}, unhandledPromptBehavior: dismiss and notify, webauthn:extension:credBlob: true, webauthn:extension:largeBlob: true, webauthn:extension:minPinLength: true, webauthn:extension:prf: true, webauthn:virtualAuthenticators: true}
Session ID: 614396010ea502b186f5340c0ada9d4a
	at java.base/jdk.internal.reflect.NativeConstructorAccessorImpl.newInstance0(Native Method)
	at java.base/jdk.internal.reflect.NativeConstructorAccessorImpl.newInstance(NativeConstructorAccessorImpl.java:77)
	at java.base/jdk.internal.reflect.DelegatingConstructorAccessorImpl.newInstance(DelegatingConstructorAccessorImpl.java:45)
	at org.openqa.selenium.remote.http.W3CHttpResponseCodec.createException(W3CHttpResponseCodec.java:187)
	at org.openqa.selenium.remote.http.W3CHttpResponseCodec.decode(W3CHttpResponseCodec.java:122)
	at org.openqa.selenium.remote.http.W3CHttpResponseCodec.decode(W3CHttpResponseCodec.java:49)
	at org.openqa.selenium.remote.HttpCommandExecutor.execute(HttpCommandExecutor.java:158)
	at org.openqa.selenium.remote.service.DriverCommandExecutor.execute(DriverCommandExecutor.java:83)
	at org.openqa.selenium.remote.RemoteWebDriver.execute(RemoteWebDriver.java:552)
	at com.kms.katalon.selenium.driver.CChromeDriver.execute(CChromeDriver.java:19)
	at org.openqa.selenium.remote.RemoteWebElement.execute(RemoteWebElement.java:285)
	at org.openqa.selenium.remote.RemoteWebElement.click(RemoteWebElement.java:84)
	at jdk.internal.reflect.GeneratedMethodAccessor19.invoke(Unknown Source)
	at java.base/jdk.internal.reflect.DelegatingMethodAccessorImpl.invoke(DelegatingMethodAccessorImpl.java:43)
	at org.openqa.selenium.support.events.EventFiringWebDriver$EventFiringWebElement.lambda$new$0(EventFiringWebDriver.java:404)
	at jdk.proxy2/jdk.proxy2.$Proxy24.click(Unknown Source)
	at org.openqa.selenium.support.events.EventFiringWebDriver$EventFiringWebElement.click(EventFiringWebDriver.java:417)
	at org.openqa.selenium.WebElement$click.call(Unknown Source)
	at com.kms.katalon.core.webui.keyword.builtin.ClickKeyword.clickUntilSuccessWithTimeout(ClickKeyword.groovy:81)
	at com.kms.katalon.core.webui.keyword.builtin.ClickKeyword.clickUntilSuccessWithTimeout(ClickKeyword.groovy)
	at jdk.internal.reflect.GeneratedMethodAccessor17.invoke(Unknown Source)
	at java.base/jdk.internal.reflect.DelegatingMethodAccessorImpl.invoke(DelegatingMethodAccessorImpl.java:43)
	at com.kms.katalon.core.webui.keyword.builtin.ClickKeyword$_click_closure1.doCall(ClickKeyword.groovy:67)
	at com.kms.katalon.core.webui.keyword.builtin.ClickKeyword$_click_closure1.call(ClickKeyword.groovy)
	at com.kms.katalon.core.webui.keyword.internal.WebUIKeywordMain.runKeyword(WebUIKeywordMain.groovy:20)
	... 20 more]]></system-err>
      </testcase>
      <testcase name="Test Cases/MOZ-10510/TC 5_MOZ_11446 Verify Landing Page Layout and Filtering Area for the Local Settlements Module" time="227.057" classname="Test Cases/MOZ-10510/TC 5_MOZ_11446 Verify Landing Page Layout and Filtering Area for the Local Settlements Module" status="FAILED">
         <failure type="FAILED" message="Test Cases/MOZ-10510/TC 5_MOZ_11446 Verify Landing Page Layout and Filtering Area for the Local Settlements Module FAILED.&#xa;Reason:&#xa;com.kms.katalon.core.exception.StepFailedException: Unable to set text 'Accelya.1' of object 'Object Repository/MozartChrome/Page_/input_Password_Password'&#xa;	at com.kms.katalon.core.webui.keyword.internal.WebUIKeywordMain.stepFailed(WebUIKeywordMain.groovy:64)&#xa;	at com.kms.katalon.core.webui.keyword.internal.WebUIKeywordMain.runKeyword(WebUIKeywordMain.groovy:26)&#xa;	at com.kms.katalon.core.webui.keyword.builtin.SetTextKeyword.setText(SetTextKeyword.groovy:85)&#xa;	at com.kms.katalon.core.webui.keyword.builtin.SetTextKeyword.execute(SetTextKeyword.groovy:39)&#xa;	at com.kms.katalon.core.keyword.internal.KeywordExecutor.executeKeywordForPlatform(KeywordExecutor.groovy:74)&#xa;	at com.kms.katalon.core.webui.keyword.WebUiBuiltInKeywords.setText(WebUiBuiltInKeywords.groovy:1019)&#xa;	at demoPackage.MozartLogin.mozartLoginWithUser(MozartLogin.groovy:68)&#xa;	at java.base/jdk.internal.reflect.NativeMethodAccessorImpl.invoke0(Native Method)&#xa;	at java.base/jdk.internal.reflect.NativeMethodAccessorImpl.invoke(NativeMethodAccessorImpl.java:77)&#xa;	at java.base/jdk.internal.reflect.DelegatingMethodAccessorImpl.invoke(DelegatingMethodAccessorImpl.java:43)&#xa;	at com.kms.katalon.core.main.CustomKeywordDelegatingMetaClass.invokeStaticMethod(CustomKeywordDelegatingMetaClass.java:55)&#xa;	at TC 5_MOZ_11446 Verify Landing Page Layout and Filtering Area for the Local Settlements Module.run(TC 5_MOZ_11446 Verify Landing Page Layout and Filtering Area for the Local Settlements Module:22)&#xa;	at com.kms.katalon.core.main.ScriptEngine.run(ScriptEngine.java:194)&#xa;	at com.kms.katalon.core.main.ScriptEngine.runScriptAsRawText(ScriptEngine.java:119)&#xa;	at com.kms.katalon.core.main.TestCaseExecutor.runScript(TestCaseExecutor.java:448)&#xa;	at com.kms.katalon.core.main.TestCaseExecutor.doExecute(TestCaseExecutor.java:439)&#xa;	at com.kms.katalon.core.main.TestCaseExecutor.processExecutionPhase(TestCaseExecutor.java:418)&#xa;	at com.kms.katalon.core.main.TestCaseExecutor.accessMainPhase(TestCaseExecutor.java:410)&#xa;	at com.kms.katalon.core.main.TestCaseExecutor.execute(TestCaseExecutor.java:285)&#xa;	at com.kms.katalon.core.common.CommonExecutor.accessTestCaseMainPhase(CommonExecutor.java:65)&#xa;	at com.kms.katalon.core.main.TestSuiteExecutor.accessTestSuiteMainPhase(TestSuiteExecutor.java:150)&#xa;	at com.kms.katalon.core.main.TestSuiteExecutor.execute(TestSuiteExecutor.java:106)&#xa;	at com.kms.katalon.core.main.TestCaseMain.startTestSuite(TestCaseMain.java:180)&#xa;	at TempTestSuite1724779058748.run(TempTestSuite1724779058748.groovy:35)&#xa;	at java.base/jdk.internal.reflect.NativeMethodAccessorImpl.invoke0(Native Method)&#xa;	at java.base/jdk.internal.reflect.NativeMethodAccessorImpl.invoke(NativeMethodAccessorImpl.java:77)&#xa;	at java.base/jdk.internal.reflect.DelegatingMethodAccessorImpl.invoke(DelegatingMethodAccessorImpl.java:43)&#xa;Caused by: com.kms.katalon.core.webui.exception.WebElementNotFoundException: Web element with id: 'Object Repository/MozartChrome/Page_/input_Password_Password' located by '//input[@id='Password']' not found&#xa;	at com.kms.katalon.core.webui.common.WebUiCommonHelper.findWebElement(WebUiCommonHelper.java:1426)&#xa;	at com.kms.katalon.core.webui.keyword.internal.WebUIAbstractKeyword.findWebElement(WebUIAbstractKeyword.groovy:27)&#xa;	at com.kms.katalon.core.webui.keyword.internal.WebUIAbstractKeyword.findWebElement(WebUIAbstractKeyword.groovy:26)&#xa;	at com.kms.katalon.core.webui.keyword.builtin.SetTextKeyword$_setText_closure1.doCall(SetTextKeyword.groovy:53)&#xa;	at com.kms.katalon.core.webui.keyword.builtin.SetTextKeyword$_setText_closure1.call(SetTextKeyword.groovy)&#xa;	at com.kms.katalon.core.webui.keyword.internal.WebUIKeywordMain.runKeyword(WebUIKeywordMain.groovy:20)&#xa;	... 25 more&#xa;"/>
         <system-out><![CDATA[27-08-2024T23:01:01 - [TEST_CASE][FAILED] - Test Cases/MOZ-10510/TC 5_MOZ_11446 Verify Landing Page Layout and Filtering Area for the Local Settlements Module: Test Cases/MOZ-10510/TC 5_MOZ_11446 Verify Landing Page Layout and Filtering Area for the Local Settlements Module FAILED.
Reason:
com.kms.katalon.core.exception.StepFailedException: Unable to set text 'Accelya.1' of object 'Object Repository/MozartChrome/Page_/input_Password_Password'
	at com.kms.katalon.core.webui.keyword.internal.WebUIKeywordMain.stepFailed(WebUIKeywordMain.groovy:64)
	at com.kms.katalon.core.webui.keyword.internal.WebUIKeywordMain.runKeyword(WebUIKeywordMain.groovy:26)
	at com.kms.katalon.core.webui.keyword.builtin.SetTextKeyword.setText(SetTextKeyword.groovy:85)
	at com.kms.katalon.core.webui.keyword.builtin.SetTextKeyword.execute(SetTextKeyword.groovy:39)
	at com.kms.katalon.core.keyword.internal.KeywordExecutor.executeKeywordForPlatform(KeywordExecutor.groovy:74)
	at com.kms.katalon.core.webui.keyword.WebUiBuiltInKeywords.setText(WebUiBuiltInKeywords.groovy:1019)
	at demoPackage.MozartLogin.mozartLoginWithUser(MozartLogin.groovy:68)
	at java.base/jdk.internal.reflect.NativeMethodAccessorImpl.invoke0(Native Method)
	at java.base/jdk.internal.reflect.NativeMethodAccessorImpl.invoke(NativeMethodAccessorImpl.java:77)
	at java.base/jdk.internal.reflect.DelegatingMethodAccessorImpl.invoke(DelegatingMethodAccessorImpl.java:43)
	at com.kms.katalon.core.main.CustomKeywordDelegatingMetaClass.invokeStaticMethod(CustomKeywordDelegatingMetaClass.java:55)
	at TC 5_MOZ_11446 Verify Landing Page Layout and Filtering Area for the Local Settlements Module.run(TC 5_MOZ_11446 Verify Landing Page Layout and Filtering Area for the Local Settlements Module:22)
	at com.kms.katalon.core.main.ScriptEngine.run(ScriptEngine.java:194)
	at com.kms.katalon.core.main.ScriptEngine.runScriptAsRawText(ScriptEngine.java:119)
	at com.kms.katalon.core.main.TestCaseExecutor.runScript(TestCaseExecutor.java:448)
	at com.kms.katalon.core.main.TestCaseExecutor.doExecute(TestCaseExecutor.java:439)
	at com.kms.katalon.core.main.TestCaseExecutor.processExecutionPhase(TestCaseExecutor.java:418)
	at com.kms.katalon.core.main.TestCaseExecutor.accessMainPhase(TestCaseExecutor.java:410)
	at com.kms.katalon.core.main.TestCaseExecutor.execute(TestCaseExecutor.java:285)
	at com.kms.katalon.core.common.CommonExecutor.accessTestCaseMainPhase(CommonExecutor.java:65)
	at com.kms.katalon.core.main.TestSuiteExecutor.accessTestSuiteMainPhase(TestSuiteExecutor.java:150)
	at com.kms.katalon.core.main.TestSuiteExecutor.execute(TestSuiteExecutor.java:106)
	at com.kms.katalon.core.main.TestCaseMain.startTestSuite(TestCaseMain.java:180)
	at TempTestSuite1724779058748.run(TempTestSuite1724779058748.groovy:35)
	at java.base/jdk.internal.reflect.NativeMethodAccessorImpl.invoke0(Native Method)
	at java.base/jdk.internal.reflect.NativeMethodAccessorImpl.invoke(NativeMethodAccessorImpl.java:77)
	at java.base/jdk.internal.reflect.DelegatingMethodAccessorImpl.invoke(DelegatingMethodAccessorImpl.java:43)
Caused by: com.kms.katalon.core.webui.exception.WebElementNotFoundException: Web element with id: 'Object Repository/MozartChrome/Page_/input_Password_Password' located by '//input[@id='Password']' not found
	at com.kms.katalon.core.webui.common.WebUiCommonHelper.findWebElement(WebUiCommonHelper.java:1426)
	at com.kms.katalon.core.webui.keyword.internal.WebUIAbstractKeyword.findWebElement(WebUIAbstractKeyword.groovy:27)
	at com.kms.katalon.core.webui.keyword.internal.WebUIAbstractKeyword.findWebElement(WebUIAbstractKeyword.groovy:26)
	at com.kms.katalon.core.webui.keyword.builtin.SetTextKeyword$_setText_closure1.doCall(SetTextKeyword.groovy:53)
	at com.kms.katalon.core.webui.keyword.builtin.SetTextKeyword$_setText_closure1.call(SetTextKeyword.groovy)
	at com.kms.katalon.core.webui.keyword.internal.WebUIKeywordMain.runKeyword(WebUIKeywordMain.groovy:20)
	... 25 more


27-08-2024T23:01:02 - [TEST_STEP][FAILED] - demoPackage.MozartLogin.mozartLoginWithUser(): Unable to set text 'Accelya.1' of object 'Object Repository/MozartChrome/Page_/input_Password_Password'

27-08-2024T23:01:02 - [MESSAGE][WARNING] - A browser is already opened. Closing browser and opening a new one

27-08-2024T23:01:02 - [MESSAGE][INFO] - Starting 'Chrome' driver

27-08-2024T23:01:02 - [MESSAGE][INFO] - Action delay is set to 0 milliseconds

27-08-2024T23:01:04 - [MESSAGE][PASSED] - Browser is opened with url: ''

27-08-2024T23:01:10 - [MESSAGE][PASSED] - Navigate to 'https://accelyacomtest.accelya.local/MozartTest/AirlinesHub/Index' successfully

27-08-2024T23:01:10 - [MESSAGE][PASSED] - Current window maximized

27-08-2024T23:01:11 - [MESSAGE][PASSED] - Object: 'Object Repository/MozartChrome/ChromeAdvance/ClickOnAdvanceButton' is clicked on

27-08-2024T23:03:57 - [MESSAGE][PASSED] - Object: 'Object Repository/MozartChrome/ChromeAdvance/ProccedLink' is clicked on

27-08-2024T23:04:01 - [MESSAGE][PASSED] - Text 'ranajitvadar' is set on object 'Object Repository/MozartChrome/Page_/input_Username_Login'

27-08-2024T23:04:03 - [MESSAGE][PASSED] - Object: 'Object Repository/MozartChrome/Page_/button_Next' is clicked on

27-08-2024T23:04:35 - [MESSAGE][INFO] - Unable to find the element located by 'By.xpath: //input[@id='Password']'. Please recheck the objects properties to make sure the desired element is located. 

27-08-2024T23:04:35 - [MESSAGE][WARNING] - [SELF-HEALING] Failed to find element with id 'Object Repository/MozartChrome/Page_/input_Password_Password'. Try using Self-healing.

27-08-2024T23:04:37 - [MESSAGE][INFO] - [SELF-HEALING] Failed Locator: '//input[@id='Password']'.

27-08-2024T23:04:39 - [MESSAGE][INFO] - [SELF-HEALING] Failed Locator: '//div[@id='show_hide_password']/input'.

27-08-2024T23:04:41 - [MESSAGE][INFO] - [SELF-HEALING] Failed Locator: '//div[2]/div/div/input'.

27-08-2024T23:04:43 - [MESSAGE][INFO] - [SELF-HEALING] Failed Locator: '//input[@id = 'Password' and @name = 'Password' and @type = 'password']'.

27-08-2024T23:04:46 - [MESSAGE][INFO] - Unable to find the element located by 'By.xpath: //*[@id = 'Password' and @name = 'Password' and @type = 'password']'. Please recheck the objects properties to make sure the desired element is located. 

27-08-2024T23:04:48 - [MESSAGE][INFO] - Unable to find the element located by 'By.cssSelector: #Password'. Please recheck the objects properties to make sure the desired element is located. 

27-08-2024T23:04:48 - [MESSAGE][FAILED] - Unable to set text 'Accelya.1' of object 'Object Repository/MozartChrome/Page_/input_Password_Password' (Root cause: com.kms.katalon.core.exception.StepFailedException: Unable to set text 'Accelya.1' of object 'Object Repository/MozartChrome/Page_/input_Password_Password'
	at com.kms.katalon.core.webui.keyword.internal.WebUIKeywordMain.stepFailed(WebUIKeywordMain.groovy:64)
	at com.kms.katalon.core.webui.keyword.internal.WebUIKeywordMain.runKeyword(WebUIKeywordMain.groovy:26)
	at com.kms.katalon.core.webui.keyword.builtin.SetTextKeyword.setText(SetTextKeyword.groovy:85)
	at com.kms.katalon.core.webui.keyword.builtin.SetTextKeyword.execute(SetTextKeyword.groovy:39)
	at com.kms.katalon.core.keyword.internal.KeywordExecutor.executeKeywordForPlatform(KeywordExecutor.groovy:74)
	at com.kms.katalon.core.webui.keyword.WebUiBuiltInKeywords.setText(WebUiBuiltInKeywords.groovy:1019)
	at demoPackage.MozartLogin.mozartLoginWithUser(MozartLogin.groovy:68)
	at java.base/jdk.internal.reflect.NativeMethodAccessorImpl.invoke0(Native Method)
	at java.base/jdk.internal.reflect.NativeMethodAccessorImpl.invoke(NativeMethodAccessorImpl.java:77)
	at java.base/jdk.internal.reflect.DelegatingMethodAccessorImpl.invoke(DelegatingMethodAccessorImpl.java:43)
	at com.kms.katalon.core.main.CustomKeywordDelegatingMetaClass.invokeStaticMethod(CustomKeywordDelegatingMetaClass.java:55)
	at TC 5_MOZ_11446 Verify Landing Page Layout and Filtering Area for the Local Settlements Module.run(TC 5_MOZ_11446 Verify Landing Page Layout and Filtering Area for the Local Settlements Module:22)
	at com.kms.katalon.core.main.ScriptEngine.run(ScriptEngine.java:194)
	at com.kms.katalon.core.main.ScriptEngine.runScriptAsRawText(ScriptEngine.java:119)
	at com.kms.katalon.core.main.TestCaseExecutor.runScript(TestCaseExecutor.java:448)
	at com.kms.katalon.core.main.TestCaseExecutor.doExecute(TestCaseExecutor.java:439)
	at com.kms.katalon.core.main.TestCaseExecutor.processExecutionPhase(TestCaseExecutor.java:418)
	at com.kms.katalon.core.main.TestCaseExecutor.accessMainPhase(TestCaseExecutor.java:410)
	at com.kms.katalon.core.main.TestCaseExecutor.execute(TestCaseExecutor.java:285)
	at com.kms.katalon.core.common.CommonExecutor.accessTestCaseMainPhase(CommonExecutor.java:65)
	at com.kms.katalon.core.main.TestSuiteExecutor.accessTestSuiteMainPhase(TestSuiteExecutor.java:150)
	at com.kms.katalon.core.main.TestSuiteExecutor.execute(TestSuiteExecutor.java:106)
	at com.kms.katalon.core.main.TestCaseMain.startTestSuite(TestCaseMain.java:180)
	at TempTestSuite1724779058748.run(TempTestSuite1724779058748.groovy:35)
	at java.base/jdk.internal.reflect.NativeMethodAccessorImpl.invoke0(Native Method)
	at java.base/jdk.internal.reflect.NativeMethodAccessorImpl.invoke(NativeMethodAccessorImpl.java:77)
	at java.base/jdk.internal.reflect.DelegatingMethodAccessorImpl.invoke(DelegatingMethodAccessorImpl.java:43)
Caused by: com.kms.katalon.core.webui.exception.WebElementNotFoundException: Web element with id: 'Object Repository/MozartChrome/Page_/input_Password_Password' located by '//input[@id='Password']' not found
	at com.kms.katalon.core.webui.common.WebUiCommonHelper.findWebElement(WebUiCommonHelper.java:1426)
	at com.kms.katalon.core.webui.keyword.internal.WebUIAbstractKeyword.findWebElement(WebUIAbstractKeyword.groovy:27)
	at com.kms.katalon.core.webui.keyword.internal.WebUIAbstractKeyword.findWebElement(WebUIAbstractKeyword.groovy:26)
	at com.kms.katalon.core.webui.keyword.builtin.SetTextKeyword$_setText_closure1.doCall(SetTextKeyword.groovy:53)
	at com.kms.katalon.core.webui.keyword.builtin.SetTextKeyword$_setText_closure1.call(SetTextKeyword.groovy)
	at com.kms.katalon.core.webui.keyword.internal.WebUIKeywordMain.runKeyword(WebUIKeywordMain.groovy:20)
	at com.kms.katalon.core.webui.keyword.builtin.SetTextKeyword.setText(SetTextKeyword.groovy:85)
	at com.kms.katalon.core.webui.keyword.builtin.SetTextKeyword.execute(SetTextKeyword.groovy:39)
	at com.kms.katalon.core.keyword.internal.KeywordExecutor.executeKeywordForPlatform(KeywordExecutor.groovy:74)
	at com.kms.katalon.core.webui.keyword.WebUiBuiltInKeywords.setText(WebUiBuiltInKeywords.groovy:1019)
	at demoPackage.MozartLogin.mozartLoginWithUser(MozartLogin.groovy:68)
	at java.base/jdk.internal.reflect.NativeMethodAccessorImpl.invoke0(Native Method)
	at java.base/jdk.internal.reflect.NativeMethodAccessorImpl.invoke(NativeMethodAccessorImpl.java:77)
	at java.base/jdk.internal.reflect.DelegatingMethodAccessorImpl.invoke(DelegatingMethodAccessorImpl.java:43)
	at com.kms.katalon.core.main.CustomKeywordDelegatingMetaClass.invokeStaticMethod(CustomKeywordDelegatingMetaClass.java:55)
	at Script1723012590401.run(Script1723012590401.groovy:22)
	... 15 more
)
[[ATTACHMENT|C:\\Users\\ranjit.vadar\\Katalon Studio\\Mozart Emirates\\Reports\\20240827_224738\\Suite MOZ-10510\\20240827_224738\\1724780088317.png]]

27-08-2024T23:04:48 - [MESSAGE][FAILED] - Unable to set text 'Accelya.1' of object 'Object Repository/MozartChrome/Page_/input_Password_Password']]></system-out>
         <system-err><![CDATA[27-08-2024T23:01:01 - [TEST_CASE][FAILED] - Test Cases/MOZ-10510/TC 5_MOZ_11446 Verify Landing Page Layout and Filtering Area for the Local Settlements Module: Test Cases/MOZ-10510/TC 5_MOZ_11446 Verify Landing Page Layout and Filtering Area for the Local Settlements Module FAILED.
Reason:
com.kms.katalon.core.exception.StepFailedException: Unable to set text 'Accelya.1' of object 'Object Repository/MozartChrome/Page_/input_Password_Password'
	at com.kms.katalon.core.webui.keyword.internal.WebUIKeywordMain.stepFailed(WebUIKeywordMain.groovy:64)
	at com.kms.katalon.core.webui.keyword.internal.WebUIKeywordMain.runKeyword(WebUIKeywordMain.groovy:26)
	at com.kms.katalon.core.webui.keyword.builtin.SetTextKeyword.setText(SetTextKeyword.groovy:85)
	at com.kms.katalon.core.webui.keyword.builtin.SetTextKeyword.execute(SetTextKeyword.groovy:39)
	at com.kms.katalon.core.keyword.internal.KeywordExecutor.executeKeywordForPlatform(KeywordExecutor.groovy:74)
	at com.kms.katalon.core.webui.keyword.WebUiBuiltInKeywords.setText(WebUiBuiltInKeywords.groovy:1019)
	at demoPackage.MozartLogin.mozartLoginWithUser(MozartLogin.groovy:68)
	at java.base/jdk.internal.reflect.NativeMethodAccessorImpl.invoke0(Native Method)
	at java.base/jdk.internal.reflect.NativeMethodAccessorImpl.invoke(NativeMethodAccessorImpl.java:77)
	at java.base/jdk.internal.reflect.DelegatingMethodAccessorImpl.invoke(DelegatingMethodAccessorImpl.java:43)
	at com.kms.katalon.core.main.CustomKeywordDelegatingMetaClass.invokeStaticMethod(CustomKeywordDelegatingMetaClass.java:55)
	at TC 5_MOZ_11446 Verify Landing Page Layout and Filtering Area for the Local Settlements Module.run(TC 5_MOZ_11446 Verify Landing Page Layout and Filtering Area for the Local Settlements Module:22)
	at com.kms.katalon.core.main.ScriptEngine.run(ScriptEngine.java:194)
	at com.kms.katalon.core.main.ScriptEngine.runScriptAsRawText(ScriptEngine.java:119)
	at com.kms.katalon.core.main.TestCaseExecutor.runScript(TestCaseExecutor.java:448)
	at com.kms.katalon.core.main.TestCaseExecutor.doExecute(TestCaseExecutor.java:439)
	at com.kms.katalon.core.main.TestCaseExecutor.processExecutionPhase(TestCaseExecutor.java:418)
	at com.kms.katalon.core.main.TestCaseExecutor.accessMainPhase(TestCaseExecutor.java:410)
	at com.kms.katalon.core.main.TestCaseExecutor.execute(TestCaseExecutor.java:285)
	at com.kms.katalon.core.common.CommonExecutor.accessTestCaseMainPhase(CommonExecutor.java:65)
	at com.kms.katalon.core.main.TestSuiteExecutor.accessTestSuiteMainPhase(TestSuiteExecutor.java:150)
	at com.kms.katalon.core.main.TestSuiteExecutor.execute(TestSuiteExecutor.java:106)
	at com.kms.katalon.core.main.TestCaseMain.startTestSuite(TestCaseMain.java:180)
	at TempTestSuite1724779058748.run(TempTestSuite1724779058748.groovy:35)
	at java.base/jdk.internal.reflect.NativeMethodAccessorImpl.invoke0(Native Method)
	at java.base/jdk.internal.reflect.NativeMethodAccessorImpl.invoke(NativeMethodAccessorImpl.java:77)
	at java.base/jdk.internal.reflect.DelegatingMethodAccessorImpl.invoke(DelegatingMethodAccessorImpl.java:43)
Caused by: com.kms.katalon.core.webui.exception.WebElementNotFoundException: Web element with id: 'Object Repository/MozartChrome/Page_/input_Password_Password' located by '//input[@id='Password']' not found
	at com.kms.katalon.core.webui.common.WebUiCommonHelper.findWebElement(WebUiCommonHelper.java:1426)
	at com.kms.katalon.core.webui.keyword.internal.WebUIAbstractKeyword.findWebElement(WebUIAbstractKeyword.groovy:27)
	at com.kms.katalon.core.webui.keyword.internal.WebUIAbstractKeyword.findWebElement(WebUIAbstractKeyword.groovy:26)
	at com.kms.katalon.core.webui.keyword.builtin.SetTextKeyword$_setText_closure1.doCall(SetTextKeyword.groovy:53)
	at com.kms.katalon.core.webui.keyword.builtin.SetTextKeyword$_setText_closure1.call(SetTextKeyword.groovy)
	at com.kms.katalon.core.webui.keyword.internal.WebUIKeywordMain.runKeyword(WebUIKeywordMain.groovy:20)
	... 25 more]]></system-err>
      </testcase>
      <testcase name="Test Cases/MOZ-10510/TC 4_MOZ_11445 Verify User Role other than the auditor or supervisor Access Levels for the Local Settlements Module" time="7.799" classname="Test Cases/MOZ-10510/TC 4_MOZ_11445 Verify User Role other than the auditor or supervisor Access Levels for the Local Settlements Module" status="FAILED">
         <failure type="FAILED" message="Test Cases/MOZ-10510/TC 4_MOZ_11445 Verify User Role other than the auditor or supervisor Access Levels for the Local Settlements Module FAILED.&#xa;Reason:&#xa;com.kms.katalon.core.exception.StepFailedException: Unable to click on object 'Object Repository/MozartChrome/ChromeAdvance/ProccedLink'&#xa;	at com.kms.katalon.core.webui.keyword.internal.WebUIKeywordMain.stepFailed(WebUIKeywordMain.groovy:64)&#xa;	at com.kms.katalon.core.webui.keyword.internal.WebUIKeywordMain.runKeyword(WebUIKeywordMain.groovy:26)&#xa;	at com.kms.katalon.core.webui.keyword.builtin.ClickKeyword.click(ClickKeyword.groovy:74)&#xa;	at com.kms.katalon.core.webui.keyword.builtin.ClickKeyword.execute(ClickKeyword.groovy:40)&#xa;	at com.kms.katalon.core.keyword.internal.KeywordExecutor.executeKeywordForPlatform(KeywordExecutor.groovy:74)&#xa;	at com.kms.katalon.core.webui.keyword.WebUiBuiltInKeywords.click(WebUiBuiltInKeywords.groovy:659)&#xa;	at demoPackage.MozartLogin.mozartLoginWithUser(MozartLogin.groovy:65)&#xa;	at java.base/jdk.internal.reflect.NativeMethodAccessorImpl.invoke0(Native Method)&#xa;	at java.base/jdk.internal.reflect.NativeMethodAccessorImpl.invoke(NativeMethodAccessorImpl.java:77)&#xa;	at java.base/jdk.internal.reflect.DelegatingMethodAccessorImpl.invoke(DelegatingMethodAccessorImpl.java:43)&#xa;	at com.kms.katalon.core.main.CustomKeywordDelegatingMetaClass.invokeStaticMethod(CustomKeywordDelegatingMetaClass.java:55)&#xa;	at TC 4_MOZ_11445 Verify User Role other than the auditor or supervisor Access Levels for the Local Settlements Module.run(TC 4_MOZ_11445 Verify User Role other than the auditor or supervisor Access Levels for the Local Settlements Module:7)&#xa;	at com.kms.katalon.core.main.ScriptEngine.run(ScriptEngine.java:194)&#xa;	at com.kms.katalon.core.main.ScriptEngine.runScriptAsRawText(ScriptEngine.java:119)&#xa;	at com.kms.katalon.core.main.TestCaseExecutor.runScript(TestCaseExecutor.java:448)&#xa;	at com.kms.katalon.core.main.TestCaseExecutor.doExecute(TestCaseExecutor.java:439)&#xa;	at com.kms.katalon.core.main.TestCaseExecutor.processExecutionPhase(TestCaseExecutor.java:418)&#xa;	at com.kms.katalon.core.main.TestCaseExecutor.accessMainPhase(TestCaseExecutor.java:410)&#xa;	at com.kms.katalon.core.main.TestCaseExecutor.execute(TestCaseExecutor.java:285)&#xa;	at com.kms.katalon.core.common.CommonExecutor.accessTestCaseMainPhase(CommonExecutor.java:65)&#xa;	at com.kms.katalon.core.main.TestSuiteExecutor.accessTestSuiteMainPhase(TestSuiteExecutor.java:150)&#xa;	at com.kms.katalon.core.main.TestSuiteExecutor.execute(TestSuiteExecutor.java:106)&#xa;	at com.kms.katalon.core.main.TestCaseMain.startTestSuite(TestCaseMain.java:180)&#xa;	at TempTestSuite1724779058748.run(TempTestSuite1724779058748.groovy:35)&#xa;	at java.base/jdk.internal.reflect.NativeMethodAccessorImpl.invoke0(Native Method)&#xa;	at java.base/jdk.internal.reflect.NativeMethodAccessorImpl.invoke(NativeMethodAccessorImpl.java:77)&#xa;	at java.base/jdk.internal.reflect.DelegatingMethodAccessorImpl.invoke(DelegatingMethodAccessorImpl.java:43)&#xa;Caused by: org.openqa.selenium.ElementNotInteractableException: element not interactable&#xa;  (Session info: chrome=127.0.6533.122)&#xa;Build info: version: '3.141.59', revision: 'unknown', time: 'unknown'&#xa;System info: host: 'CCE0231', ip: '10.50.0.221', os.name: 'Windows 10', os.arch: 'amd64', os.version: '10.0', java.version: '17.0.7'&#xa;Driver info: com.kms.katalon.selenium.driver.CChromeDriver&#xa;Capabilities {acceptInsecureCerts: false, browserName: chrome, browserVersion: 127.0.6533.122, chrome: {chromedriverVersion: 127.0.6533.88 (a2d0cb026721..., userDataDir: C:\Users\RANJIT~1.VAD\AppDa...}, fedcm:accounts: true, goog:chromeOptions: {debuggerAddress: localhost:50090}, javascriptEnabled: true, networkConnectionEnabled: false, pageLoadStrategy: normal, platform: WINDOWS, platformName: WINDOWS, proxy: Proxy(), setWindowRect: true, strictFileInteractability: false, timeouts: {implicit: 0, pageLoad: 300000, script: 30000}, unhandledPromptBehavior: dismiss and notify, webauthn:extension:credBlob: true, webauthn:extension:largeBlob: true, webauthn:extension:minPinLength: true, webauthn:extension:prf: true, webauthn:virtualAuthenticators: true}&#xa;Session ID: cf562db610b2edf3e141407f83601744&#xa;	at java.base/jdk.internal.reflect.NativeConstructorAccessorImpl.newInstance0(Native Method)&#xa;	at java.base/jdk.internal.reflect.NativeConstructorAccessorImpl.newInstance(NativeConstructorAccessorImpl.java:77)&#xa;	at java.base/jdk.internal.reflect.DelegatingConstructorAccessorImpl.newInstance(DelegatingConstructorAccessorImpl.java:45)&#xa;	at org.openqa.selenium.remote.http.W3CHttpResponseCodec.createException(W3CHttpResponseCodec.java:187)&#xa;	at org.openqa.selenium.remote.http.W3CHttpResponseCodec.decode(W3CHttpResponseCodec.java:122)&#xa;	at org.openqa.selenium.remote.http.W3CHttpResponseCodec.decode(W3CHttpResponseCodec.java:49)&#xa;	at org.openqa.selenium.remote.HttpCommandExecutor.execute(HttpCommandExecutor.java:158)&#xa;	at org.openqa.selenium.remote.service.DriverCommandExecutor.execute(DriverCommandExecutor.java:83)&#xa;	at org.openqa.selenium.remote.RemoteWebDriver.execute(RemoteWebDriver.java:552)&#xa;	at com.kms.katalon.selenium.driver.CChromeDriver.execute(CChromeDriver.java:19)&#xa;	at org.openqa.selenium.remote.RemoteWebElement.execute(RemoteWebElement.java:285)&#xa;	at org.openqa.selenium.remote.RemoteWebElement.click(RemoteWebElement.java:84)&#xa;	at jdk.internal.reflect.GeneratedMethodAccessor19.invoke(Unknown Source)&#xa;	at java.base/jdk.internal.reflect.DelegatingMethodAccessorImpl.invoke(DelegatingMethodAccessorImpl.java:43)&#xa;	at org.openqa.selenium.support.events.EventFiringWebDriver$EventFiringWebElement.lambda$new$0(EventFiringWebDriver.java:404)&#xa;	at jdk.proxy2/jdk.proxy2.$Proxy24.click(Unknown Source)&#xa;	at org.openqa.selenium.support.events.EventFiringWebDriver$EventFiringWebElement.click(EventFiringWebDriver.java:417)&#xa;	at org.openqa.selenium.WebElement$click.call(Unknown Source)&#xa;	at com.kms.katalon.core.webui.keyword.builtin.ClickKeyword.clickUntilSuccessWithTimeout(ClickKeyword.groovy:81)&#xa;	at com.kms.katalon.core.webui.keyword.builtin.ClickKeyword.clickUntilSuccessWithTimeout(ClickKeyword.groovy)&#xa;	at jdk.internal.reflect.GeneratedMethodAccessor17.invoke(Unknown Source)&#xa;	at java.base/jdk.internal.reflect.DelegatingMethodAccessorImpl.invoke(DelegatingMethodAccessorImpl.java:43)&#xa;	at com.kms.katalon.core.webui.keyword.builtin.ClickKeyword$_click_closure1.doCall(ClickKeyword.groovy:67)&#xa;	at com.kms.katalon.core.webui.keyword.builtin.ClickKeyword$_click_closure1.call(ClickKeyword.groovy)&#xa;	at com.kms.katalon.core.webui.keyword.internal.WebUIKeywordMain.runKeyword(WebUIKeywordMain.groovy:20)&#xa;	... 25 more&#xa;"/>
         <system-out><![CDATA[27-08-2024T23:04:48 - [TEST_CASE][FAILED] - Test Cases/MOZ-10510/TC 4_MOZ_11445 Verify User Role other than the auditor or supervisor Access Levels for the Local Settlements Module: Test Cases/MOZ-10510/TC 4_MOZ_11445 Verify User Role other than the auditor or supervisor Access Levels for the Local Settlements Module FAILED.
Reason:
com.kms.katalon.core.exception.StepFailedException: Unable to click on object 'Object Repository/MozartChrome/ChromeAdvance/ProccedLink'
	at com.kms.katalon.core.webui.keyword.internal.WebUIKeywordMain.stepFailed(WebUIKeywordMain.groovy:64)
	at com.kms.katalon.core.webui.keyword.internal.WebUIKeywordMain.runKeyword(WebUIKeywordMain.groovy:26)
	at com.kms.katalon.core.webui.keyword.builtin.ClickKeyword.click(ClickKeyword.groovy:74)
	at com.kms.katalon.core.webui.keyword.builtin.ClickKeyword.execute(ClickKeyword.groovy:40)
	at com.kms.katalon.core.keyword.internal.KeywordExecutor.executeKeywordForPlatform(KeywordExecutor.groovy:74)
	at com.kms.katalon.core.webui.keyword.WebUiBuiltInKeywords.click(WebUiBuiltInKeywords.groovy:659)
	at demoPackage.MozartLogin.mozartLoginWithUser(MozartLogin.groovy:65)
	at java.base/jdk.internal.reflect.NativeMethodAccessorImpl.invoke0(Native Method)
	at java.base/jdk.internal.reflect.NativeMethodAccessorImpl.invoke(NativeMethodAccessorImpl.java:77)
	at java.base/jdk.internal.reflect.DelegatingMethodAccessorImpl.invoke(DelegatingMethodAccessorImpl.java:43)
	at com.kms.katalon.core.main.CustomKeywordDelegatingMetaClass.invokeStaticMethod(CustomKeywordDelegatingMetaClass.java:55)
	at TC 4_MOZ_11445 Verify User Role other than the auditor or supervisor Access Levels for the Local Settlements Module.run(TC 4_MOZ_11445 Verify User Role other than the auditor or supervisor Access Levels for the Local Settlements Module:7)
	at com.kms.katalon.core.main.ScriptEngine.run(ScriptEngine.java:194)
	at com.kms.katalon.core.main.ScriptEngine.runScriptAsRawText(ScriptEngine.java:119)
	at com.kms.katalon.core.main.TestCaseExecutor.runScript(TestCaseExecutor.java:448)
	at com.kms.katalon.core.main.TestCaseExecutor.doExecute(TestCaseExecutor.java:439)
	at com.kms.katalon.core.main.TestCaseExecutor.processExecutionPhase(TestCaseExecutor.java:418)
	at com.kms.katalon.core.main.TestCaseExecutor.accessMainPhase(TestCaseExecutor.java:410)
	at com.kms.katalon.core.main.TestCaseExecutor.execute(TestCaseExecutor.java:285)
	at com.kms.katalon.core.common.CommonExecutor.accessTestCaseMainPhase(CommonExecutor.java:65)
	at com.kms.katalon.core.main.TestSuiteExecutor.accessTestSuiteMainPhase(TestSuiteExecutor.java:150)
	at com.kms.katalon.core.main.TestSuiteExecutor.execute(TestSuiteExecutor.java:106)
	at com.kms.katalon.core.main.TestCaseMain.startTestSuite(TestCaseMain.java:180)
	at TempTestSuite1724779058748.run(TempTestSuite1724779058748.groovy:35)
	at java.base/jdk.internal.reflect.NativeMethodAccessorImpl.invoke0(Native Method)
	at java.base/jdk.internal.reflect.NativeMethodAccessorImpl.invoke(NativeMethodAccessorImpl.java:77)
	at java.base/jdk.internal.reflect.DelegatingMethodAccessorImpl.invoke(DelegatingMethodAccessorImpl.java:43)
Caused by: org.openqa.selenium.ElementNotInteractableException: element not interactable
  (Session info: chrome=127.0.6533.122)
Build info: version: '3.141.59', revision: 'unknown', time: 'unknown'
System info: host: 'CCE0231', ip: '10.50.0.221', os.name: 'Windows 10', os.arch: 'amd64', os.version: '10.0', java.version: '17.0.7'
Driver info: com.kms.katalon.selenium.driver.CChromeDriver
Capabilities {acceptInsecureCerts: false, browserName: chrome, browserVersion: 127.0.6533.122, chrome: {chromedriverVersion: 127.0.6533.88 (a2d0cb026721..., userDataDir: C:\Users\RANJIT~1.VAD\AppDa...}, fedcm:accounts: true, goog:chromeOptions: {debuggerAddress: localhost:50090}, javascriptEnabled: true, networkConnectionEnabled: false, pageLoadStrategy: normal, platform: WINDOWS, platformName: WINDOWS, proxy: Proxy(), setWindowRect: true, strictFileInteractability: false, timeouts: {implicit: 0, pageLoad: 300000, script: 30000}, unhandledPromptBehavior: dismiss and notify, webauthn:extension:credBlob: true, webauthn:extension:largeBlob: true, webauthn:extension:minPinLength: true, webauthn:extension:prf: true, webauthn:virtualAuthenticators: true}
Session ID: cf562db610b2edf3e141407f83601744
	at java.base/jdk.internal.reflect.NativeConstructorAccessorImpl.newInstance0(Native Method)
	at java.base/jdk.internal.reflect.NativeConstructorAccessorImpl.newInstance(NativeConstructorAccessorImpl.java:77)
	at java.base/jdk.internal.reflect.DelegatingConstructorAccessorImpl.newInstance(DelegatingConstructorAccessorImpl.java:45)
	at org.openqa.selenium.remote.http.W3CHttpResponseCodec.createException(W3CHttpResponseCodec.java:187)
	at org.openqa.selenium.remote.http.W3CHttpResponseCodec.decode(W3CHttpResponseCodec.java:122)
	at org.openqa.selenium.remote.http.W3CHttpResponseCodec.decode(W3CHttpResponseCodec.java:49)
	at org.openqa.selenium.remote.HttpCommandExecutor.execute(HttpCommandExecutor.java:158)
	at org.openqa.selenium.remote.service.DriverCommandExecutor.execute(DriverCommandExecutor.java:83)
	at org.openqa.selenium.remote.RemoteWebDriver.execute(RemoteWebDriver.java:552)
	at com.kms.katalon.selenium.driver.CChromeDriver.execute(CChromeDriver.java:19)
	at org.openqa.selenium.remote.RemoteWebElement.execute(RemoteWebElement.java:285)
	at org.openqa.selenium.remote.RemoteWebElement.click(RemoteWebElement.java:84)
	at jdk.internal.reflect.GeneratedMethodAccessor19.invoke(Unknown Source)
	at java.base/jdk.internal.reflect.DelegatingMethodAccessorImpl.invoke(DelegatingMethodAccessorImpl.java:43)
	at org.openqa.selenium.support.events.EventFiringWebDriver$EventFiringWebElement.lambda$new$0(EventFiringWebDriver.java:404)
	at jdk.proxy2/jdk.proxy2.$Proxy24.click(Unknown Source)
	at org.openqa.selenium.support.events.EventFiringWebDriver$EventFiringWebElement.click(EventFiringWebDriver.java:417)
	at org.openqa.selenium.WebElement$click.call(Unknown Source)
	at com.kms.katalon.core.webui.keyword.builtin.ClickKeyword.clickUntilSuccessWithTimeout(ClickKeyword.groovy:81)
	at com.kms.katalon.core.webui.keyword.builtin.ClickKeyword.clickUntilSuccessWithTimeout(ClickKeyword.groovy)
	at jdk.internal.reflect.GeneratedMethodAccessor17.invoke(Unknown Source)
	at java.base/jdk.internal.reflect.DelegatingMethodAccessorImpl.invoke(DelegatingMethodAccessorImpl.java:43)
	at com.kms.katalon.core.webui.keyword.builtin.ClickKeyword$_click_closure1.doCall(ClickKeyword.groovy:67)
	at com.kms.katalon.core.webui.keyword.builtin.ClickKeyword$_click_closure1.call(ClickKeyword.groovy)
	at com.kms.katalon.core.webui.keyword.internal.WebUIKeywordMain.runKeyword(WebUIKeywordMain.groovy:20)
	... 25 more


27-08-2024T23:04:49 - [TEST_STEP][FAILED] - demoPackage.MozartLogin.mozartLoginWithUser(): Unable to click on object 'Object Repository/MozartChrome/ChromeAdvance/ProccedLink'

27-08-2024T23:04:49 - [MESSAGE][WARNING] - A browser is already opened. Closing browser and opening a new one

27-08-2024T23:04:49 - [MESSAGE][INFO] - Starting 'Chrome' driver

27-08-2024T23:04:49 - [MESSAGE][INFO] - Action delay is set to 0 milliseconds

27-08-2024T23:04:50 - [MESSAGE][PASSED] - Browser is opened with url: ''

27-08-2024T23:04:56 - [MESSAGE][PASSED] - Navigate to 'https://accelyacomtest.accelya.local/MozartTest/AirlinesHub/Index' successfully

27-08-2024T23:04:56 - [MESSAGE][PASSED] - Current window maximized

27-08-2024T23:04:56 - [MESSAGE][PASSED] - Object: 'Object Repository/MozartChrome/ChromeAdvance/ClickOnAdvanceButton' is clicked on

27-08-2024T23:04:56 - [MESSAGE][FAILED] - Unable to click on object 'Object Repository/MozartChrome/ChromeAdvance/ProccedLink' (Root cause: com.kms.katalon.core.exception.StepFailedException: Unable to click on object 'Object Repository/MozartChrome/ChromeAdvance/ProccedLink'
	at com.kms.katalon.core.webui.keyword.internal.WebUIKeywordMain.stepFailed(WebUIKeywordMain.groovy:64)
	at com.kms.katalon.core.webui.keyword.internal.WebUIKeywordMain.runKeyword(WebUIKeywordMain.groovy:26)
	at com.kms.katalon.core.webui.keyword.builtin.ClickKeyword.click(ClickKeyword.groovy:74)
	at com.kms.katalon.core.webui.keyword.builtin.ClickKeyword.execute(ClickKeyword.groovy:40)
	at com.kms.katalon.core.keyword.internal.KeywordExecutor.executeKeywordForPlatform(KeywordExecutor.groovy:74)
	at com.kms.katalon.core.webui.keyword.WebUiBuiltInKeywords.click(WebUiBuiltInKeywords.groovy:659)
	at demoPackage.MozartLogin.mozartLoginWithUser(MozartLogin.groovy:65)
	at java.base/jdk.internal.reflect.NativeMethodAccessorImpl.invoke0(Native Method)
	at java.base/jdk.internal.reflect.NativeMethodAccessorImpl.invoke(NativeMethodAccessorImpl.java:77)
	at java.base/jdk.internal.reflect.DelegatingMethodAccessorImpl.invoke(DelegatingMethodAccessorImpl.java:43)
	at com.kms.katalon.core.main.CustomKeywordDelegatingMetaClass.invokeStaticMethod(CustomKeywordDelegatingMetaClass.java:55)
	at TC 4_MOZ_11445 Verify User Role other than the auditor or supervisor Access Levels for the Local Settlements Module.run(TC 4_MOZ_11445 Verify User Role other than the auditor or supervisor Access Levels for the Local Settlements Module:7)
	at com.kms.katalon.core.main.ScriptEngine.run(ScriptEngine.java:194)
	at com.kms.katalon.core.main.ScriptEngine.runScriptAsRawText(ScriptEngine.java:119)
	at com.kms.katalon.core.main.TestCaseExecutor.runScript(TestCaseExecutor.java:448)
	at com.kms.katalon.core.main.TestCaseExecutor.doExecute(TestCaseExecutor.java:439)
	at com.kms.katalon.core.main.TestCaseExecutor.processExecutionPhase(TestCaseExecutor.java:418)
	at com.kms.katalon.core.main.TestCaseExecutor.accessMainPhase(TestCaseExecutor.java:410)
	at com.kms.katalon.core.main.TestCaseExecutor.execute(TestCaseExecutor.java:285)
	at com.kms.katalon.core.common.CommonExecutor.accessTestCaseMainPhase(CommonExecutor.java:65)
	at com.kms.katalon.core.main.TestSuiteExecutor.accessTestSuiteMainPhase(TestSuiteExecutor.java:150)
	at com.kms.katalon.core.main.TestSuiteExecutor.execute(TestSuiteExecutor.java:106)
	at com.kms.katalon.core.main.TestCaseMain.startTestSuite(TestCaseMain.java:180)
	at TempTestSuite1724779058748.run(TempTestSuite1724779058748.groovy:35)
	at java.base/jdk.internal.reflect.NativeMethodAccessorImpl.invoke0(Native Method)
	at java.base/jdk.internal.reflect.NativeMethodAccessorImpl.invoke(NativeMethodAccessorImpl.java:77)
	at java.base/jdk.internal.reflect.DelegatingMethodAccessorImpl.invoke(DelegatingMethodAccessorImpl.java:43)
Caused by: org.openqa.selenium.ElementNotInteractableException: element not interactable
  (Session info: chrome=127.0.6533.122)
Build info: version: '3.141.59', revision: 'unknown', time: 'unknown'
System info: host: 'CCE0231', ip: '10.50.0.221', os.name: 'Windows 10', os.arch: 'amd64', os.version: '10.0', java.version: '17.0.7'
Driver info: com.kms.katalon.selenium.driver.CChromeDriver
Capabilities {acceptInsecureCerts: false, browserName: chrome, browserVersion: 127.0.6533.122, chrome: {chromedriverVersion: 127.0.6533.88 (a2d0cb026721..., userDataDir: C:\Users\RANJIT~1.VAD\AppDa...}, fedcm:accounts: true, goog:chromeOptions: {debuggerAddress: localhost:50090}, javascriptEnabled: true, networkConnectionEnabled: false, pageLoadStrategy: normal, platform: WINDOWS, platformName: WINDOWS, proxy: Proxy(), setWindowRect: true, strictFileInteractability: false, timeouts: {implicit: 0, pageLoad: 300000, script: 30000}, unhandledPromptBehavior: dismiss and notify, webauthn:extension:credBlob: true, webauthn:extension:largeBlob: true, webauthn:extension:minPinLength: true, webauthn:extension:prf: true, webauthn:virtualAuthenticators: true}
Session ID: cf562db610b2edf3e141407f83601744
	at java.base/jdk.internal.reflect.NativeConstructorAccessorImpl.newInstance0(Native Method)
	at java.base/jdk.internal.reflect.NativeConstructorAccessorImpl.newInstance(NativeConstructorAccessorImpl.java:77)
	at java.base/jdk.internal.reflect.DelegatingConstructorAccessorImpl.newInstance(DelegatingConstructorAccessorImpl.java:45)
	at org.openqa.selenium.remote.http.W3CHttpResponseCodec.createException(W3CHttpResponseCodec.java:187)
	at org.openqa.selenium.remote.http.W3CHttpResponseCodec.decode(W3CHttpResponseCodec.java:122)
	at org.openqa.selenium.remote.http.W3CHttpResponseCodec.decode(W3CHttpResponseCodec.java:49)
	at org.openqa.selenium.remote.HttpCommandExecutor.execute(HttpCommandExecutor.java:158)
	at org.openqa.selenium.remote.service.DriverCommandExecutor.execute(DriverCommandExecutor.java:83)
	at org.openqa.selenium.remote.RemoteWebDriver.execute(RemoteWebDriver.java:552)
	at com.kms.katalon.selenium.driver.CChromeDriver.execute(CChromeDriver.java:19)
	at org.openqa.selenium.remote.RemoteWebElement.execute(RemoteWebElement.java:285)
	at org.openqa.selenium.remote.RemoteWebElement.click(RemoteWebElement.java:84)
	at jdk.internal.reflect.GeneratedMethodAccessor19.invoke(Unknown Source)
	at java.base/jdk.internal.reflect.DelegatingMethodAccessorImpl.invoke(DelegatingMethodAccessorImpl.java:43)
	at org.openqa.selenium.support.events.EventFiringWebDriver$EventFiringWebElement.lambda$new$0(EventFiringWebDriver.java:404)
	at jdk.proxy2/jdk.proxy2.$Proxy24.click(Unknown Source)
	at org.openqa.selenium.support.events.EventFiringWebDriver$EventFiringWebElement.click(EventFiringWebDriver.java:417)
	at org.openqa.selenium.WebElement$click.call(Unknown Source)
	at com.kms.katalon.core.webui.keyword.builtin.ClickKeyword.clickUntilSuccessWithTimeout(ClickKeyword.groovy:81)
	at com.kms.katalon.core.webui.keyword.builtin.ClickKeyword.clickUntilSuccessWithTimeout(ClickKeyword.groovy)
	at jdk.internal.reflect.GeneratedMethodAccessor17.invoke(Unknown Source)
	at java.base/jdk.internal.reflect.DelegatingMethodAccessorImpl.invoke(DelegatingMethodAccessorImpl.java:43)
	at com.kms.katalon.core.webui.keyword.builtin.ClickKeyword$_click_closure1.doCall(ClickKeyword.groovy:67)
	at com.kms.katalon.core.webui.keyword.builtin.ClickKeyword$_click_closure1.call(ClickKeyword.groovy)
	at com.kms.katalon.core.webui.keyword.internal.WebUIKeywordMain.runKeyword(WebUIKeywordMain.groovy:20)
	at com.kms.katalon.core.webui.keyword.builtin.ClickKeyword.click(ClickKeyword.groovy:74)
	at com.kms.katalon.core.webui.keyword.builtin.ClickKeyword.execute(ClickKeyword.groovy:40)
	at com.kms.katalon.core.keyword.internal.KeywordExecutor.executeKeywordForPlatform(KeywordExecutor.groovy:74)
	at com.kms.katalon.core.webui.keyword.WebUiBuiltInKeywords.click(WebUiBuiltInKeywords.groovy:659)
	at demoPackage.MozartLogin.mozartLoginWithUser(MozartLogin.groovy:65)
	at java.base/jdk.internal.reflect.NativeMethodAccessorImpl.invoke0(Native Method)
	at java.base/jdk.internal.reflect.NativeMethodAccessorImpl.invoke(NativeMethodAccessorImpl.java:77)
	at java.base/jdk.internal.reflect.DelegatingMethodAccessorImpl.invoke(DelegatingMethodAccessorImpl.java:43)
	at com.kms.katalon.core.main.CustomKeywordDelegatingMetaClass.invokeStaticMethod(CustomKeywordDelegatingMetaClass.java:55)
	at Script1723012580756.run(Script1723012580756.groovy:7)
	... 15 more
)
[[ATTACHMENT|C:\\Users\\ranjit.vadar\\Katalon Studio\\Mozart Emirates\\Reports\\20240827_224738\\Suite MOZ-10510\\20240827_224738\\1724780096577.png]]

27-08-2024T23:04:56 - [MESSAGE][FAILED] - Unable to click on object 'Object Repository/MozartChrome/ChromeAdvance/ProccedLink']]></system-out>
         <system-err><![CDATA[27-08-2024T23:04:48 - [TEST_CASE][FAILED] - Test Cases/MOZ-10510/TC 4_MOZ_11445 Verify User Role other than the auditor or supervisor Access Levels for the Local Settlements Module: Test Cases/MOZ-10510/TC 4_MOZ_11445 Verify User Role other than the auditor or supervisor Access Levels for the Local Settlements Module FAILED.
Reason:
com.kms.katalon.core.exception.StepFailedException: Unable to click on object 'Object Repository/MozartChrome/ChromeAdvance/ProccedLink'
	at com.kms.katalon.core.webui.keyword.internal.WebUIKeywordMain.stepFailed(WebUIKeywordMain.groovy:64)
	at com.kms.katalon.core.webui.keyword.internal.WebUIKeywordMain.runKeyword(WebUIKeywordMain.groovy:26)
	at com.kms.katalon.core.webui.keyword.builtin.ClickKeyword.click(ClickKeyword.groovy:74)
	at com.kms.katalon.core.webui.keyword.builtin.ClickKeyword.execute(ClickKeyword.groovy:40)
	at com.kms.katalon.core.keyword.internal.KeywordExecutor.executeKeywordForPlatform(KeywordExecutor.groovy:74)
	at com.kms.katalon.core.webui.keyword.WebUiBuiltInKeywords.click(WebUiBuiltInKeywords.groovy:659)
	at demoPackage.MozartLogin.mozartLoginWithUser(MozartLogin.groovy:65)
	at java.base/jdk.internal.reflect.NativeMethodAccessorImpl.invoke0(Native Method)
	at java.base/jdk.internal.reflect.NativeMethodAccessorImpl.invoke(NativeMethodAccessorImpl.java:77)
	at java.base/jdk.internal.reflect.DelegatingMethodAccessorImpl.invoke(DelegatingMethodAccessorImpl.java:43)
	at com.kms.katalon.core.main.CustomKeywordDelegatingMetaClass.invokeStaticMethod(CustomKeywordDelegatingMetaClass.java:55)
	at TC 4_MOZ_11445 Verify User Role other than the auditor or supervisor Access Levels for the Local Settlements Module.run(TC 4_MOZ_11445 Verify User Role other than the auditor or supervisor Access Levels for the Local Settlements Module:7)
	at com.kms.katalon.core.main.ScriptEngine.run(ScriptEngine.java:194)
	at com.kms.katalon.core.main.ScriptEngine.runScriptAsRawText(ScriptEngine.java:119)
	at com.kms.katalon.core.main.TestCaseExecutor.runScript(TestCaseExecutor.java:448)
	at com.kms.katalon.core.main.TestCaseExecutor.doExecute(TestCaseExecutor.java:439)
	at com.kms.katalon.core.main.TestCaseExecutor.processExecutionPhase(TestCaseExecutor.java:418)
	at com.kms.katalon.core.main.TestCaseExecutor.accessMainPhase(TestCaseExecutor.java:410)
	at com.kms.katalon.core.main.TestCaseExecutor.execute(TestCaseExecutor.java:285)
	at com.kms.katalon.core.common.CommonExecutor.accessTestCaseMainPhase(CommonExecutor.java:65)
	at com.kms.katalon.core.main.TestSuiteExecutor.accessTestSuiteMainPhase(TestSuiteExecutor.java:150)
	at com.kms.katalon.core.main.TestSuiteExecutor.execute(TestSuiteExecutor.java:106)
	at com.kms.katalon.core.main.TestCaseMain.startTestSuite(TestCaseMain.java:180)
	at TempTestSuite1724779058748.run(TempTestSuite1724779058748.groovy:35)
	at java.base/jdk.internal.reflect.NativeMethodAccessorImpl.invoke0(Native Method)
	at java.base/jdk.internal.reflect.NativeMethodAccessorImpl.invoke(NativeMethodAccessorImpl.java:77)
	at java.base/jdk.internal.reflect.DelegatingMethodAccessorImpl.invoke(DelegatingMethodAccessorImpl.java:43)
Caused by: org.openqa.selenium.ElementNotInteractableException: element not interactable
  (Session info: chrome=127.0.6533.122)
Build info: version: '3.141.59', revision: 'unknown', time: 'unknown'
System info: host: 'CCE0231', ip: '10.50.0.221', os.name: 'Windows 10', os.arch: 'amd64', os.version: '10.0', java.version: '17.0.7'
Driver info: com.kms.katalon.selenium.driver.CChromeDriver
Capabilities {acceptInsecureCerts: false, browserName: chrome, browserVersion: 127.0.6533.122, chrome: {chromedriverVersion: 127.0.6533.88 (a2d0cb026721..., userDataDir: C:\Users\RANJIT~1.VAD\AppDa...}, fedcm:accounts: true, goog:chromeOptions: {debuggerAddress: localhost:50090}, javascriptEnabled: true, networkConnectionEnabled: false, pageLoadStrategy: normal, platform: WINDOWS, platformName: WINDOWS, proxy: Proxy(), setWindowRect: true, strictFileInteractability: false, timeouts: {implicit: 0, pageLoad: 300000, script: 30000}, unhandledPromptBehavior: dismiss and notify, webauthn:extension:credBlob: true, webauthn:extension:largeBlob: true, webauthn:extension:minPinLength: true, webauthn:extension:prf: true, webauthn:virtualAuthenticators: true}
Session ID: cf562db610b2edf3e141407f83601744
	at java.base/jdk.internal.reflect.NativeConstructorAccessorImpl.newInstance0(Native Method)
	at java.base/jdk.internal.reflect.NativeConstructorAccessorImpl.newInstance(NativeConstructorAccessorImpl.java:77)
	at java.base/jdk.internal.reflect.DelegatingConstructorAccessorImpl.newInstance(DelegatingConstructorAccessorImpl.java:45)
	at org.openqa.selenium.remote.http.W3CHttpResponseCodec.createException(W3CHttpResponseCodec.java:187)
	at org.openqa.selenium.remote.http.W3CHttpResponseCodec.decode(W3CHttpResponseCodec.java:122)
	at org.openqa.selenium.remote.http.W3CHttpResponseCodec.decode(W3CHttpResponseCodec.java:49)
	at org.openqa.selenium.remote.HttpCommandExecutor.execute(HttpCommandExecutor.java:158)
	at org.openqa.selenium.remote.service.DriverCommandExecutor.execute(DriverCommandExecutor.java:83)
	at org.openqa.selenium.remote.RemoteWebDriver.execute(RemoteWebDriver.java:552)
	at com.kms.katalon.selenium.driver.CChromeDriver.execute(CChromeDriver.java:19)
	at org.openqa.selenium.remote.RemoteWebElement.execute(RemoteWebElement.java:285)
	at org.openqa.selenium.remote.RemoteWebElement.click(RemoteWebElement.java:84)
	at jdk.internal.reflect.GeneratedMethodAccessor19.invoke(Unknown Source)
	at java.base/jdk.internal.reflect.DelegatingMethodAccessorImpl.invoke(DelegatingMethodAccessorImpl.java:43)
	at org.openqa.selenium.support.events.EventFiringWebDriver$EventFiringWebElement.lambda$new$0(EventFiringWebDriver.java:404)
	at jdk.proxy2/jdk.proxy2.$Proxy24.click(Unknown Source)
	at org.openqa.selenium.support.events.EventFiringWebDriver$EventFiringWebElement.click(EventFiringWebDriver.java:417)
	at org.openqa.selenium.WebElement$click.call(Unknown Source)
	at com.kms.katalon.core.webui.keyword.builtin.ClickKeyword.clickUntilSuccessWithTimeout(ClickKeyword.groovy:81)
	at com.kms.katalon.core.webui.keyword.builtin.ClickKeyword.clickUntilSuccessWithTimeout(ClickKeyword.groovy)
	at jdk.internal.reflect.GeneratedMethodAccessor17.invoke(Unknown Source)
	at java.base/jdk.internal.reflect.DelegatingMethodAccessorImpl.invoke(DelegatingMethodAccessorImpl.java:43)
	at com.kms.katalon.core.webui.keyword.builtin.ClickKeyword$_click_closure1.doCall(ClickKeyword.groovy:67)
	at com.kms.katalon.core.webui.keyword.builtin.ClickKeyword$_click_closure1.call(ClickKeyword.groovy)
	at com.kms.katalon.core.webui.keyword.internal.WebUIKeywordMain.runKeyword(WebUIKeywordMain.groovy:20)
	... 25 more]]></system-err>
      </testcase>
      <testcase name="Test Cases/MOZ-10510/TC 3_MOZ_11445 Verify User Role Auditor Access Levels for the Local Settlements Module" time="119.427" classname="Test Cases/MOZ-10510/TC 3_MOZ_11445 Verify User Role Auditor Access Levels for the Local Settlements Module" status="PASSED">
         <system-out><![CDATA[27-08-2024T23:04:56 - [TEST_CASE][PASSED] - Test Cases/MOZ-10510/TC 3_MOZ_11445 Verify User Role Auditor Access Levels for the Local Settlements Module: Test Cases/MOZ-10510/TC 3_MOZ_11445 Verify User Role Auditor Access Levels for the Local Settlements Module

27-08-2024T23:04:56 - [TEST_STEP][PASSED] - demoPackage.MozartLogin.mozartLoginWithUser(): demoPackage.MozartLogin.mozartLoginWithUser is PASSED

27-08-2024T23:04:56 - [MESSAGE][WARNING] - A browser is already opened. Closing browser and opening a new one

27-08-2024T23:04:57 - [MESSAGE][INFO] - Starting 'Chrome' driver

27-08-2024T23:04:57 - [MESSAGE][INFO] - Action delay is set to 0 milliseconds

27-08-2024T23:04:58 - [MESSAGE][PASSED] - Browser is opened with url: ''

27-08-2024T23:05:02 - [MESSAGE][PASSED] - Navigate to 'https://accelyacomtest.accelya.local/MozartTest/AirlinesHub/Index' successfully

27-08-2024T23:05:02 - [MESSAGE][PASSED] - Current window maximized

27-08-2024T23:05:02 - [MESSAGE][PASSED] - Object: 'Object Repository/MozartChrome/ChromeAdvance/ClickOnAdvanceButton' is clicked on

27-08-2024T23:05:48 - [MESSAGE][PASSED] - Object: 'Object Repository/MozartChrome/ChromeAdvance/ProccedLink' is clicked on

27-08-2024T23:05:49 - [MESSAGE][PASSED] - Text 'ranajitvadar' is set on object 'Object Repository/MozartChrome/Page_/input_Username_Login'

27-08-2024T23:05:49 - [MESSAGE][PASSED] - Object: 'Object Repository/MozartChrome/Page_/button_Next' is clicked on

27-08-2024T23:05:51 - [MESSAGE][PASSED] - Text 'Accelya.1' is set on object 'Object Repository/MozartChrome/Page_/input_Password_Password'

27-08-2024T23:05:51 - [MESSAGE][PASSED] - Object: 'Object Repository/MozartChrome/Page_/button_Sign in' is clicked on

27-08-2024T23:05:51 - [MESSAGE][PASSED] - demoPackage.MozartLogin.mozartLoginWithUser is PASSED

27-08-2024T23:05:51 - [TEST_STEP][PASSED] - delay(2): Delayed 2 second(s)

27-08-2024T23:05:53 - [MESSAGE][PASSED] - Delayed 2 second(s)

27-08-2024T23:05:53 - [TEST_STEP][PASSED] - click(findTestObject("EK_Objects/Page_Mozart - Dashboard/a_Refunds")): Object: 'Object Repository/EK_Objects/Page_Mozart - Dashboard/a_Refunds' is clicked on

27-08-2024T23:06:55 - [MESSAGE][PASSED] - Object: 'Object Repository/EK_Objects/Page_Mozart - Dashboard/a_Refunds' is clicked on

27-08-2024T23:06:55 - [TEST_STEP][PASSED] - checkForSupervisor = verifyElementPresent(findTestObject("EK_Objects/Page_Mozart - Dashboard/Click_On_Local_Settlements"), 2): Object 'Object Repository/EK_Objects/Page_Mozart - Dashboard/Click_On_Local_Settlements' is present

27-08-2024T23:06:55 - [MESSAGE][PASSED] - Object 'Object Repository/EK_Objects/Page_Mozart - Dashboard/Click_On_Local_Settlements' is present

27-08-2024T23:06:55 - [TEST_STEP][PASSED] - println(checkForSupervisor): null

27-08-2024T23:06:55 - [TEST_STEP][PASSED] - assert checkForSupervisor: null

27-08-2024T23:06:55 - [TEST_STEP][PASSED] - closeBrowser(): Browser is closed

27-08-2024T23:06:56 - [MESSAGE][PASSED] - Browser is closed]]></system-out>
         <system-err><![CDATA[]]></system-err>
      </testcase>
      <testcase name="Test Cases/MOZ-10510/TC 2_MOZ_11445 Verify User Role Supervisor Access Levels for the Local Settlements Module" time="47.388" classname="Test Cases/MOZ-10510/TC 2_MOZ_11445 Verify User Role Supervisor Access Levels for the Local Settlements Module" status="PASSED">
         <system-out><![CDATA[27-08-2024T23:06:56 - [TEST_CASE][PASSED] - Test Cases/MOZ-10510/TC 2_MOZ_11445 Verify User Role Supervisor Access Levels for the Local Settlements Module: Test Cases/MOZ-10510/TC 2_MOZ_11445 Verify User Role Supervisor Access Levels for the Local Settlements Module

27-08-2024T23:06:56 - [TEST_STEP][PASSED] - demoPackage.MozartLogin.mozartLoginWithUser(): demoPackage.MozartLogin.mozartLoginWithUser is PASSED

27-08-2024T23:06:56 - [MESSAGE][INFO] - Starting 'Chrome' driver

27-08-2024T23:06:56 - [MESSAGE][INFO] - Action delay is set to 0 milliseconds

27-08-2024T23:06:57 - [MESSAGE][PASSED] - Browser is opened with url: ''

27-08-2024T23:06:58 - [MESSAGE][PASSED] - Navigate to 'https://accelyacomtest.accelya.local/MozartTest/AirlinesHub/Index' successfully

27-08-2024T23:06:58 - [MESSAGE][PASSED] - Current window maximized

27-08-2024T23:06:58 - [MESSAGE][PASSED] - Object: 'Object Repository/MozartChrome/ChromeAdvance/ClickOnAdvanceButton' is clicked on

27-08-2024T23:07:16 - [MESSAGE][PASSED] - Object: 'Object Repository/MozartChrome/ChromeAdvance/ProccedLink' is clicked on

27-08-2024T23:07:17 - [MESSAGE][PASSED] - Text 'ranajitvadar' is set on object 'Object Repository/MozartChrome/Page_/input_Username_Login'

27-08-2024T23:07:17 - [MESSAGE][PASSED] - Object: 'Object Repository/MozartChrome/Page_/button_Next' is clicked on

27-08-2024T23:07:21 - [MESSAGE][PASSED] - Text 'Accelya.1' is set on object 'Object Repository/MozartChrome/Page_/input_Password_Password'

27-08-2024T23:07:21 - [MESSAGE][PASSED] - Object: 'Object Repository/MozartChrome/Page_/button_Sign in' is clicked on

27-08-2024T23:07:21 - [MESSAGE][PASSED] - demoPackage.MozartLogin.mozartLoginWithUser is PASSED

27-08-2024T23:07:21 - [TEST_STEP][PASSED] - click(findTestObject("EK_Objects/Page_Mozart - Dashboard/a_Refunds")): Object: 'Object Repository/EK_Objects/Page_Mozart - Dashboard/a_Refunds' is clicked on

27-08-2024T23:07:42 - [MESSAGE][PASSED] - Object: 'Object Repository/EK_Objects/Page_Mozart - Dashboard/a_Refunds' is clicked on

27-08-2024T23:07:42 - [TEST_STEP][PASSED] - checkForAuditor = verifyElementPresent(findTestObject("EK_Objects/Page_Mozart - Dashboard/Click_On_Local_Settlements"), 2): Object 'Object Repository/EK_Objects/Page_Mozart - Dashboard/Click_On_Local_Settlements' is present

27-08-2024T23:07:43 - [MESSAGE][PASSED] - Object 'Object Repository/EK_Objects/Page_Mozart - Dashboard/Click_On_Local_Settlements' is present

27-08-2024T23:07:43 - [TEST_STEP][PASSED] - println(checkForAuditor): null

27-08-2024T23:07:43 - [TEST_STEP][PASSED] - assert checkForAuditor: null

27-08-2024T23:07:43 - [TEST_STEP][PASSED] - closeBrowser(): Browser is closed

27-08-2024T23:07:43 - [MESSAGE][PASSED] - Browser is closed]]></system-out>
         <system-err><![CDATA[]]></system-err>
      </testcase>
      <testcase name="Test Cases/MOZ-10510/TC 1_MOZ_11444 Verify Creation of the Local Settlements Module in Mozart" time="53.661" classname="Test Cases/MOZ-10510/TC 1_MOZ_11444 Verify Creation of the Local Settlements Module in Mozart" status="ERROR">
         <error type="ERROR" message="Test Cases/MOZ-10510/TC 1_MOZ_11444 Verify Creation of the Local Settlements Module in Mozart FAILED.&#xa;Reason:&#xa;org.codehaus.groovy.runtime.InvokerInvocationException: java.lang.AssertionError: The following asserts failed:&#xa;	amount fail expected [true] but found [false]&#xa;	at com.kms.katalon.core.main.CustomKeywordDelegatingMetaClass.invokeStaticMethod(CustomKeywordDelegatingMetaClass.java:55)&#xa;	at TC 1_MOZ_11444 Verify Creation of the Local Settlements Module in Mozart.run(TC 1_MOZ_11444 Verify Creation of the Local Settlements Module in Mozart:28)&#xa;	at com.kms.katalon.core.main.ScriptEngine.run(ScriptEngine.java:194)&#xa;	at com.kms.katalon.core.main.ScriptEngine.runScriptAsRawText(ScriptEngine.java:119)&#xa;	at com.kms.katalon.core.main.TestCaseExecutor.runScript(TestCaseExecutor.java:448)&#xa;	at com.kms.katalon.core.main.TestCaseExecutor.doExecute(TestCaseExecutor.java:439)&#xa;	at com.kms.katalon.core.main.TestCaseExecutor.processExecutionPhase(TestCaseExecutor.java:418)&#xa;	at com.kms.katalon.core.main.TestCaseExecutor.accessMainPhase(TestCaseExecutor.java:410)&#xa;	at com.kms.katalon.core.main.TestCaseExecutor.execute(TestCaseExecutor.java:285)&#xa;	at com.kms.katalon.core.common.CommonExecutor.accessTestCaseMainPhase(CommonExecutor.java:65)&#xa;	at com.kms.katalon.core.main.TestSuiteExecutor.accessTestSuiteMainPhase(TestSuiteExecutor.java:150)&#xa;	at com.kms.katalon.core.main.TestSuiteExecutor.execute(TestSuiteExecutor.java:106)&#xa;	at com.kms.katalon.core.main.TestCaseMain.startTestSuite(TestCaseMain.java:180)&#xa;	at TempTestSuite1724779058748.run(TempTestSuite1724779058748.groovy:35)&#xa;	at java.base/jdk.internal.reflect.NativeMethodAccessorImpl.invoke0(Native Method)&#xa;	at java.base/jdk.internal.reflect.NativeMethodAccessorImpl.invoke(NativeMethodAccessorImpl.java:77)&#xa;	at java.base/jdk.internal.reflect.DelegatingMethodAccessorImpl.invoke(DelegatingMethodAccessorImpl.java:43)&#xa;Caused by: java.lang.AssertionError: The following asserts failed:&#xa;	amount fail expected [true] but found [false]&#xa;	at org.testng.asserts.SoftAssert.assertAll(SoftAssert.java:46)&#xa;	at org.testng.asserts.SoftAssert.assertAll(SoftAssert.java:30)&#xa;	at utilityClass.CustomSoftAssert.assertAll(CustomSoftAssert.groovy:44)&#xa;	at java.base/jdk.internal.reflect.NativeMethodAccessorImpl.invoke0(Native Method)&#xa;	at java.base/jdk.internal.reflect.NativeMethodAccessorImpl.invoke(NativeMethodAccessorImpl.java:77)&#xa;	at java.base/jdk.internal.reflect.DelegatingMethodAccessorImpl.invoke(DelegatingMethodAccessorImpl.java:43)&#xa;	... 17 more&#xa;"/>
         <system-out><![CDATA[27-08-2024T23:07:43 - [TEST_CASE][ERROR] - Test Cases/MOZ-10510/TC 1_MOZ_11444 Verify Creation of the Local Settlements Module in Mozart: Test Cases/MOZ-10510/TC 1_MOZ_11444 Verify Creation of the Local Settlements Module in Mozart FAILED.
Reason:
org.codehaus.groovy.runtime.InvokerInvocationException: java.lang.AssertionError: The following asserts failed:
	amount fail expected [true] but found [false]
	at com.kms.katalon.core.main.CustomKeywordDelegatingMetaClass.invokeStaticMethod(CustomKeywordDelegatingMetaClass.java:55)
	at TC 1_MOZ_11444 Verify Creation of the Local Settlements Module in Mozart.run(TC 1_MOZ_11444 Verify Creation of the Local Settlements Module in Mozart:28)
	at com.kms.katalon.core.main.ScriptEngine.run(ScriptEngine.java:194)
	at com.kms.katalon.core.main.ScriptEngine.runScriptAsRawText(ScriptEngine.java:119)
	at com.kms.katalon.core.main.TestCaseExecutor.runScript(TestCaseExecutor.java:448)
	at com.kms.katalon.core.main.TestCaseExecutor.doExecute(TestCaseExecutor.java:439)
	at com.kms.katalon.core.main.TestCaseExecutor.processExecutionPhase(TestCaseExecutor.java:418)
	at com.kms.katalon.core.main.TestCaseExecutor.accessMainPhase(TestCaseExecutor.java:410)
	at com.kms.katalon.core.main.TestCaseExecutor.execute(TestCaseExecutor.java:285)
	at com.kms.katalon.core.common.CommonExecutor.accessTestCaseMainPhase(CommonExecutor.java:65)
	at com.kms.katalon.core.main.TestSuiteExecutor.accessTestSuiteMainPhase(TestSuiteExecutor.java:150)
	at com.kms.katalon.core.main.TestSuiteExecutor.execute(TestSuiteExecutor.java:106)
	at com.kms.katalon.core.main.TestCaseMain.startTestSuite(TestCaseMain.java:180)
	at TempTestSuite1724779058748.run(TempTestSuite1724779058748.groovy:35)
	at java.base/jdk.internal.reflect.NativeMethodAccessorImpl.invoke0(Native Method)
	at java.base/jdk.internal.reflect.NativeMethodAccessorImpl.invoke(NativeMethodAccessorImpl.java:77)
	at java.base/jdk.internal.reflect.DelegatingMethodAccessorImpl.invoke(DelegatingMethodAccessorImpl.java:43)
Caused by: java.lang.AssertionError: The following asserts failed:
	amount fail expected [true] but found [false]
	at org.testng.asserts.SoftAssert.assertAll(SoftAssert.java:46)
	at org.testng.asserts.SoftAssert.assertAll(SoftAssert.java:30)
	at utilityClass.CustomSoftAssert.assertAll(CustomSoftAssert.groovy:44)
	at java.base/jdk.internal.reflect.NativeMethodAccessorImpl.invoke0(Native Method)
	at java.base/jdk.internal.reflect.NativeMethodAccessorImpl.invoke(NativeMethodAccessorImpl.java:77)
	at java.base/jdk.internal.reflect.DelegatingMethodAccessorImpl.invoke(DelegatingMethodAccessorImpl.java:43)
	... 17 more


27-08-2024T23:07:43 - [TEST_STEP][PASSED] - demoPackage.MozartLogin.mozartLoginWithUser(): demoPackage.MozartLogin.mozartLoginWithUser is PASSED

27-08-2024T23:07:43 - [MESSAGE][INFO] - Starting 'Chrome' driver

27-08-2024T23:07:43 - [MESSAGE][INFO] - Action delay is set to 0 milliseconds

27-08-2024T23:07:45 - [MESSAGE][PASSED] - Browser is opened with url: ''

27-08-2024T23:07:47 - [MESSAGE][PASSED] - Navigate to 'https://accelyacomtest.accelya.local/MozartTest/AirlinesHub/Index' successfully

27-08-2024T23:07:47 - [MESSAGE][PASSED] - Current window maximized

27-08-2024T23:07:48 - [MESSAGE][PASSED] - Object: 'Object Repository/MozartChrome/ChromeAdvance/ClickOnAdvanceButton' is clicked on

27-08-2024T23:08:10 - [MESSAGE][PASSED] - Object: 'Object Repository/MozartChrome/ChromeAdvance/ProccedLink' is clicked on

27-08-2024T23:08:10 - [MESSAGE][PASSED] - Text 'ranajitvadar' is set on object 'Object Repository/MozartChrome/Page_/input_Username_Login'

27-08-2024T23:08:11 - [MESSAGE][PASSED] - Object: 'Object Repository/MozartChrome/Page_/button_Next' is clicked on

27-08-2024T23:08:12 - [MESSAGE][PASSED] - Text 'Accelya.1' is set on object 'Object Repository/MozartChrome/Page_/input_Password_Password'

27-08-2024T23:08:12 - [MESSAGE][PASSED] - Object: 'Object Repository/MozartChrome/Page_/button_Sign in' is clicked on

27-08-2024T23:08:12 - [MESSAGE][PASSED] - demoPackage.MozartLogin.mozartLoginWithUser is PASSED

27-08-2024T23:08:12 - [TEST_STEP][PASSED] - click(findTestObject("EK_Objects/Page_Mozart - Dashboard/a_Refunds")): Object: 'Object Repository/EK_Objects/Page_Mozart - Dashboard/a_Refunds' is clicked on

27-08-2024T23:08:36 - [MESSAGE][PASSED] - Object: 'Object Repository/EK_Objects/Page_Mozart - Dashboard/a_Refunds' is clicked on

27-08-2024T23:08:36 - [TEST_STEP][PASSED] - val = verifyElementPresent(findTestObject("EK_Objects/Page_Mozart - Dashboard/Click_On_Local_Settlements"), 2): Object 'Object Repository/EK_Objects/Page_Mozart - Dashboard/Click_On_Local_Settlements' is present

27-08-2024T23:08:37 - [MESSAGE][PASSED] - Object 'Object Repository/EK_Objects/Page_Mozart - Dashboard/Click_On_Local_Settlements' is present

27-08-2024T23:08:37 - [TEST_STEP][PASSED] - println(val): null

27-08-2024T23:08:37 - [TEST_STEP][PASSED] - utilityClass.CustomSoftAssert.assertTrue(val, "Local settlement module is not present"): utilityClass.CustomSoftAssert.assertTrue is PASSED

27-08-2024T23:08:37 - [MESSAGE][PASSED] - utilityClass.CustomSoftAssert.assertTrue is PASSED

27-08-2024T23:08:37 - [TEST_STEP][FAILED] - utilityClass.CustomSoftAssert.assertAll(): Test Cases/MOZ-10510/TC 1_MOZ_11444 Verify Creation of the Local Settlements Module in Mozart FAILED.
Reason:
java.lang.AssertionError: The following asserts failed:
	amount fail expected [true] but found [false]
	at org.testng.asserts.SoftAssert.assertAll(SoftAssert.java:46)
	at org.testng.asserts.SoftAssert.assertAll(SoftAssert.java:30)
	at utilityClass.CustomSoftAssert.assertAll(CustomSoftAssert.groovy:44)
	at java.base/jdk.internal.reflect.NativeMethodAccessorImpl.invoke0(Native Method)
	at java.base/jdk.internal.reflect.NativeMethodAccessorImpl.invoke(NativeMethodAccessorImpl.java:77)
	at java.base/jdk.internal.reflect.DelegatingMethodAccessorImpl.invoke(DelegatingMethodAccessorImpl.java:43)
	at com.kms.katalon.core.main.CustomKeywordDelegatingMetaClass.invokeStaticMethod(CustomKeywordDelegatingMetaClass.java:55)
	at TC 1_MOZ_11444 Verify Creation of the Local Settlements Module in Mozart.run(TC 1_MOZ_11444 Verify Creation of the Local Settlements Module in Mozart:28)
	at com.kms.katalon.core.main.ScriptEngine.run(ScriptEngine.java:194)
	at com.kms.katalon.core.main.ScriptEngine.runScriptAsRawText(ScriptEngine.java:119)
	at com.kms.katalon.core.main.TestCaseExecutor.runScript(TestCaseExecutor.java:448)
	at com.kms.katalon.core.main.TestCaseExecutor.doExecute(TestCaseExecutor.java:439)
	at com.kms.katalon.core.main.TestCaseExecutor.processExecutionPhase(TestCaseExecutor.java:418)
	at com.kms.katalon.core.main.TestCaseExecutor.accessMainPhase(TestCaseExecutor.java:410)
	at com.kms.katalon.core.main.TestCaseExecutor.execute(TestCaseExecutor.java:285)
	at com.kms.katalon.core.common.CommonExecutor.accessTestCaseMainPhase(CommonExecutor.java:65)
	at com.kms.katalon.core.main.TestSuiteExecutor.accessTestSuiteMainPhase(TestSuiteExecutor.java:150)
	at com.kms.katalon.core.main.TestSuiteExecutor.execute(TestSuiteExecutor.java:106)
	at com.kms.katalon.core.main.TestCaseMain.startTestSuite(TestCaseMain.java:180)
	at TempTestSuite1724779058748.run(TempTestSuite1724779058748.groovy:35)
	at java.base/jdk.internal.reflect.NativeMethodAccessorImpl.invoke0(Native Method)
	at java.base/jdk.internal.reflect.NativeMethodAccessorImpl.invoke(NativeMethodAccessorImpl.java:77)
	at java.base/jdk.internal.reflect.DelegatingMethodAccessorImpl.invoke(DelegatingMethodAccessorImpl.java:43)


27-08-2024T23:08:37 - [MESSAGE][FAILED] - java.lang.AssertionError: The following asserts failed:
	amount fail expected [true] but found [false]

27-08-2024T23:08:37 - [MESSAGE][FAILED] - Test Cases/MOZ-10510/TC 1_MOZ_11444 Verify Creation of the Local Settlements Module in Mozart FAILED.
Reason:
java.lang.AssertionError: The following asserts failed:
	amount fail expected [true] but found [false]
	at org.testng.asserts.SoftAssert.assertAll(SoftAssert.java:46)
	at org.testng.asserts.SoftAssert.assertAll(SoftAssert.java:30)
	at utilityClass.CustomSoftAssert.assertAll(CustomSoftAssert.groovy:44)
	at java.base/jdk.internal.reflect.NativeMethodAccessorImpl.invoke0(Native Method)
	at java.base/jdk.internal.reflect.NativeMethodAccessorImpl.invoke(NativeMethodAccessorImpl.java:77)
	at java.base/jdk.internal.reflect.DelegatingMethodAccessorImpl.invoke(DelegatingMethodAccessorImpl.java:43)
	at com.kms.katalon.core.main.CustomKeywordDelegatingMetaClass.invokeStaticMethod(CustomKeywordDelegatingMetaClass.java:55)
	at TC 1_MOZ_11444 Verify Creation of the Local Settlements Module in Mozart.run(TC 1_MOZ_11444 Verify Creation of the Local Settlements Module in Mozart:28)
	at com.kms.katalon.core.main.ScriptEngine.run(ScriptEngine.java:194)
	at com.kms.katalon.core.main.ScriptEngine.runScriptAsRawText(ScriptEngine.java:119)
	at com.kms.katalon.core.main.TestCaseExecutor.runScript(TestCaseExecutor.java:448)
	at com.kms.katalon.core.main.TestCaseExecutor.doExecute(TestCaseExecutor.java:439)
	at com.kms.katalon.core.main.TestCaseExecutor.processExecutionPhase(TestCaseExecutor.java:418)
	at com.kms.katalon.core.main.TestCaseExecutor.accessMainPhase(TestCaseExecutor.java:410)
	at com.kms.katalon.core.main.TestCaseExecutor.execute(TestCaseExecutor.java:285)
	at com.kms.katalon.core.common.CommonExecutor.accessTestCaseMainPhase(CommonExecutor.java:65)
	at com.kms.katalon.core.main.TestSuiteExecutor.accessTestSuiteMainPhase(TestSuiteExecutor.java:150)
	at com.kms.katalon.core.main.TestSuiteExecutor.execute(TestSuiteExecutor.java:106)
	at com.kms.katalon.core.main.TestCaseMain.startTestSuite(TestCaseMain.java:180)
	at TempTestSuite1724779058748.run(TempTestSuite1724779058748.groovy:35)
	at java.base/jdk.internal.reflect.NativeMethodAccessorImpl.invoke0(Native Method)
	at java.base/jdk.internal.reflect.NativeMethodAccessorImpl.invoke(NativeMethodAccessorImpl.java:77)
	at java.base/jdk.internal.reflect.DelegatingMethodAccessorImpl.invoke(DelegatingMethodAccessorImpl.java:43)]]></system-out>
         <system-err><![CDATA[27-08-2024T23:07:43 - [TEST_CASE][ERROR] - Test Cases/MOZ-10510/TC 1_MOZ_11444 Verify Creation of the Local Settlements Module in Mozart: Test Cases/MOZ-10510/TC 1_MOZ_11444 Verify Creation of the Local Settlements Module in Mozart FAILED.
Reason:
org.codehaus.groovy.runtime.InvokerInvocationException: java.lang.AssertionError: The following asserts failed:
	amount fail expected [true] but found [false]
	at com.kms.katalon.core.main.CustomKeywordDelegatingMetaClass.invokeStaticMethod(CustomKeywordDelegatingMetaClass.java:55)
	at TC 1_MOZ_11444 Verify Creation of the Local Settlements Module in Mozart.run(TC 1_MOZ_11444 Verify Creation of the Local Settlements Module in Mozart:28)
	at com.kms.katalon.core.main.ScriptEngine.run(ScriptEngine.java:194)
	at com.kms.katalon.core.main.ScriptEngine.runScriptAsRawText(ScriptEngine.java:119)
	at com.kms.katalon.core.main.TestCaseExecutor.runScript(TestCaseExecutor.java:448)
	at com.kms.katalon.core.main.TestCaseExecutor.doExecute(TestCaseExecutor.java:439)
	at com.kms.katalon.core.main.TestCaseExecutor.processExecutionPhase(TestCaseExecutor.java:418)
	at com.kms.katalon.core.main.TestCaseExecutor.accessMainPhase(TestCaseExecutor.java:410)
	at com.kms.katalon.core.main.TestCaseExecutor.execute(TestCaseExecutor.java:285)
	at com.kms.katalon.core.common.CommonExecutor.accessTestCaseMainPhase(CommonExecutor.java:65)
	at com.kms.katalon.core.main.TestSuiteExecutor.accessTestSuiteMainPhase(TestSuiteExecutor.java:150)
	at com.kms.katalon.core.main.TestSuiteExecutor.execute(TestSuiteExecutor.java:106)
	at com.kms.katalon.core.main.TestCaseMain.startTestSuite(TestCaseMain.java:180)
	at TempTestSuite1724779058748.run(TempTestSuite1724779058748.groovy:35)
	at java.base/jdk.internal.reflect.NativeMethodAccessorImpl.invoke0(Native Method)
	at java.base/jdk.internal.reflect.NativeMethodAccessorImpl.invoke(NativeMethodAccessorImpl.java:77)
	at java.base/jdk.internal.reflect.DelegatingMethodAccessorImpl.invoke(DelegatingMethodAccessorImpl.java:43)
Caused by: java.lang.AssertionError: The following asserts failed:
	amount fail expected [true] but found [false]
	at org.testng.asserts.SoftAssert.assertAll(SoftAssert.java:46)
	at org.testng.asserts.SoftAssert.assertAll(SoftAssert.java:30)
	at utilityClass.CustomSoftAssert.assertAll(CustomSoftAssert.groovy:44)
	at java.base/jdk.internal.reflect.NativeMethodAccessorImpl.invoke0(Native Method)
	at java.base/jdk.internal.reflect.NativeMethodAccessorImpl.invoke(NativeMethodAccessorImpl.java:77)
	at java.base/jdk.internal.reflect.DelegatingMethodAccessorImpl.invoke(DelegatingMethodAccessorImpl.java:43)
	... 17 more]]></system-err>
      </testcase>
      <system-out><![CDATA[27-08-2024T22:47:48 - [TEST_SUITE][ERROR] - Suite MOZ-10510: Test Cases/MOZ-10510/TC10_MOZ_11451 Display of Refundable Amount and FOP in the Grid FAILED.
Reason:
org.codehaus.groovy.runtime.InvokerInvocationException: java.lang.AssertionError: The following asserts failed:
	amount fail expected [true] but found [false]
	at com.kms.katalon.core.main.CustomKeywordDelegatingMetaClass.invokeStaticMethod(CustomKeywordDelegatingMetaClass.java:55)
	at TC10_MOZ_11451 Display of Refundable Amount and FOP in the Grid.run(TC10_MOZ_11451 Display of Refundable Amount and FOP in the Grid:60)
	at com.kms.katalon.core.main.ScriptEngine.run(ScriptEngine.java:194)
	at com.kms.katalon.core.main.ScriptEngine.runScriptAsRawText(ScriptEngine.java:119)
	at com.kms.katalon.core.main.TestCaseExecutor.runScript(TestCaseExecutor.java:448)
	at com.kms.katalon.core.main.TestCaseExecutor.doExecute(TestCaseExecutor.java:439)
	at com.kms.katalon.core.main.TestCaseExecutor.processExecutionPhase(TestCaseExecutor.java:418)
	at com.kms.katalon.core.main.TestCaseExecutor.accessMainPhase(TestCaseExecutor.java:410)
	at com.kms.katalon.core.main.TestCaseExecutor.execute(TestCaseExecutor.java:285)
	at com.kms.katalon.core.common.CommonExecutor.accessTestCaseMainPhase(CommonExecutor.java:65)
	at com.kms.katalon.core.main.TestSuiteExecutor.accessTestSuiteMainPhase(TestSuiteExecutor.java:150)
	at com.kms.katalon.core.main.TestSuiteExecutor.execute(TestSuiteExecutor.java:106)
	at com.kms.katalon.core.main.TestCaseMain.startTestSuite(TestCaseMain.java:180)
	at TempTestSuite1724779058748.run(TempTestSuite1724779058748.groovy:35)
	at java.base/jdk.internal.reflect.NativeMethodAccessorImpl.invoke0(Native Method)
	at java.base/jdk.internal.reflect.NativeMethodAccessorImpl.invoke(NativeMethodAccessorImpl.java:77)
	at java.base/jdk.internal.reflect.DelegatingMethodAccessorImpl.invoke(DelegatingMethodAccessorImpl.java:43)
Caused by: java.lang.AssertionError: The following asserts failed:
	amount fail expected [true] but found [false]
	at org.testng.asserts.SoftAssert.assertAll(SoftAssert.java:46)
	at org.testng.asserts.SoftAssert.assertAll(SoftAssert.java:30)
	at utilityClass.CustomSoftAssert.assertAll(CustomSoftAssert.groovy:44)
	at java.base/jdk.internal.reflect.NativeMethodAccessorImpl.invoke0(Native Method)
	at java.base/jdk.internal.reflect.NativeMethodAccessorImpl.invoke(NativeMethodAccessorImpl.java:77)
	at java.base/jdk.internal.reflect.DelegatingMethodAccessorImpl.invoke(DelegatingMethodAccessorImpl.java:43)
	... 17 more]]></system-out>
      <system-err><![CDATA[27-08-2024T22:47:48 - [TEST_SUITE][ERROR] - Suite MOZ-10510: Test Cases/MOZ-10510/TC10_MOZ_11451 Display of Refundable Amount and FOP in the Grid FAILED.
Reason:
org.codehaus.groovy.runtime.InvokerInvocationException: java.lang.AssertionError: The following asserts failed:
	amount fail expected [true] but found [false]
	at com.kms.katalon.core.main.CustomKeywordDelegatingMetaClass.invokeStaticMethod(CustomKeywordDelegatingMetaClass.java:55)
	at TC10_MOZ_11451 Display of Refundable Amount and FOP in the Grid.run(TC10_MOZ_11451 Display of Refundable Amount and FOP in the Grid:60)
	at com.kms.katalon.core.main.ScriptEngine.run(ScriptEngine.java:194)
	at com.kms.katalon.core.main.ScriptEngine.runScriptAsRawText(ScriptEngine.java:119)
	at com.kms.katalon.core.main.TestCaseExecutor.runScript(TestCaseExecutor.java:448)
	at com.kms.katalon.core.main.TestCaseExecutor.doExecute(TestCaseExecutor.java:439)
	at com.kms.katalon.core.main.TestCaseExecutor.processExecutionPhase(TestCaseExecutor.java:418)
	at com.kms.katalon.core.main.TestCaseExecutor.accessMainPhase(TestCaseExecutor.java:410)
	at com.kms.katalon.core.main.TestCaseExecutor.execute(TestCaseExecutor.java:285)
	at com.kms.katalon.core.common.CommonExecutor.accessTestCaseMainPhase(CommonExecutor.java:65)
	at com.kms.katalon.core.main.TestSuiteExecutor.accessTestSuiteMainPhase(TestSuiteExecutor.java:150)
	at com.kms.katalon.core.main.TestSuiteExecutor.execute(TestSuiteExecutor.java:106)
	at com.kms.katalon.core.main.TestCaseMain.startTestSuite(TestCaseMain.java:180)
	at TempTestSuite1724779058748.run(TempTestSuite1724779058748.groovy:35)
	at java.base/jdk.internal.reflect.NativeMethodAccessorImpl.invoke0(Native Method)
	at java.base/jdk.internal.reflect.NativeMethodAccessorImpl.invoke(NativeMethodAccessorImpl.java:77)
	at java.base/jdk.internal.reflect.DelegatingMethodAccessorImpl.invoke(DelegatingMethodAccessorImpl.java:43)
Caused by: java.lang.AssertionError: The following asserts failed:
	amount fail expected [true] but found [false]
	at org.testng.asserts.SoftAssert.assertAll(SoftAssert.java:46)
	at org.testng.asserts.SoftAssert.assertAll(SoftAssert.java:30)
	at utilityClass.CustomSoftAssert.assertAll(CustomSoftAssert.groovy:44)
	at java.base/jdk.internal.reflect.NativeMethodAccessorImpl.invoke0(Native Method)
	at java.base/jdk.internal.reflect.NativeMethodAccessorImpl.invoke(NativeMethodAccessorImpl.java:77)
	at java.base/jdk.internal.reflect.DelegatingMethodAccessorImpl.invoke(DelegatingMethodAccessorImpl.java:43)
	... 17 more]]></system-err>
   </testsuite>
</testsuites>
