<?xml version="1.0" encoding="UTF-8"?>
<testsuites name="Suite MOZ-11020" time="59.641" tests="5" failures="1" errors="0">
   <testsuite name="Suite MOZ-11020" tests="5" failures="1" errors="0" time="59.641" skipped="0" timestamp="20-10-2024T16:53:12" hostname="ranajit.vadar - CCE0231.accelya.local" id="Test Suites/Suite MOZ-11020">
      <properties>
         <property name="deviceName" value=""/>
         <property name="devicePlatform"/>
         <property name="logFolder" value="C:\\Users\\ranjit.vadar\\Katalon Studio\\Mozart Emirates\\Reports\\20241020_165042\\Suite MOZ-11020\\20241020_165050"/>
         <property name="logFiles" value="C:\\Users\\ranjit.vadar\\Katalon Studio\\Mozart Emirates\\Reports\\20241020_165042\\Suite MOZ-11020\\20241020_165050\\execution0.log"/>
         <property name="attachments" value=""/>
         <property name="hostName" value="ranajit.vadar - CCE0231.accelya.local"/>
         <property name="hostAddress" value="192.168.1.6"/>
         <property name="os" value="Windows 11 64bit"/>
         <property name="katalonVersion" value="9.5.0.217"/>
      </properties>
      <testcase name="Test Cases/MOZ-11020/TC 5_MOZ_11533 Verify linking after Refund Capture" time="7.202" classname="Test Cases/MOZ-11020/TC 5_MOZ_11533 Verify linking after Refund Capture" status="FAILED">
         <failure type="FAILED" message="Test Cases/MOZ-11020/TC 5_MOZ_11533 Verify linking after Refund Capture FAILED.&#xa;Reason:&#xa;com.kms.katalon.core.exception.StepFailedException: Unable to open browser with url: ''&#xa;	at com.kms.katalon.core.webui.keyword.internal.WebUIKeywordMain.stepFailed(WebUIKeywordMain.groovy:64)&#xa;	at com.kms.katalon.core.webui.keyword.internal.WebUIKeywordMain.runKeyword(WebUIKeywordMain.groovy:26)&#xa;	at com.kms.katalon.core.webui.keyword.builtin.OpenBrowserKeyword.openBrowser(OpenBrowserKeyword.groovy:81)&#xa;	at com.kms.katalon.core.webui.keyword.builtin.OpenBrowserKeyword.execute(OpenBrowserKeyword.groovy:67)&#xa;	at com.kms.katalon.core.keyword.internal.KeywordExecutor.executeKeywordForPlatform(KeywordExecutor.groovy:74)&#xa;	at com.kms.katalon.core.webui.keyword.WebUiBuiltInKeywords.openBrowser(WebUiBuiltInKeywords.groovy:64)&#xa;	at demoPackage.MozartLogin.LoginWithChromeForEK(MozartLogin.groovy:47)&#xa;	at java.base/jdk.internal.reflect.NativeMethodAccessorImpl.invoke0(Native Method)&#xa;	at java.base/jdk.internal.reflect.NativeMethodAccessorImpl.invoke(NativeMethodAccessorImpl.java:77)&#xa;	at java.base/jdk.internal.reflect.DelegatingMethodAccessorImpl.invoke(DelegatingMethodAccessorImpl.java:43)&#xa;	at com.kms.katalon.core.main.CustomKeywordDelegatingMetaClass.invokeStaticMethod(CustomKeywordDelegatingMetaClass.java:55)&#xa;	at TC 5_MOZ_11533 Verify linking after Refund Capture.run(TC 5_MOZ_11533 Verify linking after Refund Capture:22)&#xa;	at com.kms.katalon.core.main.ScriptEngine.run(ScriptEngine.java:194)&#xa;	at com.kms.katalon.core.main.ScriptEngine.runScriptAsRawText(ScriptEngine.java:119)&#xa;	at com.kms.katalon.core.main.TestCaseExecutor.runScript(TestCaseExecutor.java:448)&#xa;	at com.kms.katalon.core.main.TestCaseExecutor.doExecute(TestCaseExecutor.java:439)&#xa;	at com.kms.katalon.core.main.TestCaseExecutor.processExecutionPhase(TestCaseExecutor.java:418)&#xa;	at com.kms.katalon.core.main.TestCaseExecutor.accessMainPhase(TestCaseExecutor.java:410)&#xa;	at com.kms.katalon.core.main.TestCaseExecutor.execute(TestCaseExecutor.java:285)&#xa;	at com.kms.katalon.core.common.CommonExecutor.accessTestCaseMainPhase(CommonExecutor.java:65)&#xa;	at com.kms.katalon.core.main.TestSuiteExecutor.accessTestSuiteMainPhase(TestSuiteExecutor.java:150)&#xa;	at com.kms.katalon.core.main.TestSuiteExecutor.execute(TestSuiteExecutor.java:106)&#xa;	at com.kms.katalon.core.main.TestCaseMain.startTestSuite(TestCaseMain.java:180)&#xa;	at TempTestSuite1729423250202.run(TempTestSuite1729423250202.groovy:35)&#xa;	at java.base/jdk.internal.reflect.NativeMethodAccessorImpl.invoke0(Native Method)&#xa;	at java.base/jdk.internal.reflect.NativeMethodAccessorImpl.invoke(NativeMethodAccessorImpl.java:77)&#xa;	at java.base/jdk.internal.reflect.DelegatingMethodAccessorImpl.invoke(DelegatingMethodAccessorImpl.java:43)&#xa;Caused by: org.openqa.selenium.SessionNotCreatedException: session not created: This version of ChromeDriver only supports Chrome version 128&#xa;Current browser version is 130.0.6723.58 with binary path C:\Program Files\Google\Chrome\Application\chrome.exe&#xa;Build info: version: '3.141.59', revision: 'unknown', time: 'unknown'&#xa;System info: host: 'CCE0231', ip: '192.168.1.6', os.name: 'Windows 11', os.arch: 'amd64', os.version: '10.0', java.version: '17.0.7'&#xa;Driver info: driver.version: CChromeDriver&#xa;remote stacktrace: 	GetHandleVerifier [0x00007FF7D681B5D2+29090]&#xa;	(No symbol) [0x00007FF7D678E689]&#xa;	(No symbol) [0x00007FF7D664B1CA]&#xa;	(No symbol) [0x00007FF7D668D6B2]&#xa;	(No symbol) [0x00007FF7D668C751]&#xa;	(No symbol) [0x00007FF7D668729C]&#xa;	(No symbol) [0x00007FF7D6681E0A]&#xa;	(No symbol) [0x00007FF7D66D236D]&#xa;	(No symbol) [0x00007FF7D66D1A20]&#xa;	(No symbol) [0x00007FF7D66C6493]&#xa;	(No symbol) [0x00007FF7D66909B1]&#xa;	(No symbol) [0x00007FF7D6691B11]&#xa;	GetHandleVerifier [0x00007FF7D6B38C5D+3295277]&#xa;	GetHandleVerifier [0x00007FF7D6B84843+3605523]&#xa;	GetHandleVerifier [0x00007FF7D6B7A707+3564247]&#xa;	GetHandleVerifier [0x00007FF7D68D6EB6+797318]&#xa;	(No symbol) [0x00007FF7D679980F]&#xa;	(No symbol) [0x00007FF7D67953F4]&#xa;	(No symbol) [0x00007FF7D6795580]&#xa;	(No symbol) [0x00007FF7D6784A1F]&#xa;	BaseThreadInitThunk [0x00007FFFFF49257D+29]&#xa;	RtlUserThreadStart [0x00007FFFFFE2AF08+40]&#xa;&#xa;	at java.base/jdk.internal.reflect.NativeConstructorAccessorImpl.newInstance0(Native Method)&#xa;	at java.base/jdk.internal.reflect.NativeConstructorAccessorImpl.newInstance(NativeConstructorAccessorImpl.java:77)&#xa;	at java.base/jdk.internal.reflect.DelegatingConstructorAccessorImpl.newInstance(DelegatingConstructorAccessorImpl.java:45)&#xa;	at org.openqa.selenium.remote.W3CHandshakeResponse.lambda$errorHandler$0(W3CHandshakeResponse.java:62)&#xa;	at org.openqa.selenium.remote.HandshakeResponse.lambda$getResponseFunction$0(HandshakeResponse.java:30)&#xa;	at org.openqa.selenium.remote.ProtocolHandshake.lambda$createSession$0(ProtocolHandshake.java:126)&#xa;	at org.openqa.selenium.remote.ProtocolHandshake.createSession(ProtocolHandshake.java:128)&#xa;	at org.openqa.selenium.remote.ProtocolHandshake.createSession(ProtocolHandshake.java:74)&#xa;	at org.openqa.selenium.remote.HttpCommandExecutor.execute(HttpCommandExecutor.java:136)&#xa;	at org.openqa.selenium.remote.service.DriverCommandExecutor.execute(DriverCommandExecutor.java:83)&#xa;	at org.openqa.selenium.remote.RemoteWebDriver.execute(RemoteWebDriver.java:552)&#xa;	at com.kms.katalon.selenium.driver.CChromeDriver.execute(CChromeDriver.java:19)&#xa;	at org.openqa.selenium.remote.RemoteWebDriver.startSession(RemoteWebDriver.java:213)&#xa;	at org.openqa.selenium.remote.RemoteWebDriver.&lt;init>(RemoteWebDriver.java:131)&#xa;	at org.openqa.selenium.chrome.ChromeDriver.&lt;init>(ChromeDriver.java:181)&#xa;	at org.openqa.selenium.chrome.ChromeDriver.&lt;init>(ChromeDriver.java:147)&#xa;	at com.kms.katalon.selenium.driver.CChromeDriver.&lt;init>(CChromeDriver.java:13)&#xa;	at com.kms.katalon.core.webui.driver.DriverFactory.createNewChromeDriver(DriverFactory.java:449)&#xa;	at com.kms.katalon.core.webui.driver.DriverFactory.startNewBrowser(DriverFactory.java:382)&#xa;	at com.kms.katalon.core.webui.driver.DriverFactory.openWebDriver(DriverFactory.java:271)&#xa;	at com.kms.katalon.core.webui.keyword.builtin.OpenBrowserKeyword$_openBrowser_closure1.doCall(OpenBrowserKeyword.groovy:74)&#xa;	at com.kms.katalon.core.webui.keyword.builtin.OpenBrowserKeyword$_openBrowser_closure1.call(OpenBrowserKeyword.groovy)&#xa;	at com.kms.katalon.core.webui.keyword.internal.WebUIKeywordMain.runKeyword(WebUIKeywordMain.groovy:20)&#xa;	... 25 more&#xa;"/>
         <system-out><![CDATA[20-10-2024T16:53:13 - [TEST_CASE][FAILED] - Test Cases/MOZ-11020/TC 5_MOZ_11533 Verify linking after Refund Capture: Test Cases/MOZ-11020/TC 5_MOZ_11533 Verify linking after Refund Capture FAILED.
Reason:
com.kms.katalon.core.exception.StepFailedException: Unable to open browser with url: ''
	at com.kms.katalon.core.webui.keyword.internal.WebUIKeywordMain.stepFailed(WebUIKeywordMain.groovy:64)
	at com.kms.katalon.core.webui.keyword.internal.WebUIKeywordMain.runKeyword(WebUIKeywordMain.groovy:26)
	at com.kms.katalon.core.webui.keyword.builtin.OpenBrowserKeyword.openBrowser(OpenBrowserKeyword.groovy:81)
	at com.kms.katalon.core.webui.keyword.builtin.OpenBrowserKeyword.execute(OpenBrowserKeyword.groovy:67)
	at com.kms.katalon.core.keyword.internal.KeywordExecutor.executeKeywordForPlatform(KeywordExecutor.groovy:74)
	at com.kms.katalon.core.webui.keyword.WebUiBuiltInKeywords.openBrowser(WebUiBuiltInKeywords.groovy:64)
	at demoPackage.MozartLogin.LoginWithChromeForEK(MozartLogin.groovy:47)
	at java.base/jdk.internal.reflect.NativeMethodAccessorImpl.invoke0(Native Method)
	at java.base/jdk.internal.reflect.NativeMethodAccessorImpl.invoke(NativeMethodAccessorImpl.java:77)
	at java.base/jdk.internal.reflect.DelegatingMethodAccessorImpl.invoke(DelegatingMethodAccessorImpl.java:43)
	at com.kms.katalon.core.main.CustomKeywordDelegatingMetaClass.invokeStaticMethod(CustomKeywordDelegatingMetaClass.java:55)
	at TC 5_MOZ_11533 Verify linking after Refund Capture.run(TC 5_MOZ_11533 Verify linking after Refund Capture:22)
	at com.kms.katalon.core.main.ScriptEngine.run(ScriptEngine.java:194)
	at com.kms.katalon.core.main.ScriptEngine.runScriptAsRawText(ScriptEngine.java:119)
	at com.kms.katalon.core.main.TestCaseExecutor.runScript(TestCaseExecutor.java:448)
	at com.kms.katalon.core.main.TestCaseExecutor.doExecute(TestCaseExecutor.java:439)
	at com.kms.katalon.core.main.TestCaseExecutor.processExecutionPhase(TestCaseExecutor.java:418)
	at com.kms.katalon.core.main.TestCaseExecutor.accessMainPhase(TestCaseExecutor.java:410)
	at com.kms.katalon.core.main.TestCaseExecutor.execute(TestCaseExecutor.java:285)
	at com.kms.katalon.core.common.CommonExecutor.accessTestCaseMainPhase(CommonExecutor.java:65)
	at com.kms.katalon.core.main.TestSuiteExecutor.accessTestSuiteMainPhase(TestSuiteExecutor.java:150)
	at com.kms.katalon.core.main.TestSuiteExecutor.execute(TestSuiteExecutor.java:106)
	at com.kms.katalon.core.main.TestCaseMain.startTestSuite(TestCaseMain.java:180)
	at TempTestSuite1729423250202.run(TempTestSuite1729423250202.groovy:35)
	at java.base/jdk.internal.reflect.NativeMethodAccessorImpl.invoke0(Native Method)
	at java.base/jdk.internal.reflect.NativeMethodAccessorImpl.invoke(NativeMethodAccessorImpl.java:77)
	at java.base/jdk.internal.reflect.DelegatingMethodAccessorImpl.invoke(DelegatingMethodAccessorImpl.java:43)
Caused by: org.openqa.selenium.SessionNotCreatedException: session not created: This version of ChromeDriver only supports Chrome version 128
Current browser version is 130.0.6723.58 with binary path C:\Program Files\Google\Chrome\Application\chrome.exe
Build info: version: '3.141.59', revision: 'unknown', time: 'unknown'
System info: host: 'CCE0231', ip: '192.168.1.6', os.name: 'Windows 11', os.arch: 'amd64', os.version: '10.0', java.version: '17.0.7'
Driver info: driver.version: CChromeDriver
remote stacktrace: 	GetHandleVerifier [0x00007FF7D681B5D2+29090]
	(No symbol) [0x00007FF7D678E689]
	(No symbol) [0x00007FF7D664B1CA]
	(No symbol) [0x00007FF7D668D6B2]
	(No symbol) [0x00007FF7D668C751]
	(No symbol) [0x00007FF7D668729C]
	(No symbol) [0x00007FF7D6681E0A]
	(No symbol) [0x00007FF7D66D236D]
	(No symbol) [0x00007FF7D66D1A20]
	(No symbol) [0x00007FF7D66C6493]
	(No symbol) [0x00007FF7D66909B1]
	(No symbol) [0x00007FF7D6691B11]
	GetHandleVerifier [0x00007FF7D6B38C5D+3295277]
	GetHandleVerifier [0x00007FF7D6B84843+3605523]
	GetHandleVerifier [0x00007FF7D6B7A707+3564247]
	GetHandleVerifier [0x00007FF7D68D6EB6+797318]
	(No symbol) [0x00007FF7D679980F]
	(No symbol) [0x00007FF7D67953F4]
	(No symbol) [0x00007FF7D6795580]
	(No symbol) [0x00007FF7D6784A1F]
	BaseThreadInitThunk [0x00007FFFFF49257D+29]
	RtlUserThreadStart [0x00007FFFFFE2AF08+40]

	at java.base/jdk.internal.reflect.NativeConstructorAccessorImpl.newInstance0(Native Method)
	at java.base/jdk.internal.reflect.NativeConstructorAccessorImpl.newInstance(NativeConstructorAccessorImpl.java:77)
	at java.base/jdk.internal.reflect.DelegatingConstructorAccessorImpl.newInstance(DelegatingConstructorAccessorImpl.java:45)
	at org.openqa.selenium.remote.W3CHandshakeResponse.lambda$errorHandler$0(W3CHandshakeResponse.java:62)
	at org.openqa.selenium.remote.HandshakeResponse.lambda$getResponseFunction$0(HandshakeResponse.java:30)
	at org.openqa.selenium.remote.ProtocolHandshake.lambda$createSession$0(ProtocolHandshake.java:126)
	at org.openqa.selenium.remote.ProtocolHandshake.createSession(ProtocolHandshake.java:128)
	at org.openqa.selenium.remote.ProtocolHandshake.createSession(ProtocolHandshake.java:74)
	at org.openqa.selenium.remote.HttpCommandExecutor.execute(HttpCommandExecutor.java:136)
	at org.openqa.selenium.remote.service.DriverCommandExecutor.execute(DriverCommandExecutor.java:83)
	at org.openqa.selenium.remote.RemoteWebDriver.execute(RemoteWebDriver.java:552)
	at com.kms.katalon.selenium.driver.CChromeDriver.execute(CChromeDriver.java:19)
	at org.openqa.selenium.remote.RemoteWebDriver.startSession(RemoteWebDriver.java:213)
	at org.openqa.selenium.remote.RemoteWebDriver.<init>(RemoteWebDriver.java:131)
	at org.openqa.selenium.chrome.ChromeDriver.<init>(ChromeDriver.java:181)
	at org.openqa.selenium.chrome.ChromeDriver.<init>(ChromeDriver.java:147)
	at com.kms.katalon.selenium.driver.CChromeDriver.<init>(CChromeDriver.java:13)
	at com.kms.katalon.core.webui.driver.DriverFactory.createNewChromeDriver(DriverFactory.java:449)
	at com.kms.katalon.core.webui.driver.DriverFactory.startNewBrowser(DriverFactory.java:382)
	at com.kms.katalon.core.webui.driver.DriverFactory.openWebDriver(DriverFactory.java:271)
	at com.kms.katalon.core.webui.keyword.builtin.OpenBrowserKeyword$_openBrowser_closure1.doCall(OpenBrowserKeyword.groovy:74)
	at com.kms.katalon.core.webui.keyword.builtin.OpenBrowserKeyword$_openBrowser_closure1.call(OpenBrowserKeyword.groovy)
	at com.kms.katalon.core.webui.keyword.internal.WebUIKeywordMain.runKeyword(WebUIKeywordMain.groovy:20)
	... 25 more


20-10-2024T16:53:14 - [TEST_STEP][FAILED] - demoPackage.MozartLogin.LoginWithChromeForEK(): Unable to open browser with url: ''

20-10-2024T16:53:15 - [MESSAGE][INFO] - Starting 'Chrome' driver

20-10-2024T16:53:15 - [MESSAGE][INFO] - Action delay is set to 0 milliseconds

20-10-2024T16:53:20 - [MESSAGE][FAILED] - Unable to open browser with url: '' (Root cause: com.kms.katalon.core.exception.StepFailedException: Unable to open browser with url: ''
	at com.kms.katalon.core.webui.keyword.internal.WebUIKeywordMain.stepFailed(WebUIKeywordMain.groovy:64)
	at com.kms.katalon.core.webui.keyword.internal.WebUIKeywordMain.runKeyword(WebUIKeywordMain.groovy:26)
	at com.kms.katalon.core.webui.keyword.builtin.OpenBrowserKeyword.openBrowser(OpenBrowserKeyword.groovy:81)
	at com.kms.katalon.core.webui.keyword.builtin.OpenBrowserKeyword.execute(OpenBrowserKeyword.groovy:67)
	at com.kms.katalon.core.keyword.internal.KeywordExecutor.executeKeywordForPlatform(KeywordExecutor.groovy:74)
	at com.kms.katalon.core.webui.keyword.WebUiBuiltInKeywords.openBrowser(WebUiBuiltInKeywords.groovy:64)
	at demoPackage.MozartLogin.LoginWithChromeForEK(MozartLogin.groovy:47)
	at java.base/jdk.internal.reflect.NativeMethodAccessorImpl.invoke0(Native Method)
	at java.base/jdk.internal.reflect.NativeMethodAccessorImpl.invoke(NativeMethodAccessorImpl.java:77)
	at java.base/jdk.internal.reflect.DelegatingMethodAccessorImpl.invoke(DelegatingMethodAccessorImpl.java:43)
	at com.kms.katalon.core.main.CustomKeywordDelegatingMetaClass.invokeStaticMethod(CustomKeywordDelegatingMetaClass.java:55)
	at TC 5_MOZ_11533 Verify linking after Refund Capture.run(TC 5_MOZ_11533 Verify linking after Refund Capture:22)
	at com.kms.katalon.core.main.ScriptEngine.run(ScriptEngine.java:194)
	at com.kms.katalon.core.main.ScriptEngine.runScriptAsRawText(ScriptEngine.java:119)
	at com.kms.katalon.core.main.TestCaseExecutor.runScript(TestCaseExecutor.java:448)
	at com.kms.katalon.core.main.TestCaseExecutor.doExecute(TestCaseExecutor.java:439)
	at com.kms.katalon.core.main.TestCaseExecutor.processExecutionPhase(TestCaseExecutor.java:418)
	at com.kms.katalon.core.main.TestCaseExecutor.accessMainPhase(TestCaseExecutor.java:410)
	at com.kms.katalon.core.main.TestCaseExecutor.execute(TestCaseExecutor.java:285)
	at com.kms.katalon.core.common.CommonExecutor.accessTestCaseMainPhase(CommonExecutor.java:65)
	at com.kms.katalon.core.main.TestSuiteExecutor.accessTestSuiteMainPhase(TestSuiteExecutor.java:150)
	at com.kms.katalon.core.main.TestSuiteExecutor.execute(TestSuiteExecutor.java:106)
	at com.kms.katalon.core.main.TestCaseMain.startTestSuite(TestCaseMain.java:180)
	at TempTestSuite1729423250202.run(TempTestSuite1729423250202.groovy:35)
	at java.base/jdk.internal.reflect.NativeMethodAccessorImpl.invoke0(Native Method)
	at java.base/jdk.internal.reflect.NativeMethodAccessorImpl.invoke(NativeMethodAccessorImpl.java:77)
	at java.base/jdk.internal.reflect.DelegatingMethodAccessorImpl.invoke(DelegatingMethodAccessorImpl.java:43)
Caused by: org.openqa.selenium.SessionNotCreatedException: session not created: This version of ChromeDriver only supports Chrome version 128
Current browser version is 130.0.6723.58 with binary path C:\Program Files\Google\Chrome\Application\chrome.exe
Build info: version: '3.141.59', revision: 'unknown', time: 'unknown'
System info: host: 'CCE0231', ip: '192.168.1.6', os.name: 'Windows 11', os.arch: 'amd64', os.version: '10.0', java.version: '17.0.7'
Driver info: driver.version: CChromeDriver
remote stacktrace: 	GetHandleVerifier [0x00007FF7D681B5D2+29090]
	(No symbol) [0x00007FF7D678E689]
	(No symbol) [0x00007FF7D664B1CA]
	(No symbol) [0x00007FF7D668D6B2]
	(No symbol) [0x00007FF7D668C751]
	(No symbol) [0x00007FF7D668729C]
	(No symbol) [0x00007FF7D6681E0A]
	(No symbol) [0x00007FF7D66D236D]
	(No symbol) [0x00007FF7D66D1A20]
	(No symbol) [0x00007FF7D66C6493]
	(No symbol) [0x00007FF7D66909B1]
	(No symbol) [0x00007FF7D6691B11]
	GetHandleVerifier [0x00007FF7D6B38C5D+3295277]
	GetHandleVerifier [0x00007FF7D6B84843+3605523]
	GetHandleVerifier [0x00007FF7D6B7A707+3564247]
	GetHandleVerifier [0x00007FF7D68D6EB6+797318]
	(No symbol) [0x00007FF7D679980F]
	(No symbol) [0x00007FF7D67953F4]
	(No symbol) [0x00007FF7D6795580]
	(No symbol) [0x00007FF7D6784A1F]
	BaseThreadInitThunk [0x00007FFFFF49257D+29]
	RtlUserThreadStart [0x00007FFFFFE2AF08+40]

	at java.base/jdk.internal.reflect.NativeConstructorAccessorImpl.newInstance0(Native Method)
	at java.base/jdk.internal.reflect.NativeConstructorAccessorImpl.newInstance(NativeConstructorAccessorImpl.java:77)
	at java.base/jdk.internal.reflect.DelegatingConstructorAccessorImpl.newInstance(DelegatingConstructorAccessorImpl.java:45)
	at org.openqa.selenium.remote.W3CHandshakeResponse.lambda$errorHandler$0(W3CHandshakeResponse.java:62)
	at org.openqa.selenium.remote.HandshakeResponse.lambda$getResponseFunction$0(HandshakeResponse.java:30)
	at org.openqa.selenium.remote.ProtocolHandshake.lambda$createSession$0(ProtocolHandshake.java:126)
	at org.openqa.selenium.remote.ProtocolHandshake.createSession(ProtocolHandshake.java:128)
	at org.openqa.selenium.remote.ProtocolHandshake.createSession(ProtocolHandshake.java:74)
	at org.openqa.selenium.remote.HttpCommandExecutor.execute(HttpCommandExecutor.java:136)
	at org.openqa.selenium.remote.service.DriverCommandExecutor.execute(DriverCommandExecutor.java:83)
	at org.openqa.selenium.remote.RemoteWebDriver.execute(RemoteWebDriver.java:552)
	at com.kms.katalon.selenium.driver.CChromeDriver.execute(CChromeDriver.java:19)
	at org.openqa.selenium.remote.RemoteWebDriver.startSession(RemoteWebDriver.java:213)
	at org.openqa.selenium.remote.RemoteWebDriver.<init>(RemoteWebDriver.java:131)
	at org.openqa.selenium.chrome.ChromeDriver.<init>(ChromeDriver.java:181)
	at org.openqa.selenium.chrome.ChromeDriver.<init>(ChromeDriver.java:147)
	at com.kms.katalon.selenium.driver.CChromeDriver.<init>(CChromeDriver.java:13)
	at com.kms.katalon.core.webui.driver.DriverFactory.createNewChromeDriver(DriverFactory.java:449)
	at com.kms.katalon.core.webui.driver.DriverFactory.startNewBrowser(DriverFactory.java:382)
	at com.kms.katalon.core.webui.driver.DriverFactory.openWebDriver(DriverFactory.java:271)
	at com.kms.katalon.core.webui.keyword.builtin.OpenBrowserKeyword$_openBrowser_closure1.doCall(OpenBrowserKeyword.groovy:74)
	at com.kms.katalon.core.webui.keyword.builtin.OpenBrowserKeyword$_openBrowser_closure1.call(OpenBrowserKeyword.groovy)
	at com.kms.katalon.core.webui.keyword.internal.WebUIKeywordMain.runKeyword(WebUIKeywordMain.groovy:20)
	at com.kms.katalon.core.webui.keyword.builtin.OpenBrowserKeyword.openBrowser(OpenBrowserKeyword.groovy:81)
	at com.kms.katalon.core.webui.keyword.builtin.OpenBrowserKeyword.execute(OpenBrowserKeyword.groovy:67)
	at com.kms.katalon.core.keyword.internal.KeywordExecutor.executeKeywordForPlatform(KeywordExecutor.groovy:74)
	at com.kms.katalon.core.webui.keyword.WebUiBuiltInKeywords.openBrowser(WebUiBuiltInKeywords.groovy:64)
	at demoPackage.MozartLogin.LoginWithChromeForEK(MozartLogin.groovy:47)
	at java.base/jdk.internal.reflect.NativeMethodAccessorImpl.invoke0(Native Method)
	at java.base/jdk.internal.reflect.NativeMethodAccessorImpl.invoke(NativeMethodAccessorImpl.java:77)
	at java.base/jdk.internal.reflect.DelegatingMethodAccessorImpl.invoke(DelegatingMethodAccessorImpl.java:43)
	at com.kms.katalon.core.main.CustomKeywordDelegatingMetaClass.invokeStaticMethod(CustomKeywordDelegatingMetaClass.java:55)
	at Script1724930327452.run(Script1724930327452.groovy:22)
	... 15 more
)

20-10-2024T16:53:20 - [MESSAGE][FAILED] - Unable to open browser with url: '']]></system-out>
         <system-err><![CDATA[20-10-2024T16:53:13 - [TEST_CASE][FAILED] - Test Cases/MOZ-11020/TC 5_MOZ_11533 Verify linking after Refund Capture: Test Cases/MOZ-11020/TC 5_MOZ_11533 Verify linking after Refund Capture FAILED.
Reason:
com.kms.katalon.core.exception.StepFailedException: Unable to open browser with url: ''
	at com.kms.katalon.core.webui.keyword.internal.WebUIKeywordMain.stepFailed(WebUIKeywordMain.groovy:64)
	at com.kms.katalon.core.webui.keyword.internal.WebUIKeywordMain.runKeyword(WebUIKeywordMain.groovy:26)
	at com.kms.katalon.core.webui.keyword.builtin.OpenBrowserKeyword.openBrowser(OpenBrowserKeyword.groovy:81)
	at com.kms.katalon.core.webui.keyword.builtin.OpenBrowserKeyword.execute(OpenBrowserKeyword.groovy:67)
	at com.kms.katalon.core.keyword.internal.KeywordExecutor.executeKeywordForPlatform(KeywordExecutor.groovy:74)
	at com.kms.katalon.core.webui.keyword.WebUiBuiltInKeywords.openBrowser(WebUiBuiltInKeywords.groovy:64)
	at demoPackage.MozartLogin.LoginWithChromeForEK(MozartLogin.groovy:47)
	at java.base/jdk.internal.reflect.NativeMethodAccessorImpl.invoke0(Native Method)
	at java.base/jdk.internal.reflect.NativeMethodAccessorImpl.invoke(NativeMethodAccessorImpl.java:77)
	at java.base/jdk.internal.reflect.DelegatingMethodAccessorImpl.invoke(DelegatingMethodAccessorImpl.java:43)
	at com.kms.katalon.core.main.CustomKeywordDelegatingMetaClass.invokeStaticMethod(CustomKeywordDelegatingMetaClass.java:55)
	at TC 5_MOZ_11533 Verify linking after Refund Capture.run(TC 5_MOZ_11533 Verify linking after Refund Capture:22)
	at com.kms.katalon.core.main.ScriptEngine.run(ScriptEngine.java:194)
	at com.kms.katalon.core.main.ScriptEngine.runScriptAsRawText(ScriptEngine.java:119)
	at com.kms.katalon.core.main.TestCaseExecutor.runScript(TestCaseExecutor.java:448)
	at com.kms.katalon.core.main.TestCaseExecutor.doExecute(TestCaseExecutor.java:439)
	at com.kms.katalon.core.main.TestCaseExecutor.processExecutionPhase(TestCaseExecutor.java:418)
	at com.kms.katalon.core.main.TestCaseExecutor.accessMainPhase(TestCaseExecutor.java:410)
	at com.kms.katalon.core.main.TestCaseExecutor.execute(TestCaseExecutor.java:285)
	at com.kms.katalon.core.common.CommonExecutor.accessTestCaseMainPhase(CommonExecutor.java:65)
	at com.kms.katalon.core.main.TestSuiteExecutor.accessTestSuiteMainPhase(TestSuiteExecutor.java:150)
	at com.kms.katalon.core.main.TestSuiteExecutor.execute(TestSuiteExecutor.java:106)
	at com.kms.katalon.core.main.TestCaseMain.startTestSuite(TestCaseMain.java:180)
	at TempTestSuite1729423250202.run(TempTestSuite1729423250202.groovy:35)
	at java.base/jdk.internal.reflect.NativeMethodAccessorImpl.invoke0(Native Method)
	at java.base/jdk.internal.reflect.NativeMethodAccessorImpl.invoke(NativeMethodAccessorImpl.java:77)
	at java.base/jdk.internal.reflect.DelegatingMethodAccessorImpl.invoke(DelegatingMethodAccessorImpl.java:43)
Caused by: org.openqa.selenium.SessionNotCreatedException: session not created: This version of ChromeDriver only supports Chrome version 128
Current browser version is 130.0.6723.58 with binary path C:\Program Files\Google\Chrome\Application\chrome.exe
Build info: version: '3.141.59', revision: 'unknown', time: 'unknown'
System info: host: 'CCE0231', ip: '192.168.1.6', os.name: 'Windows 11', os.arch: 'amd64', os.version: '10.0', java.version: '17.0.7'
Driver info: driver.version: CChromeDriver
remote stacktrace: 	GetHandleVerifier [0x00007FF7D681B5D2+29090]
	(No symbol) [0x00007FF7D678E689]
	(No symbol) [0x00007FF7D664B1CA]
	(No symbol) [0x00007FF7D668D6B2]
	(No symbol) [0x00007FF7D668C751]
	(No symbol) [0x00007FF7D668729C]
	(No symbol) [0x00007FF7D6681E0A]
	(No symbol) [0x00007FF7D66D236D]
	(No symbol) [0x00007FF7D66D1A20]
	(No symbol) [0x00007FF7D66C6493]
	(No symbol) [0x00007FF7D66909B1]
	(No symbol) [0x00007FF7D6691B11]
	GetHandleVerifier [0x00007FF7D6B38C5D+3295277]
	GetHandleVerifier [0x00007FF7D6B84843+3605523]
	GetHandleVerifier [0x00007FF7D6B7A707+3564247]
	GetHandleVerifier [0x00007FF7D68D6EB6+797318]
	(No symbol) [0x00007FF7D679980F]
	(No symbol) [0x00007FF7D67953F4]
	(No symbol) [0x00007FF7D6795580]
	(No symbol) [0x00007FF7D6784A1F]
	BaseThreadInitThunk [0x00007FFFFF49257D+29]
	RtlUserThreadStart [0x00007FFFFFE2AF08+40]

	at java.base/jdk.internal.reflect.NativeConstructorAccessorImpl.newInstance0(Native Method)
	at java.base/jdk.internal.reflect.NativeConstructorAccessorImpl.newInstance(NativeConstructorAccessorImpl.java:77)
	at java.base/jdk.internal.reflect.DelegatingConstructorAccessorImpl.newInstance(DelegatingConstructorAccessorImpl.java:45)
	at org.openqa.selenium.remote.W3CHandshakeResponse.lambda$errorHandler$0(W3CHandshakeResponse.java:62)
	at org.openqa.selenium.remote.HandshakeResponse.lambda$getResponseFunction$0(HandshakeResponse.java:30)
	at org.openqa.selenium.remote.ProtocolHandshake.lambda$createSession$0(ProtocolHandshake.java:126)
	at org.openqa.selenium.remote.ProtocolHandshake.createSession(ProtocolHandshake.java:128)
	at org.openqa.selenium.remote.ProtocolHandshake.createSession(ProtocolHandshake.java:74)
	at org.openqa.selenium.remote.HttpCommandExecutor.execute(HttpCommandExecutor.java:136)
	at org.openqa.selenium.remote.service.DriverCommandExecutor.execute(DriverCommandExecutor.java:83)
	at org.openqa.selenium.remote.RemoteWebDriver.execute(RemoteWebDriver.java:552)
	at com.kms.katalon.selenium.driver.CChromeDriver.execute(CChromeDriver.java:19)
	at org.openqa.selenium.remote.RemoteWebDriver.startSession(RemoteWebDriver.java:213)
	at org.openqa.selenium.remote.RemoteWebDriver.<init>(RemoteWebDriver.java:131)
	at org.openqa.selenium.chrome.ChromeDriver.<init>(ChromeDriver.java:181)
	at org.openqa.selenium.chrome.ChromeDriver.<init>(ChromeDriver.java:147)
	at com.kms.katalon.selenium.driver.CChromeDriver.<init>(CChromeDriver.java:13)
	at com.kms.katalon.core.webui.driver.DriverFactory.createNewChromeDriver(DriverFactory.java:449)
	at com.kms.katalon.core.webui.driver.DriverFactory.startNewBrowser(DriverFactory.java:382)
	at com.kms.katalon.core.webui.driver.DriverFactory.openWebDriver(DriverFactory.java:271)
	at com.kms.katalon.core.webui.keyword.builtin.OpenBrowserKeyword$_openBrowser_closure1.doCall(OpenBrowserKeyword.groovy:74)
	at com.kms.katalon.core.webui.keyword.builtin.OpenBrowserKeyword$_openBrowser_closure1.call(OpenBrowserKeyword.groovy)
	at com.kms.katalon.core.webui.keyword.internal.WebUIKeywordMain.runKeyword(WebUIKeywordMain.groovy:20)
	... 25 more]]></system-err>
      </testcase>
      <testcase name="Test Cases/MOZ-11020/TC 4_MOZ_11533 Verify linking after Json request" time="19.566" classname="Test Cases/MOZ-11020/TC 4_MOZ_11533 Verify linking after Json request" status="PASSED">
         <system-out><![CDATA[20-10-2024T16:53:20 - [TEST_CASE][PASSED] - Test Cases/MOZ-11020/TC 4_MOZ_11533 Verify linking after Json request: Test Cases/MOZ-11020/TC 4_MOZ_11533 Verify linking after Json request

20-10-2024T16:53:20 - [TEST_STEP][PASSED] - uniqueNumber = utilityClass.GenericMethods.UniqueNumberGenerator(): utilityClass.GenericMethods.UniqueNumberGenerator is PASSED

20-10-2024T16:53:21 - [MESSAGE][PASSED] - utilityClass.GenericMethods.UniqueNumberGenerator is PASSED

20-10-2024T16:53:21 - [TEST_STEP][PASSED] - demoPackage.UtilityDemo.requestNumber(): demoPackage.UtilityDemo.requestNumber is PASSED

20-10-2024T16:53:21 - [MESSAGE][PASSED] - demoPackage.UtilityDemo.requestNumber is PASSED

20-10-2024T16:53:21 - [TEST_STEP][PASSED] - apiRequests.apiConnection.runAuthToken(findTestObject("API/Demo API/Auth Token")): apiRequests.apiConnection.runAuthToken is PASSED

20-10-2024T16:53:27 - [MESSAGE][INFO] - HAR: C:\Users\ranjit.vadar\Katalon Studio\Mozart Emirates\Reports\20241020_165042\Suite MOZ-11020\20241020_165050\requests\main\0.har

20-10-2024T16:53:27 - [MESSAGE][PASSED] - Send request successfully

20-10-2024T16:53:27 - [MESSAGE][PASSED] - Verify response status code successfully

20-10-2024T16:53:28 - [MESSAGE][PASSED] - apiRequests.apiConnection.runAuthToken is PASSED

20-10-2024T16:53:28 - [TEST_STEP][PASSED] - pnrWaiverResponse = sendRequest(findTestObject("API/MOZ_11020_API/moz_11533_pnr_waiver_request")): Send request successfully

20-10-2024T16:53:28 - [MESSAGE][INFO] - HAR: C:\Users\ranjit.vadar\Katalon Studio\Mozart Emirates\Reports\20241020_165042\Suite MOZ-11020\20241020_165050\requests\main\1.har

20-10-2024T16:53:28 - [MESSAGE][PASSED] - Send request successfully

20-10-2024T16:53:28 - [TEST_STEP][PASSED] - verifyResponseStatusCode(pnrWaiverResponse, 200): Verify response status code successfully

20-10-2024T16:53:28 - [MESSAGE][PASSED] - Verify response status code successfully

20-10-2024T16:53:28 - [TEST_STEP][PASSED] - fullRefundResponse = sendRequest(findTestObject("API/MOZ_11020_API/moz_11533_full_refund-json")): Send request successfully

20-10-2024T16:53:29 - [MESSAGE][INFO] - HAR: C:\Users\ranjit.vadar\Katalon Studio\Mozart Emirates\Reports\20241020_165042\Suite MOZ-11020\20241020_165050\requests\main\2.har

20-10-2024T16:53:29 - [MESSAGE][PASSED] - Send request successfully

20-10-2024T16:53:29 - [TEST_STEP][PASSED] - verifyResponseStatusCode(fullRefundResponse, 200): Verify response status code successfully

20-10-2024T16:53:29 - [MESSAGE][PASSED] - Verify response status code successfully

20-10-2024T16:53:29 - [TEST_STEP][PASSED] - mozartRequestId = getElementPropertyValue(fullRefundResponse, "data[0].mozart_request_id"): null

20-10-2024T16:53:29 - [TEST_STEP][PASSED] - println("The mozart_request_id is: " + mozartRequestId): null

20-10-2024T16:53:29 - [TEST_STEP][PASSED] - mi_pnr_waiver_remarks = "select * from bdmozart.mi_pnr_waiver_remarks where remarkstext = '" + uniqueNumber + "'": null

20-10-2024T16:53:29 - [TEST_STEP][PASSED] - waiverId = database.DatabaseUtils.executeQuery(mi_pnr_waiver_remarks, "waiver_id", 1): database.DatabaseUtils.executeQuery is PASSED

20-10-2024T16:53:35 - [MESSAGE][PASSED] - database.DatabaseUtils.executeQuery is PASSED

20-10-2024T16:53:35 - [TEST_STEP][PASSED] - println("The Waiver_id is: " + waiverId): null

20-10-2024T16:53:35 - [TEST_STEP][PASSED] - md_rfnd_pnr_waivers = "select * from bdmozart.md_rfnd_pnr_waivers where idrequest = '" + mozartRequestId + "'" + " order by id desc" + " ": null

20-10-2024T16:53:35 - [TEST_STEP][PASSED] - waiverIdLinkedToRequestId = database.DatabaseUtils.executeQuery(md_rfnd_pnr_waivers, "idmipnrwaiver", 1): database.DatabaseUtils.executeQuery is PASSED

20-10-2024T16:53:39 - [MESSAGE][PASSED] - database.DatabaseUtils.executeQuery is PASSED

20-10-2024T16:53:39 - [TEST_STEP][PASSED] - verifyMatch(waiverIdLinkedToRequestId, waiverId, false): Actual text '109' and expected text '109' are matched 

20-10-2024T16:53:39 - [MESSAGE][PASSED] - Actual text '109' and expected text '109' are matched]]></system-out>
         <system-err><![CDATA[]]></system-err>
      </testcase>
      <testcase name="Test Cases/MOZ-11020/TC 3_MOZ_11335 Verify PNR Waiver Input WS available to all client airlines" time="5.324" classname="Test Cases/MOZ-11020/TC 3_MOZ_11335 Verify PNR Waiver Input WS available to all client airlines" status="PASSED">
         <system-out><![CDATA[20-10-2024T16:53:39 - [TEST_CASE][PASSED] - Test Cases/MOZ-11020/TC 3_MOZ_11335 Verify PNR Waiver Input WS available to all client airlines: Test Cases/MOZ-11020/TC 3_MOZ_11335 Verify PNR Waiver Input WS available to all client airlines

20-10-2024T16:53:40 - [TEST_STEP][PASSED] - PnrWaiverController_check = database.DBConnection.executeQuerys("mozart_emirates", "select * from bdmozart.mc_endpoints_exposed", "enabled", 7): database.DBConnection.executeQuerys is PASSED

20-10-2024T16:53:44 - [MESSAGE][PASSED] - database.DBConnection.executeQuerys is PASSED

20-10-2024T16:53:44 - [TEST_STEP][PASSED] - apiRequests.apiConnection.runAuthToken(findTestObject("API/Demo API/Auth Token")): apiRequests.apiConnection.runAuthToken is PASSED

20-10-2024T16:53:44 - [MESSAGE][INFO] - HAR: C:\Users\ranjit.vadar\Katalon Studio\Mozart Emirates\Reports\20241020_165042\Suite MOZ-11020\20241020_165050\requests\main\3.har

20-10-2024T16:53:44 - [MESSAGE][PASSED] - Send request successfully

20-10-2024T16:53:44 - [MESSAGE][PASSED] - Verify response status code successfully

20-10-2024T16:53:44 - [MESSAGE][PASSED] - apiRequests.apiConnection.runAuthToken is PASSED

20-10-2024T16:53:44 - [TEST_STEP][PASSED] - response = sendRequest(findTestObject("API/MOZ_11020_API/pnr_waiver_request")): Send request successfully

20-10-2024T16:53:45 - [MESSAGE][INFO] - HAR: C:\Users\ranjit.vadar\Katalon Studio\Mozart Emirates\Reports\20241020_165042\Suite MOZ-11020\20241020_165050\requests\main\4.har

20-10-2024T16:53:45 - [MESSAGE][PASSED] - Send request successfully

20-10-2024T16:53:45 - [TEST_STEP][PASSED] - if (PnrWaiverController_check == "t"): Verify response status code successfully

20-10-2024T16:53:45 - [TEST_STEP][PASSED] - verifyResponseStatusCode(response, 200): Verify response status code successfully

20-10-2024T16:53:45 - [MESSAGE][PASSED] - Verify response status code successfully]]></system-out>
         <system-err><![CDATA[]]></system-err>
      </testcase>
      <testcase name="Test Cases/MOZ-11020/TC 2_MOZ-11334 Verify Inclusion of Waiver Effective and Expiry Dates in WS Response" time="1.198" classname="Test Cases/MOZ-11020/TC 2_MOZ-11334 Verify Inclusion of Waiver Effective and Expiry Dates in WS Response" status="PASSED">
         <system-out><![CDATA[20-10-2024T16:53:45 - [TEST_CASE][PASSED] - Test Cases/MOZ-11020/TC 2_MOZ-11334 Verify Inclusion of Waiver Effective and Expiry Dates in WS Response: Test Cases/MOZ-11020/TC 2_MOZ-11334 Verify Inclusion of Waiver Effective and Expiry Dates in WS Response

20-10-2024T16:53:45 - [TEST_STEP][PASSED] - apiRequests.apiConnection.runAuthToken(findTestObject("API/Demo API/Auth Token")): apiRequests.apiConnection.runAuthToken is PASSED

20-10-2024T16:53:45 - [MESSAGE][INFO] - HAR: C:\Users\ranjit.vadar\Katalon Studio\Mozart Emirates\Reports\20241020_165042\Suite MOZ-11020\20241020_165050\requests\main\5.har

20-10-2024T16:53:45 - [MESSAGE][PASSED] - Send request successfully

20-10-2024T16:53:45 - [MESSAGE][PASSED] - Verify response status code successfully

20-10-2024T16:53:45 - [MESSAGE][PASSED] - apiRequests.apiConnection.runAuthToken is PASSED

20-10-2024T16:53:45 - [TEST_STEP][PASSED] - response = sendRequest(findTestObject("API/MOZ_11020_API/pnr_waiver_request")): Send request successfully

20-10-2024T16:53:46 - [MESSAGE][INFO] - HAR: C:\Users\ranjit.vadar\Katalon Studio\Mozart Emirates\Reports\20241020_165042\Suite MOZ-11020\20241020_165050\requests\main\6.har

20-10-2024T16:53:46 - [MESSAGE][PASSED] - Send request successfully

20-10-2024T16:53:46 - [TEST_STEP][PASSED] - responseBody = response.getResponseText(): null

20-10-2024T16:53:46 - [TEST_STEP][PASSED] - println(JsonOutput.prettyPrint(responseBody)): null

20-10-2024T16:53:46 - [TEST_STEP][PASSED] - verifyResponseStatusCode(response, 200): Verify response status code successfully

20-10-2024T16:53:46 - [MESSAGE][PASSED] - Verify response status code successfully

20-10-2024T16:53:46 - [TEST_STEP][PASSED] - slurper = new groovy.json.JsonSlurper(): null

20-10-2024T16:53:46 - [TEST_STEP][PASSED] - jsonResponse = slurper.parseText(response.getResponseText()): null

20-10-2024T16:53:46 - [TEST_STEP][PASSED] - utilityClass.CustomSoftAssert.assertTrue(waiver_effective_date != null, "waiver_effective_date is missing in the response"): utilityClass.CustomSoftAssert.assertTrue is PASSED

20-10-2024T16:53:46 - [MESSAGE][PASSED] - utilityClass.CustomSoftAssert.assertTrue is PASSED

20-10-2024T16:53:46 - [TEST_STEP][PASSED] - utilityClass.CustomSoftAssert.assertTrue(waiver_expiry_date != null, "waiver_expiry_date is missing in the response"): utilityClass.CustomSoftAssert.assertTrue is PASSED

20-10-2024T16:53:46 - [MESSAGE][PASSED] - utilityClass.CustomSoftAssert.assertTrue is PASSED

20-10-2024T16:53:46 - [TEST_STEP][PASSED] - utilityClass.CustomSoftAssert.assertAll(): utilityClass.CustomSoftAssert.assertAll is PASSED

20-10-2024T16:53:46 - [MESSAGE][PASSED] - utilityClass.CustomSoftAssert.assertAll is PASSED]]></system-out>
         <system-err><![CDATA[]]></system-err>
      </testcase>
      <testcase name="Test Cases/MOZ-11020/TC 1_MOZ_11333 Verify Replacement of Internal Structure Table Names from MARS to PNR" time="25.224" classname="Test Cases/MOZ-11020/TC 1_MOZ_11333 Verify Replacement of Internal Structure Table Names from MARS to PNR" status="PASSED">
         <system-out><![CDATA[20-10-2024T16:53:46 - [TEST_CASE][PASSED] - Test Cases/MOZ-11020/TC 1_MOZ_11333 Verify Replacement of Internal Structure Table Names from MARS to PNR: Test Cases/MOZ-11020/TC 1_MOZ_11333 Verify Replacement of Internal Structure Table Names from MARS to PNR

20-10-2024T16:53:46 - [TEST_STEP][PASSED] - mi_pnr_waiver = database.DatabaseUtils.checkTableExists("mi_pnr_waiver"): database.DatabaseUtils.checkTableExists is PASSED

20-10-2024T16:53:52 - [MESSAGE][INFO] - Table mi_pnr_waiver exists.

20-10-2024T16:53:52 - [MESSAGE][PASSED] - database.DatabaseUtils.checkTableExists is PASSED

20-10-2024T16:53:52 - [TEST_STEP][PASSED] - utilityClass.CustomSoftAssert.assertTrue(mi_pnr_waiver, "The mi_pnr_waiver table should be available in the database."): utilityClass.CustomSoftAssert.assertTrue is PASSED

20-10-2024T16:53:52 - [MESSAGE][PASSED] - utilityClass.CustomSoftAssert.assertTrue is PASSED

20-10-2024T16:53:52 - [TEST_STEP][PASSED] - mi_pnr_waiver_remarks = database.DatabaseUtils.checkTableExists("mi_pnr_waiver_remarks"): database.DatabaseUtils.checkTableExists is PASSED

20-10-2024T16:53:57 - [MESSAGE][INFO] - Table mi_pnr_waiver_remarks exists.

20-10-2024T16:53:57 - [MESSAGE][PASSED] - database.DatabaseUtils.checkTableExists is PASSED

20-10-2024T16:53:57 - [TEST_STEP][PASSED] - utilityClass.CustomSoftAssert.assertTrue(mi_pnr_waiver_remarks, "The mi_pnr_waiver_remarks table should be available in the database."): utilityClass.CustomSoftAssert.assertTrue is PASSED

20-10-2024T16:53:57 - [MESSAGE][PASSED] - utilityClass.CustomSoftAssert.assertTrue is PASSED

20-10-2024T16:53:57 - [TEST_STEP][PASSED] - md_rfnd_pnr_waivers = database.DatabaseUtils.checkTableExists("md_rfnd_pnr_waivers"): database.DatabaseUtils.checkTableExists is PASSED

20-10-2024T16:54:02 - [MESSAGE][INFO] - Table md_rfnd_pnr_waivers exists.

20-10-2024T16:54:02 - [MESSAGE][PASSED] - database.DatabaseUtils.checkTableExists is PASSED

20-10-2024T16:54:02 - [TEST_STEP][PASSED] - utilityClass.CustomSoftAssert.assertTrue(md_rfnd_pnr_waivers, "The md_rfnd_pnr_waivers table should be available in the database."): utilityClass.CustomSoftAssert.assertTrue is PASSED

20-10-2024T16:54:02 - [MESSAGE][PASSED] - utilityClass.CustomSoftAssert.assertTrue is PASSED

20-10-2024T16:54:02 - [TEST_STEP][PASSED] - controller_name_column_row_value = database.DBConnection.SQL("select * from bdmozart.mc_endpoints_exposed where controller_name = 'PnrWaiverController'", "controller_name", 1): database.DBConnection.SQL is PASSED

20-10-2024T16:54:07 - [MESSAGE][PASSED] - database.DBConnection.SQL is PASSED

20-10-2024T16:54:07 - [TEST_STEP][PASSED] - utilityClass.CustomSoftAssert.assertEquals(controller_name_column_row_value, "PnrWaiverController", "Expected Column value is = PnrWaiverController"): utilityClass.CustomSoftAssert.assertEquals is PASSED

20-10-2024T16:54:07 - [MESSAGE][PASSED] - utilityClass.CustomSoftAssert.assertEquals is PASSED

20-10-2024T16:54:07 - [TEST_STEP][PASSED] - description_column_row_value = database.DBConnection.SQL("select * from bdmozart.mc_file_type where code = 'MWF'", "description", 1): database.DBConnection.SQL is PASSED

20-10-2024T16:54:11 - [MESSAGE][PASSED] - database.DBConnection.SQL is PASSED

20-10-2024T16:54:11 - [TEST_STEP][PASSED] - utilityClass.CustomSoftAssert.assertEquals(description_column_row_value, "Pnr Waiver File", "Expected Column value is = Pnr Waiver File"): utilityClass.CustomSoftAssert.assertEquals is PASSED

20-10-2024T16:54:11 - [MESSAGE][PASSED] - utilityClass.CustomSoftAssert.assertEquals is PASSED

20-10-2024T16:54:11 - [TEST_STEP][PASSED] - utilityClass.CustomSoftAssert.assertAll(): utilityClass.CustomSoftAssert.assertAll is PASSED

20-10-2024T16:54:11 - [MESSAGE][PASSED] - utilityClass.CustomSoftAssert.assertAll is PASSED]]></system-out>
         <system-err><![CDATA[]]></system-err>
      </testcase>
      <system-out><![CDATA[20-10-2024T16:53:12 - [TEST_SUITE][FAILED] - Suite MOZ-11020: Test Cases/MOZ-11020/TC 5_MOZ_11533 Verify linking after Refund Capture FAILED.
Reason:
com.kms.katalon.core.exception.StepFailedException: Unable to open browser with url: ''
	at com.kms.katalon.core.webui.keyword.internal.WebUIKeywordMain.stepFailed(WebUIKeywordMain.groovy:64)
	at com.kms.katalon.core.webui.keyword.internal.WebUIKeywordMain.runKeyword(WebUIKeywordMain.groovy:26)
	at com.kms.katalon.core.webui.keyword.builtin.OpenBrowserKeyword.openBrowser(OpenBrowserKeyword.groovy:81)
	at com.kms.katalon.core.webui.keyword.builtin.OpenBrowserKeyword.execute(OpenBrowserKeyword.groovy:67)
	at com.kms.katalon.core.keyword.internal.KeywordExecutor.executeKeywordForPlatform(KeywordExecutor.groovy:74)
	at com.kms.katalon.core.webui.keyword.WebUiBuiltInKeywords.openBrowser(WebUiBuiltInKeywords.groovy:64)
	at demoPackage.MozartLogin.LoginWithChromeForEK(MozartLogin.groovy:47)
	at java.base/jdk.internal.reflect.NativeMethodAccessorImpl.invoke0(Native Method)
	at java.base/jdk.internal.reflect.NativeMethodAccessorImpl.invoke(NativeMethodAccessorImpl.java:77)
	at java.base/jdk.internal.reflect.DelegatingMethodAccessorImpl.invoke(DelegatingMethodAccessorImpl.java:43)
	at com.kms.katalon.core.main.CustomKeywordDelegatingMetaClass.invokeStaticMethod(CustomKeywordDelegatingMetaClass.java:55)
	at TC 5_MOZ_11533 Verify linking after Refund Capture.run(TC 5_MOZ_11533 Verify linking after Refund Capture:22)
	at com.kms.katalon.core.main.ScriptEngine.run(ScriptEngine.java:194)
	at com.kms.katalon.core.main.ScriptEngine.runScriptAsRawText(ScriptEngine.java:119)
	at com.kms.katalon.core.main.TestCaseExecutor.runScript(TestCaseExecutor.java:448)
	at com.kms.katalon.core.main.TestCaseExecutor.doExecute(TestCaseExecutor.java:439)
	at com.kms.katalon.core.main.TestCaseExecutor.processExecutionPhase(TestCaseExecutor.java:418)
	at com.kms.katalon.core.main.TestCaseExecutor.accessMainPhase(TestCaseExecutor.java:410)
	at com.kms.katalon.core.main.TestCaseExecutor.execute(TestCaseExecutor.java:285)
	at com.kms.katalon.core.common.CommonExecutor.accessTestCaseMainPhase(CommonExecutor.java:65)
	at com.kms.katalon.core.main.TestSuiteExecutor.accessTestSuiteMainPhase(TestSuiteExecutor.java:150)
	at com.kms.katalon.core.main.TestSuiteExecutor.execute(TestSuiteExecutor.java:106)
	at com.kms.katalon.core.main.TestCaseMain.startTestSuite(TestCaseMain.java:180)
	at TempTestSuite1729423250202.run(TempTestSuite1729423250202.groovy:35)
	at java.base/jdk.internal.reflect.NativeMethodAccessorImpl.invoke0(Native Method)
	at java.base/jdk.internal.reflect.NativeMethodAccessorImpl.invoke(NativeMethodAccessorImpl.java:77)
	at java.base/jdk.internal.reflect.DelegatingMethodAccessorImpl.invoke(DelegatingMethodAccessorImpl.java:43)
Caused by: org.openqa.selenium.SessionNotCreatedException: session not created: This version of ChromeDriver only supports Chrome version 128
Current browser version is 130.0.6723.58 with binary path C:\Program Files\Google\Chrome\Application\chrome.exe
Build info: version: '3.141.59', revision: 'unknown', time: 'unknown'
System info: host: 'CCE0231', ip: '192.168.1.6', os.name: 'Windows 11', os.arch: 'amd64', os.version: '10.0', java.version: '17.0.7'
Driver info: driver.version: CChromeDriver
remote stacktrace: 	GetHandleVerifier [0x00007FF7D681B5D2+29090]
	(No symbol) [0x00007FF7D678E689]
	(No symbol) [0x00007FF7D664B1CA]
	(No symbol) [0x00007FF7D668D6B2]
	(No symbol) [0x00007FF7D668C751]
	(No symbol) [0x00007FF7D668729C]
	(No symbol) [0x00007FF7D6681E0A]
	(No symbol) [0x00007FF7D66D236D]
	(No symbol) [0x00007FF7D66D1A20]
	(No symbol) [0x00007FF7D66C6493]
	(No symbol) [0x00007FF7D66909B1]
	(No symbol) [0x00007FF7D6691B11]
	GetHandleVerifier [0x00007FF7D6B38C5D+3295277]
	GetHandleVerifier [0x00007FF7D6B84843+3605523]
	GetHandleVerifier [0x00007FF7D6B7A707+3564247]
	GetHandleVerifier [0x00007FF7D68D6EB6+797318]
	(No symbol) [0x00007FF7D679980F]
	(No symbol) [0x00007FF7D67953F4]
	(No symbol) [0x00007FF7D6795580]
	(No symbol) [0x00007FF7D6784A1F]
	BaseThreadInitThunk [0x00007FFFFF49257D+29]
	RtlUserThreadStart [0x00007FFFFFE2AF08+40]

	at java.base/jdk.internal.reflect.NativeConstructorAccessorImpl.newInstance0(Native Method)
	at java.base/jdk.internal.reflect.NativeConstructorAccessorImpl.newInstance(NativeConstructorAccessorImpl.java:77)
	at java.base/jdk.internal.reflect.DelegatingConstructorAccessorImpl.newInstance(DelegatingConstructorAccessorImpl.java:45)
	at org.openqa.selenium.remote.W3CHandshakeResponse.lambda$errorHandler$0(W3CHandshakeResponse.java:62)
	at org.openqa.selenium.remote.HandshakeResponse.lambda$getResponseFunction$0(HandshakeResponse.java:30)
	at org.openqa.selenium.remote.ProtocolHandshake.lambda$createSession$0(ProtocolHandshake.java:126)
	at org.openqa.selenium.remote.ProtocolHandshake.createSession(ProtocolHandshake.java:128)
	at org.openqa.selenium.remote.ProtocolHandshake.createSession(ProtocolHandshake.java:74)
	at org.openqa.selenium.remote.HttpCommandExecutor.execute(HttpCommandExecutor.java:136)
	at org.openqa.selenium.remote.service.DriverCommandExecutor.execute(DriverCommandExecutor.java:83)
	at org.openqa.selenium.remote.RemoteWebDriver.execute(RemoteWebDriver.java:552)
	at com.kms.katalon.selenium.driver.CChromeDriver.execute(CChromeDriver.java:19)
	at org.openqa.selenium.remote.RemoteWebDriver.startSession(RemoteWebDriver.java:213)
	at org.openqa.selenium.remote.RemoteWebDriver.<init>(RemoteWebDriver.java:131)
	at org.openqa.selenium.chrome.ChromeDriver.<init>(ChromeDriver.java:181)
	at org.openqa.selenium.chrome.ChromeDriver.<init>(ChromeDriver.java:147)
	at com.kms.katalon.selenium.driver.CChromeDriver.<init>(CChromeDriver.java:13)
	at com.kms.katalon.core.webui.driver.DriverFactory.createNewChromeDriver(DriverFactory.java:449)
	at com.kms.katalon.core.webui.driver.DriverFactory.startNewBrowser(DriverFactory.java:382)
	at com.kms.katalon.core.webui.driver.DriverFactory.openWebDriver(DriverFactory.java:271)
	at com.kms.katalon.core.webui.keyword.builtin.OpenBrowserKeyword$_openBrowser_closure1.doCall(OpenBrowserKeyword.groovy:74)
	at com.kms.katalon.core.webui.keyword.builtin.OpenBrowserKeyword$_openBrowser_closure1.call(OpenBrowserKeyword.groovy)
	at com.kms.katalon.core.webui.keyword.internal.WebUIKeywordMain.runKeyword(WebUIKeywordMain.groovy:20)
	... 25 more]]></system-out>
      <system-err><![CDATA[20-10-2024T16:53:12 - [TEST_SUITE][FAILED] - Suite MOZ-11020: Test Cases/MOZ-11020/TC 5_MOZ_11533 Verify linking after Refund Capture FAILED.
Reason:
com.kms.katalon.core.exception.StepFailedException: Unable to open browser with url: ''
	at com.kms.katalon.core.webui.keyword.internal.WebUIKeywordMain.stepFailed(WebUIKeywordMain.groovy:64)
	at com.kms.katalon.core.webui.keyword.internal.WebUIKeywordMain.runKeyword(WebUIKeywordMain.groovy:26)
	at com.kms.katalon.core.webui.keyword.builtin.OpenBrowserKeyword.openBrowser(OpenBrowserKeyword.groovy:81)
	at com.kms.katalon.core.webui.keyword.builtin.OpenBrowserKeyword.execute(OpenBrowserKeyword.groovy:67)
	at com.kms.katalon.core.keyword.internal.KeywordExecutor.executeKeywordForPlatform(KeywordExecutor.groovy:74)
	at com.kms.katalon.core.webui.keyword.WebUiBuiltInKeywords.openBrowser(WebUiBuiltInKeywords.groovy:64)
	at demoPackage.MozartLogin.LoginWithChromeForEK(MozartLogin.groovy:47)
	at java.base/jdk.internal.reflect.NativeMethodAccessorImpl.invoke0(Native Method)
	at java.base/jdk.internal.reflect.NativeMethodAccessorImpl.invoke(NativeMethodAccessorImpl.java:77)
	at java.base/jdk.internal.reflect.DelegatingMethodAccessorImpl.invoke(DelegatingMethodAccessorImpl.java:43)
	at com.kms.katalon.core.main.CustomKeywordDelegatingMetaClass.invokeStaticMethod(CustomKeywordDelegatingMetaClass.java:55)
	at TC 5_MOZ_11533 Verify linking after Refund Capture.run(TC 5_MOZ_11533 Verify linking after Refund Capture:22)
	at com.kms.katalon.core.main.ScriptEngine.run(ScriptEngine.java:194)
	at com.kms.katalon.core.main.ScriptEngine.runScriptAsRawText(ScriptEngine.java:119)
	at com.kms.katalon.core.main.TestCaseExecutor.runScript(TestCaseExecutor.java:448)
	at com.kms.katalon.core.main.TestCaseExecutor.doExecute(TestCaseExecutor.java:439)
	at com.kms.katalon.core.main.TestCaseExecutor.processExecutionPhase(TestCaseExecutor.java:418)
	at com.kms.katalon.core.main.TestCaseExecutor.accessMainPhase(TestCaseExecutor.java:410)
	at com.kms.katalon.core.main.TestCaseExecutor.execute(TestCaseExecutor.java:285)
	at com.kms.katalon.core.common.CommonExecutor.accessTestCaseMainPhase(CommonExecutor.java:65)
	at com.kms.katalon.core.main.TestSuiteExecutor.accessTestSuiteMainPhase(TestSuiteExecutor.java:150)
	at com.kms.katalon.core.main.TestSuiteExecutor.execute(TestSuiteExecutor.java:106)
	at com.kms.katalon.core.main.TestCaseMain.startTestSuite(TestCaseMain.java:180)
	at TempTestSuite1729423250202.run(TempTestSuite1729423250202.groovy:35)
	at java.base/jdk.internal.reflect.NativeMethodAccessorImpl.invoke0(Native Method)
	at java.base/jdk.internal.reflect.NativeMethodAccessorImpl.invoke(NativeMethodAccessorImpl.java:77)
	at java.base/jdk.internal.reflect.DelegatingMethodAccessorImpl.invoke(DelegatingMethodAccessorImpl.java:43)
Caused by: org.openqa.selenium.SessionNotCreatedException: session not created: This version of ChromeDriver only supports Chrome version 128
Current browser version is 130.0.6723.58 with binary path C:\Program Files\Google\Chrome\Application\chrome.exe
Build info: version: '3.141.59', revision: 'unknown', time: 'unknown'
System info: host: 'CCE0231', ip: '192.168.1.6', os.name: 'Windows 11', os.arch: 'amd64', os.version: '10.0', java.version: '17.0.7'
Driver info: driver.version: CChromeDriver
remote stacktrace: 	GetHandleVerifier [0x00007FF7D681B5D2+29090]
	(No symbol) [0x00007FF7D678E689]
	(No symbol) [0x00007FF7D664B1CA]
	(No symbol) [0x00007FF7D668D6B2]
	(No symbol) [0x00007FF7D668C751]
	(No symbol) [0x00007FF7D668729C]
	(No symbol) [0x00007FF7D6681E0A]
	(No symbol) [0x00007FF7D66D236D]
	(No symbol) [0x00007FF7D66D1A20]
	(No symbol) [0x00007FF7D66C6493]
	(No symbol) [0x00007FF7D66909B1]
	(No symbol) [0x00007FF7D6691B11]
	GetHandleVerifier [0x00007FF7D6B38C5D+3295277]
	GetHandleVerifier [0x00007FF7D6B84843+3605523]
	GetHandleVerifier [0x00007FF7D6B7A707+3564247]
	GetHandleVerifier [0x00007FF7D68D6EB6+797318]
	(No symbol) [0x00007FF7D679980F]
	(No symbol) [0x00007FF7D67953F4]
	(No symbol) [0x00007FF7D6795580]
	(No symbol) [0x00007FF7D6784A1F]
	BaseThreadInitThunk [0x00007FFFFF49257D+29]
	RtlUserThreadStart [0x00007FFFFFE2AF08+40]

	at java.base/jdk.internal.reflect.NativeConstructorAccessorImpl.newInstance0(Native Method)
	at java.base/jdk.internal.reflect.NativeConstructorAccessorImpl.newInstance(NativeConstructorAccessorImpl.java:77)
	at java.base/jdk.internal.reflect.DelegatingConstructorAccessorImpl.newInstance(DelegatingConstructorAccessorImpl.java:45)
	at org.openqa.selenium.remote.W3CHandshakeResponse.lambda$errorHandler$0(W3CHandshakeResponse.java:62)
	at org.openqa.selenium.remote.HandshakeResponse.lambda$getResponseFunction$0(HandshakeResponse.java:30)
	at org.openqa.selenium.remote.ProtocolHandshake.lambda$createSession$0(ProtocolHandshake.java:126)
	at org.openqa.selenium.remote.ProtocolHandshake.createSession(ProtocolHandshake.java:128)
	at org.openqa.selenium.remote.ProtocolHandshake.createSession(ProtocolHandshake.java:74)
	at org.openqa.selenium.remote.HttpCommandExecutor.execute(HttpCommandExecutor.java:136)
	at org.openqa.selenium.remote.service.DriverCommandExecutor.execute(DriverCommandExecutor.java:83)
	at org.openqa.selenium.remote.RemoteWebDriver.execute(RemoteWebDriver.java:552)
	at com.kms.katalon.selenium.driver.CChromeDriver.execute(CChromeDriver.java:19)
	at org.openqa.selenium.remote.RemoteWebDriver.startSession(RemoteWebDriver.java:213)
	at org.openqa.selenium.remote.RemoteWebDriver.<init>(RemoteWebDriver.java:131)
	at org.openqa.selenium.chrome.ChromeDriver.<init>(ChromeDriver.java:181)
	at org.openqa.selenium.chrome.ChromeDriver.<init>(ChromeDriver.java:147)
	at com.kms.katalon.selenium.driver.CChromeDriver.<init>(CChromeDriver.java:13)
	at com.kms.katalon.core.webui.driver.DriverFactory.createNewChromeDriver(DriverFactory.java:449)
	at com.kms.katalon.core.webui.driver.DriverFactory.startNewBrowser(DriverFactory.java:382)
	at com.kms.katalon.core.webui.driver.DriverFactory.openWebDriver(DriverFactory.java:271)
	at com.kms.katalon.core.webui.keyword.builtin.OpenBrowserKeyword$_openBrowser_closure1.doCall(OpenBrowserKeyword.groovy:74)
	at com.kms.katalon.core.webui.keyword.builtin.OpenBrowserKeyword$_openBrowser_closure1.call(OpenBrowserKeyword.groovy)
	at com.kms.katalon.core.webui.keyword.internal.WebUIKeywordMain.runKeyword(WebUIKeywordMain.groovy:20)
	... 25 more]]></system-err>
   </testsuite>
</testsuites>
