<?xml version="1.0" encoding="UTF-8"?>
<testsuites name="Suite Collection" time="1056.342" tests="15" failures="2" errors="0">
   <testsuite name="Suite MOZ-10510" tests="10" failures="2" errors="0" time="811.967" skipped="0" timestamp="30-08-2024T20:48:58" hostname="ranajit.vadar - CCE0231.accelya.local" id="Test Suites/Suite MOZ-10510">
      <properties>
         <property name="deviceName" value=""/>
         <property name="devicePlatform"/>
         <property name="logFolder" value="C:\\Users\\ranjit.vadar\\Katalon Studio\\Mozart Emirates\\Reports\\20240830_204843\\Suite MOZ-10510\\20240830_204844"/>
         <property name="logFiles" value="C:\\Users\\ranjit.vadar\\Katalon Studio\\Mozart Emirates\\Reports\\20240830_204843\\Suite MOZ-10510\\20240830_204844\\execution0.log"/>
         <property name="attachments" value="C:\\Users\\ranjit.vadar\\Katalon Studio\\Mozart Emirates\\Reports\\20240830_204843\\Suite MOZ-10510\\20240830_204844\\1725031633656.png, C:\\Users\\ranjit.vadar\\Katalon Studio\\Mozart Emirates\\Reports\\20240830_204843\\Suite MOZ-10510\\20240830_204844\\1725031633796.png, C:\\Users\\ranjit.vadar\\Katalon Studio\\Mozart Emirates\\Reports\\20240830_204843\\Suite MOZ-10510\\20240830_204844\\1725031716478.png, C:\\Users\\ranjit.vadar\\Katalon Studio\\Mozart Emirates\\Reports\\20240830_204843\\Suite MOZ-10510\\20240830_204844\\1725031716604.png"/>
         <property name="hostName" value="ranajit.vadar - CCE0231.accelya.local"/>
         <property name="os" value="Windows 10 64bit"/>
         <property name="katalonVersion" value="9.5.0.217"/>
         <property name="browser" value="Chrome 128.0.0.0"/>
         <property name="hostAddress" value="10.50.1.80"/>
         <property name="sessionId" value="10bc2eb04422747e3cc3b0867465c20c"/>
         <property name="seleniumVersion" value="3.141.59"/>
         <property name="proxyInformation" value="ProxyInformation { proxyOption=NO_PROXY, proxyServerType=HTTP, username=, password=********, proxyServerAddress=, proxyServerPort=0, executionList=&quot;&quot;, isApplyToDesiredCapabilities=true }"/>
         <property name="platform" value="Windows 10"/>
      </properties>
      <testcase name="Test Cases/MOZ-10510/TC10_MOZ_11451 Display of Refundable Amount and FOP in the Grid" time="114.201" classname="Test Cases/MOZ-10510/TC10_MOZ_11451 Display of Refundable Amount and FOP in the Grid" status="PASSED">
         <system-out><![CDATA[30-08-2024T20:48:59 - [TEST_CASE][PASSED] - Test Cases/MOZ-10510/TC10_MOZ_11451 Display of Refundable Amount and FOP in the Grid: Test Cases/MOZ-10510/TC10_MOZ_11451 Display of Refundable Amount and FOP in the Grid

30-08-2024T20:49:00 - [TEST_STEP][PASSED] - requestIdValue = "O062400001": null

30-08-2024T20:49:00 - [TEST_STEP][PASSED] - sqlQuery = "select * from bdmozart.md_rfnd_local_settlement where idrequest = 'O062400001'": null

30-08-2024T20:49:00 - [TEST_STEP][PASSED] - fop_types_dbValue = database.DatabaseUtils.executeQuery(sqlQuery, "fop_types", 1): database.DatabaseUtils.executeQuery is PASSED

30-08-2024T20:49:06 - [MESSAGE][PASSED] - database.DatabaseUtils.executeQuery is PASSED

30-08-2024T20:49:06 - [TEST_STEP][PASSED] - paid_amount_dbValue = database.DatabaseUtils.executeQuery(sqlQuery, "balanceamounttotal", 1): database.DatabaseUtils.executeQuery is PASSED

30-08-2024T20:49:11 - [MESSAGE][PASSED] - database.DatabaseUtils.executeQuery is PASSED

30-08-2024T20:49:12 - [TEST_STEP][PASSED] - value = paid_amount_dbValue: null

30-08-2024T20:49:12 - [TEST_STEP][PASSED] - doubleValue = Double.parseDouble(value): null

30-08-2024T20:49:12 - [TEST_STEP][PASSED] - paid_amount_dbValue_int = doubleValue: null

30-08-2024T20:49:12 - [TEST_STEP][PASSED] - paid_amount_dbValue = paid_amount_dbValue_int.toString(): null

30-08-2024T20:49:12 - [TEST_STEP][PASSED] - out.println(paid_amount_dbValue): null

30-08-2024T20:49:12 - [TEST_STEP][PASSED] - demoPackage.MozartLogin.LoginWithChromeForEK(): demoPackage.MozartLogin.LoginWithChromeForEK is PASSED

30-08-2024T20:49:13 - [MESSAGE][INFO] - Starting 'Chrome' driver

30-08-2024T20:49:13 - [MESSAGE][INFO] - Action delay is set to 0 milliseconds

30-08-2024T20:49:16 - [MESSAGE][PASSED] - Browser is opened with url: ''

30-08-2024T20:49:20 - [MESSAGE][PASSED] - Navigate to 'https://accelyacomtest.accelya.local/MozartTest/AirlinesHub/Index' successfully

30-08-2024T20:49:20 - [MESSAGE][PASSED] - Current window maximized

30-08-2024T20:49:20 - [MESSAGE][PASSED] - Object: 'Object Repository/MozartChrome/ChromeAdvance/ClickOnAdvanceButton' is clicked on

30-08-2024T20:49:49 - [MESSAGE][PASSED] - Object: 'Object Repository/MozartChrome/ChromeAdvance/ProccedLink' is clicked on

30-08-2024T20:49:50 - [MESSAGE][PASSED] - Text 'supermozart' is set on object 'Object Repository/MozartChrome/Page_/input_Username_Login'

30-08-2024T20:49:50 - [MESSAGE][PASSED] - Object: 'Object Repository/MozartChrome/Page_/button_Next' is clicked on

30-08-2024T20:49:52 - [MESSAGE][PASSED] - Text 'Accelya.1' is set on object 'Object Repository/MozartChrome/Page_/input_Password_Password'

30-08-2024T20:49:52 - [MESSAGE][PASSED] - Object: 'Object Repository/MozartChrome/Page_/button_Sign in' is clicked on

30-08-2024T20:50:13 - [MESSAGE][PASSED] - Object: 'Object Repository/MozartChrome/Page_Mozart - AirlinesHub/button_Please select' is clicked on

30-08-2024T20:50:13 - [MESSAGE][PASSED] - Object: 'Object Repository/EK_Objects/Page_Mozart - AirlinesHub/a_176 Emirates' is clicked on

30-08-2024T20:50:25 - [MESSAGE][PASSED] - Object: 'Object Repository/MozartChrome/Page_Mozart - AirlinesHub/a_Select' is clicked on

30-08-2024T20:50:25 - [MESSAGE][PASSED] - demoPackage.MozartLogin.LoginWithChromeForEK is PASSED

30-08-2024T20:50:25 - [TEST_STEP][PASSED] - click(findTestObject("EK_Objects/Page_Mozart - Dashboard/a_Refunds")): Object: 'Object Repository/EK_Objects/Page_Mozart - Dashboard/a_Refunds' is clicked on

30-08-2024T20:50:25 - [MESSAGE][PASSED] - Object: 'Object Repository/EK_Objects/Page_Mozart - Dashboard/a_Refunds' is clicked on

30-08-2024T20:50:25 - [TEST_STEP][PASSED] - click(findTestObject("EK_Objects/Page_Mozart - Dashboard/Click_On_Local_Settlements")): Object: 'Object Repository/EK_Objects/Page_Mozart - Dashboard/Click_On_Local_Settlements' is clicked on

30-08-2024T20:50:35 - [MESSAGE][PASSED] - Object: 'Object Repository/EK_Objects/Page_Mozart - Dashboard/Click_On_Local_Settlements' is clicked on

30-08-2024T20:50:35 - [TEST_STEP][PASSED] - dynamicTestObject = new com.kms.katalon.core.testobject.TestObject(): null

30-08-2024T20:50:35 - [TEST_STEP][PASSED] - refresh(): Refresh successfully

30-08-2024T20:50:36 - [MESSAGE][PASSED] - Refresh successfully

30-08-2024T20:50:36 - [TEST_STEP][PASSED] - listOfRequestIds = findWebElements(findTestObject("Object Repository/EK_Objects/Page_Mozart - LocalSettlements/getListOfRequestIdFromGrid"), 10): Found web elements by test object Object Repository/EK_Objects/Page_Mozart - LocalSettlements/getListOfRequestIdFromGrid

30-08-2024T20:50:38 - [MESSAGE][PASSED] - Found web elements by test object Object Repository/EK_Objects/Page_Mozart - LocalSettlements/getListOfRequestIdFromGrid

30-08-2024T20:50:38 - [TEST_STEP][PASSED] - refundAmount_web = <not implemented yet for class: org.codehaus.groovy.ast.expr.EmptyExpression>: null

30-08-2024T20:50:38 - [TEST_STEP][PASSED] - refundFopPaidLocally_web = <not implemented yet for class: org.codehaus.groovy.ast.expr.EmptyExpression>: null

30-08-2024T20:50:38 - [TEST_STEP][PASSED] - for ([row = 1, row <= listOfRequestIds.size(), (row++)]): null

30-08-2024T20:50:38 - [TEST_STEP][PASSED] - dynamicXpath = "//table[@class='table display compact nowrap cell-border hover dataTable no-footer']/tbody/tr[" + row + "]/td[2]": null

30-08-2024T20:50:38 - [TEST_STEP][PASSED] - dynamicTestObject.addProperty("xpath", EQUALS, dynamicXpath): null

30-08-2024T20:50:38 - [TEST_STEP][PASSED] - requestIdWeb = findWebElement(dynamicTestObject, 10): Found web element by test object 

30-08-2024T20:50:38 - [MESSAGE][PASSED] - Found web element by test object 

30-08-2024T20:50:38 - [TEST_STEP][PASSED] - if (getText().equals(requestIdValue)): null

30-08-2024T20:50:38 - [TEST_STEP][PASSED] - dynamicXpath = "//table[@class='table display compact nowrap cell-border hover dataTable no-footer']/tbody/tr[" + row + "]/td[2]": null

30-08-2024T20:50:38 - [TEST_STEP][PASSED] - dynamicTestObject.addProperty("xpath", EQUALS, dynamicXpath): null

30-08-2024T20:50:38 - [TEST_STEP][PASSED] - requestIdWeb = findWebElement(dynamicTestObject, 10): Found web element by test object 

30-08-2024T20:50:39 - [MESSAGE][PASSED] - Found web element by test object 

30-08-2024T20:50:39 - [TEST_STEP][PASSED] - if (getText().equals(requestIdValue)): null

30-08-2024T20:50:39 - [TEST_STEP][PASSED] - dynamicXpath = "//table[@class='table display compact nowrap cell-border hover dataTable no-footer']/tbody/tr[" + row + "]/td[2]": null

30-08-2024T20:50:39 - [TEST_STEP][PASSED] - dynamicTestObject.addProperty("xpath", EQUALS, dynamicXpath): null

30-08-2024T20:50:39 - [TEST_STEP][PASSED] - requestIdWeb = findWebElement(dynamicTestObject, 10): Found web element by test object 

30-08-2024T20:50:39 - [MESSAGE][PASSED] - Found web element by test object 

30-08-2024T20:50:39 - [TEST_STEP][PASSED] - if (getText().equals(requestIdValue)): null

30-08-2024T20:50:39 - [TEST_STEP][PASSED] - dynamicXpath = "//table[@class='table display compact nowrap cell-border hover dataTable no-footer']/tbody/tr[" + row + "]/td[2]": null

30-08-2024T20:50:39 - [TEST_STEP][PASSED] - dynamicTestObject.addProperty("xpath", EQUALS, dynamicXpath): null

30-08-2024T20:50:39 - [TEST_STEP][PASSED] - requestIdWeb = findWebElement(dynamicTestObject, 10): Found web element by test object 

30-08-2024T20:50:39 - [MESSAGE][PASSED] - Found web element by test object 

30-08-2024T20:50:39 - [TEST_STEP][PASSED] - if (getText().equals(requestIdValue)): null

30-08-2024T20:50:39 - [TEST_STEP][PASSED] - dynamicXpath = "//table[@class='table display compact nowrap cell-border hover dataTable no-footer']/tbody/tr[" + row + "]/td[2]": null

30-08-2024T20:50:39 - [TEST_STEP][PASSED] - dynamicTestObject.addProperty("xpath", EQUALS, dynamicXpath): null

30-08-2024T20:50:39 - [TEST_STEP][PASSED] - requestIdWeb = findWebElement(dynamicTestObject, 10): Found web element by test object 

30-08-2024T20:50:39 - [MESSAGE][PASSED] - Found web element by test object 

30-08-2024T20:50:39 - [TEST_STEP][PASSED] - if (getText().equals(requestIdValue)): null

30-08-2024T20:50:39 - [TEST_STEP][PASSED] - dynamicXpath = "//table[@class='table display compact nowrap cell-border hover dataTable no-footer']/tbody/tr[" + row + "]/td[2]": null

30-08-2024T20:50:39 - [TEST_STEP][PASSED] - dynamicTestObject.addProperty("xpath", EQUALS, dynamicXpath): null

30-08-2024T20:50:39 - [TEST_STEP][PASSED] - requestIdWeb = findWebElement(dynamicTestObject, 10): Found web element by test object 

30-08-2024T20:50:40 - [MESSAGE][PASSED] - Found web element by test object 

30-08-2024T20:50:40 - [TEST_STEP][PASSED] - if (getText().equals(requestIdValue)): null

30-08-2024T20:50:40 - [TEST_STEP][PASSED] - dynamicXpath = "//table[@class='table display compact nowrap cell-border hover dataTable no-footer']/tbody/tr[" + row + "]/td[2]": null

30-08-2024T20:50:40 - [TEST_STEP][PASSED] - dynamicTestObject.addProperty("xpath", EQUALS, dynamicXpath): null

30-08-2024T20:50:40 - [TEST_STEP][PASSED] - requestIdWeb = findWebElement(dynamicTestObject, 10): Found web element by test object 

30-08-2024T20:50:40 - [MESSAGE][PASSED] - Found web element by test object 

30-08-2024T20:50:40 - [TEST_STEP][PASSED] - if (getText().equals(requestIdValue)): null

30-08-2024T20:50:40 - [TEST_STEP][PASSED] - dynamicXpath = "//table[@class='table display compact nowrap cell-border hover dataTable no-footer']/tbody/tr[" + row + "]/td[2]": null

30-08-2024T20:50:40 - [TEST_STEP][PASSED] - dynamicTestObject.addProperty("xpath", EQUALS, dynamicXpath): null

30-08-2024T20:50:40 - [TEST_STEP][PASSED] - requestIdWeb = findWebElement(dynamicTestObject, 10): Found web element by test object 

30-08-2024T20:50:40 - [MESSAGE][PASSED] - Found web element by test object 

30-08-2024T20:50:40 - [TEST_STEP][PASSED] - if (getText().equals(requestIdValue)): null

30-08-2024T20:50:40 - [TEST_STEP][PASSED] - dynamicXpath = "//table[@class='table display compact nowrap cell-border hover dataTable no-footer']/tbody/tr[" + row + "]/td[2]": null

30-08-2024T20:50:40 - [TEST_STEP][PASSED] - dynamicTestObject.addProperty("xpath", EQUALS, dynamicXpath): null

30-08-2024T20:50:40 - [TEST_STEP][PASSED] - requestIdWeb = findWebElement(dynamicTestObject, 10): Found web element by test object 

30-08-2024T20:50:40 - [MESSAGE][PASSED] - Found web element by test object 

30-08-2024T20:50:40 - [TEST_STEP][PASSED] - if (getText().equals(requestIdValue)): null

30-08-2024T20:50:40 - [TEST_STEP][PASSED] - dynamicXpath = "//table[@class='table display compact nowrap cell-border hover dataTable no-footer']/tbody/tr[" + row + "]/td[2]": null

30-08-2024T20:50:40 - [TEST_STEP][PASSED] - dynamicTestObject.addProperty("xpath", EQUALS, dynamicXpath): null

30-08-2024T20:50:40 - [TEST_STEP][PASSED] - requestIdWeb = findWebElement(dynamicTestObject, 10): Found web element by test object 

30-08-2024T20:50:41 - [MESSAGE][PASSED] - Found web element by test object 

30-08-2024T20:50:41 - [TEST_STEP][PASSED] - if (getText().equals(requestIdValue)): null

30-08-2024T20:50:41 - [TEST_STEP][PASSED] - dynamicXpath = "//table[@class='table display compact nowrap cell-border hover dataTable no-footer']/tbody/tr[" + row + "]/td[2]": null

30-08-2024T20:50:41 - [TEST_STEP][PASSED] - dynamicTestObject.addProperty("xpath", EQUALS, dynamicXpath): null

30-08-2024T20:50:41 - [TEST_STEP][PASSED] - requestIdWeb = findWebElement(dynamicTestObject, 10): Found web element by test object 

30-08-2024T20:50:41 - [MESSAGE][PASSED] - Found web element by test object 

30-08-2024T20:50:41 - [TEST_STEP][PASSED] - if (getText().equals(requestIdValue)): null

30-08-2024T20:50:41 - [TEST_STEP][PASSED] - dynamicXpath = "//table[@class='table display compact nowrap cell-border hover dataTable no-footer']/tbody/tr[" + row + "]/td[2]": null

30-08-2024T20:50:41 - [TEST_STEP][PASSED] - dynamicTestObject.addProperty("xpath", EQUALS, dynamicXpath): null

30-08-2024T20:50:41 - [TEST_STEP][PASSED] - requestIdWeb = findWebElement(dynamicTestObject, 10): Found web element by test object 

30-08-2024T20:50:41 - [MESSAGE][PASSED] - Found web element by test object 

30-08-2024T20:50:41 - [TEST_STEP][PASSED] - if (getText().equals(requestIdValue)): null

30-08-2024T20:50:41 - [TEST_STEP][PASSED] - dynamicXpath = "//table[@class='table display compact nowrap cell-border hover dataTable no-footer']/tbody/tr[" + row + "]/td[2]": null

30-08-2024T20:50:41 - [TEST_STEP][PASSED] - dynamicTestObject.addProperty("xpath", EQUALS, dynamicXpath): null

30-08-2024T20:50:41 - [TEST_STEP][PASSED] - requestIdWeb = findWebElement(dynamicTestObject, 10): Found web element by test object 

30-08-2024T20:50:42 - [MESSAGE][PASSED] - Found web element by test object 

30-08-2024T20:50:42 - [TEST_STEP][PASSED] - if (getText().equals(requestIdValue)): null

30-08-2024T20:50:42 - [TEST_STEP][PASSED] - dynamicXpath = "//table[@class='table display compact nowrap cell-border hover dataTable no-footer']/tbody/tr[" + row + "]/td[2]": null

30-08-2024T20:50:42 - [TEST_STEP][PASSED] - dynamicTestObject.addProperty("xpath", EQUALS, dynamicXpath): null

30-08-2024T20:50:42 - [TEST_STEP][PASSED] - requestIdWeb = findWebElement(dynamicTestObject, 10): Found web element by test object 

30-08-2024T20:50:42 - [MESSAGE][PASSED] - Found web element by test object 

30-08-2024T20:50:42 - [TEST_STEP][PASSED] - if (getText().equals(requestIdValue)): null

30-08-2024T20:50:42 - [TEST_STEP][PASSED] - dynamicXpath = "//table[@class='table display compact nowrap cell-border hover dataTable no-footer']/tbody/tr[" + row + "]/td[2]": null

30-08-2024T20:50:42 - [TEST_STEP][PASSED] - dynamicTestObject.addProperty("xpath", EQUALS, dynamicXpath): null

30-08-2024T20:50:42 - [TEST_STEP][PASSED] - requestIdWeb = findWebElement(dynamicTestObject, 10): Found web element by test object 

30-08-2024T20:50:42 - [MESSAGE][PASSED] - Found web element by test object 

30-08-2024T20:50:42 - [TEST_STEP][PASSED] - if (getText().equals(requestIdValue)): null

30-08-2024T20:50:42 - [TEST_STEP][PASSED] - dynamicXpath = "//table[@class='table display compact nowrap cell-border hover dataTable no-footer']/tbody/tr[" + row + "]/td[2]": null

30-08-2024T20:50:42 - [TEST_STEP][PASSED] - dynamicTestObject.addProperty("xpath", EQUALS, dynamicXpath): null

30-08-2024T20:50:42 - [TEST_STEP][PASSED] - requestIdWeb = findWebElement(dynamicTestObject, 10): Found web element by test object 

30-08-2024T20:50:42 - [MESSAGE][PASSED] - Found web element by test object 

30-08-2024T20:50:42 - [TEST_STEP][PASSED] - if (getText().equals(requestIdValue)): null

30-08-2024T20:50:42 - [TEST_STEP][PASSED] - dynamicXpath = "//table[@class='table display compact nowrap cell-border hover dataTable no-footer']/tbody/tr[" + row + "]/td[2]": null

30-08-2024T20:50:42 - [TEST_STEP][PASSED] - dynamicTestObject.addProperty("xpath", EQUALS, dynamicXpath): null

30-08-2024T20:50:42 - [TEST_STEP][PASSED] - requestIdWeb = findWebElement(dynamicTestObject, 10): Found web element by test object 

30-08-2024T20:50:43 - [MESSAGE][PASSED] - Found web element by test object 

30-08-2024T20:50:43 - [TEST_STEP][PASSED] - if (getText().equals(requestIdValue)): null

30-08-2024T20:50:43 - [TEST_STEP][PASSED] - dynamicXpath = "//table[@class='table display compact nowrap cell-border hover dataTable no-footer']/tbody/tr[" + row + "]/td[2]": null

30-08-2024T20:50:43 - [TEST_STEP][PASSED] - dynamicTestObject.addProperty("xpath", EQUALS, dynamicXpath): null

30-08-2024T20:50:43 - [TEST_STEP][PASSED] - requestIdWeb = findWebElement(dynamicTestObject, 10): Found web element by test object 

30-08-2024T20:50:43 - [MESSAGE][PASSED] - Found web element by test object 

30-08-2024T20:50:43 - [TEST_STEP][PASSED] - if (getText().equals(requestIdValue)): null

30-08-2024T20:50:43 - [TEST_STEP][PASSED] - dynamicXpath = "//table[@class='table display compact nowrap cell-border hover dataTable no-footer']/tbody/tr[" + row + "]/td[2]": null

30-08-2024T20:50:43 - [TEST_STEP][PASSED] - dynamicTestObject.addProperty("xpath", EQUALS, dynamicXpath): null

30-08-2024T20:50:43 - [TEST_STEP][PASSED] - requestIdWeb = findWebElement(dynamicTestObject, 10): Found web element by test object 

30-08-2024T20:50:43 - [MESSAGE][PASSED] - Found web element by test object 

30-08-2024T20:50:43 - [TEST_STEP][PASSED] - if (getText().equals(requestIdValue)): null

30-08-2024T20:50:43 - [TEST_STEP][PASSED] - dynamicXpath = "//table[@class='table display compact nowrap cell-border hover dataTable no-footer']/tbody/tr[" + row + "]/td[2]": null

30-08-2024T20:50:43 - [TEST_STEP][PASSED] - dynamicTestObject.addProperty("xpath", EQUALS, dynamicXpath): null

30-08-2024T20:50:43 - [TEST_STEP][PASSED] - requestIdWeb = findWebElement(dynamicTestObject, 10): Found web element by test object 

30-08-2024T20:50:43 - [MESSAGE][PASSED] - Found web element by test object 

30-08-2024T20:50:43 - [TEST_STEP][PASSED] - if (getText().equals(requestIdValue)): null

30-08-2024T20:50:43 - [TEST_STEP][PASSED] - dynamicXpath = "//table[@class='table display compact nowrap cell-border hover dataTable no-footer']/tbody/tr[" + row + "]/td[2]": null

30-08-2024T20:50:43 - [TEST_STEP][PASSED] - dynamicTestObject.addProperty("xpath", EQUALS, dynamicXpath): null

30-08-2024T20:50:43 - [TEST_STEP][PASSED] - requestIdWeb = findWebElement(dynamicTestObject, 10): Found web element by test object 

30-08-2024T20:50:44 - [MESSAGE][PASSED] - Found web element by test object 

30-08-2024T20:50:44 - [TEST_STEP][PASSED] - if (getText().equals(requestIdValue)): null

30-08-2024T20:50:44 - [TEST_STEP][PASSED] - dynamicXpath = "//table[@class='table display compact nowrap cell-border hover dataTable no-footer']/tbody/tr[" + row + "]/td[2]": null

30-08-2024T20:50:44 - [TEST_STEP][PASSED] - dynamicTestObject.addProperty("xpath", EQUALS, dynamicXpath): null

30-08-2024T20:50:44 - [TEST_STEP][PASSED] - requestIdWeb = findWebElement(dynamicTestObject, 10): Found web element by test object 

30-08-2024T20:50:44 - [MESSAGE][PASSED] - Found web element by test object 

30-08-2024T20:50:44 - [TEST_STEP][PASSED] - if (getText().equals(requestIdValue)): null

30-08-2024T20:50:44 - [TEST_STEP][PASSED] - dynamicXpath = "//table[@class='table display compact nowrap cell-border hover dataTable no-footer']/tbody/tr[" + row + "]/td[2]": null

30-08-2024T20:50:44 - [TEST_STEP][PASSED] - dynamicTestObject.addProperty("xpath", EQUALS, dynamicXpath): null

30-08-2024T20:50:44 - [TEST_STEP][PASSED] - requestIdWeb = findWebElement(dynamicTestObject, 10): Found web element by test object 

30-08-2024T20:50:44 - [MESSAGE][PASSED] - Found web element by test object 

30-08-2024T20:50:44 - [TEST_STEP][PASSED] - if (getText().equals(requestIdValue)): null

30-08-2024T20:50:44 - [TEST_STEP][PASSED] - dynamicXpath = "//table[@class='table display compact nowrap cell-border hover dataTable no-footer']/tbody/tr[" + row + "]/td[2]": null

30-08-2024T20:50:44 - [TEST_STEP][PASSED] - dynamicTestObject.addProperty("xpath", EQUALS, dynamicXpath): null

30-08-2024T20:50:44 - [TEST_STEP][PASSED] - requestIdWeb = findWebElement(dynamicTestObject, 10): Found web element by test object 

30-08-2024T20:50:45 - [MESSAGE][PASSED] - Found web element by test object 

30-08-2024T20:50:45 - [TEST_STEP][PASSED] - if (getText().equals(requestIdValue)): null

30-08-2024T20:50:45 - [TEST_STEP][PASSED] - dynamicXpath = "//table[@class='table display compact nowrap cell-border hover dataTable no-footer']/tbody/tr[" + row + "]/td[2]": null

30-08-2024T20:50:45 - [TEST_STEP][PASSED] - dynamicTestObject.addProperty("xpath", EQUALS, dynamicXpath): null

30-08-2024T20:50:45 - [TEST_STEP][PASSED] - requestIdWeb = findWebElement(dynamicTestObject, 10): Found web element by test object 

30-08-2024T20:50:45 - [MESSAGE][PASSED] - Found web element by test object 

30-08-2024T20:50:45 - [TEST_STEP][PASSED] - if (getText().equals(requestIdValue)): null

30-08-2024T20:50:45 - [TEST_STEP][PASSED] - dynamicXpath = "//table[@class='table display compact nowrap cell-border hover dataTable no-footer']/tbody/tr[" + row + "]/td[2]": null

30-08-2024T20:50:45 - [TEST_STEP][PASSED] - dynamicTestObject.addProperty("xpath", EQUALS, dynamicXpath): null

30-08-2024T20:50:45 - [TEST_STEP][PASSED] - requestIdWeb = findWebElement(dynamicTestObject, 10): Found web element by test object 

30-08-2024T20:50:45 - [MESSAGE][PASSED] - Found web element by test object 

30-08-2024T20:50:45 - [TEST_STEP][PASSED] - if (getText().equals(requestIdValue)): null

30-08-2024T20:50:45 - [TEST_STEP][PASSED] - dynamicXpath = "//table[@class='table display compact nowrap cell-border hover dataTable no-footer']/tbody/tr[" + row + "]/td[2]": null

30-08-2024T20:50:45 - [TEST_STEP][PASSED] - dynamicTestObject.addProperty("xpath", EQUALS, dynamicXpath): null

30-08-2024T20:50:45 - [TEST_STEP][PASSED] - requestIdWeb = findWebElement(dynamicTestObject, 10): Found web element by test object 

30-08-2024T20:50:45 - [MESSAGE][PASSED] - Found web element by test object 

30-08-2024T20:50:45 - [TEST_STEP][PASSED] - if (getText().equals(requestIdValue)): null

30-08-2024T20:50:45 - [TEST_STEP][PASSED] - dynamicXpath = "//table[@class='table display compact nowrap cell-border hover dataTable no-footer']/tbody/tr[" + row + "]/td[2]": null

30-08-2024T20:50:45 - [TEST_STEP][PASSED] - dynamicTestObject.addProperty("xpath", EQUALS, dynamicXpath): null

30-08-2024T20:50:45 - [TEST_STEP][PASSED] - requestIdWeb = findWebElement(dynamicTestObject, 10): Found web element by test object 

30-08-2024T20:50:46 - [MESSAGE][PASSED] - Found web element by test object 

30-08-2024T20:50:46 - [TEST_STEP][PASSED] - if (getText().equals(requestIdValue)): null

30-08-2024T20:50:46 - [TEST_STEP][PASSED] - dynamicXpath = "//table[@class='table display compact nowrap cell-border hover dataTable no-footer']/tbody/tr[" + row + "]/td[2]": null

30-08-2024T20:50:46 - [TEST_STEP][PASSED] - dynamicTestObject.addProperty("xpath", EQUALS, dynamicXpath): null

30-08-2024T20:50:46 - [TEST_STEP][PASSED] - requestIdWeb = findWebElement(dynamicTestObject, 10): Found web element by test object 

30-08-2024T20:50:46 - [MESSAGE][PASSED] - Found web element by test object 

30-08-2024T20:50:46 - [TEST_STEP][PASSED] - if (getText().equals(requestIdValue)): null

30-08-2024T20:50:46 - [TEST_STEP][PASSED] - dynamicXpath = "//table[@class='table display compact nowrap cell-border hover dataTable no-footer']/tbody/tr[" + row + "]/td[2]": null

30-08-2024T20:50:46 - [TEST_STEP][PASSED] - dynamicTestObject.addProperty("xpath", EQUALS, dynamicXpath): null

30-08-2024T20:50:46 - [TEST_STEP][PASSED] - requestIdWeb = findWebElement(dynamicTestObject, 10): Found web element by test object 

30-08-2024T20:50:46 - [MESSAGE][PASSED] - Found web element by test object 

30-08-2024T20:50:46 - [TEST_STEP][PASSED] - if (getText().equals(requestIdValue)): null

30-08-2024T20:50:46 - [TEST_STEP][PASSED] - dynamicXpath = "//table[@class='table display compact nowrap cell-border hover dataTable no-footer']/tbody/tr[" + row + "]/td[2]": null

30-08-2024T20:50:46 - [TEST_STEP][PASSED] - dynamicTestObject.addProperty("xpath", EQUALS, dynamicXpath): null

30-08-2024T20:50:46 - [TEST_STEP][PASSED] - requestIdWeb = findWebElement(dynamicTestObject, 10): Found web element by test object 

30-08-2024T20:50:46 - [MESSAGE][PASSED] - Found web element by test object 

30-08-2024T20:50:46 - [TEST_STEP][PASSED] - if (getText().equals(requestIdValue)): null

30-08-2024T20:50:46 - [TEST_STEP][PASSED] - dynamicXpath = "//table[@class='table display compact nowrap cell-border hover dataTable no-footer']/tbody/tr[" + row + "]/td[2]": null

30-08-2024T20:50:46 - [TEST_STEP][PASSED] - dynamicTestObject.addProperty("xpath", EQUALS, dynamicXpath): null

30-08-2024T20:50:46 - [TEST_STEP][PASSED] - requestIdWeb = findWebElement(dynamicTestObject, 10): Found web element by test object 

30-08-2024T20:50:47 - [MESSAGE][PASSED] - Found web element by test object 

30-08-2024T20:50:47 - [TEST_STEP][PASSED] - if (getText().equals(requestIdValue)): null

30-08-2024T20:50:47 - [TEST_STEP][PASSED] - dynamicXpath = "//table[@class='table display compact nowrap cell-border hover dataTable no-footer']/tbody/tr[" + row + "]/td[2]": null

30-08-2024T20:50:47 - [TEST_STEP][PASSED] - dynamicTestObject.addProperty("xpath", EQUALS, dynamicXpath): null

30-08-2024T20:50:47 - [TEST_STEP][PASSED] - requestIdWeb = findWebElement(dynamicTestObject, 10): Found web element by test object 

30-08-2024T20:50:47 - [MESSAGE][PASSED] - Found web element by test object 

30-08-2024T20:50:47 - [TEST_STEP][PASSED] - if (getText().equals(requestIdValue)): null

30-08-2024T20:50:47 - [TEST_STEP][PASSED] - dynamicXpath = "//table[@class='table display compact nowrap cell-border hover dataTable no-footer']/tbody/tr[" + row + "]/td[2]": null

30-08-2024T20:50:47 - [TEST_STEP][PASSED] - dynamicTestObject.addProperty("xpath", EQUALS, dynamicXpath): null

30-08-2024T20:50:47 - [TEST_STEP][PASSED] - requestIdWeb = findWebElement(dynamicTestObject, 10): Found web element by test object 

30-08-2024T20:50:47 - [MESSAGE][PASSED] - Found web element by test object 

30-08-2024T20:50:47 - [TEST_STEP][PASSED] - if (getText().equals(requestIdValue)): null

30-08-2024T20:50:47 - [TEST_STEP][PASSED] - dynamicXpath = "//table[@class='table display compact nowrap cell-border hover dataTable no-footer']/tbody/tr[" + row + "]/td[2]": null

30-08-2024T20:50:47 - [TEST_STEP][PASSED] - dynamicTestObject.addProperty("xpath", EQUALS, dynamicXpath): null

30-08-2024T20:50:47 - [TEST_STEP][PASSED] - requestIdWeb = findWebElement(dynamicTestObject, 10): Found web element by test object 

30-08-2024T20:50:47 - [MESSAGE][PASSED] - Found web element by test object 

30-08-2024T20:50:47 - [TEST_STEP][PASSED] - if (getText().equals(requestIdValue)): null

30-08-2024T20:50:47 - [TEST_STEP][PASSED] - dynamicXpath = "//table[@class='table display compact nowrap cell-border hover dataTable no-footer']/tbody/tr[" + row + "]/td[2]": null

30-08-2024T20:50:47 - [TEST_STEP][PASSED] - dynamicTestObject.addProperty("xpath", EQUALS, dynamicXpath): null

30-08-2024T20:50:47 - [TEST_STEP][PASSED] - requestIdWeb = findWebElement(dynamicTestObject, 10): Found web element by test object 

30-08-2024T20:50:48 - [MESSAGE][PASSED] - Found web element by test object 

30-08-2024T20:50:48 - [TEST_STEP][PASSED] - if (getText().equals(requestIdValue)): null

30-08-2024T20:50:48 - [TEST_STEP][PASSED] - dynamicXpath = "//table[@class='table display compact nowrap cell-border hover dataTable no-footer']/tbody/tr[" + row + "]/td[2]": null

30-08-2024T20:50:48 - [TEST_STEP][PASSED] - dynamicTestObject.addProperty("xpath", EQUALS, dynamicXpath): null

30-08-2024T20:50:48 - [TEST_STEP][PASSED] - requestIdWeb = findWebElement(dynamicTestObject, 10): Found web element by test object 

30-08-2024T20:50:48 - [MESSAGE][PASSED] - Found web element by test object 

30-08-2024T20:50:48 - [TEST_STEP][PASSED] - if (getText().equals(requestIdValue)): null

30-08-2024T20:50:48 - [TEST_STEP][PASSED] - dynamicXpath = "//table[@class='table display compact nowrap cell-border hover dataTable no-footer']/tbody/tr[" + row + "]/td[2]": null

30-08-2024T20:50:48 - [TEST_STEP][PASSED] - dynamicTestObject.addProperty("xpath", EQUALS, dynamicXpath): null

30-08-2024T20:50:48 - [TEST_STEP][PASSED] - requestIdWeb = findWebElement(dynamicTestObject, 10): Found web element by test object 

30-08-2024T20:50:48 - [MESSAGE][PASSED] - Found web element by test object 

30-08-2024T20:50:48 - [TEST_STEP][PASSED] - if (getText().equals(requestIdValue)): null

30-08-2024T20:50:48 - [TEST_STEP][PASSED] - dynamicXpath = "//table[@class='table display compact nowrap cell-border hover dataTable no-footer']/tbody/tr[" + row + "]/td[2]": null

30-08-2024T20:50:48 - [TEST_STEP][PASSED] - dynamicTestObject.addProperty("xpath", EQUALS, dynamicXpath): null

30-08-2024T20:50:48 - [TEST_STEP][PASSED] - requestIdWeb = findWebElement(dynamicTestObject, 10): Found web element by test object 

30-08-2024T20:50:49 - [MESSAGE][PASSED] - Found web element by test object 

30-08-2024T20:50:49 - [TEST_STEP][PASSED] - if (getText().equals(requestIdValue)): null

30-08-2024T20:50:49 - [TEST_STEP][PASSED] - dynamicXpath = "//table[@class='table display compact nowrap cell-border hover dataTable no-footer']/tbody/tr[" + row + "]/td[2]": null

30-08-2024T20:50:49 - [TEST_STEP][PASSED] - dynamicTestObject.addProperty("xpath", EQUALS, dynamicXpath): null

30-08-2024T20:50:49 - [TEST_STEP][PASSED] - requestIdWeb = findWebElement(dynamicTestObject, 10): Found web element by test object 

30-08-2024T20:50:49 - [MESSAGE][PASSED] - Found web element by test object 

30-08-2024T20:50:49 - [TEST_STEP][PASSED] - if (getText().equals(requestIdValue)): null

30-08-2024T20:50:49 - [TEST_STEP][PASSED] - dynamicXpath = "//table[@class='table display compact nowrap cell-border hover dataTable no-footer']/tbody/tr[" + row + "]/td[2]": null

30-08-2024T20:50:49 - [TEST_STEP][PASSED] - dynamicTestObject.addProperty("xpath", EQUALS, dynamicXpath): null

30-08-2024T20:50:49 - [TEST_STEP][PASSED] - requestIdWeb = findWebElement(dynamicTestObject, 10): Found web element by test object 

30-08-2024T20:50:49 - [MESSAGE][PASSED] - Found web element by test object 

30-08-2024T20:50:49 - [TEST_STEP][PASSED] - if (getText().equals(requestIdValue)): null

30-08-2024T20:50:49 - [TEST_STEP][PASSED] - dynamicXpath = "//table[@class='table display compact nowrap cell-border hover dataTable no-footer']/tbody/tr[" + row + "]/td[2]": null

30-08-2024T20:50:49 - [TEST_STEP][PASSED] - dynamicTestObject.addProperty("xpath", EQUALS, dynamicXpath): null

30-08-2024T20:50:49 - [TEST_STEP][PASSED] - requestIdWeb = findWebElement(dynamicTestObject, 10): Found web element by test object 

30-08-2024T20:50:49 - [MESSAGE][PASSED] - Found web element by test object 

30-08-2024T20:50:49 - [TEST_STEP][PASSED] - if (getText().equals(requestIdValue)): null

30-08-2024T20:50:49 - [TEST_STEP][PASSED] - dynamicXpath = "//table[@class='table display compact nowrap cell-border hover dataTable no-footer']/tbody/tr[" + row + "]/td[2]": null

30-08-2024T20:50:49 - [TEST_STEP][PASSED] - dynamicTestObject.addProperty("xpath", EQUALS, dynamicXpath): null

30-08-2024T20:50:49 - [TEST_STEP][PASSED] - requestIdWeb = findWebElement(dynamicTestObject, 10): Found web element by test object 

30-08-2024T20:50:50 - [MESSAGE][PASSED] - Found web element by test object 

30-08-2024T20:50:50 - [TEST_STEP][PASSED] - if (getText().equals(requestIdValue)): null

30-08-2024T20:50:50 - [TEST_STEP][PASSED] - dynamicXpath = "//table[@class='table display compact nowrap cell-border hover dataTable no-footer']/tbody/tr[" + row + "]/td[2]": null

30-08-2024T20:50:50 - [TEST_STEP][PASSED] - dynamicTestObject.addProperty("xpath", EQUALS, dynamicXpath): null

30-08-2024T20:50:50 - [TEST_STEP][PASSED] - requestIdWeb = findWebElement(dynamicTestObject, 10): Found web element by test object 

30-08-2024T20:50:50 - [MESSAGE][PASSED] - Found web element by test object 

30-08-2024T20:50:50 - [TEST_STEP][PASSED] - if (getText().equals(requestIdValue)): null

30-08-2024T20:50:50 - [TEST_STEP][PASSED] - dynamicXpath = "//table[@class='table display compact nowrap cell-border hover dataTable no-footer']/tbody/tr[" + row + "]/td[2]": null

30-08-2024T20:50:50 - [TEST_STEP][PASSED] - dynamicTestObject.addProperty("xpath", EQUALS, dynamicXpath): null

30-08-2024T20:50:50 - [TEST_STEP][PASSED] - requestIdWeb = findWebElement(dynamicTestObject, 10): Found web element by test object 

30-08-2024T20:50:50 - [MESSAGE][PASSED] - Found web element by test object 

30-08-2024T20:50:50 - [TEST_STEP][PASSED] - if (getText().equals(requestIdValue)): null

30-08-2024T20:50:50 - [TEST_STEP][PASSED] - dynamicXpath = "//table[@class='table display compact nowrap cell-border hover dataTable no-footer']/tbody/tr[" + row + "]/td[2]": null

30-08-2024T20:50:50 - [TEST_STEP][PASSED] - dynamicTestObject.addProperty("xpath", EQUALS, dynamicXpath): null

30-08-2024T20:50:50 - [TEST_STEP][PASSED] - requestIdWeb = findWebElement(dynamicTestObject, 10): Found web element by test object 

30-08-2024T20:50:50 - [MESSAGE][PASSED] - Found web element by test object 

30-08-2024T20:50:50 - [TEST_STEP][PASSED] - if (getText().equals(requestIdValue)): null

30-08-2024T20:50:50 - [TEST_STEP][PASSED] - dynamicXpath = "//table[@class='table display compact nowrap cell-border hover dataTable no-footer']/tbody/tr[" + row + "]/td[2]": null

30-08-2024T20:50:50 - [TEST_STEP][PASSED] - dynamicTestObject.addProperty("xpath", EQUALS, dynamicXpath): null

30-08-2024T20:50:50 - [TEST_STEP][PASSED] - requestIdWeb = findWebElement(dynamicTestObject, 10): Found web element by test object 

30-08-2024T20:50:51 - [MESSAGE][PASSED] - Found web element by test object 

30-08-2024T20:50:51 - [TEST_STEP][PASSED] - if (getText().equals(requestIdValue)): null

30-08-2024T20:50:51 - [TEST_STEP][PASSED] - dynamicXpath = "//table[@class='table display compact nowrap cell-border hover dataTable no-footer']/tbody/tr[" + row + "]/td[2]": null

30-08-2024T20:50:51 - [TEST_STEP][PASSED] - dynamicTestObject.addProperty("xpath", EQUALS, dynamicXpath): null

30-08-2024T20:50:51 - [TEST_STEP][PASSED] - requestIdWeb = findWebElement(dynamicTestObject, 10): Found web element by test object 

30-08-2024T20:50:51 - [MESSAGE][PASSED] - Found web element by test object 

30-08-2024T20:50:51 - [TEST_STEP][PASSED] - if (getText().equals(requestIdValue)): null

30-08-2024T20:50:51 - [TEST_STEP][PASSED] - dynamicXpath = "//table[@class='table display compact nowrap cell-border hover dataTable no-footer']/tbody/tr[" + row + "]/td[2]": null

30-08-2024T20:50:51 - [TEST_STEP][PASSED] - dynamicTestObject.addProperty("xpath", EQUALS, dynamicXpath): null

30-08-2024T20:50:51 - [TEST_STEP][PASSED] - requestIdWeb = findWebElement(dynamicTestObject, 10): Found web element by test object 

30-08-2024T20:50:52 - [MESSAGE][PASSED] - Found web element by test object 

30-08-2024T20:50:52 - [TEST_STEP][PASSED] - if (getText().equals(requestIdValue)): null

30-08-2024T20:50:52 - [TEST_STEP][PASSED] - dynamicXpathRefundFop = "//table[@class='table display compact nowrap cell-border hover dataTable no-footer']/tbody/tr[" + row + "]/td[11]": null

30-08-2024T20:50:52 - [TEST_STEP][PASSED] - dynamicXpathRefundAmount = "//table[@class='table display compact nowrap cell-border hover dataTable no-footer']/tbody/tr[" + row + "]/td[9]": null

30-08-2024T20:50:52 - [TEST_STEP][PASSED] - dynamicTestObject.addProperty("xpath", EQUALS, dynamicXpathRefundFop): null

30-08-2024T20:50:52 - [TEST_STEP][PASSED] - fopWebElement = findWebElement(dynamicTestObject, 10): Found web element by test object 

30-08-2024T20:50:52 - [MESSAGE][PASSED] - Found web element by test object 

30-08-2024T20:50:52 - [TEST_STEP][PASSED] - refundFopPaidLocally_web = fopWebElement.getText(): null

30-08-2024T20:50:52 - [TEST_STEP][PASSED] - println(refundFopPaidLocally_web): null

30-08-2024T20:50:52 - [TEST_STEP][PASSED] - dynamicTestObject.addProperty("xpath", EQUALS, dynamicXpathRefundAmount): null

30-08-2024T20:50:52 - [TEST_STEP][PASSED] - refundAmountWebElement = findWebElement(dynamicTestObject, 10): Found web element by test object 

30-08-2024T20:50:52 - [MESSAGE][PASSED] - Found web element by test object 

30-08-2024T20:50:52 - [TEST_STEP][PASSED] - refundAmount_web = refundAmountWebElement.getText(): null

30-08-2024T20:50:52 - [TEST_STEP][PASSED] - doubleValue1 = Double.parseDouble(refundAmount_web): null

30-08-2024T20:50:52 - [TEST_STEP][PASSED] - refundAmount_int = doubleValue1: null

30-08-2024T20:50:52 - [TEST_STEP][PASSED] - refundAmount_web = refundAmount_int.toString(): null

30-08-2024T20:50:52 - [TEST_STEP][PASSED] - println(refundAmount_web): null

30-08-2024T20:50:52 - [TEST_STEP][PASSED] - break: null

30-08-2024T20:50:52 - [TEST_STEP][PASSED] - verifyMatch(refundFopPaidLocally_web, fop_types_dbValue, true, CONTINUE_ON_FAILURE): Actual text 'CA' and expected text 'CA' are matched  using regular expression

30-08-2024T20:50:52 - [MESSAGE][PASSED] - Actual text 'CA' and expected text 'CA' are matched  using regular expression

30-08-2024T20:50:52 - [TEST_STEP][PASSED] - verifyMatch(refundAmount_web, paid_amount_dbValue, true, CONTINUE_ON_FAILURE): Actual text '3000' and expected text '3000' are matched  using regular expression

30-08-2024T20:50:52 - [MESSAGE][PASSED] - Actual text '3000' and expected text '3000' are matched  using regular expression

30-08-2024T20:50:52 - [TEST_STEP][PASSED] - closeBrowser(): Browser is closed

30-08-2024T20:50:53 - [MESSAGE][PASSED] - Browser is closed]]></system-out>
         <system-err><![CDATA[]]></system-err>
      </testcase>
      <testcase name="Test Cases/MOZ-10510/TC 9_MOZ_11450 Verifies that the internal configuration in the database is correctly set up to define the form of payments visible in the Local Settlements module" time="101.297" classname="Test Cases/MOZ-10510/TC 9_MOZ_11450 Verifies that the internal configuration in the database is correctly set up to define the form of payments visible in the Local Settlements module" status="PASSED">
         <system-out><![CDATA[30-08-2024T20:50:53 - [TEST_CASE][PASSED] - Test Cases/MOZ-10510/TC 9_MOZ_11450 Verifies that the internal configuration in the database is correctly set up to define the form of payments visible in the Local Settlements module: Test Cases/MOZ-10510/TC 9_MOZ_11450 Verifies that the internal configuration in the database is correctly set up to define the form of payments visible in the Local Settlements module

30-08-2024T20:50:54 - [TEST_STEP][PASSED] - Table_md_rfnd_local_settlement = database.DatabaseUtils.checkTableExists("md_rfnd_local_settlement"): database.DatabaseUtils.checkTableExists is PASSED

30-08-2024T20:51:00 - [MESSAGE][INFO] - Table md_rfnd_local_settlement exists.

30-08-2024T20:51:00 - [MESSAGE][PASSED] - database.DatabaseUtils.checkTableExists is PASSED

30-08-2024T20:51:00 - [TEST_STEP][PASSED] - verifyEqual(Table_md_rfnd_local_settlement, true, CONTINUE_ON_FAILURE): Actual object 'true' and expected object 'true' are equal

30-08-2024T20:51:00 - [MESSAGE][PASSED] - Actual object 'true' and expected object 'true' are equal

30-08-2024T20:51:00 - [TEST_STEP][PASSED] - Column_paid_locally = database.DatabaseUtils.checkColumnExist("mc_fop_types", "paid_locally"): database.DatabaseUtils.checkColumnExist is PASSED

30-08-2024T20:51:05 - [MESSAGE][PASSED] - database.DatabaseUtils.checkColumnExist is PASSED

30-08-2024T20:51:05 - [TEST_STEP][PASSED] - verifyEqual(Column_paid_locally, true, CONTINUE_ON_FAILURE): Actual object 'true' and expected object 'true' are equal

30-08-2024T20:51:05 - [MESSAGE][PASSED] - Actual object 'true' and expected object 'true' are equal

30-08-2024T20:51:05 - [TEST_STEP][PASSED] - rowCount = database.DatabaseUtils.getRowCount("select * from bdmozart.mc_fop_types where paid_locally = 't'"): database.DatabaseUtils.getRowCount is PASSED

30-08-2024T20:51:09 - [MESSAGE][PASSED] - database.DatabaseUtils.getRowCount is PASSED

30-08-2024T20:51:09 - [TEST_STEP][PASSED] - DataBaseEnableFopList = new java.util.ArrayList(): null

30-08-2024T20:51:09 - [TEST_STEP][PASSED] - FilterFopList = new java.util.ArrayList(): null

30-08-2024T20:51:09 - [TEST_STEP][PASSED] - for ([i = 1, i <= rowCount, (i++)]): null

30-08-2024T20:51:09 - [TEST_STEP][PASSED] - enableFop = database.DatabaseUtils.executeQuery("select * from bdmozart.mc_fop_types where paid_locally = 't'", "fop_type", i): database.DatabaseUtils.executeQuery is PASSED

30-08-2024T20:51:14 - [MESSAGE][PASSED] - database.DatabaseUtils.executeQuery is PASSED

30-08-2024T20:51:14 - [TEST_STEP][PASSED] - println(enableFop): null

30-08-2024T20:51:14 - [TEST_STEP][PASSED] - DataBaseEnableFopList.add(enableFop): null

30-08-2024T20:51:14 - [TEST_STEP][PASSED] - enableFop = database.DatabaseUtils.executeQuery("select * from bdmozart.mc_fop_types where paid_locally = 't'", "fop_type", i): database.DatabaseUtils.executeQuery is PASSED

30-08-2024T20:51:19 - [MESSAGE][PASSED] - database.DatabaseUtils.executeQuery is PASSED

30-08-2024T20:51:19 - [TEST_STEP][PASSED] - println(enableFop): null

30-08-2024T20:51:19 - [TEST_STEP][PASSED] - DataBaseEnableFopList.add(enableFop): null

30-08-2024T20:51:19 - [TEST_STEP][PASSED] - enableFop = database.DatabaseUtils.executeQuery("select * from bdmozart.mc_fop_types where paid_locally = 't'", "fop_type", i): database.DatabaseUtils.executeQuery is PASSED

30-08-2024T20:51:25 - [MESSAGE][PASSED] - database.DatabaseUtils.executeQuery is PASSED

30-08-2024T20:51:25 - [TEST_STEP][PASSED] - println(enableFop): null

30-08-2024T20:51:25 - [TEST_STEP][PASSED] - DataBaseEnableFopList.add(enableFop): null

30-08-2024T20:51:25 - [TEST_STEP][PASSED] - demoPackage.MozartLogin.LoginWithChromeForEK(): demoPackage.MozartLogin.LoginWithChromeForEK is PASSED

30-08-2024T20:51:25 - [MESSAGE][INFO] - Starting 'Chrome' driver

30-08-2024T20:51:25 - [MESSAGE][INFO] - Action delay is set to 0 milliseconds

30-08-2024T20:51:26 - [MESSAGE][PASSED] - Browser is opened with url: ''

30-08-2024T20:51:27 - [MESSAGE][PASSED] - Navigate to 'https://accelyacomtest.accelya.local/MozartTest/AirlinesHub/Index' successfully

30-08-2024T20:51:27 - [MESSAGE][PASSED] - Current window maximized

30-08-2024T20:51:27 - [MESSAGE][PASSED] - Object: 'Object Repository/MozartChrome/ChromeAdvance/ClickOnAdvanceButton' is clicked on

30-08-2024T20:51:46 - [MESSAGE][PASSED] - Object: 'Object Repository/MozartChrome/ChromeAdvance/ProccedLink' is clicked on

30-08-2024T20:51:47 - [MESSAGE][PASSED] - Text 'supermozart' is set on object 'Object Repository/MozartChrome/Page_/input_Username_Login'

30-08-2024T20:51:47 - [MESSAGE][PASSED] - Object: 'Object Repository/MozartChrome/Page_/button_Next' is clicked on

30-08-2024T20:51:48 - [MESSAGE][PASSED] - Text 'Accelya.1' is set on object 'Object Repository/MozartChrome/Page_/input_Password_Password'

30-08-2024T20:51:49 - [MESSAGE][PASSED] - Object: 'Object Repository/MozartChrome/Page_/button_Sign in' is clicked on

30-08-2024T20:52:25 - [MESSAGE][PASSED] - Object: 'Object Repository/MozartChrome/Page_Mozart - AirlinesHub/button_Please select' is clicked on

30-08-2024T20:52:25 - [MESSAGE][PASSED] - Object: 'Object Repository/EK_Objects/Page_Mozart - AirlinesHub/a_176 Emirates' is clicked on

30-08-2024T20:52:28 - [MESSAGE][PASSED] - Object: 'Object Repository/MozartChrome/Page_Mozart - AirlinesHub/a_Select' is clicked on

30-08-2024T20:52:28 - [MESSAGE][PASSED] - demoPackage.MozartLogin.LoginWithChromeForEK is PASSED

30-08-2024T20:52:28 - [TEST_STEP][PASSED] - click(findTestObject("EK_Objects/Page_Mozart - Dashboard/a_Refunds")): Object: 'Object Repository/EK_Objects/Page_Mozart - Dashboard/a_Refunds' is clicked on

30-08-2024T20:52:29 - [MESSAGE][PASSED] - Object: 'Object Repository/EK_Objects/Page_Mozart - Dashboard/a_Refunds' is clicked on

30-08-2024T20:52:29 - [TEST_STEP][PASSED] - click(findTestObject("EK_Objects/Page_Mozart - Dashboard/Click_On_Local_Settlements")): Object: 'Object Repository/EK_Objects/Page_Mozart - Dashboard/Click_On_Local_Settlements' is clicked on

30-08-2024T20:52:30 - [MESSAGE][PASSED] - Object: 'Object Repository/EK_Objects/Page_Mozart - Dashboard/Click_On_Local_Settlements' is clicked on

30-08-2024T20:52:30 - [TEST_STEP][PASSED] - click(findTestObject("EK_Objects/Page_Mozart - LocalSettlements/filter_button")): Object: 'Object Repository/EK_Objects/Page_Mozart - LocalSettlements/filter_button' is clicked on

30-08-2024T20:52:32 - [MESSAGE][PASSED] - Object: 'Object Repository/EK_Objects/Page_Mozart - LocalSettlements/filter_button' is clicked on

30-08-2024T20:52:32 - [TEST_STEP][PASSED] - click(findTestObject("Object Repository/EK_Objects/Page_Mozart - LocalSettlements/textbox_filter_r2_c3")): Object: 'Object Repository/EK_Objects/Page_Mozart - LocalSettlements/textbox_filter_r2_c3' is clicked on

30-08-2024T20:52:32 - [MESSAGE][PASSED] - Object: 'Object Repository/EK_Objects/Page_Mozart - LocalSettlements/textbox_filter_r2_c3' is clicked on

30-08-2024T20:52:32 - [TEST_STEP][PASSED] - FopValues = findWebElements(findTestObject("EK_Objects/Page_Mozart - LocalSettlements/filter_RefundFopPaidLocally_values"), 10): Found web elements by test object Object Repository/EK_Objects/Page_Mozart - LocalSettlements/filter_RefundFopPaidLocally_values

30-08-2024T20:52:33 - [MESSAGE][PASSED] - Found web elements by test object Object Repository/EK_Objects/Page_Mozart - LocalSettlements/filter_RefundFopPaidLocally_values

30-08-2024T20:52:33 - [TEST_STEP][PASSED] - dynamicTestObject = new com.kms.katalon.core.testobject.TestObject(): null

30-08-2024T20:52:33 - [TEST_STEP][PASSED] - println(FopValues.size()): null

30-08-2024T20:52:33 - [TEST_STEP][PASSED] - for ([row = 1, row <= FopValues.size(), (row++)]): null

30-08-2024T20:52:33 - [TEST_STEP][PASSED] - dynamicXPath = "(//div[@id='bs-select-16']/ul[@class='dropdown-menu inner show']/li)[" + row + "]": null

30-08-2024T20:52:33 - [TEST_STEP][PASSED] - dynamicTestObject.addProperty("xpath", EQUALS, dynamicXPath): null

30-08-2024T20:52:33 - [TEST_STEP][PASSED] - editButtonElement = findWebElement(dynamicTestObject, 10): Found web element by test object 

30-08-2024T20:52:33 - [MESSAGE][PASSED] - Found web element by test object 

30-08-2024T20:52:33 - [TEST_STEP][PASSED] - FilterFopList.add(editButtonElement.getText()): null

30-08-2024T20:52:33 - [TEST_STEP][PASSED] - println(editButtonElement.getText()): null

30-08-2024T20:52:33 - [TEST_STEP][PASSED] - dynamicXPath = "(//div[@id='bs-select-16']/ul[@class='dropdown-menu inner show']/li)[" + row + "]": null

30-08-2024T20:52:33 - [TEST_STEP][PASSED] - dynamicTestObject.addProperty("xpath", EQUALS, dynamicXPath): null

30-08-2024T20:52:33 - [TEST_STEP][PASSED] - editButtonElement = findWebElement(dynamicTestObject, 10): Found web element by test object 

30-08-2024T20:52:33 - [MESSAGE][PASSED] - Found web element by test object 

30-08-2024T20:52:33 - [TEST_STEP][PASSED] - FilterFopList.add(editButtonElement.getText()): null

30-08-2024T20:52:33 - [TEST_STEP][PASSED] - println(editButtonElement.getText()): null

30-08-2024T20:52:33 - [TEST_STEP][PASSED] - dynamicXPath = "(//div[@id='bs-select-16']/ul[@class='dropdown-menu inner show']/li)[" + row + "]": null

30-08-2024T20:52:33 - [TEST_STEP][PASSED] - dynamicTestObject.addProperty("xpath", EQUALS, dynamicXPath): null

30-08-2024T20:52:33 - [TEST_STEP][PASSED] - editButtonElement = findWebElement(dynamicTestObject, 10): Found web element by test object 

30-08-2024T20:52:33 - [MESSAGE][PASSED] - Found web element by test object 

30-08-2024T20:52:33 - [TEST_STEP][PASSED] - FilterFopList.add(editButtonElement.getText()): null

30-08-2024T20:52:33 - [TEST_STEP][PASSED] - println(editButtonElement.getText()): null

30-08-2024T20:52:33 - [TEST_STEP][PASSED] - verifyMatch(size().toString(), size().toString(), true, CONTINUE_ON_FAILURE): Actual text '3' and expected text '3' are matched  using regular expression

30-08-2024T20:52:33 - [MESSAGE][PASSED] - Actual text '3' and expected text '3' are matched  using regular expression

30-08-2024T20:52:33 - [TEST_STEP][PASSED] - uniqueFopValues = new java.util.HashSet(): null

30-08-2024T20:52:34 - [TEST_STEP][PASSED] - try: null

30-08-2024T20:52:34 - [TEST_STEP][PASSED] - for ([i = 0, i < FilterFopList.size(), (i++)]): null

30-08-2024T20:52:34 - [TEST_STEP][PASSED] - uniqueFopValues.add(get(i).substring(0, 2)): null

30-08-2024T20:52:34 - [TEST_STEP][PASSED] - uniqueFopValues.add(get(i).substring(0, 2)): null

30-08-2024T20:52:34 - [TEST_STEP][PASSED] - uniqueFopValues.add(get(i).substring(0, 2)): null

30-08-2024T20:52:34 - [TEST_STEP][PASSED] - webFopValues = new java.util.ArrayList(uniqueFopValues): null

30-08-2024T20:52:34 - [TEST_STEP][PASSED] - Collections.sort(webFopValues): null

30-08-2024T20:52:34 - [TEST_STEP][PASSED] - Collections.sort(DataBaseEnableFopList): null

30-08-2024T20:52:34 - [TEST_STEP][PASSED] - for ([i = 0, i < DataBaseEnableFopList.size(), (i++)]): Actual text 'CQ' and expected text 'CQ' are matched  using regular expression

30-08-2024T20:52:34 - [TEST_STEP][PASSED] - verifyMatch(webFopValues[i], DataBaseEnableFopList[i], true, CONTINUE_ON_FAILURE): Actual text 'BT' and expected text 'BT' are matched  using regular expression

30-08-2024T20:52:34 - [MESSAGE][PASSED] - Actual text 'BT' and expected text 'BT' are matched  using regular expression

30-08-2024T20:52:34 - [TEST_STEP][PASSED] - verifyMatch(webFopValues[i], DataBaseEnableFopList[i], true, CONTINUE_ON_FAILURE): Actual text 'CA' and expected text 'CA' are matched  using regular expression

30-08-2024T20:52:34 - [MESSAGE][PASSED] - Actual text 'CA' and expected text 'CA' are matched  using regular expression

30-08-2024T20:52:34 - [TEST_STEP][PASSED] - verifyMatch(webFopValues[i], DataBaseEnableFopList[i], true, CONTINUE_ON_FAILURE): Actual text 'CQ' and expected text 'CQ' are matched  using regular expression

30-08-2024T20:52:34 - [MESSAGE][PASSED] - Actual text 'CQ' and expected text 'CQ' are matched  using regular expression

30-08-2024T20:52:34 - [TEST_STEP][PASSED] - utilityClass.CustomSoftAssert.assertAll(): utilityClass.CustomSoftAssert.assertAll is PASSED

30-08-2024T20:52:34 - [MESSAGE][PASSED] - utilityClass.CustomSoftAssert.assertAll is PASSED

30-08-2024T20:52:34 - [TEST_STEP][PASSED] - closeBrowser(): Browser is closed

30-08-2024T20:52:34 - [MESSAGE][PASSED] - Browser is closed]]></system-out>
         <system-err><![CDATA[]]></system-err>
      </testcase>
      <testcase name="Test Cases/MOZ-10510/TC 8_MOZ_11449 Verify the Availability of Group By,My Filters, and Download Options in the Local Settlements Module" time="41.551" classname="Test Cases/MOZ-10510/TC 8_MOZ_11449 Verify the Availability of Group By,My Filters, and Download Options in the Local Settlements Module" status="PASSED">
         <system-out><![CDATA[30-08-2024T20:52:34 - [TEST_CASE][PASSED] - Test Cases/MOZ-10510/TC 8_MOZ_11449 Verify the Availability of Group By,My Filters, and Download Options in the Local Settlements Module: Test Cases/MOZ-10510/TC 8_MOZ_11449 Verify the Availability of Group By,My Filters, and Download Options in the Local Settlements Module

30-08-2024T20:52:34 - [TEST_STEP][PASSED] - demoPackage.MozartLogin.LoginWithChromeForEK(): demoPackage.MozartLogin.LoginWithChromeForEK is PASSED

30-08-2024T20:52:34 - [MESSAGE][INFO] - Starting 'Chrome' driver

30-08-2024T20:52:34 - [MESSAGE][INFO] - Action delay is set to 0 milliseconds

30-08-2024T20:52:36 - [MESSAGE][PASSED] - Browser is opened with url: ''

30-08-2024T20:52:37 - [MESSAGE][PASSED] - Navigate to 'https://accelyacomtest.accelya.local/MozartTest/AirlinesHub/Index' successfully

30-08-2024T20:52:37 - [MESSAGE][PASSED] - Current window maximized

30-08-2024T20:52:37 - [MESSAGE][PASSED] - Object: 'Object Repository/MozartChrome/ChromeAdvance/ClickOnAdvanceButton' is clicked on

30-08-2024T20:52:53 - [MESSAGE][PASSED] - Object: 'Object Repository/MozartChrome/ChromeAdvance/ProccedLink' is clicked on

30-08-2024T20:52:54 - [MESSAGE][PASSED] - Text 'supermozart' is set on object 'Object Repository/MozartChrome/Page_/input_Username_Login'

30-08-2024T20:52:54 - [MESSAGE][PASSED] - Object: 'Object Repository/MozartChrome/Page_/button_Next' is clicked on

30-08-2024T20:52:55 - [MESSAGE][PASSED] - Text 'Accelya.1' is set on object 'Object Repository/MozartChrome/Page_/input_Password_Password'

30-08-2024T20:52:55 - [MESSAGE][PASSED] - Object: 'Object Repository/MozartChrome/Page_/button_Sign in' is clicked on

30-08-2024T20:53:08 - [MESSAGE][PASSED] - Object: 'Object Repository/MozartChrome/Page_Mozart - AirlinesHub/button_Please select' is clicked on

30-08-2024T20:53:08 - [MESSAGE][PASSED] - Object: 'Object Repository/EK_Objects/Page_Mozart - AirlinesHub/a_176 Emirates' is clicked on

30-08-2024T20:53:11 - [MESSAGE][PASSED] - Object: 'Object Repository/MozartChrome/Page_Mozart - AirlinesHub/a_Select' is clicked on

30-08-2024T20:53:11 - [MESSAGE][PASSED] - demoPackage.MozartLogin.LoginWithChromeForEK is PASSED

30-08-2024T20:53:11 - [TEST_STEP][PASSED] - click(findTestObject("EK_Objects/Page_Mozart - Dashboard/a_Refunds")): Object: 'Object Repository/EK_Objects/Page_Mozart - Dashboard/a_Refunds' is clicked on

30-08-2024T20:53:11 - [MESSAGE][PASSED] - Object: 'Object Repository/EK_Objects/Page_Mozart - Dashboard/a_Refunds' is clicked on

30-08-2024T20:53:11 - [TEST_STEP][PASSED] - click(findTestObject("EK_Objects/Page_Mozart - Dashboard/Click_On_Local_Settlements")): Object: 'Object Repository/EK_Objects/Page_Mozart - Dashboard/Click_On_Local_Settlements' is clicked on

30-08-2024T20:53:14 - [MESSAGE][PASSED] - Object: 'Object Repository/EK_Objects/Page_Mozart - Dashboard/Click_On_Local_Settlements' is clicked on

30-08-2024T20:53:14 - [TEST_STEP][PASSED] - verifyElementPresent(findTestObject("EK_Objects/Page_Mozart - LocalSettlements/filter_button"), 5, STOP_ON_FAILURE): Object 'Object Repository/EK_Objects/Page_Mozart - LocalSettlements/filter_button' is present

30-08-2024T20:53:16 - [MESSAGE][PASSED] - Object 'Object Repository/EK_Objects/Page_Mozart - LocalSettlements/filter_button' is present

30-08-2024T20:53:16 - [TEST_STEP][PASSED] - verifyElementPresent(findTestObject("EK_Objects/Page_Mozart - LocalSettlements/groupBy_button"), 5, STOP_ON_FAILURE): Object 'Object Repository/EK_Objects/Page_Mozart - LocalSettlements/groupBy_button' is present

30-08-2024T20:53:16 - [MESSAGE][PASSED] - Object 'Object Repository/EK_Objects/Page_Mozart - LocalSettlements/groupBy_button' is present]]></system-out>
         <system-err><![CDATA[]]></system-err>
      </testcase>
      <testcase name="Test Cases/MOZ-10510/TC 7_MOZ_11448 Verify Grid Display in the Local Settlements Module" time="37.863" classname="Test Cases/MOZ-10510/TC 7_MOZ_11448 Verify Grid Display in the Local Settlements Module" status="PASSED">
         <system-out><![CDATA[30-08-2024T20:53:16 - [TEST_CASE][PASSED] - Test Cases/MOZ-10510/TC 7_MOZ_11448 Verify Grid Display in the Local Settlements Module: Test Cases/MOZ-10510/TC 7_MOZ_11448 Verify Grid Display in the Local Settlements Module

30-08-2024T20:53:16 - [TEST_STEP][PASSED] - demoPackage.MozartLogin.LoginWithChromeForEK(): demoPackage.MozartLogin.LoginWithChromeForEK is PASSED

30-08-2024T20:53:16 - [MESSAGE][WARNING] - A browser is already opened. Closing browser and opening a new one

30-08-2024T20:53:17 - [MESSAGE][INFO] - Starting 'Chrome' driver

30-08-2024T20:53:17 - [MESSAGE][INFO] - Action delay is set to 0 milliseconds

30-08-2024T20:53:18 - [MESSAGE][PASSED] - Browser is opened with url: ''

30-08-2024T20:53:19 - [MESSAGE][PASSED] - Navigate to 'https://accelyacomtest.accelya.local/MozartTest/AirlinesHub/Index' successfully

30-08-2024T20:53:19 - [MESSAGE][PASSED] - Current window maximized

30-08-2024T20:53:19 - [MESSAGE][PASSED] - Object: 'Object Repository/MozartChrome/ChromeAdvance/ClickOnAdvanceButton' is clicked on

30-08-2024T20:53:33 - [MESSAGE][PASSED] - Object: 'Object Repository/MozartChrome/ChromeAdvance/ProccedLink' is clicked on

30-08-2024T20:53:33 - [MESSAGE][PASSED] - Text 'supermozart' is set on object 'Object Repository/MozartChrome/Page_/input_Username_Login'

30-08-2024T20:53:34 - [MESSAGE][PASSED] - Object: 'Object Repository/MozartChrome/Page_/button_Next' is clicked on

30-08-2024T20:53:35 - [MESSAGE][PASSED] - Text 'Accelya.1' is set on object 'Object Repository/MozartChrome/Page_/input_Password_Password'

30-08-2024T20:53:35 - [MESSAGE][PASSED] - Object: 'Object Repository/MozartChrome/Page_/button_Sign in' is clicked on

30-08-2024T20:53:46 - [MESSAGE][PASSED] - Object: 'Object Repository/MozartChrome/Page_Mozart - AirlinesHub/button_Please select' is clicked on

30-08-2024T20:53:46 - [MESSAGE][PASSED] - Object: 'Object Repository/EK_Objects/Page_Mozart - AirlinesHub/a_176 Emirates' is clicked on

30-08-2024T20:53:49 - [MESSAGE][PASSED] - Object: 'Object Repository/MozartChrome/Page_Mozart - AirlinesHub/a_Select' is clicked on

30-08-2024T20:53:49 - [MESSAGE][PASSED] - demoPackage.MozartLogin.LoginWithChromeForEK is PASSED

30-08-2024T20:53:49 - [TEST_STEP][PASSED] - click(findTestObject("EK_Objects/Page_Mozart - Dashboard/a_Refunds")): Object: 'Object Repository/EK_Objects/Page_Mozart - Dashboard/a_Refunds' is clicked on

30-08-2024T20:53:49 - [MESSAGE][PASSED] - Object: 'Object Repository/EK_Objects/Page_Mozart - Dashboard/a_Refunds' is clicked on

30-08-2024T20:53:49 - [TEST_STEP][PASSED] - click(findTestObject("EK_Objects/Page_Mozart - Dashboard/Click_On_Local_Settlements")): Object: 'Object Repository/EK_Objects/Page_Mozart - Dashboard/Click_On_Local_Settlements' is clicked on

30-08-2024T20:53:51 - [MESSAGE][PASSED] - Object: 'Object Repository/EK_Objects/Page_Mozart - Dashboard/Click_On_Local_Settlements' is clicked on

30-08-2024T20:53:51 - [TEST_STEP][PASSED] - listOfHeaderColumns = findWebElements(findTestObject("EK_Objects/Page_Mozart - LocalSettlements/filterTable_headers"), 10): Found web elements by test object Object Repository/EK_Objects/Page_Mozart - LocalSettlements/filterTable_headers

30-08-2024T20:53:53 - [MESSAGE][PASSED] - Found web elements by test object Object Repository/EK_Objects/Page_Mozart - LocalSettlements/filterTable_headers

30-08-2024T20:53:53 - [TEST_STEP][PASSED] - println(listOfHeaderColumns.size()): null

30-08-2024T20:53:53 - [TEST_STEP][PASSED] - elements = ["Request Id", "Processing Date (yyyy-mm-dd)", "Ticket Number", "Request Number", "Passenger Name", "Country", "Agent code", "Refund Amount", "Currency", "Refund FOP Paid Locally", "Reason"]: null

30-08-2024T20:53:53 - [TEST_STEP][PASSED] - for ([i = 1, i < listOfHeaderColumns.size(), (i++)]): Actual text 'Reason' and expected text 'Reason' are matched 

30-08-2024T20:53:53 - [TEST_STEP][PASSED] - if (i == listOfHeaderColumns.size() / 2): null

30-08-2024T20:53:53 - [TEST_STEP][PASSED] - println(get(i).getText() + " " + i): null

30-08-2024T20:53:53 - [TEST_STEP][PASSED] - verifyMatch(get(i).getText(), elements[i - 1], false): Actual text 'Request Id' and expected text 'Request Id' are matched 

30-08-2024T20:53:53 - [MESSAGE][PASSED] - Actual text 'Request Id' and expected text 'Request Id' are matched 

30-08-2024T20:53:53 - [TEST_STEP][PASSED] - if (i == listOfHeaderColumns.size() / 2): null

30-08-2024T20:53:53 - [TEST_STEP][PASSED] - println(get(i).getText() + " " + i): null

30-08-2024T20:53:53 - [TEST_STEP][PASSED] - verifyMatch(get(i).getText(), elements[i - 1], false): Actual text 'Processing Date (yyyy-mm-dd)' and expected text 'Processing Date (yyyy-mm-dd)' are matched 

30-08-2024T20:53:53 - [MESSAGE][PASSED] - Actual text 'Processing Date (yyyy-mm-dd)' and expected text 'Processing Date (yyyy-mm-dd)' are matched 

30-08-2024T20:53:53 - [TEST_STEP][PASSED] - if (i == listOfHeaderColumns.size() / 2): null

30-08-2024T20:53:53 - [TEST_STEP][PASSED] - println(get(i).getText() + " " + i): null

30-08-2024T20:53:53 - [TEST_STEP][PASSED] - verifyMatch(get(i).getText(), elements[i - 1], false): Actual text 'Ticket Number' and expected text 'Ticket Number' are matched 

30-08-2024T20:53:53 - [MESSAGE][PASSED] - Actual text 'Ticket Number' and expected text 'Ticket Number' are matched 

30-08-2024T20:53:53 - [TEST_STEP][PASSED] - if (i == listOfHeaderColumns.size() / 2): null

30-08-2024T20:53:53 - [TEST_STEP][PASSED] - println(get(i).getText() + " " + i): null

30-08-2024T20:53:53 - [TEST_STEP][PASSED] - verifyMatch(get(i).getText(), elements[i - 1], false): Actual text 'Request Number' and expected text 'Request Number' are matched 

30-08-2024T20:53:53 - [MESSAGE][PASSED] - Actual text 'Request Number' and expected text 'Request Number' are matched 

30-08-2024T20:53:53 - [TEST_STEP][PASSED] - if (i == listOfHeaderColumns.size() / 2): null

30-08-2024T20:53:53 - [TEST_STEP][PASSED] - println(get(i).getText() + " " + i): null

30-08-2024T20:53:53 - [TEST_STEP][PASSED] - verifyMatch(get(i).getText(), elements[i - 1], false): Actual text 'Passenger Name' and expected text 'Passenger Name' are matched 

30-08-2024T20:53:53 - [MESSAGE][PASSED] - Actual text 'Passenger Name' and expected text 'Passenger Name' are matched 

30-08-2024T20:53:53 - [TEST_STEP][PASSED] - if (i == listOfHeaderColumns.size() / 2): utilityClass.GenericMethods.scrollRight is PASSED

30-08-2024T20:53:53 - [TEST_STEP][PASSED] - utilityClass.GenericMethods.scrollRight(): utilityClass.GenericMethods.scrollRight is PASSED

30-08-2024T20:53:53 - [MESSAGE][PASSED] - Execute JavaScript 'document.querySelector('.dataTables_scrollBody').scrollLeft = 1000;' successfully

30-08-2024T20:53:53 - [MESSAGE][PASSED] - utilityClass.GenericMethods.scrollRight is PASSED

30-08-2024T20:53:53 - [TEST_STEP][PASSED] - println(get(i).getText() + " " + i): null

30-08-2024T20:53:53 - [TEST_STEP][PASSED] - verifyMatch(get(i).getText(), elements[i - 1], false): Actual text 'Country' and expected text 'Country' are matched 

30-08-2024T20:53:53 - [MESSAGE][PASSED] - Actual text 'Country' and expected text 'Country' are matched 

30-08-2024T20:53:53 - [TEST_STEP][PASSED] - if (i == listOfHeaderColumns.size() / 2): null

30-08-2024T20:53:53 - [TEST_STEP][PASSED] - println(get(i).getText() + " " + i): null

30-08-2024T20:53:53 - [TEST_STEP][PASSED] - verifyMatch(get(i).getText(), elements[i - 1], false): Actual text 'Agent code' and expected text 'Agent code' are matched 

30-08-2024T20:53:53 - [MESSAGE][PASSED] - Actual text 'Agent code' and expected text 'Agent code' are matched 

30-08-2024T20:53:53 - [TEST_STEP][PASSED] - if (i == listOfHeaderColumns.size() / 2): null

30-08-2024T20:53:53 - [TEST_STEP][PASSED] - println(get(i).getText() + " " + i): null

30-08-2024T20:53:53 - [TEST_STEP][PASSED] - verifyMatch(get(i).getText(), elements[i - 1], false): Actual text 'Refund Amount' and expected text 'Refund Amount' are matched 

30-08-2024T20:53:53 - [MESSAGE][PASSED] - Actual text 'Refund Amount' and expected text 'Refund Amount' are matched 

30-08-2024T20:53:53 - [TEST_STEP][PASSED] - if (i == listOfHeaderColumns.size() / 2): null

30-08-2024T20:53:53 - [TEST_STEP][PASSED] - println(get(i).getText() + " " + i): null

30-08-2024T20:53:53 - [TEST_STEP][PASSED] - verifyMatch(get(i).getText(), elements[i - 1], false): Actual text 'Currency' and expected text 'Currency' are matched 

30-08-2024T20:53:53 - [MESSAGE][PASSED] - Actual text 'Currency' and expected text 'Currency' are matched 

30-08-2024T20:53:53 - [TEST_STEP][PASSED] - if (i == listOfHeaderColumns.size() / 2): null

30-08-2024T20:53:53 - [TEST_STEP][PASSED] - println(get(i).getText() + " " + i): null

30-08-2024T20:53:53 - [TEST_STEP][PASSED] - verifyMatch(get(i).getText(), elements[i - 1], false): Actual text 'Refund FOP Paid Locally' and expected text 'Refund FOP Paid Locally' are matched 

30-08-2024T20:53:53 - [MESSAGE][PASSED] - Actual text 'Refund FOP Paid Locally' and expected text 'Refund FOP Paid Locally' are matched 

30-08-2024T20:53:53 - [TEST_STEP][PASSED] - if (i == listOfHeaderColumns.size() / 2): null

30-08-2024T20:53:53 - [TEST_STEP][PASSED] - println(get(i).getText() + " " + i): null

30-08-2024T20:53:53 - [TEST_STEP][PASSED] - verifyMatch(get(i).getText(), elements[i - 1], false): Actual text 'Reason' and expected text 'Reason' are matched 

30-08-2024T20:53:53 - [MESSAGE][PASSED] - Actual text 'Reason' and expected text 'Reason' are matched 

30-08-2024T20:53:53 - [TEST_STEP][PASSED] - utilityClass.CustomSoftAssert.assertAll(): utilityClass.CustomSoftAssert.assertAll is PASSED

30-08-2024T20:53:53 - [MESSAGE][PASSED] - utilityClass.CustomSoftAssert.assertAll is PASSED

30-08-2024T20:53:53 - [TEST_STEP][PASSED] - closeBrowser(): Browser is closed

30-08-2024T20:53:54 - [MESSAGE][PASSED] - Browser is closed]]></system-out>
         <system-err><![CDATA[]]></system-err>
      </testcase>
      <testcase name="Test Cases/MOZ-10510/TC 6_MOZ_11447 Verify Default Filtering Values in the Local Settlements Module" time="126.992" classname="Test Cases/MOZ-10510/TC 6_MOZ_11447 Verify Default Filtering Values in the Local Settlements Module" status="PASSED">
         <system-out><![CDATA[30-08-2024T20:53:54 - [TEST_CASE][PASSED] - Test Cases/MOZ-10510/TC 6_MOZ_11447 Verify Default Filtering Values in the Local Settlements Module: Test Cases/MOZ-10510/TC 6_MOZ_11447 Verify Default Filtering Values in the Local Settlements Module

30-08-2024T20:53:54 - [TEST_STEP][PASSED] - demoPackage.MozartLogin.LoginWithChromeForEK(): demoPackage.MozartLogin.LoginWithChromeForEK is PASSED

30-08-2024T20:53:54 - [MESSAGE][INFO] - Starting 'Chrome' driver

30-08-2024T20:53:54 - [MESSAGE][INFO] - Action delay is set to 0 milliseconds

30-08-2024T20:53:55 - [MESSAGE][PASSED] - Browser is opened with url: ''

30-08-2024T20:53:56 - [MESSAGE][PASSED] - Navigate to 'https://accelyacomtest.accelya.local/MozartTest/AirlinesHub/Index' successfully

30-08-2024T20:53:56 - [MESSAGE][PASSED] - Current window maximized

30-08-2024T20:53:56 - [MESSAGE][PASSED] - Object: 'Object Repository/MozartChrome/ChromeAdvance/ClickOnAdvanceButton' is clicked on

30-08-2024T20:54:09 - [MESSAGE][PASSED] - Object: 'Object Repository/MozartChrome/ChromeAdvance/ProccedLink' is clicked on

30-08-2024T20:54:10 - [MESSAGE][PASSED] - Text 'supermozart' is set on object 'Object Repository/MozartChrome/Page_/input_Username_Login'

30-08-2024T20:54:10 - [MESSAGE][PASSED] - Object: 'Object Repository/MozartChrome/Page_/button_Next' is clicked on

30-08-2024T20:54:11 - [MESSAGE][PASSED] - Text 'Accelya.1' is set on object 'Object Repository/MozartChrome/Page_/input_Password_Password'

30-08-2024T20:54:12 - [MESSAGE][PASSED] - Object: 'Object Repository/MozartChrome/Page_/button_Sign in' is clicked on

30-08-2024T20:54:39 - [MESSAGE][PASSED] - Object: 'Object Repository/MozartChrome/Page_Mozart - AirlinesHub/button_Please select' is clicked on

30-08-2024T20:54:39 - [MESSAGE][PASSED] - Object: 'Object Repository/EK_Objects/Page_Mozart - AirlinesHub/a_176 Emirates' is clicked on

30-08-2024T20:54:43 - [MESSAGE][PASSED] - Object: 'Object Repository/MozartChrome/Page_Mozart - AirlinesHub/a_Select' is clicked on

30-08-2024T20:54:43 - [MESSAGE][PASSED] - demoPackage.MozartLogin.LoginWithChromeForEK is PASSED

30-08-2024T20:54:43 - [TEST_STEP][PASSED] - click(findTestObject("EK_Objects/Page_Mozart - Dashboard/a_Refunds")): Object: 'Object Repository/EK_Objects/Page_Mozart - Dashboard/a_Refunds' is clicked on

30-08-2024T20:54:43 - [MESSAGE][PASSED] - Object: 'Object Repository/EK_Objects/Page_Mozart - Dashboard/a_Refunds' is clicked on

30-08-2024T20:54:43 - [TEST_STEP][PASSED] - click(findTestObject("EK_Objects/Page_Mozart - Dashboard/Click_On_Local_Settlements")): Object: 'Object Repository/EK_Objects/Page_Mozart - Dashboard/Click_On_Local_Settlements' is clicked on

30-08-2024T20:54:54 - [MESSAGE][PASSED] - Object: 'Object Repository/EK_Objects/Page_Mozart - Dashboard/Click_On_Local_Settlements' is clicked on

30-08-2024T20:54:54 - [TEST_STEP][PASSED] - click(findTestObject("EK_Objects/Page_Mozart - LocalSettlements/filter_button")): Object: 'Object Repository/EK_Objects/Page_Mozart - LocalSettlements/filter_button' is clicked on

30-08-2024T20:55:49 - [MESSAGE][PASSED] - Object: 'Object Repository/EK_Objects/Page_Mozart - LocalSettlements/filter_button' is clicked on

30-08-2024T20:55:49 - [TEST_STEP][PASSED] - verifyOptionSelectedByValue(findTestObject("EK_Objects/Page_Mozart - LocalSettlements/select_filter_column_r1_c1"), "date_processingdate", false, 5): All options with value 'date_processingdate' are selected in object 'Object Repository/EK_Objects/Page_Mozart - LocalSettlements/select_filter_column_r1_c1' 

30-08-2024T20:55:53 - [MESSAGE][PASSED] - All options with value 'date_processingdate' are selected in object 'Object Repository/EK_Objects/Page_Mozart - LocalSettlements/select_filter_column_r1_c1' 

30-08-2024T20:55:53 - [TEST_STEP][PASSED] - verifyOptionSelectedByValue(findTestObject("EK_Objects/Page_Mozart - LocalSettlements/select_filter_column_r2_c1"), "select_request_fop_settlem", false, 5): All options with value 'select_request_fop_settlem' are selected in object 'Object Repository/EK_Objects/Page_Mozart - LocalSettlements/select_filter_column_r2_c1' 

30-08-2024T20:55:57 - [MESSAGE][PASSED] - All options with value 'select_request_fop_settlem' are selected in object 'Object Repository/EK_Objects/Page_Mozart - LocalSettlements/select_filter_column_r2_c1' 

30-08-2024T20:55:57 - [TEST_STEP][PASSED] - verifyOptionSelectedByValue(findTestObject("EK_Objects/Page_Mozart - LocalSettlements/select_filter_column_r3_c1"), "select_ro_isocode_country", false, 5): All options with value 'select_ro_isocode_country' are selected in object 'Object Repository/EK_Objects/Page_Mozart - LocalSettlements/select_filter_column_r3_c1' 

30-08-2024T20:56:00 - [MESSAGE][PASSED] - All options with value 'select_ro_isocode_country' are selected in object 'Object Repository/EK_Objects/Page_Mozart - LocalSettlements/select_filter_column_r3_c1' 

30-08-2024T20:56:00 - [TEST_STEP][PASSED] - closeBrowser(): Browser is closed

30-08-2024T20:56:01 - [MESSAGE][PASSED] - Browser is closed]]></system-out>
         <system-err><![CDATA[]]></system-err>
      </testcase>
      <testcase name="Test Cases/MOZ-10510/TC 5_MOZ_11446 Verify Landing Page Layout and Filtering Area for the Local Settlements Module" time="72.787" classname="Test Cases/MOZ-10510/TC 5_MOZ_11446 Verify Landing Page Layout and Filtering Area for the Local Settlements Module" status="FAILED">
         <failure type="FAILED" message="Test Cases/MOZ-10510/TC 5_MOZ_11446 Verify Landing Page Layout and Filtering Area for the Local Settlements Module FAILED.&#xa;Reason:&#xa;com.kms.katalon.core.exception.StepFailedException: Unable to verify object 'Object Repository/EK_Objects/Page_Mozart - LocalSettlements/show_exceptions' is not present&#xa;	at com.kms.katalon.core.webui.keyword.internal.WebUIKeywordMain.stepFailed(WebUIKeywordMain.groovy:64)&#xa;	at com.kms.katalon.core.webui.keyword.internal.WebUIKeywordMain.runKeyword(WebUIKeywordMain.groovy:26)&#xa;	at com.kms.katalon.core.webui.keyword.internal.WebUIKeywordMain$runKeyword.call(Unknown Source)&#xa;	at com.kms.katalon.core.webui.keyword.builtin.VerifyElementNotPresentKeyword.verifyElementNotPresent(VerifyElementNotPresentKeyword.groovy:131)&#xa;	at com.kms.katalon.core.webui.keyword.builtin.VerifyElementNotPresentKeyword.execute(VerifyElementNotPresentKeyword.groovy:69)&#xa;	at com.kms.katalon.core.keyword.internal.KeywordExecutor.executeKeywordForPlatform(KeywordExecutor.groovy:74)&#xa;	at com.kms.katalon.core.webui.keyword.WebUiBuiltInKeywords.verifyElementNotPresent(WebUiBuiltInKeywords.groovy:1536)&#xa;	at TC 5_MOZ_11446 Verify Landing Page Layout and Filtering Area for the Local Settlements Module.run(TC 5_MOZ_11446 Verify Landing Page Layout and Filtering Area for the Local Settlements Module:36)&#xa;	at com.kms.katalon.core.main.ScriptEngine.run(ScriptEngine.java:194)&#xa;	at com.kms.katalon.core.main.ScriptEngine.runScriptAsRawText(ScriptEngine.java:119)&#xa;	at com.kms.katalon.core.main.TestCaseExecutor.runScript(TestCaseExecutor.java:448)&#xa;	at com.kms.katalon.core.main.TestCaseExecutor.doExecute(TestCaseExecutor.java:439)&#xa;	at com.kms.katalon.core.main.TestCaseExecutor.processExecutionPhase(TestCaseExecutor.java:418)&#xa;	at com.kms.katalon.core.main.TestCaseExecutor.accessMainPhase(TestCaseExecutor.java:410)&#xa;	at com.kms.katalon.core.main.TestCaseExecutor.execute(TestCaseExecutor.java:285)&#xa;	at com.kms.katalon.core.common.CommonExecutor.accessTestCaseMainPhase(CommonExecutor.java:65)&#xa;	at com.kms.katalon.core.main.TestSuiteExecutor.accessTestSuiteMainPhase(TestSuiteExecutor.java:150)&#xa;	at com.kms.katalon.core.main.TestSuiteExecutor.execute(TestSuiteExecutor.java:106)&#xa;	at com.kms.katalon.core.main.TestCaseMain.startTestSuite(TestCaseMain.java:180)&#xa;	at TempTestSuite1725031124873.run(TempTestSuite1725031124873.groovy:35)&#xa;	at java.base/jdk.internal.reflect.NativeMethodAccessorImpl.invoke0(Native Method)&#xa;	at java.base/jdk.internal.reflect.NativeMethodAccessorImpl.invoke(NativeMethodAccessorImpl.java:77)&#xa;	at java.base/jdk.internal.reflect.DelegatingMethodAccessorImpl.invoke(DelegatingMethodAccessorImpl.java:43)&#xa;Caused by: com.kms.katalon.core.exception.StepFailedException: Web element with id: 'Object Repository/EK_Objects/Page_Mozart - LocalSettlements/show_exceptions' located by 'By.xpath: //div[@class='pl-1']' is present after '10' second(s)&#xa;	at com.kms.katalon.core.webui.keyword.internal.WebUIKeywordMain.stepFailed(WebUIKeywordMain.groovy:64)&#xa;	at com.kms.katalon.core.webui.keyword.internal.WebUIKeywordMain$stepFailed$0.call(Unknown Source)&#xa;	at com.kms.katalon.core.webui.keyword.builtin.VerifyElementNotPresentKeyword$_verifyElementNotPresent_closure1.doCall(VerifyElementNotPresentKeyword.groovy:122)&#xa;	at com.kms.katalon.core.webui.keyword.builtin.VerifyElementNotPresentKeyword$_verifyElementNotPresent_closure1.doCall(VerifyElementNotPresentKeyword.groovy)&#xa;	at java.base/jdk.internal.reflect.NativeMethodAccessorImpl.invoke0(Native Method)&#xa;	at java.base/jdk.internal.reflect.NativeMethodAccessorImpl.invoke(NativeMethodAccessorImpl.java:77)&#xa;	at java.base/jdk.internal.reflect.DelegatingMethodAccessorImpl.invoke(DelegatingMethodAccessorImpl.java:43)&#xa;	at com.kms.katalon.core.webui.keyword.internal.WebUIKeywordMain.runKeyword(WebUIKeywordMain.groovy:20)&#xa;	... 21 more&#xa;"/>
         <system-out><![CDATA[30-08-2024T20:56:01 - [TEST_CASE][FAILED] - Test Cases/MOZ-10510/TC 5_MOZ_11446 Verify Landing Page Layout and Filtering Area for the Local Settlements Module: Test Cases/MOZ-10510/TC 5_MOZ_11446 Verify Landing Page Layout and Filtering Area for the Local Settlements Module FAILED.
Reason:
com.kms.katalon.core.exception.StepFailedException: Unable to verify object 'Object Repository/EK_Objects/Page_Mozart - LocalSettlements/show_exceptions' is not present
	at com.kms.katalon.core.webui.keyword.internal.WebUIKeywordMain.stepFailed(WebUIKeywordMain.groovy:64)
	at com.kms.katalon.core.webui.keyword.internal.WebUIKeywordMain.runKeyword(WebUIKeywordMain.groovy:26)
	at com.kms.katalon.core.webui.keyword.internal.WebUIKeywordMain$runKeyword.call(Unknown Source)
	at com.kms.katalon.core.webui.keyword.builtin.VerifyElementNotPresentKeyword.verifyElementNotPresent(VerifyElementNotPresentKeyword.groovy:131)
	at com.kms.katalon.core.webui.keyword.builtin.VerifyElementNotPresentKeyword.execute(VerifyElementNotPresentKeyword.groovy:69)
	at com.kms.katalon.core.keyword.internal.KeywordExecutor.executeKeywordForPlatform(KeywordExecutor.groovy:74)
	at com.kms.katalon.core.webui.keyword.WebUiBuiltInKeywords.verifyElementNotPresent(WebUiBuiltInKeywords.groovy:1536)
	at TC 5_MOZ_11446 Verify Landing Page Layout and Filtering Area for the Local Settlements Module.run(TC 5_MOZ_11446 Verify Landing Page Layout and Filtering Area for the Local Settlements Module:36)
	at com.kms.katalon.core.main.ScriptEngine.run(ScriptEngine.java:194)
	at com.kms.katalon.core.main.ScriptEngine.runScriptAsRawText(ScriptEngine.java:119)
	at com.kms.katalon.core.main.TestCaseExecutor.runScript(TestCaseExecutor.java:448)
	at com.kms.katalon.core.main.TestCaseExecutor.doExecute(TestCaseExecutor.java:439)
	at com.kms.katalon.core.main.TestCaseExecutor.processExecutionPhase(TestCaseExecutor.java:418)
	at com.kms.katalon.core.main.TestCaseExecutor.accessMainPhase(TestCaseExecutor.java:410)
	at com.kms.katalon.core.main.TestCaseExecutor.execute(TestCaseExecutor.java:285)
	at com.kms.katalon.core.common.CommonExecutor.accessTestCaseMainPhase(CommonExecutor.java:65)
	at com.kms.katalon.core.main.TestSuiteExecutor.accessTestSuiteMainPhase(TestSuiteExecutor.java:150)
	at com.kms.katalon.core.main.TestSuiteExecutor.execute(TestSuiteExecutor.java:106)
	at com.kms.katalon.core.main.TestCaseMain.startTestSuite(TestCaseMain.java:180)
	at TempTestSuite1725031124873.run(TempTestSuite1725031124873.groovy:35)
	at java.base/jdk.internal.reflect.NativeMethodAccessorImpl.invoke0(Native Method)
	at java.base/jdk.internal.reflect.NativeMethodAccessorImpl.invoke(NativeMethodAccessorImpl.java:77)
	at java.base/jdk.internal.reflect.DelegatingMethodAccessorImpl.invoke(DelegatingMethodAccessorImpl.java:43)
Caused by: com.kms.katalon.core.exception.StepFailedException: Web element with id: 'Object Repository/EK_Objects/Page_Mozart - LocalSettlements/show_exceptions' located by 'By.xpath: //div[@class='pl-1']' is present after '10' second(s)
	at com.kms.katalon.core.webui.keyword.internal.WebUIKeywordMain.stepFailed(WebUIKeywordMain.groovy:64)
	at com.kms.katalon.core.webui.keyword.internal.WebUIKeywordMain$stepFailed$0.call(Unknown Source)
	at com.kms.katalon.core.webui.keyword.builtin.VerifyElementNotPresentKeyword$_verifyElementNotPresent_closure1.doCall(VerifyElementNotPresentKeyword.groovy:122)
	at com.kms.katalon.core.webui.keyword.builtin.VerifyElementNotPresentKeyword$_verifyElementNotPresent_closure1.doCall(VerifyElementNotPresentKeyword.groovy)
	at java.base/jdk.internal.reflect.NativeMethodAccessorImpl.invoke0(Native Method)
	at java.base/jdk.internal.reflect.NativeMethodAccessorImpl.invoke(NativeMethodAccessorImpl.java:77)
	at java.base/jdk.internal.reflect.DelegatingMethodAccessorImpl.invoke(DelegatingMethodAccessorImpl.java:43)
	at com.kms.katalon.core.webui.keyword.internal.WebUIKeywordMain.runKeyword(WebUIKeywordMain.groovy:20)
	... 21 more


30-08-2024T20:56:01 - [TEST_STEP][PASSED] - demoPackage.MozartLogin.LoginWithChromeForEK(): demoPackage.MozartLogin.LoginWithChromeForEK is PASSED

30-08-2024T20:56:01 - [MESSAGE][INFO] - Starting 'Chrome' driver

30-08-2024T20:56:01 - [MESSAGE][INFO] - Action delay is set to 0 milliseconds

30-08-2024T20:56:02 - [MESSAGE][PASSED] - Browser is opened with url: ''

30-08-2024T20:56:07 - [MESSAGE][PASSED] - Navigate to 'https://accelyacomtest.accelya.local/MozartTest/AirlinesHub/Index' successfully

30-08-2024T20:56:07 - [MESSAGE][PASSED] - Current window maximized

30-08-2024T20:56:07 - [MESSAGE][PASSED] - Object: 'Object Repository/MozartChrome/ChromeAdvance/ClickOnAdvanceButton' is clicked on

30-08-2024T20:56:32 - [MESSAGE][PASSED] - Object: 'Object Repository/MozartChrome/ChromeAdvance/ProccedLink' is clicked on

30-08-2024T20:56:33 - [MESSAGE][PASSED] - Text 'supermozart' is set on object 'Object Repository/MozartChrome/Page_/input_Username_Login'

30-08-2024T20:56:33 - [MESSAGE][PASSED] - Object: 'Object Repository/MozartChrome/Page_/button_Next' is clicked on

30-08-2024T20:56:34 - [MESSAGE][PASSED] - Text 'Accelya.1' is set on object 'Object Repository/MozartChrome/Page_/input_Password_Password'

30-08-2024T20:56:34 - [MESSAGE][PASSED] - Object: 'Object Repository/MozartChrome/Page_/button_Sign in' is clicked on

30-08-2024T20:56:49 - [MESSAGE][PASSED] - Object: 'Object Repository/MozartChrome/Page_Mozart - AirlinesHub/button_Please select' is clicked on

30-08-2024T20:56:50 - [MESSAGE][PASSED] - Object: 'Object Repository/EK_Objects/Page_Mozart - AirlinesHub/a_176 Emirates' is clicked on

30-08-2024T20:56:53 - [MESSAGE][PASSED] - Object: 'Object Repository/MozartChrome/Page_Mozart - AirlinesHub/a_Select' is clicked on

30-08-2024T20:56:53 - [MESSAGE][PASSED] - demoPackage.MozartLogin.LoginWithChromeForEK is PASSED

30-08-2024T20:56:53 - [TEST_STEP][PASSED] - click(findTestObject("EK_Objects/Page_Mozart - Dashboard/a_Refunds")): Object: 'Object Repository/EK_Objects/Page_Mozart - Dashboard/a_Refunds' is clicked on

30-08-2024T20:56:53 - [MESSAGE][PASSED] - Object: 'Object Repository/EK_Objects/Page_Mozart - Dashboard/a_Refunds' is clicked on

30-08-2024T20:56:53 - [TEST_STEP][PASSED] - verifyElementPresent(findTestObject("EK_Objects/Page_Mozart - Dashboard/Click_On_Local_Settlements"), 2): Object 'Object Repository/EK_Objects/Page_Mozart - Dashboard/Click_On_Local_Settlements' is present

30-08-2024T20:56:54 - [MESSAGE][PASSED] - Object 'Object Repository/EK_Objects/Page_Mozart - Dashboard/Click_On_Local_Settlements' is present

30-08-2024T20:56:54 - [TEST_STEP][PASSED] - click(findTestObject("Object Repository/EK_Objects/Page_Mozart - Dashboard/Click_On_Local_Settlements")): Object: 'Object Repository/EK_Objects/Page_Mozart - Dashboard/Click_On_Local_Settlements' is clicked on

30-08-2024T20:56:57 - [MESSAGE][PASSED] - Object: 'Object Repository/EK_Objects/Page_Mozart - Dashboard/Click_On_Local_Settlements' is clicked on

30-08-2024T20:56:57 - [TEST_STEP][PASSED] - click(findTestObject("Object Repository/EK_Objects/Page_Mozart - LocalSettlements/filter_button")): Object: 'Object Repository/EK_Objects/Page_Mozart - LocalSettlements/filter_button' is clicked on

30-08-2024T20:57:02 - [MESSAGE][PASSED] - Object: 'Object Repository/EK_Objects/Page_Mozart - LocalSettlements/filter_button' is clicked on

30-08-2024T20:57:02 - [TEST_STEP][PASSED] - verifyElementNotPresent(findTestObject("Object Repository/EK_Objects/Page_Mozart - LocalSettlements/compact_mode"), 10): Web element with id: 'Object Repository/EK_Objects/Page_Mozart - LocalSettlements/compact_mode' located by 'By.xpath: (//div[@class='custom-control custom-switch ml-2'])[1]' is not present after '10' second(s)

30-08-2024T20:57:02 - [MESSAGE][PASSED] - Web element with id: 'Object Repository/EK_Objects/Page_Mozart - LocalSettlements/compact_mode' located by 'By.xpath: (//div[@class='custom-control custom-switch ml-2'])[1]' is not present after '10' second(s)

30-08-2024T20:57:02 - [TEST_STEP][PASSED] - verifyElementNotPresent(findTestObject("Object Repository/EK_Objects/Page_Mozart - LocalSettlements/grouped"), 10): Web element with id: 'Object Repository/EK_Objects/Page_Mozart - LocalSettlements/grouped' located by 'By.xpath: (//div[@class='custom-control custom-switch ml-2'])[2]' is not present after '10' second(s)

30-08-2024T20:57:03 - [MESSAGE][PASSED] - Web element with id: 'Object Repository/EK_Objects/Page_Mozart - LocalSettlements/grouped' located by 'By.xpath: (//div[@class='custom-control custom-switch ml-2'])[2]' is not present after '10' second(s)

30-08-2024T20:57:03 - [TEST_STEP][FAILED] - verifyElementNotPresent(findTestObject("Object Repository/EK_Objects/Page_Mozart - LocalSettlements/show_exceptions"), 10): Unable to verify object 'Object Repository/EK_Objects/Page_Mozart - LocalSettlements/show_exceptions' is not present (Root cause: com.kms.katalon.core.exception.StepFailedException: Unable to verify object 'Object Repository/EK_Objects/Page_Mozart - LocalSettlements/show_exceptions' is not present
	at com.kms.katalon.core.webui.keyword.internal.WebUIKeywordMain.stepFailed(WebUIKeywordMain.groovy:64)
	at com.kms.katalon.core.webui.keyword.internal.WebUIKeywordMain.runKeyword(WebUIKeywordMain.groovy:26)
	at com.kms.katalon.core.webui.keyword.internal.WebUIKeywordMain$runKeyword.call(Unknown Source)
	at com.kms.katalon.core.webui.keyword.builtin.VerifyElementNotPresentKeyword.verifyElementNotPresent(VerifyElementNotPresentKeyword.groovy:131)
	at com.kms.katalon.core.webui.keyword.builtin.VerifyElementNotPresentKeyword.execute(VerifyElementNotPresentKeyword.groovy:69)
	at com.kms.katalon.core.keyword.internal.KeywordExecutor.executeKeywordForPlatform(KeywordExecutor.groovy:74)
	at com.kms.katalon.core.webui.keyword.WebUiBuiltInKeywords.verifyElementNotPresent(WebUiBuiltInKeywords.groovy:1536)
	at TC 5_MOZ_11446 Verify Landing Page Layout and Filtering Area for the Local Settlements Module.run(TC 5_MOZ_11446 Verify Landing Page Layout and Filtering Area for the Local Settlements Module:36)
	at com.kms.katalon.core.main.ScriptEngine.run(ScriptEngine.java:194)
	at com.kms.katalon.core.main.ScriptEngine.runScriptAsRawText(ScriptEngine.java:119)
	at com.kms.katalon.core.main.TestCaseExecutor.runScript(TestCaseExecutor.java:448)
	at com.kms.katalon.core.main.TestCaseExecutor.doExecute(TestCaseExecutor.java:439)
	at com.kms.katalon.core.main.TestCaseExecutor.processExecutionPhase(TestCaseExecutor.java:418)
	at com.kms.katalon.core.main.TestCaseExecutor.accessMainPhase(TestCaseExecutor.java:410)
	at com.kms.katalon.core.main.TestCaseExecutor.execute(TestCaseExecutor.java:285)
	at com.kms.katalon.core.common.CommonExecutor.accessTestCaseMainPhase(CommonExecutor.java:65)
	at com.kms.katalon.core.main.TestSuiteExecutor.accessTestSuiteMainPhase(TestSuiteExecutor.java:150)
	at com.kms.katalon.core.main.TestSuiteExecutor.execute(TestSuiteExecutor.java:106)
	at com.kms.katalon.core.main.TestCaseMain.startTestSuite(TestCaseMain.java:180)
	at TempTestSuite1725031124873.run(TempTestSuite1725031124873.groovy:35)
	at java.base/jdk.internal.reflect.NativeMethodAccessorImpl.invoke0(Native Method)
	at java.base/jdk.internal.reflect.NativeMethodAccessorImpl.invoke(NativeMethodAccessorImpl.java:77)
	at java.base/jdk.internal.reflect.DelegatingMethodAccessorImpl.invoke(DelegatingMethodAccessorImpl.java:43)
Caused by: com.kms.katalon.core.exception.StepFailedException: Web element with id: 'Object Repository/EK_Objects/Page_Mozart - LocalSettlements/show_exceptions' located by 'By.xpath: //div[@class='pl-1']' is present after '10' second(s)
	at com.kms.katalon.core.webui.keyword.internal.WebUIKeywordMain.stepFailed(WebUIKeywordMain.groovy:64)
	at com.kms.katalon.core.webui.keyword.internal.WebUIKeywordMain$stepFailed$0.call(Unknown Source)
	at com.kms.katalon.core.webui.keyword.builtin.VerifyElementNotPresentKeyword$_verifyElementNotPresent_closure1.doCall(VerifyElementNotPresentKeyword.groovy:122)
	at com.kms.katalon.core.webui.keyword.builtin.VerifyElementNotPresentKeyword$_verifyElementNotPresent_closure1.doCall(VerifyElementNotPresentKeyword.groovy)
	at java.base/jdk.internal.reflect.NativeMethodAccessorImpl.invoke0(Native Method)
	at java.base/jdk.internal.reflect.NativeMethodAccessorImpl.invoke(NativeMethodAccessorImpl.java:77)
	at java.base/jdk.internal.reflect.DelegatingMethodAccessorImpl.invoke(DelegatingMethodAccessorImpl.java:43)
	at com.kms.katalon.core.webui.keyword.internal.WebUIKeywordMain.runKeyword(WebUIKeywordMain.groovy:20)
	... 21 more
)

30-08-2024T20:57:13 - [MESSAGE][FAILED] - Web element with id: 'Object Repository/EK_Objects/Page_Mozart - LocalSettlements/show_exceptions' located by 'By.xpath: //div[@class='pl-1']' is present after '10' second(s) (Root cause: com.kms.katalon.core.exception.StepFailedException: Web element with id: 'Object Repository/EK_Objects/Page_Mozart - LocalSettlements/show_exceptions' located by 'By.xpath: //div[@class='pl-1']' is present after '10' second(s)
	at com.kms.katalon.core.webui.keyword.internal.WebUIKeywordMain.stepFailed(WebUIKeywordMain.groovy:64)
	at com.kms.katalon.core.webui.keyword.internal.WebUIKeywordMain$stepFailed$0.call(Unknown Source)
	at com.kms.katalon.core.webui.keyword.builtin.VerifyElementNotPresentKeyword$_verifyElementNotPresent_closure1.doCall(VerifyElementNotPresentKeyword.groovy:122)
	at com.kms.katalon.core.webui.keyword.builtin.VerifyElementNotPresentKeyword$_verifyElementNotPresent_closure1.doCall(VerifyElementNotPresentKeyword.groovy)
	at java.base/jdk.internal.reflect.NativeMethodAccessorImpl.invoke0(Native Method)
	at java.base/jdk.internal.reflect.NativeMethodAccessorImpl.invoke(NativeMethodAccessorImpl.java:77)
	at java.base/jdk.internal.reflect.DelegatingMethodAccessorImpl.invoke(DelegatingMethodAccessorImpl.java:43)
	at com.kms.katalon.core.webui.keyword.internal.WebUIKeywordMain.runKeyword(WebUIKeywordMain.groovy:20)
	at com.kms.katalon.core.webui.keyword.internal.WebUIKeywordMain$runKeyword.call(Unknown Source)
	at com.kms.katalon.core.webui.keyword.builtin.VerifyElementNotPresentKeyword.verifyElementNotPresent(VerifyElementNotPresentKeyword.groovy:131)
	at com.kms.katalon.core.webui.keyword.builtin.VerifyElementNotPresentKeyword.execute(VerifyElementNotPresentKeyword.groovy:69)
	at com.kms.katalon.core.keyword.internal.KeywordExecutor.executeKeywordForPlatform(KeywordExecutor.groovy:74)
	at com.kms.katalon.core.webui.keyword.WebUiBuiltInKeywords.verifyElementNotPresent(WebUiBuiltInKeywords.groovy:1536)
	at TC 5_MOZ_11446 Verify Landing Page Layout and Filtering Area for the Local Settlements Module.run(TC 5_MOZ_11446 Verify Landing Page Layout and Filtering Area for the Local Settlements Module:36)
	at com.kms.katalon.core.main.ScriptEngine.run(ScriptEngine.java:194)
	at com.kms.katalon.core.main.ScriptEngine.runScriptAsRawText(ScriptEngine.java:119)
	at com.kms.katalon.core.main.TestCaseExecutor.runScript(TestCaseExecutor.java:448)
	at com.kms.katalon.core.main.TestCaseExecutor.doExecute(TestCaseExecutor.java:439)
	at com.kms.katalon.core.main.TestCaseExecutor.processExecutionPhase(TestCaseExecutor.java:418)
	at com.kms.katalon.core.main.TestCaseExecutor.accessMainPhase(TestCaseExecutor.java:410)
	at com.kms.katalon.core.main.TestCaseExecutor.execute(TestCaseExecutor.java:285)
	at com.kms.katalon.core.common.CommonExecutor.accessTestCaseMainPhase(CommonExecutor.java:65)
	at com.kms.katalon.core.main.TestSuiteExecutor.accessTestSuiteMainPhase(TestSuiteExecutor.java:150)
	at com.kms.katalon.core.main.TestSuiteExecutor.execute(TestSuiteExecutor.java:106)
	at com.kms.katalon.core.main.TestCaseMain.startTestSuite(TestCaseMain.java:180)
	at TempTestSuite1725031124873.run(TempTestSuite1725031124873.groovy:35)
	at java.base/jdk.internal.reflect.NativeMethodAccessorImpl.invoke0(Native Method)
	at java.base/jdk.internal.reflect.NativeMethodAccessorImpl.invoke(NativeMethodAccessorImpl.java:77)
	at java.base/jdk.internal.reflect.DelegatingMethodAccessorImpl.invoke(DelegatingMethodAccessorImpl.java:43)
)
[[ATTACHMENT|C:\\Users\\ranjit.vadar\\Katalon Studio\\Mozart Emirates\\Reports\\20240830_204843\\Suite MOZ-10510\\20240830_204844\\1725031633656.png]]

30-08-2024T20:57:13 - [MESSAGE][FAILED] - Unable to verify object 'Object Repository/EK_Objects/Page_Mozart - LocalSettlements/show_exceptions' is not present (Root cause: com.kms.katalon.core.exception.StepFailedException: Unable to verify object 'Object Repository/EK_Objects/Page_Mozart - LocalSettlements/show_exceptions' is not present
	at com.kms.katalon.core.webui.keyword.internal.WebUIKeywordMain.stepFailed(WebUIKeywordMain.groovy:64)
	at com.kms.katalon.core.webui.keyword.internal.WebUIKeywordMain.runKeyword(WebUIKeywordMain.groovy:26)
	at com.kms.katalon.core.webui.keyword.internal.WebUIKeywordMain$runKeyword.call(Unknown Source)
	at com.kms.katalon.core.webui.keyword.builtin.VerifyElementNotPresentKeyword.verifyElementNotPresent(VerifyElementNotPresentKeyword.groovy:131)
	at com.kms.katalon.core.webui.keyword.builtin.VerifyElementNotPresentKeyword.execute(VerifyElementNotPresentKeyword.groovy:69)
	at com.kms.katalon.core.keyword.internal.KeywordExecutor.executeKeywordForPlatform(KeywordExecutor.groovy:74)
	at com.kms.katalon.core.webui.keyword.WebUiBuiltInKeywords.verifyElementNotPresent(WebUiBuiltInKeywords.groovy:1536)
	at TC 5_MOZ_11446 Verify Landing Page Layout and Filtering Area for the Local Settlements Module.run(TC 5_MOZ_11446 Verify Landing Page Layout and Filtering Area for the Local Settlements Module:36)
	at com.kms.katalon.core.main.ScriptEngine.run(ScriptEngine.java:194)
	at com.kms.katalon.core.main.ScriptEngine.runScriptAsRawText(ScriptEngine.java:119)
	at com.kms.katalon.core.main.TestCaseExecutor.runScript(TestCaseExecutor.java:448)
	at com.kms.katalon.core.main.TestCaseExecutor.doExecute(TestCaseExecutor.java:439)
	at com.kms.katalon.core.main.TestCaseExecutor.processExecutionPhase(TestCaseExecutor.java:418)
	at com.kms.katalon.core.main.TestCaseExecutor.accessMainPhase(TestCaseExecutor.java:410)
	at com.kms.katalon.core.main.TestCaseExecutor.execute(TestCaseExecutor.java:285)
	at com.kms.katalon.core.common.CommonExecutor.accessTestCaseMainPhase(CommonExecutor.java:65)
	at com.kms.katalon.core.main.TestSuiteExecutor.accessTestSuiteMainPhase(TestSuiteExecutor.java:150)
	at com.kms.katalon.core.main.TestSuiteExecutor.execute(TestSuiteExecutor.java:106)
	at com.kms.katalon.core.main.TestCaseMain.startTestSuite(TestCaseMain.java:180)
	at TempTestSuite1725031124873.run(TempTestSuite1725031124873.groovy:35)
	at java.base/jdk.internal.reflect.NativeMethodAccessorImpl.invoke0(Native Method)
	at java.base/jdk.internal.reflect.NativeMethodAccessorImpl.invoke(NativeMethodAccessorImpl.java:77)
	at java.base/jdk.internal.reflect.DelegatingMethodAccessorImpl.invoke(DelegatingMethodAccessorImpl.java:43)
Caused by: com.kms.katalon.core.exception.StepFailedException: Web element with id: 'Object Repository/EK_Objects/Page_Mozart - LocalSettlements/show_exceptions' located by 'By.xpath: //div[@class='pl-1']' is present after '10' second(s)
	at com.kms.katalon.core.webui.keyword.internal.WebUIKeywordMain.stepFailed(WebUIKeywordMain.groovy:64)
	at com.kms.katalon.core.webui.keyword.internal.WebUIKeywordMain$stepFailed$0.call(Unknown Source)
	at com.kms.katalon.core.webui.keyword.builtin.VerifyElementNotPresentKeyword$_verifyElementNotPresent_closure1.doCall(VerifyElementNotPresentKeyword.groovy:122)
	at com.kms.katalon.core.webui.keyword.builtin.VerifyElementNotPresentKeyword$_verifyElementNotPresent_closure1.doCall(VerifyElementNotPresentKeyword.groovy)
	at java.base/jdk.internal.reflect.NativeMethodAccessorImpl.invoke0(Native Method)
	at java.base/jdk.internal.reflect.NativeMethodAccessorImpl.invoke(NativeMethodAccessorImpl.java:77)
	at java.base/jdk.internal.reflect.DelegatingMethodAccessorImpl.invoke(DelegatingMethodAccessorImpl.java:43)
	at com.kms.katalon.core.webui.keyword.internal.WebUIKeywordMain.runKeyword(WebUIKeywordMain.groovy:20)
	... 21 more
)
[[ATTACHMENT|C:\\Users\\ranjit.vadar\\Katalon Studio\\Mozart Emirates\\Reports\\20240830_204843\\Suite MOZ-10510\\20240830_204844\\1725031633796.png]]]]></system-out>
         <system-err><![CDATA[30-08-2024T20:56:01 - [TEST_CASE][FAILED] - Test Cases/MOZ-10510/TC 5_MOZ_11446 Verify Landing Page Layout and Filtering Area for the Local Settlements Module: Test Cases/MOZ-10510/TC 5_MOZ_11446 Verify Landing Page Layout and Filtering Area for the Local Settlements Module FAILED.
Reason:
com.kms.katalon.core.exception.StepFailedException: Unable to verify object 'Object Repository/EK_Objects/Page_Mozart - LocalSettlements/show_exceptions' is not present
	at com.kms.katalon.core.webui.keyword.internal.WebUIKeywordMain.stepFailed(WebUIKeywordMain.groovy:64)
	at com.kms.katalon.core.webui.keyword.internal.WebUIKeywordMain.runKeyword(WebUIKeywordMain.groovy:26)
	at com.kms.katalon.core.webui.keyword.internal.WebUIKeywordMain$runKeyword.call(Unknown Source)
	at com.kms.katalon.core.webui.keyword.builtin.VerifyElementNotPresentKeyword.verifyElementNotPresent(VerifyElementNotPresentKeyword.groovy:131)
	at com.kms.katalon.core.webui.keyword.builtin.VerifyElementNotPresentKeyword.execute(VerifyElementNotPresentKeyword.groovy:69)
	at com.kms.katalon.core.keyword.internal.KeywordExecutor.executeKeywordForPlatform(KeywordExecutor.groovy:74)
	at com.kms.katalon.core.webui.keyword.WebUiBuiltInKeywords.verifyElementNotPresent(WebUiBuiltInKeywords.groovy:1536)
	at TC 5_MOZ_11446 Verify Landing Page Layout and Filtering Area for the Local Settlements Module.run(TC 5_MOZ_11446 Verify Landing Page Layout and Filtering Area for the Local Settlements Module:36)
	at com.kms.katalon.core.main.ScriptEngine.run(ScriptEngine.java:194)
	at com.kms.katalon.core.main.ScriptEngine.runScriptAsRawText(ScriptEngine.java:119)
	at com.kms.katalon.core.main.TestCaseExecutor.runScript(TestCaseExecutor.java:448)
	at com.kms.katalon.core.main.TestCaseExecutor.doExecute(TestCaseExecutor.java:439)
	at com.kms.katalon.core.main.TestCaseExecutor.processExecutionPhase(TestCaseExecutor.java:418)
	at com.kms.katalon.core.main.TestCaseExecutor.accessMainPhase(TestCaseExecutor.java:410)
	at com.kms.katalon.core.main.TestCaseExecutor.execute(TestCaseExecutor.java:285)
	at com.kms.katalon.core.common.CommonExecutor.accessTestCaseMainPhase(CommonExecutor.java:65)
	at com.kms.katalon.core.main.TestSuiteExecutor.accessTestSuiteMainPhase(TestSuiteExecutor.java:150)
	at com.kms.katalon.core.main.TestSuiteExecutor.execute(TestSuiteExecutor.java:106)
	at com.kms.katalon.core.main.TestCaseMain.startTestSuite(TestCaseMain.java:180)
	at TempTestSuite1725031124873.run(TempTestSuite1725031124873.groovy:35)
	at java.base/jdk.internal.reflect.NativeMethodAccessorImpl.invoke0(Native Method)
	at java.base/jdk.internal.reflect.NativeMethodAccessorImpl.invoke(NativeMethodAccessorImpl.java:77)
	at java.base/jdk.internal.reflect.DelegatingMethodAccessorImpl.invoke(DelegatingMethodAccessorImpl.java:43)
Caused by: com.kms.katalon.core.exception.StepFailedException: Web element with id: 'Object Repository/EK_Objects/Page_Mozart - LocalSettlements/show_exceptions' located by 'By.xpath: //div[@class='pl-1']' is present after '10' second(s)
	at com.kms.katalon.core.webui.keyword.internal.WebUIKeywordMain.stepFailed(WebUIKeywordMain.groovy:64)
	at com.kms.katalon.core.webui.keyword.internal.WebUIKeywordMain$stepFailed$0.call(Unknown Source)
	at com.kms.katalon.core.webui.keyword.builtin.VerifyElementNotPresentKeyword$_verifyElementNotPresent_closure1.doCall(VerifyElementNotPresentKeyword.groovy:122)
	at com.kms.katalon.core.webui.keyword.builtin.VerifyElementNotPresentKeyword$_verifyElementNotPresent_closure1.doCall(VerifyElementNotPresentKeyword.groovy)
	at java.base/jdk.internal.reflect.NativeMethodAccessorImpl.invoke0(Native Method)
	at java.base/jdk.internal.reflect.NativeMethodAccessorImpl.invoke(NativeMethodAccessorImpl.java:77)
	at java.base/jdk.internal.reflect.DelegatingMethodAccessorImpl.invoke(DelegatingMethodAccessorImpl.java:43)
	at com.kms.katalon.core.webui.keyword.internal.WebUIKeywordMain.runKeyword(WebUIKeywordMain.groovy:20)
	... 21 more]]></system-err>
      </testcase>
      <testcase name="Test Cases/MOZ-10510/TC 4_MOZ_11445 Verify User Role other than the auditor or supervisor Access Levels for the Local Settlements Module" time="82.79" classname="Test Cases/MOZ-10510/TC 4_MOZ_11445 Verify User Role other than the auditor or supervisor Access Levels for the Local Settlements Module" status="FAILED">
         <failure type="FAILED" message="Test Cases/MOZ-10510/TC 4_MOZ_11445 Verify User Role other than the auditor or supervisor Access Levels for the Local Settlements Module FAILED.&#xa;Reason:&#xa;com.kms.katalon.core.exception.StepFailedException: Unable to verify object 'Object Repository/EK_Objects/Page_Mozart - Dashboard/Click_On_Local_Settlements' is present&#xa;	at com.kms.katalon.core.webui.keyword.internal.WebUIKeywordMain.stepFailed(WebUIKeywordMain.groovy:64)&#xa;	at com.kms.katalon.core.webui.keyword.internal.WebUIKeywordMain.runKeyword(WebUIKeywordMain.groovy:26)&#xa;	at com.kms.katalon.core.webui.keyword.builtin.VerifyElementPresentKeyword.verifyElementPresent(VerifyElementPresentKeyword.groovy:92)&#xa;	at com.kms.katalon.core.webui.keyword.builtin.VerifyElementPresentKeyword.execute(VerifyElementPresentKeyword.groovy:68)&#xa;	at com.kms.katalon.core.keyword.internal.KeywordExecutor.executeKeywordForPlatform(KeywordExecutor.groovy:74)&#xa;	at com.kms.katalon.core.webui.keyword.WebUiBuiltInKeywords.verifyElementPresent(WebUiBuiltInKeywords.groovy:1503)&#xa;	at TC 4_MOZ_11445 Verify User Role other than the auditor or supervisor Access Levels for the Local Settlements Module.run(TC 4_MOZ_11445 Verify User Role other than the auditor or supervisor Access Levels for the Local Settlements Module:14)&#xa;	at com.kms.katalon.core.main.ScriptEngine.run(ScriptEngine.java:194)&#xa;	at com.kms.katalon.core.main.ScriptEngine.runScriptAsRawText(ScriptEngine.java:119)&#xa;	at com.kms.katalon.core.main.TestCaseExecutor.runScript(TestCaseExecutor.java:448)&#xa;	at com.kms.katalon.core.main.TestCaseExecutor.doExecute(TestCaseExecutor.java:439)&#xa;	at com.kms.katalon.core.main.TestCaseExecutor.processExecutionPhase(TestCaseExecutor.java:418)&#xa;	at com.kms.katalon.core.main.TestCaseExecutor.accessMainPhase(TestCaseExecutor.java:410)&#xa;	at com.kms.katalon.core.main.TestCaseExecutor.execute(TestCaseExecutor.java:285)&#xa;	at com.kms.katalon.core.common.CommonExecutor.accessTestCaseMainPhase(CommonExecutor.java:65)&#xa;	at com.kms.katalon.core.main.TestSuiteExecutor.accessTestSuiteMainPhase(TestSuiteExecutor.java:150)&#xa;	at com.kms.katalon.core.main.TestSuiteExecutor.execute(TestSuiteExecutor.java:106)&#xa;	at com.kms.katalon.core.main.TestCaseMain.startTestSuite(TestCaseMain.java:180)&#xa;	at TempTestSuite1725031124873.run(TempTestSuite1725031124873.groovy:35)&#xa;	at java.base/jdk.internal.reflect.NativeMethodAccessorImpl.invoke0(Native Method)&#xa;	at java.base/jdk.internal.reflect.NativeMethodAccessorImpl.invoke(NativeMethodAccessorImpl.java:77)&#xa;	at java.base/jdk.internal.reflect.DelegatingMethodAccessorImpl.invoke(DelegatingMethodAccessorImpl.java:43)&#xa;Caused by: com.kms.katalon.core.exception.StepFailedException: com.kms.katalon.core.webui.exception.WebElementNotFoundException: Web element with id: 'Object Repository/EK_Objects/Page_Mozart - Dashboard/Click_On_Local_Settlements' located by '//a[@id='menu_LocalSettlements']' not found&#xa;	at com.kms.katalon.core.webui.keyword.internal.WebUIKeywordMain.stepFailed(WebUIKeywordMain.groovy:64)&#xa;	at com.kms.katalon.core.webui.keyword.builtin.VerifyElementPresentKeyword$_verifyElementPresent_closure1.doCall(VerifyElementPresentKeyword.groovy:85)&#xa;	at com.kms.katalon.core.webui.keyword.builtin.VerifyElementPresentKeyword$_verifyElementPresent_closure1.call(VerifyElementPresentKeyword.groovy)&#xa;	at com.kms.katalon.core.webui.keyword.internal.WebUIKeywordMain.runKeyword(WebUIKeywordMain.groovy:20)&#xa;	... 20 more&#xa;"/>
         <system-out><![CDATA[30-08-2024T20:57:13 - [TEST_CASE][FAILED] - Test Cases/MOZ-10510/TC 4_MOZ_11445 Verify User Role other than the auditor or supervisor Access Levels for the Local Settlements Module: Test Cases/MOZ-10510/TC 4_MOZ_11445 Verify User Role other than the auditor or supervisor Access Levels for the Local Settlements Module FAILED.
Reason:
com.kms.katalon.core.exception.StepFailedException: Unable to verify object 'Object Repository/EK_Objects/Page_Mozart - Dashboard/Click_On_Local_Settlements' is present
	at com.kms.katalon.core.webui.keyword.internal.WebUIKeywordMain.stepFailed(WebUIKeywordMain.groovy:64)
	at com.kms.katalon.core.webui.keyword.internal.WebUIKeywordMain.runKeyword(WebUIKeywordMain.groovy:26)
	at com.kms.katalon.core.webui.keyword.builtin.VerifyElementPresentKeyword.verifyElementPresent(VerifyElementPresentKeyword.groovy:92)
	at com.kms.katalon.core.webui.keyword.builtin.VerifyElementPresentKeyword.execute(VerifyElementPresentKeyword.groovy:68)
	at com.kms.katalon.core.keyword.internal.KeywordExecutor.executeKeywordForPlatform(KeywordExecutor.groovy:74)
	at com.kms.katalon.core.webui.keyword.WebUiBuiltInKeywords.verifyElementPresent(WebUiBuiltInKeywords.groovy:1503)
	at TC 4_MOZ_11445 Verify User Role other than the auditor or supervisor Access Levels for the Local Settlements Module.run(TC 4_MOZ_11445 Verify User Role other than the auditor or supervisor Access Levels for the Local Settlements Module:14)
	at com.kms.katalon.core.main.ScriptEngine.run(ScriptEngine.java:194)
	at com.kms.katalon.core.main.ScriptEngine.runScriptAsRawText(ScriptEngine.java:119)
	at com.kms.katalon.core.main.TestCaseExecutor.runScript(TestCaseExecutor.java:448)
	at com.kms.katalon.core.main.TestCaseExecutor.doExecute(TestCaseExecutor.java:439)
	at com.kms.katalon.core.main.TestCaseExecutor.processExecutionPhase(TestCaseExecutor.java:418)
	at com.kms.katalon.core.main.TestCaseExecutor.accessMainPhase(TestCaseExecutor.java:410)
	at com.kms.katalon.core.main.TestCaseExecutor.execute(TestCaseExecutor.java:285)
	at com.kms.katalon.core.common.CommonExecutor.accessTestCaseMainPhase(CommonExecutor.java:65)
	at com.kms.katalon.core.main.TestSuiteExecutor.accessTestSuiteMainPhase(TestSuiteExecutor.java:150)
	at com.kms.katalon.core.main.TestSuiteExecutor.execute(TestSuiteExecutor.java:106)
	at com.kms.katalon.core.main.TestCaseMain.startTestSuite(TestCaseMain.java:180)
	at TempTestSuite1725031124873.run(TempTestSuite1725031124873.groovy:35)
	at java.base/jdk.internal.reflect.NativeMethodAccessorImpl.invoke0(Native Method)
	at java.base/jdk.internal.reflect.NativeMethodAccessorImpl.invoke(NativeMethodAccessorImpl.java:77)
	at java.base/jdk.internal.reflect.DelegatingMethodAccessorImpl.invoke(DelegatingMethodAccessorImpl.java:43)
Caused by: com.kms.katalon.core.exception.StepFailedException: com.kms.katalon.core.webui.exception.WebElementNotFoundException: Web element with id: 'Object Repository/EK_Objects/Page_Mozart - Dashboard/Click_On_Local_Settlements' located by '//a[@id='menu_LocalSettlements']' not found
	at com.kms.katalon.core.webui.keyword.internal.WebUIKeywordMain.stepFailed(WebUIKeywordMain.groovy:64)
	at com.kms.katalon.core.webui.keyword.builtin.VerifyElementPresentKeyword$_verifyElementPresent_closure1.doCall(VerifyElementPresentKeyword.groovy:85)
	at com.kms.katalon.core.webui.keyword.builtin.VerifyElementPresentKeyword$_verifyElementPresent_closure1.call(VerifyElementPresentKeyword.groovy)
	at com.kms.katalon.core.webui.keyword.internal.WebUIKeywordMain.runKeyword(WebUIKeywordMain.groovy:20)
	... 20 more


30-08-2024T20:57:14 - [TEST_STEP][PASSED] - utilityClass.GenericMethods.selectRoles(MozartUser, "Admin"): utilityClass.GenericMethods.selectRoles is PASSED

30-08-2024T20:57:14 - [MESSAGE][WARNING] - A browser is already opened. Closing browser and opening a new one

30-08-2024T20:57:14 - [MESSAGE][INFO] - Starting 'Chrome' driver

30-08-2024T20:57:14 - [MESSAGE][INFO] - Action delay is set to 0 milliseconds

30-08-2024T20:57:16 - [MESSAGE][PASSED] - Browser is opened with url: ''

30-08-2024T20:57:19 - [MESSAGE][PASSED] - Navigate to 'https://accelyacomtest.accelya.local/MozartTest/AirlinesHub/Index' successfully

30-08-2024T20:57:19 - [MESSAGE][PASSED] - Current window maximized

30-08-2024T20:57:19 - [MESSAGE][PASSED] - Delete all cookies successfully

30-08-2024T20:57:19 - [MESSAGE][PASSED] - Object: 'Object Repository/MozartChrome/ChromeAdvance/ClickOnAdvanceButton' is clicked on

30-08-2024T20:57:36 - [MESSAGE][PASSED] - Object: 'Object Repository/MozartChrome/ChromeAdvance/ProccedLink' is clicked on

30-08-2024T20:57:37 - [MESSAGE][PASSED] - Text 'supermozart' is set on object 'Object Repository/MozartChrome/Page_/input_Username_Login'

30-08-2024T20:57:37 - [MESSAGE][PASSED] - Object: 'Object Repository/MozartChrome/Page_/button_Next' is clicked on

30-08-2024T20:57:38 - [MESSAGE][PASSED] - Text 'Accelya.1' is set on object 'Object Repository/MozartChrome/Page_/input_Password_Password'

30-08-2024T20:57:39 - [MESSAGE][PASSED] - Object: 'Object Repository/MozartChrome/Page_/button_Sign in' is clicked on

30-08-2024T20:57:50 - [MESSAGE][PASSED] - Object: 'Object Repository/EK_Objects/Page_Mozart - AirlinesHub/configuration_dropDown' is clicked on

30-08-2024T20:57:51 - [MESSAGE][PASSED] - Object: 'Object Repository/EK_Objects/Page_Mozart - AirlinesHub/users_button' is clicked on

30-08-2024T20:57:53 - [MESSAGE][PASSED] - Found web elements by test object Object Repository/EK_Objects/Page_Mozart - AirlinesHub/getListOfUsers

30-08-2024T20:57:54 - [MESSAGE][PASSED] - Found web element by test object 

30-08-2024T20:57:54 - [MESSAGE][PASSED] - Found web element by test object 

30-08-2024T20:57:54 - [MESSAGE][PASSED] - Found web element by test object 

30-08-2024T20:57:54 - [MESSAGE][PASSED] - Found web element by test object 

30-08-2024T20:57:55 - [MESSAGE][PASSED] - Found web element by test object 

30-08-2024T20:57:55 - [MESSAGE][PASSED] - Found web element by test object 

30-08-2024T20:57:55 - [MESSAGE][PASSED] - Found web element by test object 

30-08-2024T20:57:55 - [MESSAGE][PASSED] - Found web element by test object 

30-08-2024T20:57:56 - [MESSAGE][PASSED] - Found web element by test object 

30-08-2024T20:57:56 - [MESSAGE][PASSED] - Found web element by test object 

30-08-2024T20:57:56 - [MESSAGE][PASSED] - Found web element by test object 

30-08-2024T20:57:56 - [MESSAGE][PASSED] - Found web element by test object 

30-08-2024T20:57:57 - [MESSAGE][PASSED] - Found web element by test object 

30-08-2024T20:57:57 - [MESSAGE][PASSED] - Found web element by test object 

30-08-2024T20:57:57 - [MESSAGE][PASSED] - Found web element by test object 

30-08-2024T20:57:57 - [MESSAGE][PASSED] - Found web element by test object 

30-08-2024T20:57:58 - [MESSAGE][PASSED] - Found web element by test object 

30-08-2024T20:57:58 - [MESSAGE][PASSED] - Found web element by test object 

30-08-2024T20:57:58 - [MESSAGE][PASSED] - Found web element by test object 

30-08-2024T20:57:59 - [MESSAGE][PASSED] - Found web element by test object 

30-08-2024T20:57:59 - [MESSAGE][PASSED] - Found web element by test object 

30-08-2024T20:57:59 - [MESSAGE][PASSED] - Found web element by test object 

30-08-2024T20:57:59 - [MESSAGE][PASSED] - Found web element by test object 

30-08-2024T20:58:00 - [MESSAGE][PASSED] - Found web element by test object 

30-08-2024T20:58:00 - [MESSAGE][PASSED] - Found web element by test object 

30-08-2024T20:58:00 - [MESSAGE][PASSED] - Found web element by test object 

30-08-2024T20:58:00 - [MESSAGE][PASSED] - Found web element by test object 

30-08-2024T20:58:01 - [MESSAGE][PASSED] - Found web element by test object 

30-08-2024T20:58:01 - [MESSAGE][PASSED] - Found web element by test object 

30-08-2024T20:58:01 - [MESSAGE][PASSED] - Found web element by test object 

30-08-2024T20:58:01 - [MESSAGE][PASSED] - Found web element by test object 

30-08-2024T20:58:02 - [MESSAGE][PASSED] - Found web element by test object 

30-08-2024T20:58:02 - [MESSAGE][PASSED] - Found web element by test object 

30-08-2024T20:58:02 - [MESSAGE][PASSED] - Found web element by test object 

30-08-2024T20:58:02 - [MESSAGE][PASSED] - Found web element by test object 

30-08-2024T20:58:03 - [MESSAGE][PASSED] - Found web element by test object 

30-08-2024T20:58:03 - [MESSAGE][PASSED] - Found web element by test object 

30-08-2024T20:58:03 - [MESSAGE][PASSED] - Found web element by test object 

30-08-2024T20:58:03 - [MESSAGE][PASSED] - Found web element by test object 

30-08-2024T20:58:04 - [MESSAGE][PASSED] - Found web element by test object 

30-08-2024T20:58:04 - [MESSAGE][PASSED] - Found web element by test object 

30-08-2024T20:58:04 - [MESSAGE][PASSED] - Found web element by test object 

30-08-2024T20:58:04 - [MESSAGE][PASSED] - Found web element by test object 

30-08-2024T20:58:05 - [MESSAGE][PASSED] - Found web element by test object 

30-08-2024T20:58:05 - [MESSAGE][PASSED] - Found web element by test object 

30-08-2024T20:58:05 - [MESSAGE][PASSED] - Found web element by test object 

30-08-2024T20:58:05 - [MESSAGE][PASSED] - Found web element by test object 

30-08-2024T20:58:06 - [MESSAGE][PASSED] - Found web element by test object 

30-08-2024T20:58:06 - [MESSAGE][PASSED] - Found web element by test object 

30-08-2024T20:58:06 - [MESSAGE][PASSED] - Found web element by test object 

30-08-2024T20:58:06 - [MESSAGE][PASSED] - Found web element by test object 

30-08-2024T20:58:07 - [MESSAGE][PASSED] - Scroll to object '' successfully

30-08-2024T20:58:09 - [MESSAGE][PASSED] - Delayed 2 second(s)

30-08-2024T20:58:10 - [MESSAGE][PASSED] - Object: 'Object Repository/EK_Objects/Page_Mozart - UserManagement/edit_user_roles' is clicked on

30-08-2024T20:58:18 - [MESSAGE][PASSED] - All options are de-selected on object 'Object Repository/EK_Objects/Page_Mozart - UserManagement/select_list_of_roles'

30-08-2024T20:58:18 - [MESSAGE][PASSED] - Object: 'Object Repository/EK_Objects/Page_Mozart - UserManagement/Roles_button_after_clear_all_options' is clicked on

30-08-2024T20:58:19 - [MESSAGE][PASSED] - All options with label 'Admin' are selected in object 'Object Repository/EK_Objects/Page_Mozart - UserManagement/select_list_of_roles'  using regular expression

30-08-2024T20:58:20 - [MESSAGE][PASSED] - Delayed 1 second(s)

30-08-2024T20:58:20 - [MESSAGE][PASSED] - Object: 'Object Repository/EK_Objects/Page_Mozart - UserManagement/save_button' is clicked on

30-08-2024T20:58:21 - [MESSAGE][PASSED] - Delayed 1 second(s)

30-08-2024T20:58:24 - [MESSAGE][PASSED] - Object: 'Object Repository/EK_Objects/Page_Mozart - UserManagement/home_hyperlink' is clicked on

30-08-2024T20:58:25 - [MESSAGE][PASSED] - Delayed 1 second(s)

30-08-2024T20:58:25 - [MESSAGE][PASSED] - Object: 'Object Repository/EK_Objects/Page_Mozart - AirlinesHub/supermozart_Dropdown' is clicked on

30-08-2024T20:58:26 - [MESSAGE][PASSED] - Object: 'Object Repository/EK_Objects/Page_Mozart - AirlinesHub/sign_out_button' is clicked on

30-08-2024T20:58:27 - [MESSAGE][PASSED] - Delayed 1 second(s)

30-08-2024T20:58:28 - [MESSAGE][PASSED] - Text 'katalonTest3' is set on object 'Object Repository/MozartChrome/Page_/input_Username_Login'

30-08-2024T20:58:28 - [MESSAGE][PASSED] - Object: 'Object Repository/MozartChrome/Page_/button_Next' is clicked on

30-08-2024T20:58:29 - [MESSAGE][PASSED] - Text 'Accelya.1' is set on object 'Object Repository/MozartChrome/Page_/input_Password_Password'

30-08-2024T20:58:29 - [MESSAGE][PASSED] - Object: 'Object Repository/MozartChrome/Page_/button_Sign in' is clicked on

30-08-2024T20:58:31 - [MESSAGE][PASSED] - Delayed 1 second(s)

30-08-2024T20:58:31 - [MESSAGE][PASSED] - utilityClass.GenericMethods.selectRoles is PASSED

30-08-2024T20:58:31 - [TEST_STEP][PASSED] - delay(1): Delayed 1 second(s)

30-08-2024T20:58:32 - [MESSAGE][PASSED] - Delayed 1 second(s)

30-08-2024T20:58:32 - [TEST_STEP][PASSED] - click(findTestObject("EK_Objects/Page_Mozart - Dashboard/a_Refunds")): Object: 'Object Repository/EK_Objects/Page_Mozart - Dashboard/a_Refunds' is clicked on

30-08-2024T20:58:33 - [MESSAGE][PASSED] - Object: 'Object Repository/EK_Objects/Page_Mozart - Dashboard/a_Refunds' is clicked on

30-08-2024T20:58:33 - [TEST_STEP][FAILED] - verifyElementPresent(findTestObject("EK_Objects/Page_Mozart - Dashboard/Click_On_Local_Settlements"), 2): Unable to verify object 'Object Repository/EK_Objects/Page_Mozart - Dashboard/Click_On_Local_Settlements' is present (Root cause: com.kms.katalon.core.exception.StepFailedException: Unable to verify object 'Object Repository/EK_Objects/Page_Mozart - Dashboard/Click_On_Local_Settlements' is present
	at com.kms.katalon.core.webui.keyword.internal.WebUIKeywordMain.stepFailed(WebUIKeywordMain.groovy:64)
	at com.kms.katalon.core.webui.keyword.internal.WebUIKeywordMain.runKeyword(WebUIKeywordMain.groovy:26)
	at com.kms.katalon.core.webui.keyword.builtin.VerifyElementPresentKeyword.verifyElementPresent(VerifyElementPresentKeyword.groovy:92)
	at com.kms.katalon.core.webui.keyword.builtin.VerifyElementPresentKeyword.execute(VerifyElementPresentKeyword.groovy:68)
	at com.kms.katalon.core.keyword.internal.KeywordExecutor.executeKeywordForPlatform(KeywordExecutor.groovy:74)
	at com.kms.katalon.core.webui.keyword.WebUiBuiltInKeywords.verifyElementPresent(WebUiBuiltInKeywords.groovy:1503)
	at TC 4_MOZ_11445 Verify User Role other than the auditor or supervisor Access Levels for the Local Settlements Module.run(TC 4_MOZ_11445 Verify User Role other than the auditor or supervisor Access Levels for the Local Settlements Module:14)
	at com.kms.katalon.core.main.ScriptEngine.run(ScriptEngine.java:194)
	at com.kms.katalon.core.main.ScriptEngine.runScriptAsRawText(ScriptEngine.java:119)
	at com.kms.katalon.core.main.TestCaseExecutor.runScript(TestCaseExecutor.java:448)
	at com.kms.katalon.core.main.TestCaseExecutor.doExecute(TestCaseExecutor.java:439)
	at com.kms.katalon.core.main.TestCaseExecutor.processExecutionPhase(TestCaseExecutor.java:418)
	at com.kms.katalon.core.main.TestCaseExecutor.accessMainPhase(TestCaseExecutor.java:410)
	at com.kms.katalon.core.main.TestCaseExecutor.execute(TestCaseExecutor.java:285)
	at com.kms.katalon.core.common.CommonExecutor.accessTestCaseMainPhase(CommonExecutor.java:65)
	at com.kms.katalon.core.main.TestSuiteExecutor.accessTestSuiteMainPhase(TestSuiteExecutor.java:150)
	at com.kms.katalon.core.main.TestSuiteExecutor.execute(TestSuiteExecutor.java:106)
	at com.kms.katalon.core.main.TestCaseMain.startTestSuite(TestCaseMain.java:180)
	at TempTestSuite1725031124873.run(TempTestSuite1725031124873.groovy:35)
	at java.base/jdk.internal.reflect.NativeMethodAccessorImpl.invoke0(Native Method)
	at java.base/jdk.internal.reflect.NativeMethodAccessorImpl.invoke(NativeMethodAccessorImpl.java:77)
	at java.base/jdk.internal.reflect.DelegatingMethodAccessorImpl.invoke(DelegatingMethodAccessorImpl.java:43)
Caused by: com.kms.katalon.core.exception.StepFailedException: com.kms.katalon.core.webui.exception.WebElementNotFoundException: Web element with id: 'Object Repository/EK_Objects/Page_Mozart - Dashboard/Click_On_Local_Settlements' located by '//a[@id='menu_LocalSettlements']' not found
	at com.kms.katalon.core.webui.keyword.internal.WebUIKeywordMain.stepFailed(WebUIKeywordMain.groovy:64)
	at com.kms.katalon.core.webui.keyword.builtin.VerifyElementPresentKeyword$_verifyElementPresent_closure1.doCall(VerifyElementPresentKeyword.groovy:85)
	at com.kms.katalon.core.webui.keyword.builtin.VerifyElementPresentKeyword$_verifyElementPresent_closure1.call(VerifyElementPresentKeyword.groovy)
	at com.kms.katalon.core.webui.keyword.internal.WebUIKeywordMain.runKeyword(WebUIKeywordMain.groovy:20)
	... 20 more
)

30-08-2024T20:58:36 - [MESSAGE][INFO] - Unable to find the element located by 'By.xpath: //a[@id='menu_LocalSettlements']'. Please recheck the objects properties to make sure the desired element is located. 

30-08-2024T20:58:36 - [MESSAGE][FAILED] - com.kms.katalon.core.webui.exception.WebElementNotFoundException: Web element with id: 'Object Repository/EK_Objects/Page_Mozart - Dashboard/Click_On_Local_Settlements' located by '//a[@id='menu_LocalSettlements']' not found (Root cause: com.kms.katalon.core.exception.StepFailedException: com.kms.katalon.core.webui.exception.WebElementNotFoundException: Web element with id: 'Object Repository/EK_Objects/Page_Mozart - Dashboard/Click_On_Local_Settlements' located by '//a[@id='menu_LocalSettlements']' not found
	at com.kms.katalon.core.webui.keyword.internal.WebUIKeywordMain.stepFailed(WebUIKeywordMain.groovy:64)
	at com.kms.katalon.core.webui.keyword.builtin.VerifyElementPresentKeyword$_verifyElementPresent_closure1.doCall(VerifyElementPresentKeyword.groovy:85)
	at com.kms.katalon.core.webui.keyword.builtin.VerifyElementPresentKeyword$_verifyElementPresent_closure1.call(VerifyElementPresentKeyword.groovy)
	at com.kms.katalon.core.webui.keyword.internal.WebUIKeywordMain.runKeyword(WebUIKeywordMain.groovy:20)
	at com.kms.katalon.core.webui.keyword.builtin.VerifyElementPresentKeyword.verifyElementPresent(VerifyElementPresentKeyword.groovy:92)
	at com.kms.katalon.core.webui.keyword.builtin.VerifyElementPresentKeyword.execute(VerifyElementPresentKeyword.groovy:68)
	at com.kms.katalon.core.keyword.internal.KeywordExecutor.executeKeywordForPlatform(KeywordExecutor.groovy:74)
	at com.kms.katalon.core.webui.keyword.WebUiBuiltInKeywords.verifyElementPresent(WebUiBuiltInKeywords.groovy:1503)
	at TC 4_MOZ_11445 Verify User Role other than the auditor or supervisor Access Levels for the Local Settlements Module.run(TC 4_MOZ_11445 Verify User Role other than the auditor or supervisor Access Levels for the Local Settlements Module:14)
	at com.kms.katalon.core.main.ScriptEngine.run(ScriptEngine.java:194)
	at com.kms.katalon.core.main.ScriptEngine.runScriptAsRawText(ScriptEngine.java:119)
	at com.kms.katalon.core.main.TestCaseExecutor.runScript(TestCaseExecutor.java:448)
	at com.kms.katalon.core.main.TestCaseExecutor.doExecute(TestCaseExecutor.java:439)
	at com.kms.katalon.core.main.TestCaseExecutor.processExecutionPhase(TestCaseExecutor.java:418)
	at com.kms.katalon.core.main.TestCaseExecutor.accessMainPhase(TestCaseExecutor.java:410)
	at com.kms.katalon.core.main.TestCaseExecutor.execute(TestCaseExecutor.java:285)
	at com.kms.katalon.core.common.CommonExecutor.accessTestCaseMainPhase(CommonExecutor.java:65)
	at com.kms.katalon.core.main.TestSuiteExecutor.accessTestSuiteMainPhase(TestSuiteExecutor.java:150)
	at com.kms.katalon.core.main.TestSuiteExecutor.execute(TestSuiteExecutor.java:106)
	at com.kms.katalon.core.main.TestCaseMain.startTestSuite(TestCaseMain.java:180)
	at TempTestSuite1725031124873.run(TempTestSuite1725031124873.groovy:35)
	at java.base/jdk.internal.reflect.NativeMethodAccessorImpl.invoke0(Native Method)
	at java.base/jdk.internal.reflect.NativeMethodAccessorImpl.invoke(NativeMethodAccessorImpl.java:77)
	at java.base/jdk.internal.reflect.DelegatingMethodAccessorImpl.invoke(DelegatingMethodAccessorImpl.java:43)
)
[[ATTACHMENT|C:\\Users\\ranjit.vadar\\Katalon Studio\\Mozart Emirates\\Reports\\20240830_204843\\Suite MOZ-10510\\20240830_204844\\1725031716478.png]]

30-08-2024T20:58:36 - [MESSAGE][FAILED] - Unable to verify object 'Object Repository/EK_Objects/Page_Mozart - Dashboard/Click_On_Local_Settlements' is present (Root cause: com.kms.katalon.core.exception.StepFailedException: Unable to verify object 'Object Repository/EK_Objects/Page_Mozart - Dashboard/Click_On_Local_Settlements' is present
	at com.kms.katalon.core.webui.keyword.internal.WebUIKeywordMain.stepFailed(WebUIKeywordMain.groovy:64)
	at com.kms.katalon.core.webui.keyword.internal.WebUIKeywordMain.runKeyword(WebUIKeywordMain.groovy:26)
	at com.kms.katalon.core.webui.keyword.builtin.VerifyElementPresentKeyword.verifyElementPresent(VerifyElementPresentKeyword.groovy:92)
	at com.kms.katalon.core.webui.keyword.builtin.VerifyElementPresentKeyword.execute(VerifyElementPresentKeyword.groovy:68)
	at com.kms.katalon.core.keyword.internal.KeywordExecutor.executeKeywordForPlatform(KeywordExecutor.groovy:74)
	at com.kms.katalon.core.webui.keyword.WebUiBuiltInKeywords.verifyElementPresent(WebUiBuiltInKeywords.groovy:1503)
	at TC 4_MOZ_11445 Verify User Role other than the auditor or supervisor Access Levels for the Local Settlements Module.run(TC 4_MOZ_11445 Verify User Role other than the auditor or supervisor Access Levels for the Local Settlements Module:14)
	at com.kms.katalon.core.main.ScriptEngine.run(ScriptEngine.java:194)
	at com.kms.katalon.core.main.ScriptEngine.runScriptAsRawText(ScriptEngine.java:119)
	at com.kms.katalon.core.main.TestCaseExecutor.runScript(TestCaseExecutor.java:448)
	at com.kms.katalon.core.main.TestCaseExecutor.doExecute(TestCaseExecutor.java:439)
	at com.kms.katalon.core.main.TestCaseExecutor.processExecutionPhase(TestCaseExecutor.java:418)
	at com.kms.katalon.core.main.TestCaseExecutor.accessMainPhase(TestCaseExecutor.java:410)
	at com.kms.katalon.core.main.TestCaseExecutor.execute(TestCaseExecutor.java:285)
	at com.kms.katalon.core.common.CommonExecutor.accessTestCaseMainPhase(CommonExecutor.java:65)
	at com.kms.katalon.core.main.TestSuiteExecutor.accessTestSuiteMainPhase(TestSuiteExecutor.java:150)
	at com.kms.katalon.core.main.TestSuiteExecutor.execute(TestSuiteExecutor.java:106)
	at com.kms.katalon.core.main.TestCaseMain.startTestSuite(TestCaseMain.java:180)
	at TempTestSuite1725031124873.run(TempTestSuite1725031124873.groovy:35)
	at java.base/jdk.internal.reflect.NativeMethodAccessorImpl.invoke0(Native Method)
	at java.base/jdk.internal.reflect.NativeMethodAccessorImpl.invoke(NativeMethodAccessorImpl.java:77)
	at java.base/jdk.internal.reflect.DelegatingMethodAccessorImpl.invoke(DelegatingMethodAccessorImpl.java:43)
Caused by: com.kms.katalon.core.exception.StepFailedException: com.kms.katalon.core.webui.exception.WebElementNotFoundException: Web element with id: 'Object Repository/EK_Objects/Page_Mozart - Dashboard/Click_On_Local_Settlements' located by '//a[@id='menu_LocalSettlements']' not found
	at com.kms.katalon.core.webui.keyword.internal.WebUIKeywordMain.stepFailed(WebUIKeywordMain.groovy:64)
	at com.kms.katalon.core.webui.keyword.builtin.VerifyElementPresentKeyword$_verifyElementPresent_closure1.doCall(VerifyElementPresentKeyword.groovy:85)
	at com.kms.katalon.core.webui.keyword.builtin.VerifyElementPresentKeyword$_verifyElementPresent_closure1.call(VerifyElementPresentKeyword.groovy)
	at com.kms.katalon.core.webui.keyword.internal.WebUIKeywordMain.runKeyword(WebUIKeywordMain.groovy:20)
	... 20 more
)
[[ATTACHMENT|C:\\Users\\ranjit.vadar\\Katalon Studio\\Mozart Emirates\\Reports\\20240830_204843\\Suite MOZ-10510\\20240830_204844\\1725031716604.png]]]]></system-out>
         <system-err><![CDATA[30-08-2024T20:57:13 - [TEST_CASE][FAILED] - Test Cases/MOZ-10510/TC 4_MOZ_11445 Verify User Role other than the auditor or supervisor Access Levels for the Local Settlements Module: Test Cases/MOZ-10510/TC 4_MOZ_11445 Verify User Role other than the auditor or supervisor Access Levels for the Local Settlements Module FAILED.
Reason:
com.kms.katalon.core.exception.StepFailedException: Unable to verify object 'Object Repository/EK_Objects/Page_Mozart - Dashboard/Click_On_Local_Settlements' is present
	at com.kms.katalon.core.webui.keyword.internal.WebUIKeywordMain.stepFailed(WebUIKeywordMain.groovy:64)
	at com.kms.katalon.core.webui.keyword.internal.WebUIKeywordMain.runKeyword(WebUIKeywordMain.groovy:26)
	at com.kms.katalon.core.webui.keyword.builtin.VerifyElementPresentKeyword.verifyElementPresent(VerifyElementPresentKeyword.groovy:92)
	at com.kms.katalon.core.webui.keyword.builtin.VerifyElementPresentKeyword.execute(VerifyElementPresentKeyword.groovy:68)
	at com.kms.katalon.core.keyword.internal.KeywordExecutor.executeKeywordForPlatform(KeywordExecutor.groovy:74)
	at com.kms.katalon.core.webui.keyword.WebUiBuiltInKeywords.verifyElementPresent(WebUiBuiltInKeywords.groovy:1503)
	at TC 4_MOZ_11445 Verify User Role other than the auditor or supervisor Access Levels for the Local Settlements Module.run(TC 4_MOZ_11445 Verify User Role other than the auditor or supervisor Access Levels for the Local Settlements Module:14)
	at com.kms.katalon.core.main.ScriptEngine.run(ScriptEngine.java:194)
	at com.kms.katalon.core.main.ScriptEngine.runScriptAsRawText(ScriptEngine.java:119)
	at com.kms.katalon.core.main.TestCaseExecutor.runScript(TestCaseExecutor.java:448)
	at com.kms.katalon.core.main.TestCaseExecutor.doExecute(TestCaseExecutor.java:439)
	at com.kms.katalon.core.main.TestCaseExecutor.processExecutionPhase(TestCaseExecutor.java:418)
	at com.kms.katalon.core.main.TestCaseExecutor.accessMainPhase(TestCaseExecutor.java:410)
	at com.kms.katalon.core.main.TestCaseExecutor.execute(TestCaseExecutor.java:285)
	at com.kms.katalon.core.common.CommonExecutor.accessTestCaseMainPhase(CommonExecutor.java:65)
	at com.kms.katalon.core.main.TestSuiteExecutor.accessTestSuiteMainPhase(TestSuiteExecutor.java:150)
	at com.kms.katalon.core.main.TestSuiteExecutor.execute(TestSuiteExecutor.java:106)
	at com.kms.katalon.core.main.TestCaseMain.startTestSuite(TestCaseMain.java:180)
	at TempTestSuite1725031124873.run(TempTestSuite1725031124873.groovy:35)
	at java.base/jdk.internal.reflect.NativeMethodAccessorImpl.invoke0(Native Method)
	at java.base/jdk.internal.reflect.NativeMethodAccessorImpl.invoke(NativeMethodAccessorImpl.java:77)
	at java.base/jdk.internal.reflect.DelegatingMethodAccessorImpl.invoke(DelegatingMethodAccessorImpl.java:43)
Caused by: com.kms.katalon.core.exception.StepFailedException: com.kms.katalon.core.webui.exception.WebElementNotFoundException: Web element with id: 'Object Repository/EK_Objects/Page_Mozart - Dashboard/Click_On_Local_Settlements' located by '//a[@id='menu_LocalSettlements']' not found
	at com.kms.katalon.core.webui.keyword.internal.WebUIKeywordMain.stepFailed(WebUIKeywordMain.groovy:64)
	at com.kms.katalon.core.webui.keyword.builtin.VerifyElementPresentKeyword$_verifyElementPresent_closure1.doCall(VerifyElementPresentKeyword.groovy:85)
	at com.kms.katalon.core.webui.keyword.builtin.VerifyElementPresentKeyword$_verifyElementPresent_closure1.call(VerifyElementPresentKeyword.groovy)
	at com.kms.katalon.core.webui.keyword.internal.WebUIKeywordMain.runKeyword(WebUIKeywordMain.groovy:20)
	... 20 more]]></system-err>
      </testcase>
      <testcase name="Test Cases/MOZ-10510/TC 3_MOZ_11445 Verify User Role Auditor Access Levels for the Local Settlements Module" time="125.845" classname="Test Cases/MOZ-10510/TC 3_MOZ_11445 Verify User Role Auditor Access Levels for the Local Settlements Module" status="PASSED">
         <system-out><![CDATA[30-08-2024T20:58:36 - [TEST_CASE][PASSED] - Test Cases/MOZ-10510/TC 3_MOZ_11445 Verify User Role Auditor Access Levels for the Local Settlements Module: Test Cases/MOZ-10510/TC 3_MOZ_11445 Verify User Role Auditor Access Levels for the Local Settlements Module

30-08-2024T20:58:36 - [TEST_STEP][PASSED] - utilityClass.GenericMethods.selectRoles(MozartUser, "Supervisor"): utilityClass.GenericMethods.selectRoles is PASSED

30-08-2024T20:58:36 - [MESSAGE][WARNING] - A browser is already opened. Closing browser and opening a new one

30-08-2024T20:58:37 - [MESSAGE][INFO] - Starting 'Chrome' driver

30-08-2024T20:58:37 - [MESSAGE][INFO] - Action delay is set to 0 milliseconds

30-08-2024T20:58:38 - [MESSAGE][PASSED] - Browser is opened with url: ''

30-08-2024T20:58:39 - [MESSAGE][PASSED] - Navigate to 'https://accelyacomtest.accelya.local/MozartTest/AirlinesHub/Index' successfully

30-08-2024T20:58:39 - [MESSAGE][PASSED] - Current window maximized

30-08-2024T20:58:39 - [MESSAGE][PASSED] - Delete all cookies successfully

30-08-2024T20:58:39 - [MESSAGE][PASSED] - Object: 'Object Repository/MozartChrome/ChromeAdvance/ClickOnAdvanceButton' is clicked on

30-08-2024T20:58:53 - [MESSAGE][PASSED] - Object: 'Object Repository/MozartChrome/ChromeAdvance/ProccedLink' is clicked on

30-08-2024T20:58:54 - [MESSAGE][PASSED] - Text 'supermozart' is set on object 'Object Repository/MozartChrome/Page_/input_Username_Login'

30-08-2024T20:58:54 - [MESSAGE][PASSED] - Object: 'Object Repository/MozartChrome/Page_/button_Next' is clicked on

30-08-2024T20:58:55 - [MESSAGE][PASSED] - Text 'Accelya.1' is set on object 'Object Repository/MozartChrome/Page_/input_Password_Password'

30-08-2024T20:58:55 - [MESSAGE][PASSED] - Object: 'Object Repository/MozartChrome/Page_/button_Sign in' is clicked on

30-08-2024T20:59:06 - [MESSAGE][PASSED] - Object: 'Object Repository/EK_Objects/Page_Mozart - AirlinesHub/configuration_dropDown' is clicked on

30-08-2024T20:59:07 - [MESSAGE][PASSED] - Object: 'Object Repository/EK_Objects/Page_Mozart - AirlinesHub/users_button' is clicked on

30-08-2024T20:59:08 - [MESSAGE][PASSED] - Found web elements by test object Object Repository/EK_Objects/Page_Mozart - AirlinesHub/getListOfUsers

30-08-2024T20:59:09 - [MESSAGE][PASSED] - Found web element by test object 

30-08-2024T20:59:09 - [MESSAGE][PASSED] - Found web element by test object 

30-08-2024T20:59:09 - [MESSAGE][PASSED] - Found web element by test object 

30-08-2024T20:59:09 - [MESSAGE][PASSED] - Found web element by test object 

30-08-2024T20:59:10 - [MESSAGE][PASSED] - Found web element by test object 

30-08-2024T20:59:10 - [MESSAGE][PASSED] - Found web element by test object 

30-08-2024T20:59:10 - [MESSAGE][PASSED] - Found web element by test object 

30-08-2024T20:59:11 - [MESSAGE][PASSED] - Found web element by test object 

30-08-2024T20:59:11 - [MESSAGE][PASSED] - Found web element by test object 

30-08-2024T20:59:11 - [MESSAGE][PASSED] - Found web element by test object 

30-08-2024T20:59:11 - [MESSAGE][PASSED] - Found web element by test object 

30-08-2024T20:59:12 - [MESSAGE][PASSED] - Found web element by test object 

30-08-2024T20:59:12 - [MESSAGE][PASSED] - Found web element by test object 

30-08-2024T20:59:12 - [MESSAGE][PASSED] - Found web element by test object 

30-08-2024T20:59:12 - [MESSAGE][PASSED] - Found web element by test object 

30-08-2024T20:59:13 - [MESSAGE][PASSED] - Found web element by test object 

30-08-2024T20:59:13 - [MESSAGE][PASSED] - Found web element by test object 

30-08-2024T20:59:13 - [MESSAGE][PASSED] - Found web element by test object 

30-08-2024T20:59:13 - [MESSAGE][PASSED] - Found web element by test object 

30-08-2024T20:59:14 - [MESSAGE][PASSED] - Found web element by test object 

30-08-2024T20:59:14 - [MESSAGE][PASSED] - Found web element by test object 

30-08-2024T20:59:14 - [MESSAGE][PASSED] - Found web element by test object 

30-08-2024T20:59:14 - [MESSAGE][PASSED] - Found web element by test object 

30-08-2024T20:59:15 - [MESSAGE][PASSED] - Found web element by test object 

30-08-2024T20:59:15 - [MESSAGE][PASSED] - Found web element by test object 

30-08-2024T20:59:15 - [MESSAGE][PASSED] - Found web element by test object 

30-08-2024T20:59:15 - [MESSAGE][PASSED] - Found web element by test object 

30-08-2024T20:59:16 - [MESSAGE][PASSED] - Found web element by test object 

30-08-2024T20:59:16 - [MESSAGE][PASSED] - Found web element by test object 

30-08-2024T20:59:16 - [MESSAGE][PASSED] - Found web element by test object 

30-08-2024T20:59:16 - [MESSAGE][PASSED] - Found web element by test object 

30-08-2024T20:59:17 - [MESSAGE][PASSED] - Found web element by test object 

30-08-2024T20:59:17 - [MESSAGE][PASSED] - Found web element by test object 

30-08-2024T20:59:17 - [MESSAGE][PASSED] - Found web element by test object 

30-08-2024T20:59:17 - [MESSAGE][PASSED] - Found web element by test object 

30-08-2024T20:59:18 - [MESSAGE][PASSED] - Found web element by test object 

30-08-2024T20:59:18 - [MESSAGE][PASSED] - Found web element by test object 

30-08-2024T20:59:18 - [MESSAGE][PASSED] - Found web element by test object 

30-08-2024T20:59:18 - [MESSAGE][PASSED] - Found web element by test object 

30-08-2024T20:59:19 - [MESSAGE][PASSED] - Found web element by test object 

30-08-2024T20:59:19 - [MESSAGE][PASSED] - Found web element by test object 

30-08-2024T20:59:19 - [MESSAGE][PASSED] - Found web element by test object 

30-08-2024T20:59:19 - [MESSAGE][PASSED] - Found web element by test object 

30-08-2024T20:59:20 - [MESSAGE][PASSED] - Found web element by test object 

30-08-2024T20:59:20 - [MESSAGE][PASSED] - Found web element by test object 

30-08-2024T20:59:20 - [MESSAGE][PASSED] - Found web element by test object 

30-08-2024T20:59:20 - [MESSAGE][PASSED] - Found web element by test object 

30-08-2024T20:59:21 - [MESSAGE][PASSED] - Found web element by test object 

30-08-2024T20:59:21 - [MESSAGE][PASSED] - Found web element by test object 

30-08-2024T20:59:21 - [MESSAGE][PASSED] - Found web element by test object 

30-08-2024T20:59:21 - [MESSAGE][PASSED] - Found web element by test object 

30-08-2024T20:59:22 - [MESSAGE][PASSED] - Scroll to object '' successfully

30-08-2024T20:59:24 - [MESSAGE][PASSED] - Delayed 2 second(s)

30-08-2024T20:59:25 - [MESSAGE][PASSED] - Object: 'Object Repository/EK_Objects/Page_Mozart - UserManagement/edit_user_roles' is clicked on

30-08-2024T20:59:33 - [MESSAGE][PASSED] - All options are de-selected on object 'Object Repository/EK_Objects/Page_Mozart - UserManagement/select_list_of_roles'

30-08-2024T20:59:33 - [MESSAGE][PASSED] - Object: 'Object Repository/EK_Objects/Page_Mozart - UserManagement/Roles_button_after_clear_all_options' is clicked on

30-08-2024T20:59:34 - [MESSAGE][PASSED] - All options with label 'Supervisor' are selected in object 'Object Repository/EK_Objects/Page_Mozart - UserManagement/select_list_of_roles'  using regular expression

30-08-2024T20:59:35 - [MESSAGE][PASSED] - Delayed 1 second(s)

30-08-2024T20:59:35 - [MESSAGE][PASSED] - Object: 'Object Repository/EK_Objects/Page_Mozart - UserManagement/save_button' is clicked on

30-08-2024T20:59:36 - [MESSAGE][PASSED] - Delayed 1 second(s)

30-08-2024T20:59:39 - [MESSAGE][PASSED] - Object: 'Object Repository/EK_Objects/Page_Mozart - UserManagement/home_hyperlink' is clicked on

30-08-2024T20:59:40 - [MESSAGE][PASSED] - Delayed 1 second(s)

30-08-2024T20:59:40 - [MESSAGE][PASSED] - Object: 'Object Repository/EK_Objects/Page_Mozart - AirlinesHub/supermozart_Dropdown' is clicked on

30-08-2024T20:59:41 - [MESSAGE][PASSED] - Object: 'Object Repository/EK_Objects/Page_Mozart - AirlinesHub/sign_out_button' is clicked on

30-08-2024T20:59:42 - [MESSAGE][PASSED] - Delayed 1 second(s)

30-08-2024T20:59:43 - [MESSAGE][PASSED] - Text 'katalonTest3' is set on object 'Object Repository/MozartChrome/Page_/input_Username_Login'

30-08-2024T20:59:43 - [MESSAGE][PASSED] - Object: 'Object Repository/MozartChrome/Page_/button_Next' is clicked on

30-08-2024T20:59:44 - [MESSAGE][PASSED] - Text 'Accelya.1' is set on object 'Object Repository/MozartChrome/Page_/input_Password_Password'

30-08-2024T20:59:45 - [MESSAGE][PASSED] - Object: 'Object Repository/MozartChrome/Page_/button_Sign in' is clicked on

30-08-2024T20:59:46 - [MESSAGE][PASSED] - Delayed 1 second(s)

30-08-2024T20:59:46 - [MESSAGE][PASSED] - utilityClass.GenericMethods.selectRoles is PASSED

30-08-2024T20:59:46 - [TEST_STEP][PASSED] - delay(2): Delayed 2 second(s)

30-08-2024T20:59:48 - [MESSAGE][PASSED] - Delayed 2 second(s)

30-08-2024T20:59:48 - [TEST_STEP][PASSED] - click(findTestObject("EK_Objects/Page_Mozart - Dashboard/a_Refunds")): Object: 'Object Repository/EK_Objects/Page_Mozart - Dashboard/a_Refunds' is clicked on

30-08-2024T21:00:40 - [MESSAGE][PASSED] - Object: 'Object Repository/EK_Objects/Page_Mozart - Dashboard/a_Refunds' is clicked on

30-08-2024T21:00:40 - [TEST_STEP][PASSED] - verifyElementPresent(findTestObject("EK_Objects/Page_Mozart - Dashboard/Click_On_Local_Settlements"), 2): Object 'Object Repository/EK_Objects/Page_Mozart - Dashboard/Click_On_Local_Settlements' is present

30-08-2024T21:00:41 - [MESSAGE][PASSED] - Object 'Object Repository/EK_Objects/Page_Mozart - Dashboard/Click_On_Local_Settlements' is present

30-08-2024T21:00:41 - [TEST_STEP][PASSED] - closeBrowser(): Browser is closed

30-08-2024T21:00:42 - [MESSAGE][PASSED] - Browser is closed]]></system-out>
         <system-err><![CDATA[]]></system-err>
      </testcase>
      <testcase name="Test Cases/MOZ-10510/TC 2_MOZ_11445 Verify User Role Supervisor Access Levels for the Local Settlements Module" time="73.867" classname="Test Cases/MOZ-10510/TC 2_MOZ_11445 Verify User Role Supervisor Access Levels for the Local Settlements Module" status="PASSED">
         <system-out><![CDATA[30-08-2024T21:00:42 - [TEST_CASE][PASSED] - Test Cases/MOZ-10510/TC 2_MOZ_11445 Verify User Role Supervisor Access Levels for the Local Settlements Module: Test Cases/MOZ-10510/TC 2_MOZ_11445 Verify User Role Supervisor Access Levels for the Local Settlements Module

30-08-2024T21:00:42 - [TEST_STEP][PASSED] - utilityClass.GenericMethods.selectRoles(MozartUser, "Auditor"): utilityClass.GenericMethods.selectRoles is PASSED

30-08-2024T21:00:42 - [MESSAGE][INFO] - Starting 'Chrome' driver

30-08-2024T21:00:42 - [MESSAGE][INFO] - Action delay is set to 0 milliseconds

30-08-2024T21:00:44 - [MESSAGE][PASSED] - Browser is opened with url: ''

30-08-2024T21:00:45 - [MESSAGE][PASSED] - Navigate to 'https://accelyacomtest.accelya.local/MozartTest/AirlinesHub/Index' successfully

30-08-2024T21:00:45 - [MESSAGE][PASSED] - Current window maximized

30-08-2024T21:00:45 - [MESSAGE][PASSED] - Delete all cookies successfully

30-08-2024T21:00:45 - [MESSAGE][PASSED] - Object: 'Object Repository/MozartChrome/ChromeAdvance/ClickOnAdvanceButton' is clicked on

30-08-2024T21:00:58 - [MESSAGE][PASSED] - Object: 'Object Repository/MozartChrome/ChromeAdvance/ProccedLink' is clicked on

30-08-2024T21:00:59 - [MESSAGE][PASSED] - Text 'supermozart' is set on object 'Object Repository/MozartChrome/Page_/input_Username_Login'

30-08-2024T21:00:59 - [MESSAGE][PASSED] - Object: 'Object Repository/MozartChrome/Page_/button_Next' is clicked on

30-08-2024T21:01:00 - [MESSAGE][PASSED] - Text 'Accelya.1' is set on object 'Object Repository/MozartChrome/Page_/input_Password_Password'

30-08-2024T21:01:01 - [MESSAGE][PASSED] - Object: 'Object Repository/MozartChrome/Page_/button_Sign in' is clicked on

30-08-2024T21:01:13 - [MESSAGE][PASSED] - Object: 'Object Repository/EK_Objects/Page_Mozart - AirlinesHub/configuration_dropDown' is clicked on

30-08-2024T21:01:14 - [MESSAGE][PASSED] - Object: 'Object Repository/EK_Objects/Page_Mozart - AirlinesHub/users_button' is clicked on

30-08-2024T21:01:15 - [MESSAGE][PASSED] - Found web elements by test object Object Repository/EK_Objects/Page_Mozart - AirlinesHub/getListOfUsers

30-08-2024T21:01:16 - [MESSAGE][PASSED] - Found web element by test object 

30-08-2024T21:01:16 - [MESSAGE][PASSED] - Found web element by test object 

30-08-2024T21:01:16 - [MESSAGE][PASSED] - Found web element by test object 

30-08-2024T21:01:16 - [MESSAGE][PASSED] - Found web element by test object 

30-08-2024T21:01:17 - [MESSAGE][PASSED] - Found web element by test object 

30-08-2024T21:01:17 - [MESSAGE][PASSED] - Found web element by test object 

30-08-2024T21:01:17 - [MESSAGE][PASSED] - Found web element by test object 

30-08-2024T21:01:17 - [MESSAGE][PASSED] - Found web element by test object 

30-08-2024T21:01:18 - [MESSAGE][PASSED] - Found web element by test object 

30-08-2024T21:01:18 - [MESSAGE][PASSED] - Found web element by test object 

30-08-2024T21:01:18 - [MESSAGE][PASSED] - Found web element by test object 

30-08-2024T21:01:18 - [MESSAGE][PASSED] - Found web element by test object 

30-08-2024T21:01:19 - [MESSAGE][PASSED] - Found web element by test object 

30-08-2024T21:01:19 - [MESSAGE][PASSED] - Found web element by test object 

30-08-2024T21:01:19 - [MESSAGE][PASSED] - Found web element by test object 

30-08-2024T21:01:19 - [MESSAGE][PASSED] - Found web element by test object 

30-08-2024T21:01:20 - [MESSAGE][PASSED] - Found web element by test object 

30-08-2024T21:01:20 - [MESSAGE][PASSED] - Found web element by test object 

30-08-2024T21:01:20 - [MESSAGE][PASSED] - Found web element by test object 

30-08-2024T21:01:20 - [MESSAGE][PASSED] - Found web element by test object 

30-08-2024T21:01:21 - [MESSAGE][PASSED] - Found web element by test object 

30-08-2024T21:01:21 - [MESSAGE][PASSED] - Found web element by test object 

30-08-2024T21:01:21 - [MESSAGE][PASSED] - Found web element by test object 

30-08-2024T21:01:21 - [MESSAGE][PASSED] - Found web element by test object 

30-08-2024T21:01:22 - [MESSAGE][PASSED] - Found web element by test object 

30-08-2024T21:01:22 - [MESSAGE][PASSED] - Found web element by test object 

30-08-2024T21:01:22 - [MESSAGE][PASSED] - Found web element by test object 

30-08-2024T21:01:23 - [MESSAGE][PASSED] - Found web element by test object 

30-08-2024T21:01:23 - [MESSAGE][PASSED] - Found web element by test object 

30-08-2024T21:01:23 - [MESSAGE][PASSED] - Found web element by test object 

30-08-2024T21:01:23 - [MESSAGE][PASSED] - Found web element by test object 

30-08-2024T21:01:24 - [MESSAGE][PASSED] - Found web element by test object 

30-08-2024T21:01:24 - [MESSAGE][PASSED] - Found web element by test object 

30-08-2024T21:01:24 - [MESSAGE][PASSED] - Found web element by test object 

30-08-2024T21:01:24 - [MESSAGE][PASSED] - Found web element by test object 

30-08-2024T21:01:25 - [MESSAGE][PASSED] - Found web element by test object 

30-08-2024T21:01:25 - [MESSAGE][PASSED] - Found web element by test object 

30-08-2024T21:01:25 - [MESSAGE][PASSED] - Found web element by test object 

30-08-2024T21:01:25 - [MESSAGE][PASSED] - Found web element by test object 

30-08-2024T21:01:26 - [MESSAGE][PASSED] - Found web element by test object 

30-08-2024T21:01:26 - [MESSAGE][PASSED] - Found web element by test object 

30-08-2024T21:01:26 - [MESSAGE][PASSED] - Found web element by test object 

30-08-2024T21:01:26 - [MESSAGE][PASSED] - Found web element by test object 

30-08-2024T21:01:27 - [MESSAGE][PASSED] - Found web element by test object 

30-08-2024T21:01:27 - [MESSAGE][PASSED] - Found web element by test object 

30-08-2024T21:01:27 - [MESSAGE][PASSED] - Found web element by test object 

30-08-2024T21:01:27 - [MESSAGE][PASSED] - Found web element by test object 

30-08-2024T21:01:28 - [MESSAGE][PASSED] - Found web element by test object 

30-08-2024T21:01:28 - [MESSAGE][PASSED] - Found web element by test object 

30-08-2024T21:01:28 - [MESSAGE][PASSED] - Found web element by test object 

30-08-2024T21:01:28 - [MESSAGE][PASSED] - Found web element by test object 

30-08-2024T21:01:29 - [MESSAGE][PASSED] - Scroll to object '' successfully

30-08-2024T21:01:31 - [MESSAGE][PASSED] - Delayed 2 second(s)

30-08-2024T21:01:32 - [MESSAGE][PASSED] - Object: 'Object Repository/EK_Objects/Page_Mozart - UserManagement/edit_user_roles' is clicked on

30-08-2024T21:01:40 - [MESSAGE][PASSED] - All options are de-selected on object 'Object Repository/EK_Objects/Page_Mozart - UserManagement/select_list_of_roles'

30-08-2024T21:01:40 - [MESSAGE][PASSED] - Object: 'Object Repository/EK_Objects/Page_Mozart - UserManagement/Roles_button_after_clear_all_options' is clicked on

30-08-2024T21:01:41 - [MESSAGE][PASSED] - All options with label 'Auditor' are selected in object 'Object Repository/EK_Objects/Page_Mozart - UserManagement/select_list_of_roles'  using regular expression

30-08-2024T21:01:42 - [MESSAGE][PASSED] - Delayed 1 second(s)

30-08-2024T21:01:42 - [MESSAGE][PASSED] - Object: 'Object Repository/EK_Objects/Page_Mozart - UserManagement/save_button' is clicked on

30-08-2024T21:01:43 - [MESSAGE][PASSED] - Delayed 1 second(s)

30-08-2024T21:01:45 - [MESSAGE][PASSED] - Object: 'Object Repository/EK_Objects/Page_Mozart - UserManagement/home_hyperlink' is clicked on

30-08-2024T21:01:46 - [MESSAGE][PASSED] - Delayed 1 second(s)

30-08-2024T21:01:47 - [MESSAGE][PASSED] - Object: 'Object Repository/EK_Objects/Page_Mozart - AirlinesHub/supermozart_Dropdown' is clicked on

30-08-2024T21:01:48 - [MESSAGE][PASSED] - Object: 'Object Repository/EK_Objects/Page_Mozart - AirlinesHub/sign_out_button' is clicked on

30-08-2024T21:01:49 - [MESSAGE][PASSED] - Delayed 1 second(s)

30-08-2024T21:01:50 - [MESSAGE][PASSED] - Text 'katalonTest3' is set on object 'Object Repository/MozartChrome/Page_/input_Username_Login'

30-08-2024T21:01:50 - [MESSAGE][PASSED] - Object: 'Object Repository/MozartChrome/Page_/button_Next' is clicked on

30-08-2024T21:01:51 - [MESSAGE][PASSED] - Text 'Accelya.1' is set on object 'Object Repository/MozartChrome/Page_/input_Password_Password'

30-08-2024T21:01:51 - [MESSAGE][PASSED] - Object: 'Object Repository/MozartChrome/Page_/button_Sign in' is clicked on

30-08-2024T21:01:52 - [MESSAGE][PASSED] - Delayed 1 second(s)

30-08-2024T21:01:52 - [MESSAGE][PASSED] - utilityClass.GenericMethods.selectRoles is PASSED

30-08-2024T21:01:52 - [TEST_STEP][PASSED] - click(findTestObject("EK_Objects/Page_Mozart - Dashboard/a_Refunds")): Object: 'Object Repository/EK_Objects/Page_Mozart - Dashboard/a_Refunds' is clicked on

30-08-2024T21:01:54 - [MESSAGE][PASSED] - Object: 'Object Repository/EK_Objects/Page_Mozart - Dashboard/a_Refunds' is clicked on

30-08-2024T21:01:54 - [TEST_STEP][PASSED] - verifyElementPresent(findTestObject("EK_Objects/Page_Mozart - Dashboard/Click_On_Local_Settlements"), 2): Object 'Object Repository/EK_Objects/Page_Mozart - Dashboard/Click_On_Local_Settlements' is present

30-08-2024T21:01:55 - [MESSAGE][PASSED] - Object 'Object Repository/EK_Objects/Page_Mozart - Dashboard/Click_On_Local_Settlements' is present

30-08-2024T21:01:55 - [TEST_STEP][PASSED] - closeBrowser(): Browser is closed

30-08-2024T21:01:56 - [MESSAGE][PASSED] - Browser is closed]]></system-out>
         <system-err><![CDATA[]]></system-err>
      </testcase>
      <testcase name="Test Cases/MOZ-10510/TC 1_MOZ_11444 Verify Creation of the Local Settlements Module in Mozart" time="34.306" classname="Test Cases/MOZ-10510/TC 1_MOZ_11444 Verify Creation of the Local Settlements Module in Mozart" status="PASSED">
         <system-out><![CDATA[30-08-2024T21:01:56 - [TEST_CASE][PASSED] - Test Cases/MOZ-10510/TC 1_MOZ_11444 Verify Creation of the Local Settlements Module in Mozart: Test Cases/MOZ-10510/TC 1_MOZ_11444 Verify Creation of the Local Settlements Module in Mozart

30-08-2024T21:01:56 - [TEST_STEP][PASSED] - demoPackage.MozartLogin.LoginWithChromeForEK(): demoPackage.MozartLogin.LoginWithChromeForEK is PASSED

30-08-2024T21:01:56 - [MESSAGE][INFO] - Starting 'Chrome' driver

30-08-2024T21:01:56 - [MESSAGE][INFO] - Action delay is set to 0 milliseconds

30-08-2024T21:01:58 - [MESSAGE][PASSED] - Browser is opened with url: ''

30-08-2024T21:01:58 - [MESSAGE][PASSED] - Navigate to 'https://accelyacomtest.accelya.local/MozartTest/AirlinesHub/Index' successfully

30-08-2024T21:01:58 - [MESSAGE][PASSED] - Current window maximized

30-08-2024T21:01:59 - [MESSAGE][PASSED] - Object: 'Object Repository/MozartChrome/ChromeAdvance/ClickOnAdvanceButton' is clicked on

30-08-2024T21:02:12 - [MESSAGE][PASSED] - Object: 'Object Repository/MozartChrome/ChromeAdvance/ProccedLink' is clicked on

30-08-2024T21:02:13 - [MESSAGE][PASSED] - Text 'supermozart' is set on object 'Object Repository/MozartChrome/Page_/input_Username_Login'

30-08-2024T21:02:13 - [MESSAGE][PASSED] - Object: 'Object Repository/MozartChrome/Page_/button_Next' is clicked on

30-08-2024T21:02:14 - [MESSAGE][PASSED] - Text 'Accelya.1' is set on object 'Object Repository/MozartChrome/Page_/input_Password_Password'

30-08-2024T21:02:14 - [MESSAGE][PASSED] - Object: 'Object Repository/MozartChrome/Page_/button_Sign in' is clicked on

30-08-2024T21:02:25 - [MESSAGE][PASSED] - Object: 'Object Repository/MozartChrome/Page_Mozart - AirlinesHub/button_Please select' is clicked on

30-08-2024T21:02:26 - [MESSAGE][PASSED] - Object: 'Object Repository/EK_Objects/Page_Mozart - AirlinesHub/a_176 Emirates' is clicked on

30-08-2024T21:02:29 - [MESSAGE][PASSED] - Object: 'Object Repository/MozartChrome/Page_Mozart - AirlinesHub/a_Select' is clicked on

30-08-2024T21:02:29 - [MESSAGE][PASSED] - demoPackage.MozartLogin.LoginWithChromeForEK is PASSED

30-08-2024T21:02:29 - [TEST_STEP][PASSED] - click(findTestObject("EK_Objects/Page_Mozart - Dashboard/a_Refunds")): Object: 'Object Repository/EK_Objects/Page_Mozart - Dashboard/a_Refunds' is clicked on

30-08-2024T21:02:29 - [MESSAGE][PASSED] - Object: 'Object Repository/EK_Objects/Page_Mozart - Dashboard/a_Refunds' is clicked on

30-08-2024T21:02:29 - [TEST_STEP][PASSED] - verifyElementPresent(findTestObject("EK_Objects/Page_Mozart - Dashboard/Click_On_Local_Settlements"), 2): Object 'Object Repository/EK_Objects/Page_Mozart - Dashboard/Click_On_Local_Settlements' is present

30-08-2024T21:02:30 - [MESSAGE][PASSED] - Object 'Object Repository/EK_Objects/Page_Mozart - Dashboard/Click_On_Local_Settlements' is present

30-08-2024T21:02:30 - [TEST_STEP][PASSED] - closeBrowser(): Browser is closed

30-08-2024T21:02:30 - [MESSAGE][PASSED] - Browser is closed]]></system-out>
         <system-err><![CDATA[]]></system-err>
      </testcase>
      <system-out><![CDATA[30-08-2024T20:48:58 - [TEST_SUITE][FAILED] - Suite MOZ-10510: Test Cases/MOZ-10510/TC 5_MOZ_11446 Verify Landing Page Layout and Filtering Area for the Local Settlements Module FAILED.
Reason:
com.kms.katalon.core.exception.StepFailedException: Unable to verify object 'Object Repository/EK_Objects/Page_Mozart - LocalSettlements/show_exceptions' is not present
	at com.kms.katalon.core.webui.keyword.internal.WebUIKeywordMain.stepFailed(WebUIKeywordMain.groovy:64)
	at com.kms.katalon.core.webui.keyword.internal.WebUIKeywordMain.runKeyword(WebUIKeywordMain.groovy:26)
	at com.kms.katalon.core.webui.keyword.internal.WebUIKeywordMain$runKeyword.call(Unknown Source)
	at com.kms.katalon.core.webui.keyword.builtin.VerifyElementNotPresentKeyword.verifyElementNotPresent(VerifyElementNotPresentKeyword.groovy:131)
	at com.kms.katalon.core.webui.keyword.builtin.VerifyElementNotPresentKeyword.execute(VerifyElementNotPresentKeyword.groovy:69)
	at com.kms.katalon.core.keyword.internal.KeywordExecutor.executeKeywordForPlatform(KeywordExecutor.groovy:74)
	at com.kms.katalon.core.webui.keyword.WebUiBuiltInKeywords.verifyElementNotPresent(WebUiBuiltInKeywords.groovy:1536)
	at TC 5_MOZ_11446 Verify Landing Page Layout and Filtering Area for the Local Settlements Module.run(TC 5_MOZ_11446 Verify Landing Page Layout and Filtering Area for the Local Settlements Module:36)
	at com.kms.katalon.core.main.ScriptEngine.run(ScriptEngine.java:194)
	at com.kms.katalon.core.main.ScriptEngine.runScriptAsRawText(ScriptEngine.java:119)
	at com.kms.katalon.core.main.TestCaseExecutor.runScript(TestCaseExecutor.java:448)
	at com.kms.katalon.core.main.TestCaseExecutor.doExecute(TestCaseExecutor.java:439)
	at com.kms.katalon.core.main.TestCaseExecutor.processExecutionPhase(TestCaseExecutor.java:418)
	at com.kms.katalon.core.main.TestCaseExecutor.accessMainPhase(TestCaseExecutor.java:410)
	at com.kms.katalon.core.main.TestCaseExecutor.execute(TestCaseExecutor.java:285)
	at com.kms.katalon.core.common.CommonExecutor.accessTestCaseMainPhase(CommonExecutor.java:65)
	at com.kms.katalon.core.main.TestSuiteExecutor.accessTestSuiteMainPhase(TestSuiteExecutor.java:150)
	at com.kms.katalon.core.main.TestSuiteExecutor.execute(TestSuiteExecutor.java:106)
	at com.kms.katalon.core.main.TestCaseMain.startTestSuite(TestCaseMain.java:180)
	at TempTestSuite1725031124873.run(TempTestSuite1725031124873.groovy:35)
	at java.base/jdk.internal.reflect.NativeMethodAccessorImpl.invoke0(Native Method)
	at java.base/jdk.internal.reflect.NativeMethodAccessorImpl.invoke(NativeMethodAccessorImpl.java:77)
	at java.base/jdk.internal.reflect.DelegatingMethodAccessorImpl.invoke(DelegatingMethodAccessorImpl.java:43)
Caused by: com.kms.katalon.core.exception.StepFailedException: Web element with id: 'Object Repository/EK_Objects/Page_Mozart - LocalSettlements/show_exceptions' located by 'By.xpath: //div[@class='pl-1']' is present after '10' second(s)
	at com.kms.katalon.core.webui.keyword.internal.WebUIKeywordMain.stepFailed(WebUIKeywordMain.groovy:64)
	at com.kms.katalon.core.webui.keyword.internal.WebUIKeywordMain$stepFailed$0.call(Unknown Source)
	at com.kms.katalon.core.webui.keyword.builtin.VerifyElementNotPresentKeyword$_verifyElementNotPresent_closure1.doCall(VerifyElementNotPresentKeyword.groovy:122)
	at com.kms.katalon.core.webui.keyword.builtin.VerifyElementNotPresentKeyword$_verifyElementNotPresent_closure1.doCall(VerifyElementNotPresentKeyword.groovy)
	at java.base/jdk.internal.reflect.NativeMethodAccessorImpl.invoke0(Native Method)
	at java.base/jdk.internal.reflect.NativeMethodAccessorImpl.invoke(NativeMethodAccessorImpl.java:77)
	at java.base/jdk.internal.reflect.DelegatingMethodAccessorImpl.invoke(DelegatingMethodAccessorImpl.java:43)
	at com.kms.katalon.core.webui.keyword.internal.WebUIKeywordMain.runKeyword(WebUIKeywordMain.groovy:20)
	... 21 more]]></system-out>
      <system-err><![CDATA[30-08-2024T20:48:58 - [TEST_SUITE][FAILED] - Suite MOZ-10510: Test Cases/MOZ-10510/TC 5_MOZ_11446 Verify Landing Page Layout and Filtering Area for the Local Settlements Module FAILED.
Reason:
com.kms.katalon.core.exception.StepFailedException: Unable to verify object 'Object Repository/EK_Objects/Page_Mozart - LocalSettlements/show_exceptions' is not present
	at com.kms.katalon.core.webui.keyword.internal.WebUIKeywordMain.stepFailed(WebUIKeywordMain.groovy:64)
	at com.kms.katalon.core.webui.keyword.internal.WebUIKeywordMain.runKeyword(WebUIKeywordMain.groovy:26)
	at com.kms.katalon.core.webui.keyword.internal.WebUIKeywordMain$runKeyword.call(Unknown Source)
	at com.kms.katalon.core.webui.keyword.builtin.VerifyElementNotPresentKeyword.verifyElementNotPresent(VerifyElementNotPresentKeyword.groovy:131)
	at com.kms.katalon.core.webui.keyword.builtin.VerifyElementNotPresentKeyword.execute(VerifyElementNotPresentKeyword.groovy:69)
	at com.kms.katalon.core.keyword.internal.KeywordExecutor.executeKeywordForPlatform(KeywordExecutor.groovy:74)
	at com.kms.katalon.core.webui.keyword.WebUiBuiltInKeywords.verifyElementNotPresent(WebUiBuiltInKeywords.groovy:1536)
	at TC 5_MOZ_11446 Verify Landing Page Layout and Filtering Area for the Local Settlements Module.run(TC 5_MOZ_11446 Verify Landing Page Layout and Filtering Area for the Local Settlements Module:36)
	at com.kms.katalon.core.main.ScriptEngine.run(ScriptEngine.java:194)
	at com.kms.katalon.core.main.ScriptEngine.runScriptAsRawText(ScriptEngine.java:119)
	at com.kms.katalon.core.main.TestCaseExecutor.runScript(TestCaseExecutor.java:448)
	at com.kms.katalon.core.main.TestCaseExecutor.doExecute(TestCaseExecutor.java:439)
	at com.kms.katalon.core.main.TestCaseExecutor.processExecutionPhase(TestCaseExecutor.java:418)
	at com.kms.katalon.core.main.TestCaseExecutor.accessMainPhase(TestCaseExecutor.java:410)
	at com.kms.katalon.core.main.TestCaseExecutor.execute(TestCaseExecutor.java:285)
	at com.kms.katalon.core.common.CommonExecutor.accessTestCaseMainPhase(CommonExecutor.java:65)
	at com.kms.katalon.core.main.TestSuiteExecutor.accessTestSuiteMainPhase(TestSuiteExecutor.java:150)
	at com.kms.katalon.core.main.TestSuiteExecutor.execute(TestSuiteExecutor.java:106)
	at com.kms.katalon.core.main.TestCaseMain.startTestSuite(TestCaseMain.java:180)
	at TempTestSuite1725031124873.run(TempTestSuite1725031124873.groovy:35)
	at java.base/jdk.internal.reflect.NativeMethodAccessorImpl.invoke0(Native Method)
	at java.base/jdk.internal.reflect.NativeMethodAccessorImpl.invoke(NativeMethodAccessorImpl.java:77)
	at java.base/jdk.internal.reflect.DelegatingMethodAccessorImpl.invoke(DelegatingMethodAccessorImpl.java:43)
Caused by: com.kms.katalon.core.exception.StepFailedException: Web element with id: 'Object Repository/EK_Objects/Page_Mozart - LocalSettlements/show_exceptions' located by 'By.xpath: //div[@class='pl-1']' is present after '10' second(s)
	at com.kms.katalon.core.webui.keyword.internal.WebUIKeywordMain.stepFailed(WebUIKeywordMain.groovy:64)
	at com.kms.katalon.core.webui.keyword.internal.WebUIKeywordMain$stepFailed$0.call(Unknown Source)
	at com.kms.katalon.core.webui.keyword.builtin.VerifyElementNotPresentKeyword$_verifyElementNotPresent_closure1.doCall(VerifyElementNotPresentKeyword.groovy:122)
	at com.kms.katalon.core.webui.keyword.builtin.VerifyElementNotPresentKeyword$_verifyElementNotPresent_closure1.doCall(VerifyElementNotPresentKeyword.groovy)
	at java.base/jdk.internal.reflect.NativeMethodAccessorImpl.invoke0(Native Method)
	at java.base/jdk.internal.reflect.NativeMethodAccessorImpl.invoke(NativeMethodAccessorImpl.java:77)
	at java.base/jdk.internal.reflect.DelegatingMethodAccessorImpl.invoke(DelegatingMethodAccessorImpl.java:43)
	at com.kms.katalon.core.webui.keyword.internal.WebUIKeywordMain.runKeyword(WebUIKeywordMain.groovy:20)
	... 21 more]]></system-err>
   </testsuite>
   <testsuite name="Suite MOZ-11020" tests="5" failures="0" errors="0" time="162.03" skipped="0" timestamp="30-08-2024T21:02:41" hostname="ranajit.vadar - CCE0231.accelya.local" id="Test Suites/Suite MOZ-11020">
      <properties>
         <property name="deviceName" value=""/>
         <property name="devicePlatform"/>
         <property name="logFolder" value="C:\\Users\\ranjit.vadar\\Katalon Studio\\Mozart Emirates\\Reports\\20240830_204843\\Suite MOZ-11020\\20240830_204846"/>
         <property name="logFiles" value="C:\\Users\\ranjit.vadar\\Katalon Studio\\Mozart Emirates\\Reports\\20240830_204843\\Suite MOZ-11020\\20240830_204846\\execution0.log"/>
         <property name="attachments" value=""/>
         <property name="hostName" value="ranajit.vadar - CCE0231.accelya.local"/>
         <property name="os" value="Windows 10 64bit"/>
         <property name="katalonVersion" value="9.5.0.217"/>
         <property name="browser" value="Chrome 128.0.0.0"/>
         <property name="hostAddress" value="10.50.1.80"/>
         <property name="sessionId" value="190d2acd277f886a534cec61d9f91ad5"/>
         <property name="seleniumVersion" value="3.141.59"/>
         <property name="proxyInformation" value="ProxyInformation { proxyOption=NO_PROXY, proxyServerType=HTTP, username=, password=********, proxyServerAddress=, proxyServerPort=0, executionList=&quot;&quot;, isApplyToDesiredCapabilities=true }"/>
         <property name="platform" value="Windows 10"/>
      </properties>
      <testcase name="Test Cases/MOZ-11020/TC 5_MOZ_11533 Verify linking after Refund Capture" time="119.557" classname="Test Cases/MOZ-11020/TC 5_MOZ_11533 Verify linking after Refund Capture" status="PASSED">
         <system-out><![CDATA[30-08-2024T21:02:42 - [TEST_CASE][PASSED] - Test Cases/MOZ-11020/TC 5_MOZ_11533 Verify linking after Refund Capture: Test Cases/MOZ-11020/TC 5_MOZ_11533 Verify linking after Refund Capture

30-08-2024T21:02:42 - [TEST_STEP][PASSED] - demoPackage.MozartLogin.LoginWithChromeForEK(): demoPackage.MozartLogin.LoginWithChromeForEK is PASSED

30-08-2024T21:02:43 - [MESSAGE][INFO] - Starting 'Chrome' driver

30-08-2024T21:02:44 - [MESSAGE][INFO] - Action delay is set to 0 milliseconds

30-08-2024T21:02:47 - [MESSAGE][PASSED] - Browser is opened with url: ''

30-08-2024T21:02:48 - [MESSAGE][PASSED] - Navigate to 'https://accelyacomtest.accelya.local/MozartTest/AirlinesHub/Index' successfully

30-08-2024T21:02:48 - [MESSAGE][PASSED] - Current window maximized

30-08-2024T21:02:48 - [MESSAGE][PASSED] - Object: 'Object Repository/MozartChrome/ChromeAdvance/ClickOnAdvanceButton' is clicked on

30-08-2024T21:03:02 - [MESSAGE][PASSED] - Object: 'Object Repository/MozartChrome/ChromeAdvance/ProccedLink' is clicked on

30-08-2024T21:03:03 - [MESSAGE][PASSED] - Text 'supermozart' is set on object 'Object Repository/MozartChrome/Page_/input_Username_Login'

30-08-2024T21:03:03 - [MESSAGE][PASSED] - Object: 'Object Repository/MozartChrome/Page_/button_Next' is clicked on

30-08-2024T21:03:04 - [MESSAGE][PASSED] - Text 'Accelya.1' is set on object 'Object Repository/MozartChrome/Page_/input_Password_Password'

30-08-2024T21:03:04 - [MESSAGE][PASSED] - Object: 'Object Repository/MozartChrome/Page_/button_Sign in' is clicked on

30-08-2024T21:04:01 - [MESSAGE][PASSED] - Object: 'Object Repository/MozartChrome/Page_Mozart - AirlinesHub/button_Please select' is clicked on

30-08-2024T21:04:01 - [MESSAGE][PASSED] - Object: 'Object Repository/EK_Objects/Page_Mozart - AirlinesHub/a_176 Emirates' is clicked on

30-08-2024T21:04:07 - [MESSAGE][PASSED] - Object: 'Object Repository/MozartChrome/Page_Mozart - AirlinesHub/a_Select' is clicked on

30-08-2024T21:04:07 - [MESSAGE][PASSED] - demoPackage.MozartLogin.LoginWithChromeForEK is PASSED

30-08-2024T21:04:07 - [TEST_STEP][PASSED] - uniqueNumber = utilityClass.GenericMethods.UniqueNumberGenerator(): utilityClass.GenericMethods.UniqueNumberGenerator is PASSED

30-08-2024T21:04:07 - [MESSAGE][PASSED] - utilityClass.GenericMethods.UniqueNumberGenerator is PASSED

30-08-2024T21:04:07 - [TEST_STEP][PASSED] - click(findTestObject("EK_Objects/Page_Mozart - Dashboard/a_Refunds")): Object: 'Object Repository/EK_Objects/Page_Mozart - Dashboard/a_Refunds' is clicked on

30-08-2024T21:04:08 - [MESSAGE][PASSED] - Object: 'Object Repository/EK_Objects/Page_Mozart - Dashboard/a_Refunds' is clicked on

30-08-2024T21:04:08 - [TEST_STEP][PASSED] - click(findTestObject("EK_Objects/Page_Mozart - Dashboard/a_Refund Capture")): Object: 'Object Repository/EK_Objects/Page_Mozart - Dashboard/a_Refund Capture' is clicked on

30-08-2024T21:04:11 - [MESSAGE][PASSED] - Object: 'Object Repository/EK_Objects/Page_Mozart - Dashboard/a_Refund Capture' is clicked on

30-08-2024T21:04:11 - [TEST_STEP][PASSED] - selectOptionByValue(findTestObject("EK_Objects/Page_Mozart - RefundsCapture/SelectRefundTypes"), "RF_Both", false): All options with value 'RF_Both' are selected in object 'Object Repository/EK_Objects/Page_Mozart - RefundsCapture/SelectRefundTypes' 

30-08-2024T21:04:12 - [MESSAGE][PASSED] - All options with value 'RF_Both' are selected in object 'Object Repository/EK_Objects/Page_Mozart - RefundsCapture/SelectRefundTypes' 

30-08-2024T21:04:12 - [TEST_STEP][PASSED] - sendKeys(findTestObject("EK_Objects/Page_Mozart - RefundsCapture/documentNumber_Textbox"), "6747279623"): Keys '6747279623' sent to object: 'Object Repository/EK_Objects/Page_Mozart - RefundsCapture/documentNumber_Textbox'

30-08-2024T21:04:13 - [MESSAGE][PASSED] - Keys '6747279623' sent to object: 'Object Repository/EK_Objects/Page_Mozart - RefundsCapture/documentNumber_Textbox'

30-08-2024T21:04:13 - [TEST_STEP][PASSED] - click(findTestObject("EK_Objects/Page_Mozart - RefundsCapture/country_Button")): Object: 'Object Repository/EK_Objects/Page_Mozart - RefundsCapture/country_Button' is clicked on

30-08-2024T21:04:13 - [MESSAGE][PASSED] - Object: 'Object Repository/EK_Objects/Page_Mozart - RefundsCapture/country_Button' is clicked on

30-08-2024T21:04:13 - [TEST_STEP][PASSED] - sendKeys(findTestObject("EK_Objects/Page_Mozart - RefundsCapture/country_Button_Inside_TextBox"), "IN - India"): Keys 'IN - India' sent to object: 'Object Repository/EK_Objects/Page_Mozart - RefundsCapture/country_Button_Inside_TextBox'

30-08-2024T21:04:14 - [MESSAGE][PASSED] - Keys 'IN - India' sent to object: 'Object Repository/EK_Objects/Page_Mozart - RefundsCapture/country_Button_Inside_TextBox'

30-08-2024T21:04:14 - [TEST_STEP][PASSED] - sendKeys(findTestObject("EK_Objects/Page_Mozart - RefundsCapture/country_Button_Inside_TextBox"), Keys.chord(ENTER)): Keys 'ENTER + ' sent to object: 'Object Repository/EK_Objects/Page_Mozart - RefundsCapture/country_Button_Inside_TextBox'

30-08-2024T21:04:14 - [MESSAGE][PASSED] - Keys 'ENTER + ' sent to object: 'Object Repository/EK_Objects/Page_Mozart - RefundsCapture/country_Button_Inside_TextBox'

30-08-2024T21:04:14 - [TEST_STEP][PASSED] - selectOptionByValue(findTestObject("EK_Objects/Page_Mozart - RefundsCapture/requestedFOP_DropDown"), "CA", false): All options with value 'CA' are selected in object 'Object Repository/EK_Objects/Page_Mozart - RefundsCapture/requestedFOP_DropDown' 

30-08-2024T21:04:16 - [MESSAGE][PASSED] - All options with value 'CA' are selected in object 'Object Repository/EK_Objects/Page_Mozart - RefundsCapture/requestedFOP_DropDown' 

30-08-2024T21:04:16 - [TEST_STEP][PASSED] - sendKeys(findTestObject("EK_Objects/Page_Mozart - RefundsCapture/couponsRequested_TextBox"), "1"): Keys '1' sent to object: 'Object Repository/EK_Objects/Page_Mozart - RefundsCapture/couponsRequested_TextBox'

30-08-2024T21:04:17 - [MESSAGE][PASSED] - Keys '1' sent to object: 'Object Repository/EK_Objects/Page_Mozart - RefundsCapture/couponsRequested_TextBox'

30-08-2024T21:04:17 - [TEST_STEP][PASSED] - sendKeys(findTestObject("EK_Objects/Page_Mozart - RefundsCapture/passengerRemarks_TextBox"), uniqueNumber): Keys '20240830210407' sent to object: 'Object Repository/EK_Objects/Page_Mozart - RefundsCapture/passengerRemarks_TextBox'

30-08-2024T21:04:17 - [MESSAGE][PASSED] - Keys '20240830210407' sent to object: 'Object Repository/EK_Objects/Page_Mozart - RefundsCapture/passengerRemarks_TextBox'

30-08-2024T21:04:17 - [TEST_STEP][PASSED] - selectOptionByValue(findTestObject("EK_Objects/Page_Mozart - RefundsCapture/title_PassengerDetails_Select"), "Mr", false): All options with value 'Mr' are selected in object 'Object Repository/EK_Objects/Page_Mozart - RefundsCapture/title_PassengerDetails_Select' 

30-08-2024T21:04:18 - [MESSAGE][PASSED] - All options with value 'Mr' are selected in object 'Object Repository/EK_Objects/Page_Mozart - RefundsCapture/title_PassengerDetails_Select' 

30-08-2024T21:04:18 - [TEST_STEP][PASSED] - sendKeys(findTestObject("EK_Objects/Page_Mozart - RefundsCapture/passengerName_PassengerDetails_TextBox"), "automationTest"): Keys 'automationTest' sent to object: 'Object Repository/EK_Objects/Page_Mozart - RefundsCapture/passengerName_PassengerDetails_TextBox'

30-08-2024T21:04:19 - [MESSAGE][PASSED] - Keys 'automationTest' sent to object: 'Object Repository/EK_Objects/Page_Mozart - RefundsCapture/passengerName_PassengerDetails_TextBox'

30-08-2024T21:04:19 - [TEST_STEP][PASSED] - sendKeys(findTestObject("EK_Objects/Page_Mozart - RefundsCapture/emailAddress_PassengerDetails_TextBox"), "Katalon@studio.com"): Keys 'Katalon@studio.com' sent to object: 'Object Repository/EK_Objects/Page_Mozart - RefundsCapture/emailAddress_PassengerDetails_TextBox'

30-08-2024T21:04:19 - [MESSAGE][PASSED] - Keys 'Katalon@studio.com' sent to object: 'Object Repository/EK_Objects/Page_Mozart - RefundsCapture/emailAddress_PassengerDetails_TextBox'

30-08-2024T21:04:19 - [TEST_STEP][PASSED] - selectOptionByLabel(findTestObject("EK_Objects/Page_Mozart - RefundsCapture/select_Currency"), "INR", false): All options with label 'INR' are selected in object 'Object Repository/EK_Objects/Page_Mozart - RefundsCapture/select_Currency' 

30-08-2024T21:04:20 - [MESSAGE][PASSED] - All options with label 'INR' are selected in object 'Object Repository/EK_Objects/Page_Mozart - RefundsCapture/select_Currency' 

30-08-2024T21:04:20 - [TEST_STEP][PASSED] - click(findTestObject("EK_Objects/Page_Mozart - RefundsCapture/send_Button")): Object: 'Object Repository/EK_Objects/Page_Mozart - RefundsCapture/send_Button' is clicked on

30-08-2024T21:04:21 - [MESSAGE][PASSED] - Object: 'Object Repository/EK_Objects/Page_Mozart - RefundsCapture/send_Button' is clicked on

30-08-2024T21:04:21 - [TEST_STEP][PASSED] - requestId = <not implemented yet for class: org.codehaus.groovy.ast.expr.EmptyExpression>: null

30-08-2024T21:04:21 - [TEST_STEP][PASSED] - for ([i = 0, i <= 5, (i++)]): null

30-08-2024T21:04:21 - [TEST_STEP][PASSED] - mi_refund_capture_main = "select * from bdmozart.mi_refund_capture_main where agentremarks = '" + uniqueNumber + "'": null

30-08-2024T21:04:21 - [TEST_STEP][PASSED] - requestId = database.DatabaseUtils.executeQuery(mi_refund_capture_main, "idrequest", 1): database.DatabaseUtils.executeQuery is PASSED

30-08-2024T21:04:26 - [MESSAGE][PASSED] - database.DatabaseUtils.executeQuery is PASSED

30-08-2024T21:04:26 - [TEST_STEP][PASSED] - if (requestId != null): null

30-08-2024T21:04:26 - [TEST_STEP][PASSED] - break: null

30-08-2024T21:04:26 - [TEST_STEP][PASSED] - apiRequests.apiConnection.runAuthToken(findTestObject("API/Auth Token")): apiRequests.apiConnection.runAuthToken is PASSED

30-08-2024T21:04:31 - [MESSAGE][INFO] - HAR: C:\Users\ranjit.vadar\Katalon Studio\Mozart Emirates\Reports\20240830_204843\Suite MOZ-11020\20240830_204846\requests\main\0.har

30-08-2024T21:04:32 - [MESSAGE][PASSED] - Send request successfully

30-08-2024T21:04:32 - [MESSAGE][PASSED] - Verify response status code successfully

30-08-2024T21:04:32 - [MESSAGE][PASSED] - apiRequests.apiConnection.runAuthToken is PASSED

30-08-2024T21:04:32 - [TEST_STEP][PASSED] - pnrWaiverResponse = sendRequest(findTestObject("API/MOZ_11020_API/moz_11533_pnr_waiver_request")): Send request successfully

30-08-2024T21:04:33 - [MESSAGE][INFO] - HAR: C:\Users\ranjit.vadar\Katalon Studio\Mozart Emirates\Reports\20240830_204843\Suite MOZ-11020\20240830_204846\requests\main\1.har

30-08-2024T21:04:33 - [MESSAGE][PASSED] - Send request successfully

30-08-2024T21:04:33 - [TEST_STEP][PASSED] - verifyResponseStatusCode(pnrWaiverResponse, 200): Verify response status code successfully

30-08-2024T21:04:33 - [MESSAGE][PASSED] - Verify response status code successfully

30-08-2024T21:04:33 - [TEST_STEP][PASSED] - mi_pnr_waiver_remarks = "select * from bdmozart.mi_pnr_waiver_remarks where remarkstext = '" + uniqueNumber + "'": null

30-08-2024T21:04:33 - [TEST_STEP][PASSED] - waiverId = database.DatabaseUtils.executeQuery(mi_pnr_waiver_remarks, "waiver_id", 1): database.DatabaseUtils.executeQuery is PASSED

30-08-2024T21:04:37 - [MESSAGE][PASSED] - database.DatabaseUtils.executeQuery is PASSED

30-08-2024T21:04:37 - [TEST_STEP][PASSED] - md_rfnd_pnr_waivers = "select * from bdmozart.md_rfnd_pnr_waivers where idrequest = '" + requestId + "'" + " order by id desc" + " ": null

30-08-2024T21:04:37 - [TEST_STEP][PASSED] - waiverIdLinkedToRequestId = database.DatabaseUtils.executeQuery(md_rfnd_pnr_waivers, "idmipnrwaiver", 1): database.DatabaseUtils.executeQuery is PASSED

30-08-2024T21:04:41 - [MESSAGE][PASSED] - database.DatabaseUtils.executeQuery is PASSED

30-08-2024T21:04:41 - [TEST_STEP][PASSED] - verifyMatch(waiverIdLinkedToRequestId, waiverId, false): Actual text '88' and expected text '88' are matched 

30-08-2024T21:04:41 - [MESSAGE][PASSED] - Actual text '88' and expected text '88' are matched]]></system-out>
         <system-err><![CDATA[]]></system-err>
      </testcase>
      <testcase name="Test Cases/MOZ-11020/TC 4_MOZ_11533 Verify linking after Json request" time="10.557" classname="Test Cases/MOZ-11020/TC 4_MOZ_11533 Verify linking after Json request" status="PASSED">
         <system-out><![CDATA[30-08-2024T21:04:41 - [TEST_CASE][PASSED] - Test Cases/MOZ-11020/TC 4_MOZ_11533 Verify linking after Json request: Test Cases/MOZ-11020/TC 4_MOZ_11533 Verify linking after Json request

30-08-2024T21:04:41 - [TEST_STEP][PASSED] - uniqueNumber = utilityClass.GenericMethods.UniqueNumberGenerator(): utilityClass.GenericMethods.UniqueNumberGenerator is PASSED

30-08-2024T21:04:41 - [MESSAGE][PASSED] - utilityClass.GenericMethods.UniqueNumberGenerator is PASSED

30-08-2024T21:04:41 - [TEST_STEP][PASSED] - demoPackage.UtilityDemo.requestNumber(): demoPackage.UtilityDemo.requestNumber is PASSED

30-08-2024T21:04:41 - [MESSAGE][PASSED] - demoPackage.UtilityDemo.requestNumber is PASSED

30-08-2024T21:04:41 - [TEST_STEP][PASSED] - apiRequests.apiConnection.runAuthToken(findTestObject("API/Auth Token")): apiRequests.apiConnection.runAuthToken is PASSED

30-08-2024T21:04:42 - [MESSAGE][INFO] - HAR: C:\Users\ranjit.vadar\Katalon Studio\Mozart Emirates\Reports\20240830_204843\Suite MOZ-11020\20240830_204846\requests\main\2.har

30-08-2024T21:04:42 - [MESSAGE][PASSED] - Send request successfully

30-08-2024T21:04:42 - [MESSAGE][PASSED] - Verify response status code successfully

30-08-2024T21:04:42 - [MESSAGE][PASSED] - apiRequests.apiConnection.runAuthToken is PASSED

30-08-2024T21:04:42 - [TEST_STEP][PASSED] - pnrWaiverResponse = sendRequest(findTestObject("API/MOZ_11020_API/moz_11533_pnr_waiver_request")): Send request successfully

30-08-2024T21:04:42 - [MESSAGE][INFO] - HAR: C:\Users\ranjit.vadar\Katalon Studio\Mozart Emirates\Reports\20240830_204843\Suite MOZ-11020\20240830_204846\requests\main\3.har

30-08-2024T21:04:42 - [MESSAGE][PASSED] - Send request successfully

30-08-2024T21:04:42 - [TEST_STEP][PASSED] - verifyResponseStatusCode(pnrWaiverResponse, 200): Verify response status code successfully

30-08-2024T21:04:42 - [MESSAGE][PASSED] - Verify response status code successfully

30-08-2024T21:04:42 - [TEST_STEP][PASSED] - fullRefundResponse = sendRequest(findTestObject("API/MOZ_11020_API/moz_11533_full_refund-json")): Send request successfully

30-08-2024T21:04:43 - [MESSAGE][INFO] - HAR: C:\Users\ranjit.vadar\Katalon Studio\Mozart Emirates\Reports\20240830_204843\Suite MOZ-11020\20240830_204846\requests\main\4.har

30-08-2024T21:04:43 - [MESSAGE][PASSED] - Send request successfully

30-08-2024T21:04:43 - [TEST_STEP][PASSED] - verifyResponseStatusCode(fullRefundResponse, 200): Verify response status code successfully

30-08-2024T21:04:43 - [MESSAGE][PASSED] - Verify response status code successfully

30-08-2024T21:04:43 - [TEST_STEP][PASSED] - mozartRequestId = getElementPropertyValue(fullRefundResponse, "data[0].mozart_request_id"): null

30-08-2024T21:04:43 - [TEST_STEP][PASSED] - println("The mozart_request_id is: " + mozartRequestId): null

30-08-2024T21:04:43 - [TEST_STEP][PASSED] - mi_pnr_waiver_remarks = "select * from bdmozart.mi_pnr_waiver_remarks where remarkstext = '" + uniqueNumber + "'": null

30-08-2024T21:04:43 - [TEST_STEP][PASSED] - waiverId = database.DatabaseUtils.executeQuery(mi_pnr_waiver_remarks, "waiver_id", 1): database.DatabaseUtils.executeQuery is PASSED

30-08-2024T21:04:48 - [MESSAGE][PASSED] - database.DatabaseUtils.executeQuery is PASSED

30-08-2024T21:04:48 - [TEST_STEP][PASSED] - println("The Waiver_id is: " + waiverId): null

30-08-2024T21:04:48 - [TEST_STEP][PASSED] - md_rfnd_pnr_waivers = "select * from bdmozart.md_rfnd_pnr_waivers where idrequest = '" + mozartRequestId + "'" + " order by id desc" + " ": null

30-08-2024T21:04:48 - [TEST_STEP][PASSED] - waiverIdLinkedToRequestId = database.DatabaseUtils.executeQuery(md_rfnd_pnr_waivers, "idmipnrwaiver", 1): database.DatabaseUtils.executeQuery is PASSED

30-08-2024T21:04:52 - [MESSAGE][PASSED] - database.DatabaseUtils.executeQuery is PASSED

30-08-2024T21:04:52 - [TEST_STEP][PASSED] - verifyMatch(waiverIdLinkedToRequestId, waiverId, false): Actual text '89' and expected text '89' are matched 

30-08-2024T21:04:52 - [MESSAGE][PASSED] - Actual text '89' and expected text '89' are matched]]></system-out>
         <system-err><![CDATA[]]></system-err>
      </testcase>
      <testcase name="Test Cases/MOZ-11020/TC 3_MOZ_11335 Verify PNR Waiver Input WS available to all client airlines" time="5.937" classname="Test Cases/MOZ-11020/TC 3_MOZ_11335 Verify PNR Waiver Input WS available to all client airlines" status="PASSED">
         <system-out><![CDATA[30-08-2024T21:04:52 - [TEST_CASE][PASSED] - Test Cases/MOZ-11020/TC 3_MOZ_11335 Verify PNR Waiver Input WS available to all client airlines: Test Cases/MOZ-11020/TC 3_MOZ_11335 Verify PNR Waiver Input WS available to all client airlines

30-08-2024T21:04:52 - [TEST_STEP][PASSED] - PnrWaiverController_check = database.DBConnection.executeQuerys("mozart_emirates", "select * from bdmozart.mc_endpoints_exposed", "enabled", 7): database.DBConnection.executeQuerys is PASSED

30-08-2024T21:04:57 - [MESSAGE][PASSED] - database.DBConnection.executeQuerys is PASSED

30-08-2024T21:04:57 - [TEST_STEP][PASSED] - apiRequests.apiConnection.runAuthToken(findTestObject("API/Auth Token")): apiRequests.apiConnection.runAuthToken is PASSED

30-08-2024T21:04:57 - [MESSAGE][INFO] - HAR: C:\Users\ranjit.vadar\Katalon Studio\Mozart Emirates\Reports\20240830_204843\Suite MOZ-11020\20240830_204846\requests\main\5.har

30-08-2024T21:04:57 - [MESSAGE][PASSED] - Send request successfully

30-08-2024T21:04:57 - [MESSAGE][PASSED] - Verify response status code successfully

30-08-2024T21:04:57 - [MESSAGE][PASSED] - apiRequests.apiConnection.runAuthToken is PASSED

30-08-2024T21:04:57 - [TEST_STEP][PASSED] - response = sendRequest(findTestObject("API/MOZ_11020_API/pnr_waiver_request")): Send request successfully

30-08-2024T21:04:58 - [MESSAGE][INFO] - HAR: C:\Users\ranjit.vadar\Katalon Studio\Mozart Emirates\Reports\20240830_204843\Suite MOZ-11020\20240830_204846\requests\main\6.har

30-08-2024T21:04:58 - [MESSAGE][PASSED] - Send request successfully

30-08-2024T21:04:58 - [TEST_STEP][PASSED] - if (PnrWaiverController_check == "t"): Verify response status code successfully

30-08-2024T21:04:58 - [TEST_STEP][PASSED] - verifyResponseStatusCode(response, 200): Verify response status code successfully

30-08-2024T21:04:58 - [MESSAGE][PASSED] - Verify response status code successfully]]></system-out>
         <system-err><![CDATA[]]></system-err>
      </testcase>
      <testcase name="Test Cases/MOZ-11020/TC 2_MOZ-11334 Verify Inclusion of Waiver Effective and Expiry Dates in WS Response" time="1.139" classname="Test Cases/MOZ-11020/TC 2_MOZ-11334 Verify Inclusion of Waiver Effective and Expiry Dates in WS Response" status="PASSED">
         <system-out><![CDATA[30-08-2024T21:04:58 - [TEST_CASE][PASSED] - Test Cases/MOZ-11020/TC 2_MOZ-11334 Verify Inclusion of Waiver Effective and Expiry Dates in WS Response: Test Cases/MOZ-11020/TC 2_MOZ-11334 Verify Inclusion of Waiver Effective and Expiry Dates in WS Response

30-08-2024T21:04:58 - [TEST_STEP][PASSED] - apiRequests.apiConnection.runAuthToken(findTestObject("API/Auth Token")): apiRequests.apiConnection.runAuthToken is PASSED

30-08-2024T21:04:58 - [MESSAGE][INFO] - HAR: C:\Users\ranjit.vadar\Katalon Studio\Mozart Emirates\Reports\20240830_204843\Suite MOZ-11020\20240830_204846\requests\main\7.har

30-08-2024T21:04:58 - [MESSAGE][PASSED] - Send request successfully

30-08-2024T21:04:58 - [MESSAGE][PASSED] - Verify response status code successfully

30-08-2024T21:04:58 - [MESSAGE][PASSED] - apiRequests.apiConnection.runAuthToken is PASSED

30-08-2024T21:04:58 - [TEST_STEP][PASSED] - response = sendRequest(findTestObject("API/MOZ_11020_API/pnr_waiver_request")): Send request successfully

30-08-2024T21:04:59 - [MESSAGE][INFO] - HAR: C:\Users\ranjit.vadar\Katalon Studio\Mozart Emirates\Reports\20240830_204843\Suite MOZ-11020\20240830_204846\requests\main\8.har

30-08-2024T21:04:59 - [MESSAGE][PASSED] - Send request successfully

30-08-2024T21:04:59 - [TEST_STEP][PASSED] - responseBody = response.getResponseText(): null

30-08-2024T21:04:59 - [TEST_STEP][PASSED] - println(JsonOutput.prettyPrint(responseBody)): null

30-08-2024T21:04:59 - [TEST_STEP][PASSED] - verifyResponseStatusCode(response, 200): Verify response status code successfully

30-08-2024T21:04:59 - [MESSAGE][PASSED] - Verify response status code successfully

30-08-2024T21:04:59 - [TEST_STEP][PASSED] - slurper = new groovy.json.JsonSlurper(): null

30-08-2024T21:04:59 - [TEST_STEP][PASSED] - jsonResponse = slurper.parseText(response.getResponseText()): null

30-08-2024T21:04:59 - [TEST_STEP][PASSED] - utilityClass.CustomSoftAssert.assertTrue(waiver_effective_date != null, "waiver_effective_date is missing in the response"): utilityClass.CustomSoftAssert.assertTrue is PASSED

30-08-2024T21:04:59 - [MESSAGE][PASSED] - utilityClass.CustomSoftAssert.assertTrue is PASSED

30-08-2024T21:04:59 - [TEST_STEP][PASSED] - utilityClass.CustomSoftAssert.assertTrue(waiver_expiry_date != null, "waiver_expiry_date is missing in the response"): utilityClass.CustomSoftAssert.assertTrue is PASSED

30-08-2024T21:04:59 - [MESSAGE][PASSED] - utilityClass.CustomSoftAssert.assertTrue is PASSED

30-08-2024T21:04:59 - [TEST_STEP][PASSED] - utilityClass.CustomSoftAssert.assertAll(): utilityClass.CustomSoftAssert.assertAll is PASSED

30-08-2024T21:04:59 - [MESSAGE][PASSED] - utilityClass.CustomSoftAssert.assertAll is PASSED]]></system-out>
         <system-err><![CDATA[]]></system-err>
      </testcase>
      <testcase name="Test Cases/MOZ-11020/TC 1_MOZ_11333 Verify Replacement of Internal Structure Table Names from MARS to PNR" time="24.383" classname="Test Cases/MOZ-11020/TC 1_MOZ_11333 Verify Replacement of Internal Structure Table Names from MARS to PNR" status="PASSED">
         <system-out><![CDATA[30-08-2024T21:04:59 - [TEST_CASE][PASSED] - Test Cases/MOZ-11020/TC 1_MOZ_11333 Verify Replacement of Internal Structure Table Names from MARS to PNR: Test Cases/MOZ-11020/TC 1_MOZ_11333 Verify Replacement of Internal Structure Table Names from MARS to PNR

30-08-2024T21:04:59 - [TEST_STEP][PASSED] - mi_pnr_waiver = database.DatabaseUtils.checkTableExists("mi_pnr_waiver"): database.DatabaseUtils.checkTableExists is PASSED

30-08-2024T21:05:04 - [MESSAGE][INFO] - Table mi_pnr_waiver exists.

30-08-2024T21:05:04 - [MESSAGE][PASSED] - database.DatabaseUtils.checkTableExists is PASSED

30-08-2024T21:05:04 - [TEST_STEP][PASSED] - utilityClass.CustomSoftAssert.assertTrue(mi_pnr_waiver, "The mi_pnr_waiver table should be available in the database."): utilityClass.CustomSoftAssert.assertTrue is PASSED

30-08-2024T21:05:04 - [MESSAGE][PASSED] - utilityClass.CustomSoftAssert.assertTrue is PASSED

30-08-2024T21:05:04 - [TEST_STEP][PASSED] - mi_pnr_waiver_remarks = database.DatabaseUtils.checkTableExists("mi_pnr_waiver_remarks"): database.DatabaseUtils.checkTableExists is PASSED

30-08-2024T21:05:09 - [MESSAGE][INFO] - Table mi_pnr_waiver_remarks exists.

30-08-2024T21:05:09 - [MESSAGE][PASSED] - database.DatabaseUtils.checkTableExists is PASSED

30-08-2024T21:05:09 - [TEST_STEP][PASSED] - utilityClass.CustomSoftAssert.assertTrue(mi_pnr_waiver_remarks, "The mi_pnr_waiver_remarks table should be available in the database."): utilityClass.CustomSoftAssert.assertTrue is PASSED

30-08-2024T21:05:09 - [MESSAGE][PASSED] - utilityClass.CustomSoftAssert.assertTrue is PASSED

30-08-2024T21:05:09 - [TEST_STEP][PASSED] - md_rfnd_pnr_waivers = database.DatabaseUtils.checkTableExists("md_rfnd_pnr_waivers"): database.DatabaseUtils.checkTableExists is PASSED

30-08-2024T21:05:15 - [MESSAGE][INFO] - Table md_rfnd_pnr_waivers exists.

30-08-2024T21:05:15 - [MESSAGE][PASSED] - database.DatabaseUtils.checkTableExists is PASSED

30-08-2024T21:05:15 - [TEST_STEP][PASSED] - utilityClass.CustomSoftAssert.assertTrue(md_rfnd_pnr_waivers, "The md_rfnd_pnr_waivers table should be available in the database."): utilityClass.CustomSoftAssert.assertTrue is PASSED

30-08-2024T21:05:15 - [MESSAGE][PASSED] - utilityClass.CustomSoftAssert.assertTrue is PASSED

30-08-2024T21:05:15 - [TEST_STEP][PASSED] - controller_name_column_row_value = database.DBConnection.SQL("select * from bdmozart.mc_endpoints_exposed where controller_name = 'PnrWaiverController'", "controller_name", 1): database.DBConnection.SQL is PASSED

30-08-2024T21:05:19 - [MESSAGE][PASSED] - database.DBConnection.SQL is PASSED

30-08-2024T21:05:19 - [TEST_STEP][PASSED] - utilityClass.CustomSoftAssert.assertEquals(controller_name_column_row_value, "PnrWaiverController", "Expected Column value is = PnrWaiverController"): utilityClass.CustomSoftAssert.assertEquals is PASSED

30-08-2024T21:05:19 - [MESSAGE][PASSED] - utilityClass.CustomSoftAssert.assertEquals is PASSED

30-08-2024T21:05:19 - [TEST_STEP][PASSED] - description_column_row_value = database.DBConnection.SQL("select * from bdmozart.mc_file_type where code = 'MWF'", "description", 1): database.DBConnection.SQL is PASSED

30-08-2024T21:05:23 - [MESSAGE][PASSED] - database.DBConnection.SQL is PASSED

30-08-2024T21:05:23 - [TEST_STEP][PASSED] - utilityClass.CustomSoftAssert.assertEquals(description_column_row_value, "Pnr Waiver File", "Expected Column value is = Pnr Waiver File"): utilityClass.CustomSoftAssert.assertEquals is PASSED

30-08-2024T21:05:23 - [MESSAGE][PASSED] - utilityClass.CustomSoftAssert.assertEquals is PASSED

30-08-2024T21:05:23 - [TEST_STEP][PASSED] - utilityClass.CustomSoftAssert.assertAll(): utilityClass.CustomSoftAssert.assertAll is PASSED

30-08-2024T21:05:23 - [MESSAGE][PASSED] - utilityClass.CustomSoftAssert.assertAll is PASSED]]></system-out>
         <system-err><![CDATA[]]></system-err>
      </testcase>
      <system-out><![CDATA[30-08-2024T21:02:41 - [TEST_SUITE][PASSED] - Suite MOZ-11020: Test Cases/MOZ-11020/TC 1_MOZ_11333 Verify Replacement of Internal Structure Table Names from MARS to PNR]]></system-out>
      <system-err><![CDATA[]]></system-err>
   </testsuite>
</testsuites>
