<?xml version="1.0" encoding="UTF-8"?>
<testsuites name="Suite MOZ-10510" time="1200.916" tests="10" failures="9" errors="0">
   <testsuite name="Suite MOZ-10510" tests="10" failures="9" errors="0" time="1200.916" skipped="0" timestamp="30-08-2024T19:31:32" hostname="ranajit.vadar - CCE0231.accelya.local" id="Test Suites/Suite MOZ-10510">
      <properties>
         <property name="deviceName" value=""/>
         <property name="devicePlatform"/>
         <property name="logFolder" value="C:\\Users\\ranjit.vadar\\Katalon Studio\\Mozart Emirates\\Reports\\20240830_193117\\Suite MOZ-10510\\20240830_193118"/>
         <property name="logFiles" value="C:\\Users\\ranjit.vadar\\Katalon Studio\\Mozart Emirates\\Reports\\20240830_193117\\Suite MOZ-10510\\20240830_193118\\execution0.log"/>
         <property name="attachments" value="C:\\Users\\ranjit.vadar\\Katalon Studio\\Mozart Emirates\\Reports\\20240830_193117\\Suite MOZ-10510\\20240830_193118\\1725026629337.png, C:\\Users\\ranjit.vadar\\Katalon Studio\\Mozart Emirates\\Reports\\20240830_193117\\Suite MOZ-10510\\20240830_193118\\1725026797296.png, C:\\Users\\ranjit.vadar\\Katalon Studio\\Mozart Emirates\\Reports\\20240830_193117\\Suite MOZ-10510\\20240830_193118\\1725026903806.png, C:\\Users\\ranjit.vadar\\Katalon Studio\\Mozart Emirates\\Reports\\20240830_193117\\Suite MOZ-10510\\20240830_193118\\1725027021344.png, C:\\Users\\ranjit.vadar\\Katalon Studio\\Mozart Emirates\\Reports\\20240830_193117\\Suite MOZ-10510\\20240830_193118\\1725027189965.png, C:\\Users\\ranjit.vadar\\Katalon Studio\\Mozart Emirates\\Reports\\20240830_193117\\Suite MOZ-10510\\20240830_193118\\1725027291686.png, C:\\Users\\ranjit.vadar\\Katalon Studio\\Mozart Emirates\\Reports\\20240830_193117\\Suite MOZ-10510\\20240830_193118\\1725027291801.png, C:\\Users\\ranjit.vadar\\Katalon Studio\\Mozart Emirates\\Reports\\20240830_193117\\Suite MOZ-10510\\20240830_193118\\1725027439021.png, C:\\Users\\ranjit.vadar\\Katalon Studio\\Mozart Emirates\\Reports\\20240830_193117\\Suite MOZ-10510\\20240830_193118\\1725027439132.png, C:\\Users\\ranjit.vadar\\Katalon Studio\\Mozart Emirates\\Reports\\20240830_193117\\Suite MOZ-10510\\20240830_193118\\1725027528280.png, C:\\Users\\ranjit.vadar\\Katalon Studio\\Mozart Emirates\\Reports\\20240830_193117\\Suite MOZ-10510\\20240830_193118\\1725027528398.png, C:\\Users\\ranjit.vadar\\Katalon Studio\\Mozart Emirates\\Reports\\20240830_193117\\Suite MOZ-10510\\20240830_193118\\1725027628761.png, C:\\Users\\ranjit.vadar\\Katalon Studio\\Mozart Emirates\\Reports\\20240830_193117\\Suite MOZ-10510\\20240830_193118\\1725027628884.png"/>
         <property name="hostName" value="ranajit.vadar - CCE0231.accelya.local"/>
         <property name="os" value="Windows 10 64bit"/>
         <property name="katalonVersion" value="9.5.0.217"/>
         <property name="browser" value="Chrome 128.0.0.0"/>
         <property name="hostAddress" value="10.50.1.80"/>
         <property name="sessionId" value="9c9408a68886be660ede98254f8a59b8"/>
         <property name="seleniumVersion" value="3.141.59"/>
         <property name="proxyInformation" value="ProxyInformation { proxyOption=NO_PROXY, proxyServerType=HTTP, username=, password=********, proxyServerAddress=, proxyServerPort=0, executionList=&quot;&quot;, isApplyToDesiredCapabilities=true }"/>
         <property name="platform" value="Windows 10"/>
      </properties>
      <testcase name="Test Cases/MOZ-10510/TC10_MOZ_11451 Display of Refundable Amount and FOP in the Grid" time="136.343" classname="Test Cases/MOZ-10510/TC10_MOZ_11451 Display of Refundable Amount and FOP in the Grid" status="FAILED">
         <failure type="FAILED" message="Test Cases/MOZ-10510/TC10_MOZ_11451 Display of Refundable Amount and FOP in the Grid FAILED.&#xa;Reason:&#xa;com.kms.katalon.core.exception.StepFailedException: Unable to click on object 'Object Repository/EK_Objects/Page_Mozart - Dashboard/Click_On_Local_Settlements'&#xa;	at com.kms.katalon.core.webui.keyword.internal.WebUIKeywordMain.stepFailed(WebUIKeywordMain.groovy:64)&#xa;	at com.kms.katalon.core.webui.keyword.internal.WebUIKeywordMain.runKeyword(WebUIKeywordMain.groovy:26)&#xa;	at com.kms.katalon.core.webui.keyword.builtin.ClickKeyword.click(ClickKeyword.groovy:74)&#xa;	at com.kms.katalon.core.webui.keyword.builtin.ClickKeyword.execute(ClickKeyword.groovy:40)&#xa;	at com.kms.katalon.core.keyword.internal.KeywordExecutor.executeKeywordForPlatform(KeywordExecutor.groovy:74)&#xa;	at com.kms.katalon.core.webui.keyword.WebUiBuiltInKeywords.click(WebUiBuiltInKeywords.groovy:659)&#xa;	at TC10_MOZ_11451 Display of Refundable Amount and FOP in the Grid.run(TC10_MOZ_11451 Display of Refundable Amount and FOP in the Grid:43)&#xa;	at com.kms.katalon.core.main.ScriptEngine.run(ScriptEngine.java:194)&#xa;	at com.kms.katalon.core.main.ScriptEngine.runScriptAsRawText(ScriptEngine.java:119)&#xa;	at com.kms.katalon.core.main.TestCaseExecutor.runScript(TestCaseExecutor.java:448)&#xa;	at com.kms.katalon.core.main.TestCaseExecutor.doExecute(TestCaseExecutor.java:439)&#xa;	at com.kms.katalon.core.main.TestCaseExecutor.processExecutionPhase(TestCaseExecutor.java:418)&#xa;	at com.kms.katalon.core.main.TestCaseExecutor.accessMainPhase(TestCaseExecutor.java:410)&#xa;	at com.kms.katalon.core.main.TestCaseExecutor.execute(TestCaseExecutor.java:285)&#xa;	at com.kms.katalon.core.common.CommonExecutor.accessTestCaseMainPhase(CommonExecutor.java:65)&#xa;	at com.kms.katalon.core.main.TestSuiteExecutor.accessTestSuiteMainPhase(TestSuiteExecutor.java:150)&#xa;	at com.kms.katalon.core.main.TestSuiteExecutor.execute(TestSuiteExecutor.java:106)&#xa;	at com.kms.katalon.core.main.TestCaseMain.startTestSuite(TestCaseMain.java:180)&#xa;	at TempTestSuite1725026478878.run(TempTestSuite1725026478878.groovy:35)&#xa;	at java.base/jdk.internal.reflect.NativeMethodAccessorImpl.invoke0(Native Method)&#xa;	at java.base/jdk.internal.reflect.NativeMethodAccessorImpl.invoke(NativeMethodAccessorImpl.java:77)&#xa;	at java.base/jdk.internal.reflect.DelegatingMethodAccessorImpl.invoke(DelegatingMethodAccessorImpl.java:43)&#xa;Caused by: com.kms.katalon.core.webui.exception.WebElementNotFoundException: Web element with id: 'Object Repository/EK_Objects/Page_Mozart - Dashboard/Click_On_Local_Settlements' located by '//a[@id='menu_LocalSettlements']' not found&#xa;	at com.kms.katalon.core.webui.common.WebUiCommonHelper.findWebElement(WebUiCommonHelper.java:1426)&#xa;	at com.kms.katalon.core.webui.keyword.internal.WebUIAbstractKeyword.findWebElement(WebUIAbstractKeyword.groovy:27)&#xa;	at com.kms.katalon.core.webui.keyword.builtin.ClickKeyword$_click_closure1.doCall(ClickKeyword.groovy:65)&#xa;	at com.kms.katalon.core.webui.keyword.builtin.ClickKeyword$_click_closure1.call(ClickKeyword.groovy)&#xa;	at com.kms.katalon.core.webui.keyword.internal.WebUIKeywordMain.runKeyword(WebUIKeywordMain.groovy:20)&#xa;	... 20 more&#xa;"/>
         <system-out><![CDATA[30-08-2024T19:31:33 - [TEST_CASE][FAILED] - Test Cases/MOZ-10510/TC10_MOZ_11451 Display of Refundable Amount and FOP in the Grid: Test Cases/MOZ-10510/TC10_MOZ_11451 Display of Refundable Amount and FOP in the Grid FAILED.
Reason:
com.kms.katalon.core.exception.StepFailedException: Unable to click on object 'Object Repository/EK_Objects/Page_Mozart - Dashboard/Click_On_Local_Settlements'
	at com.kms.katalon.core.webui.keyword.internal.WebUIKeywordMain.stepFailed(WebUIKeywordMain.groovy:64)
	at com.kms.katalon.core.webui.keyword.internal.WebUIKeywordMain.runKeyword(WebUIKeywordMain.groovy:26)
	at com.kms.katalon.core.webui.keyword.builtin.ClickKeyword.click(ClickKeyword.groovy:74)
	at com.kms.katalon.core.webui.keyword.builtin.ClickKeyword.execute(ClickKeyword.groovy:40)
	at com.kms.katalon.core.keyword.internal.KeywordExecutor.executeKeywordForPlatform(KeywordExecutor.groovy:74)
	at com.kms.katalon.core.webui.keyword.WebUiBuiltInKeywords.click(WebUiBuiltInKeywords.groovy:659)
	at TC10_MOZ_11451 Display of Refundable Amount and FOP in the Grid.run(TC10_MOZ_11451 Display of Refundable Amount and FOP in the Grid:43)
	at com.kms.katalon.core.main.ScriptEngine.run(ScriptEngine.java:194)
	at com.kms.katalon.core.main.ScriptEngine.runScriptAsRawText(ScriptEngine.java:119)
	at com.kms.katalon.core.main.TestCaseExecutor.runScript(TestCaseExecutor.java:448)
	at com.kms.katalon.core.main.TestCaseExecutor.doExecute(TestCaseExecutor.java:439)
	at com.kms.katalon.core.main.TestCaseExecutor.processExecutionPhase(TestCaseExecutor.java:418)
	at com.kms.katalon.core.main.TestCaseExecutor.accessMainPhase(TestCaseExecutor.java:410)
	at com.kms.katalon.core.main.TestCaseExecutor.execute(TestCaseExecutor.java:285)
	at com.kms.katalon.core.common.CommonExecutor.accessTestCaseMainPhase(CommonExecutor.java:65)
	at com.kms.katalon.core.main.TestSuiteExecutor.accessTestSuiteMainPhase(TestSuiteExecutor.java:150)
	at com.kms.katalon.core.main.TestSuiteExecutor.execute(TestSuiteExecutor.java:106)
	at com.kms.katalon.core.main.TestCaseMain.startTestSuite(TestCaseMain.java:180)
	at TempTestSuite1725026478878.run(TempTestSuite1725026478878.groovy:35)
	at java.base/jdk.internal.reflect.NativeMethodAccessorImpl.invoke0(Native Method)
	at java.base/jdk.internal.reflect.NativeMethodAccessorImpl.invoke(NativeMethodAccessorImpl.java:77)
	at java.base/jdk.internal.reflect.DelegatingMethodAccessorImpl.invoke(DelegatingMethodAccessorImpl.java:43)
Caused by: com.kms.katalon.core.webui.exception.WebElementNotFoundException: Web element with id: 'Object Repository/EK_Objects/Page_Mozart - Dashboard/Click_On_Local_Settlements' located by '//a[@id='menu_LocalSettlements']' not found
	at com.kms.katalon.core.webui.common.WebUiCommonHelper.findWebElement(WebUiCommonHelper.java:1426)
	at com.kms.katalon.core.webui.keyword.internal.WebUIAbstractKeyword.findWebElement(WebUIAbstractKeyword.groovy:27)
	at com.kms.katalon.core.webui.keyword.builtin.ClickKeyword$_click_closure1.doCall(ClickKeyword.groovy:65)
	at com.kms.katalon.core.webui.keyword.builtin.ClickKeyword$_click_closure1.call(ClickKeyword.groovy)
	at com.kms.katalon.core.webui.keyword.internal.WebUIKeywordMain.runKeyword(WebUIKeywordMain.groovy:20)
	... 20 more


30-08-2024T19:31:34 - [TEST_STEP][PASSED] - requestIdValue = "O062400001": null

30-08-2024T19:31:34 - [TEST_STEP][PASSED] - sqlQuery = "select * from bdmozart.md_rfnd_local_settlement where idrequest = 'O062400001'": null

30-08-2024T19:31:34 - [TEST_STEP][PASSED] - fop_types_dbValue = database.DatabaseUtils.executeQuery(sqlQuery, "fop_types", 1): database.DatabaseUtils.executeQuery is PASSED

30-08-2024T19:31:51 - [MESSAGE][PASSED] - database.DatabaseUtils.executeQuery is PASSED

30-08-2024T19:31:51 - [TEST_STEP][PASSED] - paid_amount_dbValue = database.DatabaseUtils.executeQuery(sqlQuery, "balanceamounttotal", 1): database.DatabaseUtils.executeQuery is PASSED

30-08-2024T19:32:11 - [MESSAGE][PASSED] - database.DatabaseUtils.executeQuery is PASSED

30-08-2024T19:32:11 - [TEST_STEP][PASSED] - value = paid_amount_dbValue: null

30-08-2024T19:32:11 - [TEST_STEP][PASSED] - doubleValue = Double.parseDouble(value): null

30-08-2024T19:32:11 - [TEST_STEP][PASSED] - paid_amount_dbValue_int = doubleValue: null

30-08-2024T19:32:11 - [TEST_STEP][PASSED] - paid_amount_dbValue = paid_amount_dbValue_int.toString(): null

30-08-2024T19:32:11 - [TEST_STEP][PASSED] - out.println(paid_amount_dbValue): null

30-08-2024T19:32:11 - [TEST_STEP][PASSED] - demoPackage.MozartLogin.mozartLoginWithUser(): demoPackage.MozartLogin.mozartLoginWithUser is PASSED

30-08-2024T19:32:12 - [MESSAGE][INFO] - Starting 'Chrome' driver

30-08-2024T19:32:12 - [MESSAGE][INFO] - Action delay is set to 0 milliseconds

30-08-2024T19:32:15 - [MESSAGE][PASSED] - Browser is opened with url: ''

30-08-2024T19:32:16 - [MESSAGE][PASSED] - Navigate to 'https://accelyacomtest.accelya.local/MozartTest/AirlinesHub/Index' successfully

30-08-2024T19:32:16 - [MESSAGE][PASSED] - Current window maximized

30-08-2024T19:32:17 - [MESSAGE][PASSED] - Object: 'Object Repository/MozartChrome/ChromeAdvance/ClickOnAdvanceButton' is clicked on

30-08-2024T19:32:31 - [MESSAGE][PASSED] - Object: 'Object Repository/MozartChrome/ChromeAdvance/ProccedLink' is clicked on

30-08-2024T19:32:32 - [MESSAGE][PASSED] - Text 'ranajitvadar' is set on object 'Object Repository/MozartChrome/Page_/input_Username_Login'

30-08-2024T19:32:32 - [MESSAGE][PASSED] - Object: 'Object Repository/MozartChrome/Page_/button_Next' is clicked on

30-08-2024T19:32:33 - [MESSAGE][PASSED] - Text 'Accelya.1' is set on object 'Object Repository/MozartChrome/Page_/input_Password_Password'

30-08-2024T19:32:34 - [MESSAGE][PASSED] - Object: 'Object Repository/MozartChrome/Page_/button_Sign in' is clicked on

30-08-2024T19:32:34 - [MESSAGE][PASSED] - demoPackage.MozartLogin.mozartLoginWithUser is PASSED

30-08-2024T19:32:34 - [TEST_STEP][PASSED] - click(findTestObject("EK_Objects/Page_Mozart - Dashboard/a_Refunds")): Object: 'Object Repository/EK_Objects/Page_Mozart - Dashboard/a_Refunds' is clicked on

30-08-2024T19:33:14 - [MESSAGE][INFO] - Unable to find the element located by 'By.xpath: //a[@id='navbarDropdown']'. Please recheck the objects properties to make sure the desired element is located. 

30-08-2024T19:33:14 - [MESSAGE][WARNING] - [SELF-HEALING] Failed to find element with id 'Object Repository/EK_Objects/Page_Mozart - Dashboard/a_Refunds'. Try using Self-healing.

30-08-2024T19:33:14 - [MESSAGE][WARNING] - [SELF-HEALING] The current locator of test object 'Object Repository/EK_Objects/Page_Mozart - Dashboard/a_Refunds' was broken. Propose an alternative one: '//div[@id='navbarSupportedContent']/ul/li/a'.

30-08-2024T19:33:15 - [MESSAGE][PASSED] - Object: 'Object Repository/EK_Objects/Page_Mozart - Dashboard/a_Refunds' is clicked on

30-08-2024T19:33:15 - [TEST_STEP][FAILED] - click(findTestObject("EK_Objects/Page_Mozart - Dashboard/Click_On_Local_Settlements")): Unable to click on object 'Object Repository/EK_Objects/Page_Mozart - Dashboard/Click_On_Local_Settlements' (Root cause: com.kms.katalon.core.exception.StepFailedException: Unable to click on object 'Object Repository/EK_Objects/Page_Mozart - Dashboard/Click_On_Local_Settlements'
	at com.kms.katalon.core.webui.keyword.internal.WebUIKeywordMain.stepFailed(WebUIKeywordMain.groovy:64)
	at com.kms.katalon.core.webui.keyword.internal.WebUIKeywordMain.runKeyword(WebUIKeywordMain.groovy:26)
	at com.kms.katalon.core.webui.keyword.builtin.ClickKeyword.click(ClickKeyword.groovy:74)
	at com.kms.katalon.core.webui.keyword.builtin.ClickKeyword.execute(ClickKeyword.groovy:40)
	at com.kms.katalon.core.keyword.internal.KeywordExecutor.executeKeywordForPlatform(KeywordExecutor.groovy:74)
	at com.kms.katalon.core.webui.keyword.WebUiBuiltInKeywords.click(WebUiBuiltInKeywords.groovy:659)
	at TC10_MOZ_11451 Display of Refundable Amount and FOP in the Grid.run(TC10_MOZ_11451 Display of Refundable Amount and FOP in the Grid:43)
	at com.kms.katalon.core.main.ScriptEngine.run(ScriptEngine.java:194)
	at com.kms.katalon.core.main.ScriptEngine.runScriptAsRawText(ScriptEngine.java:119)
	at com.kms.katalon.core.main.TestCaseExecutor.runScript(TestCaseExecutor.java:448)
	at com.kms.katalon.core.main.TestCaseExecutor.doExecute(TestCaseExecutor.java:439)
	at com.kms.katalon.core.main.TestCaseExecutor.processExecutionPhase(TestCaseExecutor.java:418)
	at com.kms.katalon.core.main.TestCaseExecutor.accessMainPhase(TestCaseExecutor.java:410)
	at com.kms.katalon.core.main.TestCaseExecutor.execute(TestCaseExecutor.java:285)
	at com.kms.katalon.core.common.CommonExecutor.accessTestCaseMainPhase(CommonExecutor.java:65)
	at com.kms.katalon.core.main.TestSuiteExecutor.accessTestSuiteMainPhase(TestSuiteExecutor.java:150)
	at com.kms.katalon.core.main.TestSuiteExecutor.execute(TestSuiteExecutor.java:106)
	at com.kms.katalon.core.main.TestCaseMain.startTestSuite(TestCaseMain.java:180)
	at TempTestSuite1725026478878.run(TempTestSuite1725026478878.groovy:35)
	at java.base/jdk.internal.reflect.NativeMethodAccessorImpl.invoke0(Native Method)
	at java.base/jdk.internal.reflect.NativeMethodAccessorImpl.invoke(NativeMethodAccessorImpl.java:77)
	at java.base/jdk.internal.reflect.DelegatingMethodAccessorImpl.invoke(DelegatingMethodAccessorImpl.java:43)
Caused by: com.kms.katalon.core.webui.exception.WebElementNotFoundException: Web element with id: 'Object Repository/EK_Objects/Page_Mozart - Dashboard/Click_On_Local_Settlements' located by '//a[@id='menu_LocalSettlements']' not found
	at com.kms.katalon.core.webui.common.WebUiCommonHelper.findWebElement(WebUiCommonHelper.java:1426)
	at com.kms.katalon.core.webui.keyword.internal.WebUIAbstractKeyword.findWebElement(WebUIAbstractKeyword.groovy:27)
	at com.kms.katalon.core.webui.keyword.builtin.ClickKeyword$_click_closure1.doCall(ClickKeyword.groovy:65)
	at com.kms.katalon.core.webui.keyword.builtin.ClickKeyword$_click_closure1.call(ClickKeyword.groovy)
	at com.kms.katalon.core.webui.keyword.internal.WebUIKeywordMain.runKeyword(WebUIKeywordMain.groovy:20)
	at com.kms.katalon.core.webui.keyword.builtin.ClickKeyword.click(ClickKeyword.groovy:74)
	at com.kms.katalon.core.webui.keyword.builtin.ClickKeyword.execute(ClickKeyword.groovy:40)
	at com.kms.katalon.core.keyword.internal.KeywordExecutor.executeKeywordForPlatform(KeywordExecutor.groovy:74)
	at com.kms.katalon.core.webui.keyword.WebUiBuiltInKeywords.click(WebUiBuiltInKeywords.groovy:659)
	at Script1724755128750.run(Script1724755128750.groovy:43)
	... 15 more
)

30-08-2024T19:33:46 - [MESSAGE][INFO] - Unable to find the element located by 'By.xpath: //a[@id='menu_LocalSettlements']'. Please recheck the objects properties to make sure the desired element is located. 

30-08-2024T19:33:46 - [MESSAGE][WARNING] - [SELF-HEALING] Failed to find element with id 'Object Repository/EK_Objects/Page_Mozart - Dashboard/Click_On_Local_Settlements'. Try using Self-healing.

30-08-2024T19:33:47 - [MESSAGE][INFO] - [SELF-HEALING] No working XPath is found.

30-08-2024T19:33:49 - [MESSAGE][INFO] - Unable to find the element located by 'By.xpath: '. Please recheck the objects properties to make sure the desired element is located. 

30-08-2024T19:33:49 - [MESSAGE][WARNING] - [SELF-HEALING] Cannot find elements when the selector is null

30-08-2024T19:33:49 - [MESSAGE][FAILED] - Unable to click on object 'Object Repository/EK_Objects/Page_Mozart - Dashboard/Click_On_Local_Settlements' (Root cause: com.kms.katalon.core.exception.StepFailedException: Unable to click on object 'Object Repository/EK_Objects/Page_Mozart - Dashboard/Click_On_Local_Settlements'
	at com.kms.katalon.core.webui.keyword.internal.WebUIKeywordMain.stepFailed(WebUIKeywordMain.groovy:64)
	at com.kms.katalon.core.webui.keyword.internal.WebUIKeywordMain.runKeyword(WebUIKeywordMain.groovy:26)
	at com.kms.katalon.core.webui.keyword.builtin.ClickKeyword.click(ClickKeyword.groovy:74)
	at com.kms.katalon.core.webui.keyword.builtin.ClickKeyword.execute(ClickKeyword.groovy:40)
	at com.kms.katalon.core.keyword.internal.KeywordExecutor.executeKeywordForPlatform(KeywordExecutor.groovy:74)
	at com.kms.katalon.core.webui.keyword.WebUiBuiltInKeywords.click(WebUiBuiltInKeywords.groovy:659)
	at TC10_MOZ_11451 Display of Refundable Amount and FOP in the Grid.run(TC10_MOZ_11451 Display of Refundable Amount and FOP in the Grid:43)
	at com.kms.katalon.core.main.ScriptEngine.run(ScriptEngine.java:194)
	at com.kms.katalon.core.main.ScriptEngine.runScriptAsRawText(ScriptEngine.java:119)
	at com.kms.katalon.core.main.TestCaseExecutor.runScript(TestCaseExecutor.java:448)
	at com.kms.katalon.core.main.TestCaseExecutor.doExecute(TestCaseExecutor.java:439)
	at com.kms.katalon.core.main.TestCaseExecutor.processExecutionPhase(TestCaseExecutor.java:418)
	at com.kms.katalon.core.main.TestCaseExecutor.accessMainPhase(TestCaseExecutor.java:410)
	at com.kms.katalon.core.main.TestCaseExecutor.execute(TestCaseExecutor.java:285)
	at com.kms.katalon.core.common.CommonExecutor.accessTestCaseMainPhase(CommonExecutor.java:65)
	at com.kms.katalon.core.main.TestSuiteExecutor.accessTestSuiteMainPhase(TestSuiteExecutor.java:150)
	at com.kms.katalon.core.main.TestSuiteExecutor.execute(TestSuiteExecutor.java:106)
	at com.kms.katalon.core.main.TestCaseMain.startTestSuite(TestCaseMain.java:180)
	at TempTestSuite1725026478878.run(TempTestSuite1725026478878.groovy:35)
	at java.base/jdk.internal.reflect.NativeMethodAccessorImpl.invoke0(Native Method)
	at java.base/jdk.internal.reflect.NativeMethodAccessorImpl.invoke(NativeMethodAccessorImpl.java:77)
	at java.base/jdk.internal.reflect.DelegatingMethodAccessorImpl.invoke(DelegatingMethodAccessorImpl.java:43)
Caused by: com.kms.katalon.core.webui.exception.WebElementNotFoundException: Web element with id: 'Object Repository/EK_Objects/Page_Mozart - Dashboard/Click_On_Local_Settlements' located by '//a[@id='menu_LocalSettlements']' not found
	at com.kms.katalon.core.webui.common.WebUiCommonHelper.findWebElement(WebUiCommonHelper.java:1426)
	at com.kms.katalon.core.webui.keyword.internal.WebUIAbstractKeyword.findWebElement(WebUIAbstractKeyword.groovy:27)
	at com.kms.katalon.core.webui.keyword.builtin.ClickKeyword$_click_closure1.doCall(ClickKeyword.groovy:65)
	at com.kms.katalon.core.webui.keyword.builtin.ClickKeyword$_click_closure1.call(ClickKeyword.groovy)
	at com.kms.katalon.core.webui.keyword.internal.WebUIKeywordMain.runKeyword(WebUIKeywordMain.groovy:20)
	at com.kms.katalon.core.webui.keyword.builtin.ClickKeyword.click(ClickKeyword.groovy:74)
	at com.kms.katalon.core.webui.keyword.builtin.ClickKeyword.execute(ClickKeyword.groovy:40)
	at com.kms.katalon.core.keyword.internal.KeywordExecutor.executeKeywordForPlatform(KeywordExecutor.groovy:74)
	at com.kms.katalon.core.webui.keyword.WebUiBuiltInKeywords.click(WebUiBuiltInKeywords.groovy:659)
	at Script1724755128750.run(Script1724755128750.groovy:43)
	... 15 more
)
[[ATTACHMENT|C:\\Users\\ranjit.vadar\\Katalon Studio\\Mozart Emirates\\Reports\\20240830_193117\\Suite MOZ-10510\\20240830_193118\\1725026629337.png]]]]></system-out>
         <system-err><![CDATA[30-08-2024T19:31:33 - [TEST_CASE][FAILED] - Test Cases/MOZ-10510/TC10_MOZ_11451 Display of Refundable Amount and FOP in the Grid: Test Cases/MOZ-10510/TC10_MOZ_11451 Display of Refundable Amount and FOP in the Grid FAILED.
Reason:
com.kms.katalon.core.exception.StepFailedException: Unable to click on object 'Object Repository/EK_Objects/Page_Mozart - Dashboard/Click_On_Local_Settlements'
	at com.kms.katalon.core.webui.keyword.internal.WebUIKeywordMain.stepFailed(WebUIKeywordMain.groovy:64)
	at com.kms.katalon.core.webui.keyword.internal.WebUIKeywordMain.runKeyword(WebUIKeywordMain.groovy:26)
	at com.kms.katalon.core.webui.keyword.builtin.ClickKeyword.click(ClickKeyword.groovy:74)
	at com.kms.katalon.core.webui.keyword.builtin.ClickKeyword.execute(ClickKeyword.groovy:40)
	at com.kms.katalon.core.keyword.internal.KeywordExecutor.executeKeywordForPlatform(KeywordExecutor.groovy:74)
	at com.kms.katalon.core.webui.keyword.WebUiBuiltInKeywords.click(WebUiBuiltInKeywords.groovy:659)
	at TC10_MOZ_11451 Display of Refundable Amount and FOP in the Grid.run(TC10_MOZ_11451 Display of Refundable Amount and FOP in the Grid:43)
	at com.kms.katalon.core.main.ScriptEngine.run(ScriptEngine.java:194)
	at com.kms.katalon.core.main.ScriptEngine.runScriptAsRawText(ScriptEngine.java:119)
	at com.kms.katalon.core.main.TestCaseExecutor.runScript(TestCaseExecutor.java:448)
	at com.kms.katalon.core.main.TestCaseExecutor.doExecute(TestCaseExecutor.java:439)
	at com.kms.katalon.core.main.TestCaseExecutor.processExecutionPhase(TestCaseExecutor.java:418)
	at com.kms.katalon.core.main.TestCaseExecutor.accessMainPhase(TestCaseExecutor.java:410)
	at com.kms.katalon.core.main.TestCaseExecutor.execute(TestCaseExecutor.java:285)
	at com.kms.katalon.core.common.CommonExecutor.accessTestCaseMainPhase(CommonExecutor.java:65)
	at com.kms.katalon.core.main.TestSuiteExecutor.accessTestSuiteMainPhase(TestSuiteExecutor.java:150)
	at com.kms.katalon.core.main.TestSuiteExecutor.execute(TestSuiteExecutor.java:106)
	at com.kms.katalon.core.main.TestCaseMain.startTestSuite(TestCaseMain.java:180)
	at TempTestSuite1725026478878.run(TempTestSuite1725026478878.groovy:35)
	at java.base/jdk.internal.reflect.NativeMethodAccessorImpl.invoke0(Native Method)
	at java.base/jdk.internal.reflect.NativeMethodAccessorImpl.invoke(NativeMethodAccessorImpl.java:77)
	at java.base/jdk.internal.reflect.DelegatingMethodAccessorImpl.invoke(DelegatingMethodAccessorImpl.java:43)
Caused by: com.kms.katalon.core.webui.exception.WebElementNotFoundException: Web element with id: 'Object Repository/EK_Objects/Page_Mozart - Dashboard/Click_On_Local_Settlements' located by '//a[@id='menu_LocalSettlements']' not found
	at com.kms.katalon.core.webui.common.WebUiCommonHelper.findWebElement(WebUiCommonHelper.java:1426)
	at com.kms.katalon.core.webui.keyword.internal.WebUIAbstractKeyword.findWebElement(WebUIAbstractKeyword.groovy:27)
	at com.kms.katalon.core.webui.keyword.builtin.ClickKeyword$_click_closure1.doCall(ClickKeyword.groovy:65)
	at com.kms.katalon.core.webui.keyword.builtin.ClickKeyword$_click_closure1.call(ClickKeyword.groovy)
	at com.kms.katalon.core.webui.keyword.internal.WebUIKeywordMain.runKeyword(WebUIKeywordMain.groovy:20)
	... 20 more]]></system-err>
      </testcase>
      <testcase name="Test Cases/MOZ-10510/TC 9_MOZ_11450 Verifies that the internal configuration in the database is correctly set up to define the form of payments visible in the Local Settlements module" time="167.904" classname="Test Cases/MOZ-10510/TC 9_MOZ_11450 Verifies that the internal configuration in the database is correctly set up to define the form of payments visible in the Local Settlements module" status="FAILED">
         <failure type="FAILED" message="Test Cases/MOZ-10510/TC 9_MOZ_11450 Verifies that the internal configuration in the database is correctly set up to define the form of payments visible in the Local Settlements module FAILED.&#xa;Reason:&#xa;com.kms.katalon.core.exception.StepFailedException: Unable to click on object 'Object Repository/EK_Objects/Page_Mozart - Dashboard/Click_On_Local_Settlements'&#xa;	at com.kms.katalon.core.webui.keyword.internal.WebUIKeywordMain.stepFailed(WebUIKeywordMain.groovy:64)&#xa;	at com.kms.katalon.core.webui.keyword.internal.WebUIKeywordMain.runKeyword(WebUIKeywordMain.groovy:26)&#xa;	at com.kms.katalon.core.webui.keyword.builtin.ClickKeyword.click(ClickKeyword.groovy:74)&#xa;	at com.kms.katalon.core.webui.keyword.builtin.ClickKeyword.execute(ClickKeyword.groovy:40)&#xa;	at com.kms.katalon.core.keyword.internal.KeywordExecutor.executeKeywordForPlatform(KeywordExecutor.groovy:74)&#xa;	at com.kms.katalon.core.webui.keyword.WebUiBuiltInKeywords.click(WebUiBuiltInKeywords.groovy:659)&#xa;	at TC 9_MOZ_11450 Verifies that the internal configuration in the database is correctly set up to define the form of payments visible in the Local Settlements module.run(TC 9_MOZ_11450 Verifies that the internal configuration in the database is correctly set up to define the form of payments visible in the Local Settlements module:43)&#xa;	at com.kms.katalon.core.main.ScriptEngine.run(ScriptEngine.java:194)&#xa;	at com.kms.katalon.core.main.ScriptEngine.runScriptAsRawText(ScriptEngine.java:119)&#xa;	at com.kms.katalon.core.main.TestCaseExecutor.runScript(TestCaseExecutor.java:448)&#xa;	at com.kms.katalon.core.main.TestCaseExecutor.doExecute(TestCaseExecutor.java:439)&#xa;	at com.kms.katalon.core.main.TestCaseExecutor.processExecutionPhase(TestCaseExecutor.java:418)&#xa;	at com.kms.katalon.core.main.TestCaseExecutor.accessMainPhase(TestCaseExecutor.java:410)&#xa;	at com.kms.katalon.core.main.TestCaseExecutor.execute(TestCaseExecutor.java:285)&#xa;	at com.kms.katalon.core.common.CommonExecutor.accessTestCaseMainPhase(CommonExecutor.java:65)&#xa;	at com.kms.katalon.core.main.TestSuiteExecutor.accessTestSuiteMainPhase(TestSuiteExecutor.java:150)&#xa;	at com.kms.katalon.core.main.TestSuiteExecutor.execute(TestSuiteExecutor.java:106)&#xa;	at com.kms.katalon.core.main.TestCaseMain.startTestSuite(TestCaseMain.java:180)&#xa;	at TempTestSuite1725026478878.run(TempTestSuite1725026478878.groovy:35)&#xa;	at java.base/jdk.internal.reflect.NativeMethodAccessorImpl.invoke0(Native Method)&#xa;	at java.base/jdk.internal.reflect.NativeMethodAccessorImpl.invoke(NativeMethodAccessorImpl.java:77)&#xa;	at java.base/jdk.internal.reflect.DelegatingMethodAccessorImpl.invoke(DelegatingMethodAccessorImpl.java:43)&#xa;Caused by: com.kms.katalon.core.webui.exception.WebElementNotFoundException: Web element with id: 'Object Repository/EK_Objects/Page_Mozart - Dashboard/Click_On_Local_Settlements' located by '//a[@id='menu_LocalSettlements']' not found&#xa;	at com.kms.katalon.core.webui.common.WebUiCommonHelper.findWebElement(WebUiCommonHelper.java:1426)&#xa;	at com.kms.katalon.core.webui.keyword.internal.WebUIAbstractKeyword.findWebElement(WebUIAbstractKeyword.groovy:27)&#xa;	at com.kms.katalon.core.webui.keyword.builtin.ClickKeyword$_click_closure1.doCall(ClickKeyword.groovy:65)&#xa;	at com.kms.katalon.core.webui.keyword.builtin.ClickKeyword$_click_closure1.call(ClickKeyword.groovy)&#xa;	at com.kms.katalon.core.webui.keyword.internal.WebUIKeywordMain.runKeyword(WebUIKeywordMain.groovy:20)&#xa;	... 20 more&#xa;"/>
         <system-out><![CDATA[30-08-2024T19:33:49 - [TEST_CASE][FAILED] - Test Cases/MOZ-10510/TC 9_MOZ_11450 Verifies that the internal configuration in the database is correctly set up to define the form of payments visible in the Local Settlements module: Test Cases/MOZ-10510/TC 9_MOZ_11450 Verifies that the internal configuration in the database is correctly set up to define the form of payments visible in the Local Settlements module FAILED.
Reason:
com.kms.katalon.core.exception.StepFailedException: Unable to click on object 'Object Repository/EK_Objects/Page_Mozart - Dashboard/Click_On_Local_Settlements'
	at com.kms.katalon.core.webui.keyword.internal.WebUIKeywordMain.stepFailed(WebUIKeywordMain.groovy:64)
	at com.kms.katalon.core.webui.keyword.internal.WebUIKeywordMain.runKeyword(WebUIKeywordMain.groovy:26)
	at com.kms.katalon.core.webui.keyword.builtin.ClickKeyword.click(ClickKeyword.groovy:74)
	at com.kms.katalon.core.webui.keyword.builtin.ClickKeyword.execute(ClickKeyword.groovy:40)
	at com.kms.katalon.core.keyword.internal.KeywordExecutor.executeKeywordForPlatform(KeywordExecutor.groovy:74)
	at com.kms.katalon.core.webui.keyword.WebUiBuiltInKeywords.click(WebUiBuiltInKeywords.groovy:659)
	at TC 9_MOZ_11450 Verifies that the internal configuration in the database is correctly set up to define the form of payments visible in the Local Settlements module.run(TC 9_MOZ_11450 Verifies that the internal configuration in the database is correctly set up to define the form of payments visible in the Local Settlements module:43)
	at com.kms.katalon.core.main.ScriptEngine.run(ScriptEngine.java:194)
	at com.kms.katalon.core.main.ScriptEngine.runScriptAsRawText(ScriptEngine.java:119)
	at com.kms.katalon.core.main.TestCaseExecutor.runScript(TestCaseExecutor.java:448)
	at com.kms.katalon.core.main.TestCaseExecutor.doExecute(TestCaseExecutor.java:439)
	at com.kms.katalon.core.main.TestCaseExecutor.processExecutionPhase(TestCaseExecutor.java:418)
	at com.kms.katalon.core.main.TestCaseExecutor.accessMainPhase(TestCaseExecutor.java:410)
	at com.kms.katalon.core.main.TestCaseExecutor.execute(TestCaseExecutor.java:285)
	at com.kms.katalon.core.common.CommonExecutor.accessTestCaseMainPhase(CommonExecutor.java:65)
	at com.kms.katalon.core.main.TestSuiteExecutor.accessTestSuiteMainPhase(TestSuiteExecutor.java:150)
	at com.kms.katalon.core.main.TestSuiteExecutor.execute(TestSuiteExecutor.java:106)
	at com.kms.katalon.core.main.TestCaseMain.startTestSuite(TestCaseMain.java:180)
	at TempTestSuite1725026478878.run(TempTestSuite1725026478878.groovy:35)
	at java.base/jdk.internal.reflect.NativeMethodAccessorImpl.invoke0(Native Method)
	at java.base/jdk.internal.reflect.NativeMethodAccessorImpl.invoke(NativeMethodAccessorImpl.java:77)
	at java.base/jdk.internal.reflect.DelegatingMethodAccessorImpl.invoke(DelegatingMethodAccessorImpl.java:43)
Caused by: com.kms.katalon.core.webui.exception.WebElementNotFoundException: Web element with id: 'Object Repository/EK_Objects/Page_Mozart - Dashboard/Click_On_Local_Settlements' located by '//a[@id='menu_LocalSettlements']' not found
	at com.kms.katalon.core.webui.common.WebUiCommonHelper.findWebElement(WebUiCommonHelper.java:1426)
	at com.kms.katalon.core.webui.keyword.internal.WebUIAbstractKeyword.findWebElement(WebUIAbstractKeyword.groovy:27)
	at com.kms.katalon.core.webui.keyword.builtin.ClickKeyword$_click_closure1.doCall(ClickKeyword.groovy:65)
	at com.kms.katalon.core.webui.keyword.builtin.ClickKeyword$_click_closure1.call(ClickKeyword.groovy)
	at com.kms.katalon.core.webui.keyword.internal.WebUIKeywordMain.runKeyword(WebUIKeywordMain.groovy:20)
	... 20 more


30-08-2024T19:33:50 - [TEST_STEP][PASSED] - Table_md_rfnd_local_settlement = database.DatabaseUtils.checkTableExists("md_rfnd_local_settlement"): database.DatabaseUtils.checkTableExists is PASSED

30-08-2024T19:33:55 - [MESSAGE][INFO] - Table md_rfnd_local_settlement exists.

30-08-2024T19:33:55 - [MESSAGE][PASSED] - database.DatabaseUtils.checkTableExists is PASSED

30-08-2024T19:33:55 - [TEST_STEP][PASSED] - verifyEqual(Table_md_rfnd_local_settlement, true, CONTINUE_ON_FAILURE): Actual object 'true' and expected object 'true' are equal

30-08-2024T19:33:56 - [MESSAGE][PASSED] - Actual object 'true' and expected object 'true' are equal

30-08-2024T19:33:56 - [TEST_STEP][PASSED] - Column_paid_locally = database.DatabaseUtils.checkColumnExist("mc_fop_types", "paid_locally"): database.DatabaseUtils.checkColumnExist is PASSED

30-08-2024T19:34:00 - [MESSAGE][PASSED] - database.DatabaseUtils.checkColumnExist is PASSED

30-08-2024T19:34:00 - [TEST_STEP][PASSED] - verifyEqual(Column_paid_locally, true, CONTINUE_ON_FAILURE): Actual object 'true' and expected object 'true' are equal

30-08-2024T19:34:00 - [MESSAGE][PASSED] - Actual object 'true' and expected object 'true' are equal

30-08-2024T19:34:00 - [TEST_STEP][PASSED] - rowCount = database.DatabaseUtils.getRowCount("select * from bdmozart.mc_fop_types where paid_locally = 't'"): database.DatabaseUtils.getRowCount is PASSED

30-08-2024T19:34:05 - [MESSAGE][PASSED] - database.DatabaseUtils.getRowCount is PASSED

30-08-2024T19:34:05 - [TEST_STEP][PASSED] - DataBaseEnableFopList = new java.util.ArrayList(): null

30-08-2024T19:34:05 - [TEST_STEP][PASSED] - FilterFopList = new java.util.ArrayList(): null

30-08-2024T19:34:05 - [TEST_STEP][PASSED] - for ([i = 1, i <= rowCount, (i++)]): null

30-08-2024T19:34:05 - [TEST_STEP][PASSED] - enableFop = database.DatabaseUtils.executeQuery("select * from bdmozart.mc_fop_types where paid_locally = 't'", "fop_type", i): database.DatabaseUtils.executeQuery is PASSED

30-08-2024T19:34:12 - [MESSAGE][PASSED] - database.DatabaseUtils.executeQuery is PASSED

30-08-2024T19:34:12 - [TEST_STEP][PASSED] - println(enableFop): null

30-08-2024T19:34:12 - [TEST_STEP][PASSED] - DataBaseEnableFopList.add(enableFop): null

30-08-2024T19:34:12 - [TEST_STEP][PASSED] - enableFop = database.DatabaseUtils.executeQuery("select * from bdmozart.mc_fop_types where paid_locally = 't'", "fop_type", i): database.DatabaseUtils.executeQuery is PASSED

30-08-2024T19:34:35 - [MESSAGE][PASSED] - database.DatabaseUtils.executeQuery is PASSED

30-08-2024T19:34:35 - [TEST_STEP][PASSED] - println(enableFop): null

30-08-2024T19:34:35 - [TEST_STEP][PASSED] - DataBaseEnableFopList.add(enableFop): null

30-08-2024T19:34:35 - [TEST_STEP][PASSED] - enableFop = database.DatabaseUtils.executeQuery("select * from bdmozart.mc_fop_types where paid_locally = 't'", "fop_type", i): database.DatabaseUtils.executeQuery is PASSED

30-08-2024T19:34:40 - [MESSAGE][PASSED] - database.DatabaseUtils.executeQuery is PASSED

30-08-2024T19:34:40 - [TEST_STEP][PASSED] - println(enableFop): null

30-08-2024T19:34:40 - [TEST_STEP][PASSED] - DataBaseEnableFopList.add(enableFop): null

30-08-2024T19:34:40 - [TEST_STEP][PASSED] - demoPackage.MozartLogin.mozartLoginWithUser(): demoPackage.MozartLogin.mozartLoginWithUser is PASSED

30-08-2024T19:34:40 - [MESSAGE][WARNING] - A browser is already opened. Closing browser and opening a new one

30-08-2024T19:34:41 - [MESSAGE][INFO] - Starting 'Chrome' driver

30-08-2024T19:34:41 - [MESSAGE][INFO] - Action delay is set to 0 milliseconds

30-08-2024T19:34:42 - [MESSAGE][PASSED] - Browser is opened with url: ''

30-08-2024T19:34:43 - [MESSAGE][PASSED] - Navigate to 'https://accelyacomtest.accelya.local/MozartTest/AirlinesHub/Index' successfully

30-08-2024T19:34:43 - [MESSAGE][PASSED] - Current window maximized

30-08-2024T19:34:43 - [MESSAGE][PASSED] - Object: 'Object Repository/MozartChrome/ChromeAdvance/ClickOnAdvanceButton' is clicked on

30-08-2024T19:34:58 - [MESSAGE][PASSED] - Object: 'Object Repository/MozartChrome/ChromeAdvance/ProccedLink' is clicked on

30-08-2024T19:34:59 - [MESSAGE][PASSED] - Text 'ranajitvadar' is set on object 'Object Repository/MozartChrome/Page_/input_Username_Login'

30-08-2024T19:34:59 - [MESSAGE][PASSED] - Object: 'Object Repository/MozartChrome/Page_/button_Next' is clicked on

30-08-2024T19:35:00 - [MESSAGE][PASSED] - Text 'Accelya.1' is set on object 'Object Repository/MozartChrome/Page_/input_Password_Password'

30-08-2024T19:35:00 - [MESSAGE][PASSED] - Object: 'Object Repository/MozartChrome/Page_/button_Sign in' is clicked on

30-08-2024T19:35:00 - [MESSAGE][PASSED] - demoPackage.MozartLogin.mozartLoginWithUser is PASSED

30-08-2024T19:35:00 - [TEST_STEP][PASSED] - click(findTestObject("EK_Objects/Page_Mozart - Dashboard/a_Refunds")): Object: 'Object Repository/EK_Objects/Page_Mozart - Dashboard/a_Refunds' is clicked on

30-08-2024T19:35:31 - [MESSAGE][INFO] - Unable to find the element located by 'By.xpath: //a[@id='navbarDropdown']'. Please recheck the objects properties to make sure the desired element is located. 

30-08-2024T19:35:31 - [MESSAGE][WARNING] - [SELF-HEALING] Failed to find element with id 'Object Repository/EK_Objects/Page_Mozart - Dashboard/a_Refunds'. Try using Self-healing.

30-08-2024T19:35:32 - [MESSAGE][WARNING] - [SELF-HEALING] The current locator of test object 'Object Repository/EK_Objects/Page_Mozart - Dashboard/a_Refunds' was broken. Propose an alternative one: '//div[@id='navbarSupportedContent']/ul/li/a'.

30-08-2024T19:35:32 - [MESSAGE][PASSED] - Object: 'Object Repository/EK_Objects/Page_Mozart - Dashboard/a_Refunds' is clicked on

30-08-2024T19:35:32 - [TEST_STEP][FAILED] - click(findTestObject("EK_Objects/Page_Mozart - Dashboard/Click_On_Local_Settlements")): Unable to click on object 'Object Repository/EK_Objects/Page_Mozart - Dashboard/Click_On_Local_Settlements' (Root cause: com.kms.katalon.core.exception.StepFailedException: Unable to click on object 'Object Repository/EK_Objects/Page_Mozart - Dashboard/Click_On_Local_Settlements'
	at com.kms.katalon.core.webui.keyword.internal.WebUIKeywordMain.stepFailed(WebUIKeywordMain.groovy:64)
	at com.kms.katalon.core.webui.keyword.internal.WebUIKeywordMain.runKeyword(WebUIKeywordMain.groovy:26)
	at com.kms.katalon.core.webui.keyword.builtin.ClickKeyword.click(ClickKeyword.groovy:74)
	at com.kms.katalon.core.webui.keyword.builtin.ClickKeyword.execute(ClickKeyword.groovy:40)
	at com.kms.katalon.core.keyword.internal.KeywordExecutor.executeKeywordForPlatform(KeywordExecutor.groovy:74)
	at com.kms.katalon.core.webui.keyword.WebUiBuiltInKeywords.click(WebUiBuiltInKeywords.groovy:659)
	at TC 9_MOZ_11450 Verifies that the internal configuration in the database is correctly set up to define the form of payments visible in the Local Settlements module.run(TC 9_MOZ_11450 Verifies that the internal configuration in the database is correctly set up to define the form of payments visible in the Local Settlements module:43)
	at com.kms.katalon.core.main.ScriptEngine.run(ScriptEngine.java:194)
	at com.kms.katalon.core.main.ScriptEngine.runScriptAsRawText(ScriptEngine.java:119)
	at com.kms.katalon.core.main.TestCaseExecutor.runScript(TestCaseExecutor.java:448)
	at com.kms.katalon.core.main.TestCaseExecutor.doExecute(TestCaseExecutor.java:439)
	at com.kms.katalon.core.main.TestCaseExecutor.processExecutionPhase(TestCaseExecutor.java:418)
	at com.kms.katalon.core.main.TestCaseExecutor.accessMainPhase(TestCaseExecutor.java:410)
	at com.kms.katalon.core.main.TestCaseExecutor.execute(TestCaseExecutor.java:285)
	at com.kms.katalon.core.common.CommonExecutor.accessTestCaseMainPhase(CommonExecutor.java:65)
	at com.kms.katalon.core.main.TestSuiteExecutor.accessTestSuiteMainPhase(TestSuiteExecutor.java:150)
	at com.kms.katalon.core.main.TestSuiteExecutor.execute(TestSuiteExecutor.java:106)
	at com.kms.katalon.core.main.TestCaseMain.startTestSuite(TestCaseMain.java:180)
	at TempTestSuite1725026478878.run(TempTestSuite1725026478878.groovy:35)
	at java.base/jdk.internal.reflect.NativeMethodAccessorImpl.invoke0(Native Method)
	at java.base/jdk.internal.reflect.NativeMethodAccessorImpl.invoke(NativeMethodAccessorImpl.java:77)
	at java.base/jdk.internal.reflect.DelegatingMethodAccessorImpl.invoke(DelegatingMethodAccessorImpl.java:43)
Caused by: com.kms.katalon.core.webui.exception.WebElementNotFoundException: Web element with id: 'Object Repository/EK_Objects/Page_Mozart - Dashboard/Click_On_Local_Settlements' located by '//a[@id='menu_LocalSettlements']' not found
	at com.kms.katalon.core.webui.common.WebUiCommonHelper.findWebElement(WebUiCommonHelper.java:1426)
	at com.kms.katalon.core.webui.keyword.internal.WebUIAbstractKeyword.findWebElement(WebUIAbstractKeyword.groovy:27)
	at com.kms.katalon.core.webui.keyword.builtin.ClickKeyword$_click_closure1.doCall(ClickKeyword.groovy:65)
	at com.kms.katalon.core.webui.keyword.builtin.ClickKeyword$_click_closure1.call(ClickKeyword.groovy)
	at com.kms.katalon.core.webui.keyword.internal.WebUIKeywordMain.runKeyword(WebUIKeywordMain.groovy:20)
	at com.kms.katalon.core.webui.keyword.builtin.ClickKeyword.click(ClickKeyword.groovy:74)
	at com.kms.katalon.core.webui.keyword.builtin.ClickKeyword.execute(ClickKeyword.groovy:40)
	at com.kms.katalon.core.keyword.internal.KeywordExecutor.executeKeywordForPlatform(KeywordExecutor.groovy:74)
	at com.kms.katalon.core.webui.keyword.WebUiBuiltInKeywords.click(WebUiBuiltInKeywords.groovy:659)
	at Script1724499515487.run(Script1724499515487.groovy:43)
	... 15 more
)

30-08-2024T19:36:25 - [MESSAGE][INFO] - Unable to find the element located by 'By.xpath: //a[@id='menu_LocalSettlements']'. Please recheck the objects properties to make sure the desired element is located. 

30-08-2024T19:36:25 - [MESSAGE][WARNING] - [SELF-HEALING] Failed to find element with id 'Object Repository/EK_Objects/Page_Mozart - Dashboard/Click_On_Local_Settlements'. Try using Self-healing.

30-08-2024T19:36:26 - [MESSAGE][INFO] - [SELF-HEALING] No working XPath is found.

30-08-2024T19:36:37 - [MESSAGE][INFO] - Unable to find the element located by 'By.xpath: '. Please recheck the objects properties to make sure the desired element is located. 

30-08-2024T19:36:37 - [MESSAGE][WARNING] - [SELF-HEALING] Cannot find elements when the selector is null

30-08-2024T19:36:37 - [MESSAGE][FAILED] - Unable to click on object 'Object Repository/EK_Objects/Page_Mozart - Dashboard/Click_On_Local_Settlements' (Root cause: com.kms.katalon.core.exception.StepFailedException: Unable to click on object 'Object Repository/EK_Objects/Page_Mozart - Dashboard/Click_On_Local_Settlements'
	at com.kms.katalon.core.webui.keyword.internal.WebUIKeywordMain.stepFailed(WebUIKeywordMain.groovy:64)
	at com.kms.katalon.core.webui.keyword.internal.WebUIKeywordMain.runKeyword(WebUIKeywordMain.groovy:26)
	at com.kms.katalon.core.webui.keyword.builtin.ClickKeyword.click(ClickKeyword.groovy:74)
	at com.kms.katalon.core.webui.keyword.builtin.ClickKeyword.execute(ClickKeyword.groovy:40)
	at com.kms.katalon.core.keyword.internal.KeywordExecutor.executeKeywordForPlatform(KeywordExecutor.groovy:74)
	at com.kms.katalon.core.webui.keyword.WebUiBuiltInKeywords.click(WebUiBuiltInKeywords.groovy:659)
	at TC 9_MOZ_11450 Verifies that the internal configuration in the database is correctly set up to define the form of payments visible in the Local Settlements module.run(TC 9_MOZ_11450 Verifies that the internal configuration in the database is correctly set up to define the form of payments visible in the Local Settlements module:43)
	at com.kms.katalon.core.main.ScriptEngine.run(ScriptEngine.java:194)
	at com.kms.katalon.core.main.ScriptEngine.runScriptAsRawText(ScriptEngine.java:119)
	at com.kms.katalon.core.main.TestCaseExecutor.runScript(TestCaseExecutor.java:448)
	at com.kms.katalon.core.main.TestCaseExecutor.doExecute(TestCaseExecutor.java:439)
	at com.kms.katalon.core.main.TestCaseExecutor.processExecutionPhase(TestCaseExecutor.java:418)
	at com.kms.katalon.core.main.TestCaseExecutor.accessMainPhase(TestCaseExecutor.java:410)
	at com.kms.katalon.core.main.TestCaseExecutor.execute(TestCaseExecutor.java:285)
	at com.kms.katalon.core.common.CommonExecutor.accessTestCaseMainPhase(CommonExecutor.java:65)
	at com.kms.katalon.core.main.TestSuiteExecutor.accessTestSuiteMainPhase(TestSuiteExecutor.java:150)
	at com.kms.katalon.core.main.TestSuiteExecutor.execute(TestSuiteExecutor.java:106)
	at com.kms.katalon.core.main.TestCaseMain.startTestSuite(TestCaseMain.java:180)
	at TempTestSuite1725026478878.run(TempTestSuite1725026478878.groovy:35)
	at java.base/jdk.internal.reflect.NativeMethodAccessorImpl.invoke0(Native Method)
	at java.base/jdk.internal.reflect.NativeMethodAccessorImpl.invoke(NativeMethodAccessorImpl.java:77)
	at java.base/jdk.internal.reflect.DelegatingMethodAccessorImpl.invoke(DelegatingMethodAccessorImpl.java:43)
Caused by: com.kms.katalon.core.webui.exception.WebElementNotFoundException: Web element with id: 'Object Repository/EK_Objects/Page_Mozart - Dashboard/Click_On_Local_Settlements' located by '//a[@id='menu_LocalSettlements']' not found
	at com.kms.katalon.core.webui.common.WebUiCommonHelper.findWebElement(WebUiCommonHelper.java:1426)
	at com.kms.katalon.core.webui.keyword.internal.WebUIAbstractKeyword.findWebElement(WebUIAbstractKeyword.groovy:27)
	at com.kms.katalon.core.webui.keyword.builtin.ClickKeyword$_click_closure1.doCall(ClickKeyword.groovy:65)
	at com.kms.katalon.core.webui.keyword.builtin.ClickKeyword$_click_closure1.call(ClickKeyword.groovy)
	at com.kms.katalon.core.webui.keyword.internal.WebUIKeywordMain.runKeyword(WebUIKeywordMain.groovy:20)
	at com.kms.katalon.core.webui.keyword.builtin.ClickKeyword.click(ClickKeyword.groovy:74)
	at com.kms.katalon.core.webui.keyword.builtin.ClickKeyword.execute(ClickKeyword.groovy:40)
	at com.kms.katalon.core.keyword.internal.KeywordExecutor.executeKeywordForPlatform(KeywordExecutor.groovy:74)
	at com.kms.katalon.core.webui.keyword.WebUiBuiltInKeywords.click(WebUiBuiltInKeywords.groovy:659)
	at Script1724499515487.run(Script1724499515487.groovy:43)
	... 15 more
)
[[ATTACHMENT|C:\\Users\\ranjit.vadar\\Katalon Studio\\Mozart Emirates\\Reports\\20240830_193117\\Suite MOZ-10510\\20240830_193118\\1725026797296.png]]]]></system-out>
         <system-err><![CDATA[30-08-2024T19:33:49 - [TEST_CASE][FAILED] - Test Cases/MOZ-10510/TC 9_MOZ_11450 Verifies that the internal configuration in the database is correctly set up to define the form of payments visible in the Local Settlements module: Test Cases/MOZ-10510/TC 9_MOZ_11450 Verifies that the internal configuration in the database is correctly set up to define the form of payments visible in the Local Settlements module FAILED.
Reason:
com.kms.katalon.core.exception.StepFailedException: Unable to click on object 'Object Repository/EK_Objects/Page_Mozart - Dashboard/Click_On_Local_Settlements'
	at com.kms.katalon.core.webui.keyword.internal.WebUIKeywordMain.stepFailed(WebUIKeywordMain.groovy:64)
	at com.kms.katalon.core.webui.keyword.internal.WebUIKeywordMain.runKeyword(WebUIKeywordMain.groovy:26)
	at com.kms.katalon.core.webui.keyword.builtin.ClickKeyword.click(ClickKeyword.groovy:74)
	at com.kms.katalon.core.webui.keyword.builtin.ClickKeyword.execute(ClickKeyword.groovy:40)
	at com.kms.katalon.core.keyword.internal.KeywordExecutor.executeKeywordForPlatform(KeywordExecutor.groovy:74)
	at com.kms.katalon.core.webui.keyword.WebUiBuiltInKeywords.click(WebUiBuiltInKeywords.groovy:659)
	at TC 9_MOZ_11450 Verifies that the internal configuration in the database is correctly set up to define the form of payments visible in the Local Settlements module.run(TC 9_MOZ_11450 Verifies that the internal configuration in the database is correctly set up to define the form of payments visible in the Local Settlements module:43)
	at com.kms.katalon.core.main.ScriptEngine.run(ScriptEngine.java:194)
	at com.kms.katalon.core.main.ScriptEngine.runScriptAsRawText(ScriptEngine.java:119)
	at com.kms.katalon.core.main.TestCaseExecutor.runScript(TestCaseExecutor.java:448)
	at com.kms.katalon.core.main.TestCaseExecutor.doExecute(TestCaseExecutor.java:439)
	at com.kms.katalon.core.main.TestCaseExecutor.processExecutionPhase(TestCaseExecutor.java:418)
	at com.kms.katalon.core.main.TestCaseExecutor.accessMainPhase(TestCaseExecutor.java:410)
	at com.kms.katalon.core.main.TestCaseExecutor.execute(TestCaseExecutor.java:285)
	at com.kms.katalon.core.common.CommonExecutor.accessTestCaseMainPhase(CommonExecutor.java:65)
	at com.kms.katalon.core.main.TestSuiteExecutor.accessTestSuiteMainPhase(TestSuiteExecutor.java:150)
	at com.kms.katalon.core.main.TestSuiteExecutor.execute(TestSuiteExecutor.java:106)
	at com.kms.katalon.core.main.TestCaseMain.startTestSuite(TestCaseMain.java:180)
	at TempTestSuite1725026478878.run(TempTestSuite1725026478878.groovy:35)
	at java.base/jdk.internal.reflect.NativeMethodAccessorImpl.invoke0(Native Method)
	at java.base/jdk.internal.reflect.NativeMethodAccessorImpl.invoke(NativeMethodAccessorImpl.java:77)
	at java.base/jdk.internal.reflect.DelegatingMethodAccessorImpl.invoke(DelegatingMethodAccessorImpl.java:43)
Caused by: com.kms.katalon.core.webui.exception.WebElementNotFoundException: Web element with id: 'Object Repository/EK_Objects/Page_Mozart - Dashboard/Click_On_Local_Settlements' located by '//a[@id='menu_LocalSettlements']' not found
	at com.kms.katalon.core.webui.common.WebUiCommonHelper.findWebElement(WebUiCommonHelper.java:1426)
	at com.kms.katalon.core.webui.keyword.internal.WebUIAbstractKeyword.findWebElement(WebUIAbstractKeyword.groovy:27)
	at com.kms.katalon.core.webui.keyword.builtin.ClickKeyword$_click_closure1.doCall(ClickKeyword.groovy:65)
	at com.kms.katalon.core.webui.keyword.builtin.ClickKeyword$_click_closure1.call(ClickKeyword.groovy)
	at com.kms.katalon.core.webui.keyword.internal.WebUIKeywordMain.runKeyword(WebUIKeywordMain.groovy:20)
	... 20 more]]></system-err>
      </testcase>
      <testcase name="Test Cases/MOZ-10510/TC 8_MOZ_11449 Verify the Availability of Group By,My Filters, and Download Options in the Local Settlements Module" time="106.525" classname="Test Cases/MOZ-10510/TC 8_MOZ_11449 Verify the Availability of Group By,My Filters, and Download Options in the Local Settlements Module" status="FAILED">
         <failure type="FAILED" message="Test Cases/MOZ-10510/TC 8_MOZ_11449 Verify the Availability of Group By,My Filters, and Download Options in the Local Settlements Module FAILED.&#xa;Reason:&#xa;com.kms.katalon.core.exception.StepFailedException: Unable to click on object 'Object Repository/EK_Objects/Page_Mozart - Dashboard/Click_On_Local_Settlements'&#xa;	at com.kms.katalon.core.webui.keyword.internal.WebUIKeywordMain.stepFailed(WebUIKeywordMain.groovy:64)&#xa;	at com.kms.katalon.core.webui.keyword.internal.WebUIKeywordMain.runKeyword(WebUIKeywordMain.groovy:26)&#xa;	at com.kms.katalon.core.webui.keyword.builtin.ClickKeyword.click(ClickKeyword.groovy:74)&#xa;	at com.kms.katalon.core.webui.keyword.builtin.ClickKeyword.execute(ClickKeyword.groovy:40)&#xa;	at com.kms.katalon.core.keyword.internal.KeywordExecutor.executeKeywordForPlatform(KeywordExecutor.groovy:74)&#xa;	at com.kms.katalon.core.webui.keyword.WebUiBuiltInKeywords.click(WebUiBuiltInKeywords.groovy:659)&#xa;	at TC 8_MOZ_11449 Verify the Availability of Group By,My Filters, and Download Options in the Local Settlements Module.run(TC 8_MOZ_11449 Verify the Availability of Group By,My Filters, and Download Options in the Local Settlements Module:24)&#xa;	at com.kms.katalon.core.main.ScriptEngine.run(ScriptEngine.java:194)&#xa;	at com.kms.katalon.core.main.ScriptEngine.runScriptAsRawText(ScriptEngine.java:119)&#xa;	at com.kms.katalon.core.main.TestCaseExecutor.runScript(TestCaseExecutor.java:448)&#xa;	at com.kms.katalon.core.main.TestCaseExecutor.doExecute(TestCaseExecutor.java:439)&#xa;	at com.kms.katalon.core.main.TestCaseExecutor.processExecutionPhase(TestCaseExecutor.java:418)&#xa;	at com.kms.katalon.core.main.TestCaseExecutor.accessMainPhase(TestCaseExecutor.java:410)&#xa;	at com.kms.katalon.core.main.TestCaseExecutor.execute(TestCaseExecutor.java:285)&#xa;	at com.kms.katalon.core.common.CommonExecutor.accessTestCaseMainPhase(CommonExecutor.java:65)&#xa;	at com.kms.katalon.core.main.TestSuiteExecutor.accessTestSuiteMainPhase(TestSuiteExecutor.java:150)&#xa;	at com.kms.katalon.core.main.TestSuiteExecutor.execute(TestSuiteExecutor.java:106)&#xa;	at com.kms.katalon.core.main.TestCaseMain.startTestSuite(TestCaseMain.java:180)&#xa;	at TempTestSuite1725026478878.run(TempTestSuite1725026478878.groovy:35)&#xa;	at java.base/jdk.internal.reflect.NativeMethodAccessorImpl.invoke0(Native Method)&#xa;	at java.base/jdk.internal.reflect.NativeMethodAccessorImpl.invoke(NativeMethodAccessorImpl.java:77)&#xa;	at java.base/jdk.internal.reflect.DelegatingMethodAccessorImpl.invoke(DelegatingMethodAccessorImpl.java:43)&#xa;Caused by: com.kms.katalon.core.webui.exception.WebElementNotFoundException: Web element with id: 'Object Repository/EK_Objects/Page_Mozart - Dashboard/Click_On_Local_Settlements' located by '//a[@id='menu_LocalSettlements']' not found&#xa;	at com.kms.katalon.core.webui.common.WebUiCommonHelper.findWebElement(WebUiCommonHelper.java:1426)&#xa;	at com.kms.katalon.core.webui.keyword.internal.WebUIAbstractKeyword.findWebElement(WebUIAbstractKeyword.groovy:27)&#xa;	at com.kms.katalon.core.webui.keyword.builtin.ClickKeyword$_click_closure1.doCall(ClickKeyword.groovy:65)&#xa;	at com.kms.katalon.core.webui.keyword.builtin.ClickKeyword$_click_closure1.call(ClickKeyword.groovy)&#xa;	at com.kms.katalon.core.webui.keyword.internal.WebUIKeywordMain.runKeyword(WebUIKeywordMain.groovy:20)&#xa;	... 20 more&#xa;"/>
         <system-out><![CDATA[30-08-2024T19:36:37 - [TEST_CASE][FAILED] - Test Cases/MOZ-10510/TC 8_MOZ_11449 Verify the Availability of Group By,My Filters, and Download Options in the Local Settlements Module: Test Cases/MOZ-10510/TC 8_MOZ_11449 Verify the Availability of Group By,My Filters, and Download Options in the Local Settlements Module FAILED.
Reason:
com.kms.katalon.core.exception.StepFailedException: Unable to click on object 'Object Repository/EK_Objects/Page_Mozart - Dashboard/Click_On_Local_Settlements'
	at com.kms.katalon.core.webui.keyword.internal.WebUIKeywordMain.stepFailed(WebUIKeywordMain.groovy:64)
	at com.kms.katalon.core.webui.keyword.internal.WebUIKeywordMain.runKeyword(WebUIKeywordMain.groovy:26)
	at com.kms.katalon.core.webui.keyword.builtin.ClickKeyword.click(ClickKeyword.groovy:74)
	at com.kms.katalon.core.webui.keyword.builtin.ClickKeyword.execute(ClickKeyword.groovy:40)
	at com.kms.katalon.core.keyword.internal.KeywordExecutor.executeKeywordForPlatform(KeywordExecutor.groovy:74)
	at com.kms.katalon.core.webui.keyword.WebUiBuiltInKeywords.click(WebUiBuiltInKeywords.groovy:659)
	at TC 8_MOZ_11449 Verify the Availability of Group By,My Filters, and Download Options in the Local Settlements Module.run(TC 8_MOZ_11449 Verify the Availability of Group By,My Filters, and Download Options in the Local Settlements Module:24)
	at com.kms.katalon.core.main.ScriptEngine.run(ScriptEngine.java:194)
	at com.kms.katalon.core.main.ScriptEngine.runScriptAsRawText(ScriptEngine.java:119)
	at com.kms.katalon.core.main.TestCaseExecutor.runScript(TestCaseExecutor.java:448)
	at com.kms.katalon.core.main.TestCaseExecutor.doExecute(TestCaseExecutor.java:439)
	at com.kms.katalon.core.main.TestCaseExecutor.processExecutionPhase(TestCaseExecutor.java:418)
	at com.kms.katalon.core.main.TestCaseExecutor.accessMainPhase(TestCaseExecutor.java:410)
	at com.kms.katalon.core.main.TestCaseExecutor.execute(TestCaseExecutor.java:285)
	at com.kms.katalon.core.common.CommonExecutor.accessTestCaseMainPhase(CommonExecutor.java:65)
	at com.kms.katalon.core.main.TestSuiteExecutor.accessTestSuiteMainPhase(TestSuiteExecutor.java:150)
	at com.kms.katalon.core.main.TestSuiteExecutor.execute(TestSuiteExecutor.java:106)
	at com.kms.katalon.core.main.TestCaseMain.startTestSuite(TestCaseMain.java:180)
	at TempTestSuite1725026478878.run(TempTestSuite1725026478878.groovy:35)
	at java.base/jdk.internal.reflect.NativeMethodAccessorImpl.invoke0(Native Method)
	at java.base/jdk.internal.reflect.NativeMethodAccessorImpl.invoke(NativeMethodAccessorImpl.java:77)
	at java.base/jdk.internal.reflect.DelegatingMethodAccessorImpl.invoke(DelegatingMethodAccessorImpl.java:43)
Caused by: com.kms.katalon.core.webui.exception.WebElementNotFoundException: Web element with id: 'Object Repository/EK_Objects/Page_Mozart - Dashboard/Click_On_Local_Settlements' located by '//a[@id='menu_LocalSettlements']' not found
	at com.kms.katalon.core.webui.common.WebUiCommonHelper.findWebElement(WebUiCommonHelper.java:1426)
	at com.kms.katalon.core.webui.keyword.internal.WebUIAbstractKeyword.findWebElement(WebUIAbstractKeyword.groovy:27)
	at com.kms.katalon.core.webui.keyword.builtin.ClickKeyword$_click_closure1.doCall(ClickKeyword.groovy:65)
	at com.kms.katalon.core.webui.keyword.builtin.ClickKeyword$_click_closure1.call(ClickKeyword.groovy)
	at com.kms.katalon.core.webui.keyword.internal.WebUIKeywordMain.runKeyword(WebUIKeywordMain.groovy:20)
	... 20 more


30-08-2024T19:36:37 - [TEST_STEP][PASSED] - demoPackage.MozartLogin.mozartLoginWithUser(): demoPackage.MozartLogin.mozartLoginWithUser is PASSED

30-08-2024T19:36:37 - [MESSAGE][WARNING] - A browser is already opened. Closing browser and opening a new one

30-08-2024T19:36:38 - [MESSAGE][INFO] - Starting 'Chrome' driver

30-08-2024T19:36:38 - [MESSAGE][INFO] - Action delay is set to 0 milliseconds

30-08-2024T19:36:39 - [MESSAGE][PASSED] - Browser is opened with url: ''

30-08-2024T19:36:44 - [MESSAGE][PASSED] - Navigate to 'https://accelyacomtest.accelya.local/MozartTest/AirlinesHub/Index' successfully

30-08-2024T19:36:44 - [MESSAGE][PASSED] - Current window maximized

30-08-2024T19:36:44 - [MESSAGE][PASSED] - Object: 'Object Repository/MozartChrome/ChromeAdvance/ClickOnAdvanceButton' is clicked on

30-08-2024T19:37:15 - [MESSAGE][PASSED] - Object: 'Object Repository/MozartChrome/ChromeAdvance/ProccedLink' is clicked on

30-08-2024T19:37:16 - [MESSAGE][PASSED] - Text 'ranajitvadar' is set on object 'Object Repository/MozartChrome/Page_/input_Username_Login'

30-08-2024T19:37:16 - [MESSAGE][PASSED] - Object: 'Object Repository/MozartChrome/Page_/button_Next' is clicked on

30-08-2024T19:37:17 - [MESSAGE][PASSED] - Text 'Accelya.1' is set on object 'Object Repository/MozartChrome/Page_/input_Password_Password'

30-08-2024T19:37:17 - [MESSAGE][PASSED] - Object: 'Object Repository/MozartChrome/Page_/button_Sign in' is clicked on

30-08-2024T19:37:17 - [MESSAGE][PASSED] - demoPackage.MozartLogin.mozartLoginWithUser is PASSED

30-08-2024T19:37:18 - [TEST_STEP][PASSED] - click(findTestObject("EK_Objects/Page_Mozart - Dashboard/a_Refunds")): Object: 'Object Repository/EK_Objects/Page_Mozart - Dashboard/a_Refunds' is clicked on

30-08-2024T19:37:49 - [MESSAGE][INFO] - Unable to find the element located by 'By.xpath: //a[@id='navbarDropdown']'. Please recheck the objects properties to make sure the desired element is located. 

30-08-2024T19:37:49 - [MESSAGE][WARNING] - [SELF-HEALING] Failed to find element with id 'Object Repository/EK_Objects/Page_Mozart - Dashboard/a_Refunds'. Try using Self-healing.

30-08-2024T19:37:49 - [MESSAGE][WARNING] - [SELF-HEALING] The current locator of test object 'Object Repository/EK_Objects/Page_Mozart - Dashboard/a_Refunds' was broken. Propose an alternative one: '//div[@id='navbarSupportedContent']/ul/li/a'.

30-08-2024T19:37:49 - [MESSAGE][PASSED] - Object: 'Object Repository/EK_Objects/Page_Mozart - Dashboard/a_Refunds' is clicked on

30-08-2024T19:37:49 - [TEST_STEP][FAILED] - click(findTestObject("EK_Objects/Page_Mozart - Dashboard/Click_On_Local_Settlements")): Unable to click on object 'Object Repository/EK_Objects/Page_Mozart - Dashboard/Click_On_Local_Settlements' (Root cause: com.kms.katalon.core.exception.StepFailedException: Unable to click on object 'Object Repository/EK_Objects/Page_Mozart - Dashboard/Click_On_Local_Settlements'
	at com.kms.katalon.core.webui.keyword.internal.WebUIKeywordMain.stepFailed(WebUIKeywordMain.groovy:64)
	at com.kms.katalon.core.webui.keyword.internal.WebUIKeywordMain.runKeyword(WebUIKeywordMain.groovy:26)
	at com.kms.katalon.core.webui.keyword.builtin.ClickKeyword.click(ClickKeyword.groovy:74)
	at com.kms.katalon.core.webui.keyword.builtin.ClickKeyword.execute(ClickKeyword.groovy:40)
	at com.kms.katalon.core.keyword.internal.KeywordExecutor.executeKeywordForPlatform(KeywordExecutor.groovy:74)
	at com.kms.katalon.core.webui.keyword.WebUiBuiltInKeywords.click(WebUiBuiltInKeywords.groovy:659)
	at TC 8_MOZ_11449 Verify the Availability of Group By,My Filters, and Download Options in the Local Settlements Module.run(TC 8_MOZ_11449 Verify the Availability of Group By,My Filters, and Download Options in the Local Settlements Module:24)
	at com.kms.katalon.core.main.ScriptEngine.run(ScriptEngine.java:194)
	at com.kms.katalon.core.main.ScriptEngine.runScriptAsRawText(ScriptEngine.java:119)
	at com.kms.katalon.core.main.TestCaseExecutor.runScript(TestCaseExecutor.java:448)
	at com.kms.katalon.core.main.TestCaseExecutor.doExecute(TestCaseExecutor.java:439)
	at com.kms.katalon.core.main.TestCaseExecutor.processExecutionPhase(TestCaseExecutor.java:418)
	at com.kms.katalon.core.main.TestCaseExecutor.accessMainPhase(TestCaseExecutor.java:410)
	at com.kms.katalon.core.main.TestCaseExecutor.execute(TestCaseExecutor.java:285)
	at com.kms.katalon.core.common.CommonExecutor.accessTestCaseMainPhase(CommonExecutor.java:65)
	at com.kms.katalon.core.main.TestSuiteExecutor.accessTestSuiteMainPhase(TestSuiteExecutor.java:150)
	at com.kms.katalon.core.main.TestSuiteExecutor.execute(TestSuiteExecutor.java:106)
	at com.kms.katalon.core.main.TestCaseMain.startTestSuite(TestCaseMain.java:180)
	at TempTestSuite1725026478878.run(TempTestSuite1725026478878.groovy:35)
	at java.base/jdk.internal.reflect.NativeMethodAccessorImpl.invoke0(Native Method)
	at java.base/jdk.internal.reflect.NativeMethodAccessorImpl.invoke(NativeMethodAccessorImpl.java:77)
	at java.base/jdk.internal.reflect.DelegatingMethodAccessorImpl.invoke(DelegatingMethodAccessorImpl.java:43)
Caused by: com.kms.katalon.core.webui.exception.WebElementNotFoundException: Web element with id: 'Object Repository/EK_Objects/Page_Mozart - Dashboard/Click_On_Local_Settlements' located by '//a[@id='menu_LocalSettlements']' not found
	at com.kms.katalon.core.webui.common.WebUiCommonHelper.findWebElement(WebUiCommonHelper.java:1426)
	at com.kms.katalon.core.webui.keyword.internal.WebUIAbstractKeyword.findWebElement(WebUIAbstractKeyword.groovy:27)
	at com.kms.katalon.core.webui.keyword.builtin.ClickKeyword$_click_closure1.doCall(ClickKeyword.groovy:65)
	at com.kms.katalon.core.webui.keyword.builtin.ClickKeyword$_click_closure1.call(ClickKeyword.groovy)
	at com.kms.katalon.core.webui.keyword.internal.WebUIKeywordMain.runKeyword(WebUIKeywordMain.groovy:20)
	at com.kms.katalon.core.webui.keyword.builtin.ClickKeyword.click(ClickKeyword.groovy:74)
	at com.kms.katalon.core.webui.keyword.builtin.ClickKeyword.execute(ClickKeyword.groovy:40)
	at com.kms.katalon.core.keyword.internal.KeywordExecutor.executeKeywordForPlatform(KeywordExecutor.groovy:74)
	at com.kms.katalon.core.webui.keyword.WebUiBuiltInKeywords.click(WebUiBuiltInKeywords.groovy:659)
	at Script1724496553422.run(Script1724496553422.groovy:24)
	... 15 more
)

30-08-2024T19:38:20 - [MESSAGE][INFO] - Unable to find the element located by 'By.xpath: //a[@id='menu_LocalSettlements']'. Please recheck the objects properties to make sure the desired element is located. 

30-08-2024T19:38:20 - [MESSAGE][WARNING] - [SELF-HEALING] Failed to find element with id 'Object Repository/EK_Objects/Page_Mozart - Dashboard/Click_On_Local_Settlements'. Try using Self-healing.

30-08-2024T19:38:21 - [MESSAGE][INFO] - [SELF-HEALING] No working XPath is found.

30-08-2024T19:38:23 - [MESSAGE][INFO] - Unable to find the element located by 'By.xpath: '. Please recheck the objects properties to make sure the desired element is located. 

30-08-2024T19:38:23 - [MESSAGE][WARNING] - [SELF-HEALING] Cannot find elements when the selector is null

30-08-2024T19:38:23 - [MESSAGE][FAILED] - Unable to click on object 'Object Repository/EK_Objects/Page_Mozart - Dashboard/Click_On_Local_Settlements' (Root cause: com.kms.katalon.core.exception.StepFailedException: Unable to click on object 'Object Repository/EK_Objects/Page_Mozart - Dashboard/Click_On_Local_Settlements'
	at com.kms.katalon.core.webui.keyword.internal.WebUIKeywordMain.stepFailed(WebUIKeywordMain.groovy:64)
	at com.kms.katalon.core.webui.keyword.internal.WebUIKeywordMain.runKeyword(WebUIKeywordMain.groovy:26)
	at com.kms.katalon.core.webui.keyword.builtin.ClickKeyword.click(ClickKeyword.groovy:74)
	at com.kms.katalon.core.webui.keyword.builtin.ClickKeyword.execute(ClickKeyword.groovy:40)
	at com.kms.katalon.core.keyword.internal.KeywordExecutor.executeKeywordForPlatform(KeywordExecutor.groovy:74)
	at com.kms.katalon.core.webui.keyword.WebUiBuiltInKeywords.click(WebUiBuiltInKeywords.groovy:659)
	at TC 8_MOZ_11449 Verify the Availability of Group By,My Filters, and Download Options in the Local Settlements Module.run(TC 8_MOZ_11449 Verify the Availability of Group By,My Filters, and Download Options in the Local Settlements Module:24)
	at com.kms.katalon.core.main.ScriptEngine.run(ScriptEngine.java:194)
	at com.kms.katalon.core.main.ScriptEngine.runScriptAsRawText(ScriptEngine.java:119)
	at com.kms.katalon.core.main.TestCaseExecutor.runScript(TestCaseExecutor.java:448)
	at com.kms.katalon.core.main.TestCaseExecutor.doExecute(TestCaseExecutor.java:439)
	at com.kms.katalon.core.main.TestCaseExecutor.processExecutionPhase(TestCaseExecutor.java:418)
	at com.kms.katalon.core.main.TestCaseExecutor.accessMainPhase(TestCaseExecutor.java:410)
	at com.kms.katalon.core.main.TestCaseExecutor.execute(TestCaseExecutor.java:285)
	at com.kms.katalon.core.common.CommonExecutor.accessTestCaseMainPhase(CommonExecutor.java:65)
	at com.kms.katalon.core.main.TestSuiteExecutor.accessTestSuiteMainPhase(TestSuiteExecutor.java:150)
	at com.kms.katalon.core.main.TestSuiteExecutor.execute(TestSuiteExecutor.java:106)
	at com.kms.katalon.core.main.TestCaseMain.startTestSuite(TestCaseMain.java:180)
	at TempTestSuite1725026478878.run(TempTestSuite1725026478878.groovy:35)
	at java.base/jdk.internal.reflect.NativeMethodAccessorImpl.invoke0(Native Method)
	at java.base/jdk.internal.reflect.NativeMethodAccessorImpl.invoke(NativeMethodAccessorImpl.java:77)
	at java.base/jdk.internal.reflect.DelegatingMethodAccessorImpl.invoke(DelegatingMethodAccessorImpl.java:43)
Caused by: com.kms.katalon.core.webui.exception.WebElementNotFoundException: Web element with id: 'Object Repository/EK_Objects/Page_Mozart - Dashboard/Click_On_Local_Settlements' located by '//a[@id='menu_LocalSettlements']' not found
	at com.kms.katalon.core.webui.common.WebUiCommonHelper.findWebElement(WebUiCommonHelper.java:1426)
	at com.kms.katalon.core.webui.keyword.internal.WebUIAbstractKeyword.findWebElement(WebUIAbstractKeyword.groovy:27)
	at com.kms.katalon.core.webui.keyword.builtin.ClickKeyword$_click_closure1.doCall(ClickKeyword.groovy:65)
	at com.kms.katalon.core.webui.keyword.builtin.ClickKeyword$_click_closure1.call(ClickKeyword.groovy)
	at com.kms.katalon.core.webui.keyword.internal.WebUIKeywordMain.runKeyword(WebUIKeywordMain.groovy:20)
	at com.kms.katalon.core.webui.keyword.builtin.ClickKeyword.click(ClickKeyword.groovy:74)
	at com.kms.katalon.core.webui.keyword.builtin.ClickKeyword.execute(ClickKeyword.groovy:40)
	at com.kms.katalon.core.keyword.internal.KeywordExecutor.executeKeywordForPlatform(KeywordExecutor.groovy:74)
	at com.kms.katalon.core.webui.keyword.WebUiBuiltInKeywords.click(WebUiBuiltInKeywords.groovy:659)
	at Script1724496553422.run(Script1724496553422.groovy:24)
	... 15 more
)
[[ATTACHMENT|C:\\Users\\ranjit.vadar\\Katalon Studio\\Mozart Emirates\\Reports\\20240830_193117\\Suite MOZ-10510\\20240830_193118\\1725026903806.png]]]]></system-out>
         <system-err><![CDATA[30-08-2024T19:36:37 - [TEST_CASE][FAILED] - Test Cases/MOZ-10510/TC 8_MOZ_11449 Verify the Availability of Group By,My Filters, and Download Options in the Local Settlements Module: Test Cases/MOZ-10510/TC 8_MOZ_11449 Verify the Availability of Group By,My Filters, and Download Options in the Local Settlements Module FAILED.
Reason:
com.kms.katalon.core.exception.StepFailedException: Unable to click on object 'Object Repository/EK_Objects/Page_Mozart - Dashboard/Click_On_Local_Settlements'
	at com.kms.katalon.core.webui.keyword.internal.WebUIKeywordMain.stepFailed(WebUIKeywordMain.groovy:64)
	at com.kms.katalon.core.webui.keyword.internal.WebUIKeywordMain.runKeyword(WebUIKeywordMain.groovy:26)
	at com.kms.katalon.core.webui.keyword.builtin.ClickKeyword.click(ClickKeyword.groovy:74)
	at com.kms.katalon.core.webui.keyword.builtin.ClickKeyword.execute(ClickKeyword.groovy:40)
	at com.kms.katalon.core.keyword.internal.KeywordExecutor.executeKeywordForPlatform(KeywordExecutor.groovy:74)
	at com.kms.katalon.core.webui.keyword.WebUiBuiltInKeywords.click(WebUiBuiltInKeywords.groovy:659)
	at TC 8_MOZ_11449 Verify the Availability of Group By,My Filters, and Download Options in the Local Settlements Module.run(TC 8_MOZ_11449 Verify the Availability of Group By,My Filters, and Download Options in the Local Settlements Module:24)
	at com.kms.katalon.core.main.ScriptEngine.run(ScriptEngine.java:194)
	at com.kms.katalon.core.main.ScriptEngine.runScriptAsRawText(ScriptEngine.java:119)
	at com.kms.katalon.core.main.TestCaseExecutor.runScript(TestCaseExecutor.java:448)
	at com.kms.katalon.core.main.TestCaseExecutor.doExecute(TestCaseExecutor.java:439)
	at com.kms.katalon.core.main.TestCaseExecutor.processExecutionPhase(TestCaseExecutor.java:418)
	at com.kms.katalon.core.main.TestCaseExecutor.accessMainPhase(TestCaseExecutor.java:410)
	at com.kms.katalon.core.main.TestCaseExecutor.execute(TestCaseExecutor.java:285)
	at com.kms.katalon.core.common.CommonExecutor.accessTestCaseMainPhase(CommonExecutor.java:65)
	at com.kms.katalon.core.main.TestSuiteExecutor.accessTestSuiteMainPhase(TestSuiteExecutor.java:150)
	at com.kms.katalon.core.main.TestSuiteExecutor.execute(TestSuiteExecutor.java:106)
	at com.kms.katalon.core.main.TestCaseMain.startTestSuite(TestCaseMain.java:180)
	at TempTestSuite1725026478878.run(TempTestSuite1725026478878.groovy:35)
	at java.base/jdk.internal.reflect.NativeMethodAccessorImpl.invoke0(Native Method)
	at java.base/jdk.internal.reflect.NativeMethodAccessorImpl.invoke(NativeMethodAccessorImpl.java:77)
	at java.base/jdk.internal.reflect.DelegatingMethodAccessorImpl.invoke(DelegatingMethodAccessorImpl.java:43)
Caused by: com.kms.katalon.core.webui.exception.WebElementNotFoundException: Web element with id: 'Object Repository/EK_Objects/Page_Mozart - Dashboard/Click_On_Local_Settlements' located by '//a[@id='menu_LocalSettlements']' not found
	at com.kms.katalon.core.webui.common.WebUiCommonHelper.findWebElement(WebUiCommonHelper.java:1426)
	at com.kms.katalon.core.webui.keyword.internal.WebUIAbstractKeyword.findWebElement(WebUIAbstractKeyword.groovy:27)
	at com.kms.katalon.core.webui.keyword.builtin.ClickKeyword$_click_closure1.doCall(ClickKeyword.groovy:65)
	at com.kms.katalon.core.webui.keyword.builtin.ClickKeyword$_click_closure1.call(ClickKeyword.groovy)
	at com.kms.katalon.core.webui.keyword.internal.WebUIKeywordMain.runKeyword(WebUIKeywordMain.groovy:20)
	... 20 more]]></system-err>
      </testcase>
      <testcase name="Test Cases/MOZ-10510/TC 7_MOZ_11448 Verify Grid Display in the Local Settlements Module" time="117.496" classname="Test Cases/MOZ-10510/TC 7_MOZ_11448 Verify Grid Display in the Local Settlements Module" status="FAILED">
         <failure type="FAILED" message="Test Cases/MOZ-10510/TC 7_MOZ_11448 Verify Grid Display in the Local Settlements Module FAILED.&#xa;Reason:&#xa;com.kms.katalon.core.exception.StepFailedException: Unable to click on object 'Object Repository/EK_Objects/Page_Mozart - Dashboard/Click_On_Local_Settlements'&#xa;	at com.kms.katalon.core.webui.keyword.internal.WebUIKeywordMain.stepFailed(WebUIKeywordMain.groovy:64)&#xa;	at com.kms.katalon.core.webui.keyword.internal.WebUIKeywordMain.runKeyword(WebUIKeywordMain.groovy:26)&#xa;	at com.kms.katalon.core.webui.keyword.builtin.ClickKeyword.click(ClickKeyword.groovy:74)&#xa;	at com.kms.katalon.core.webui.keyword.builtin.ClickKeyword.execute(ClickKeyword.groovy:40)&#xa;	at com.kms.katalon.core.keyword.internal.KeywordExecutor.executeKeywordForPlatform(KeywordExecutor.groovy:74)&#xa;	at com.kms.katalon.core.webui.keyword.WebUiBuiltInKeywords.click(WebUiBuiltInKeywords.groovy:659)&#xa;	at TC 7_MOZ_11448 Verify Grid Display in the Local Settlements Module.run(TC 7_MOZ_11448 Verify Grid Display in the Local Settlements Module:9)&#xa;	at com.kms.katalon.core.main.ScriptEngine.run(ScriptEngine.java:194)&#xa;	at com.kms.katalon.core.main.ScriptEngine.runScriptAsRawText(ScriptEngine.java:119)&#xa;	at com.kms.katalon.core.main.TestCaseExecutor.runScript(TestCaseExecutor.java:448)&#xa;	at com.kms.katalon.core.main.TestCaseExecutor.doExecute(TestCaseExecutor.java:439)&#xa;	at com.kms.katalon.core.main.TestCaseExecutor.processExecutionPhase(TestCaseExecutor.java:418)&#xa;	at com.kms.katalon.core.main.TestCaseExecutor.accessMainPhase(TestCaseExecutor.java:410)&#xa;	at com.kms.katalon.core.main.TestCaseExecutor.execute(TestCaseExecutor.java:285)&#xa;	at com.kms.katalon.core.common.CommonExecutor.accessTestCaseMainPhase(CommonExecutor.java:65)&#xa;	at com.kms.katalon.core.main.TestSuiteExecutor.accessTestSuiteMainPhase(TestSuiteExecutor.java:150)&#xa;	at com.kms.katalon.core.main.TestSuiteExecutor.execute(TestSuiteExecutor.java:106)&#xa;	at com.kms.katalon.core.main.TestCaseMain.startTestSuite(TestCaseMain.java:180)&#xa;	at TempTestSuite1725026478878.run(TempTestSuite1725026478878.groovy:35)&#xa;	at java.base/jdk.internal.reflect.NativeMethodAccessorImpl.invoke0(Native Method)&#xa;	at java.base/jdk.internal.reflect.NativeMethodAccessorImpl.invoke(NativeMethodAccessorImpl.java:77)&#xa;	at java.base/jdk.internal.reflect.DelegatingMethodAccessorImpl.invoke(DelegatingMethodAccessorImpl.java:43)&#xa;Caused by: com.kms.katalon.core.webui.exception.WebElementNotFoundException: Web element with id: 'Object Repository/EK_Objects/Page_Mozart - Dashboard/Click_On_Local_Settlements' located by '//a[@id='menu_LocalSettlements']' not found&#xa;	at com.kms.katalon.core.webui.common.WebUiCommonHelper.findWebElement(WebUiCommonHelper.java:1426)&#xa;	at com.kms.katalon.core.webui.keyword.internal.WebUIAbstractKeyword.findWebElement(WebUIAbstractKeyword.groovy:27)&#xa;	at com.kms.katalon.core.webui.keyword.builtin.ClickKeyword$_click_closure1.doCall(ClickKeyword.groovy:65)&#xa;	at com.kms.katalon.core.webui.keyword.builtin.ClickKeyword$_click_closure1.call(ClickKeyword.groovy)&#xa;	at com.kms.katalon.core.webui.keyword.internal.WebUIKeywordMain.runKeyword(WebUIKeywordMain.groovy:20)&#xa;	... 20 more&#xa;"/>
         <system-out><![CDATA[30-08-2024T19:38:23 - [TEST_CASE][FAILED] - Test Cases/MOZ-10510/TC 7_MOZ_11448 Verify Grid Display in the Local Settlements Module: Test Cases/MOZ-10510/TC 7_MOZ_11448 Verify Grid Display in the Local Settlements Module FAILED.
Reason:
com.kms.katalon.core.exception.StepFailedException: Unable to click on object 'Object Repository/EK_Objects/Page_Mozart - Dashboard/Click_On_Local_Settlements'
	at com.kms.katalon.core.webui.keyword.internal.WebUIKeywordMain.stepFailed(WebUIKeywordMain.groovy:64)
	at com.kms.katalon.core.webui.keyword.internal.WebUIKeywordMain.runKeyword(WebUIKeywordMain.groovy:26)
	at com.kms.katalon.core.webui.keyword.builtin.ClickKeyword.click(ClickKeyword.groovy:74)
	at com.kms.katalon.core.webui.keyword.builtin.ClickKeyword.execute(ClickKeyword.groovy:40)
	at com.kms.katalon.core.keyword.internal.KeywordExecutor.executeKeywordForPlatform(KeywordExecutor.groovy:74)
	at com.kms.katalon.core.webui.keyword.WebUiBuiltInKeywords.click(WebUiBuiltInKeywords.groovy:659)
	at TC 7_MOZ_11448 Verify Grid Display in the Local Settlements Module.run(TC 7_MOZ_11448 Verify Grid Display in the Local Settlements Module:9)
	at com.kms.katalon.core.main.ScriptEngine.run(ScriptEngine.java:194)
	at com.kms.katalon.core.main.ScriptEngine.runScriptAsRawText(ScriptEngine.java:119)
	at com.kms.katalon.core.main.TestCaseExecutor.runScript(TestCaseExecutor.java:448)
	at com.kms.katalon.core.main.TestCaseExecutor.doExecute(TestCaseExecutor.java:439)
	at com.kms.katalon.core.main.TestCaseExecutor.processExecutionPhase(TestCaseExecutor.java:418)
	at com.kms.katalon.core.main.TestCaseExecutor.accessMainPhase(TestCaseExecutor.java:410)
	at com.kms.katalon.core.main.TestCaseExecutor.execute(TestCaseExecutor.java:285)
	at com.kms.katalon.core.common.CommonExecutor.accessTestCaseMainPhase(CommonExecutor.java:65)
	at com.kms.katalon.core.main.TestSuiteExecutor.accessTestSuiteMainPhase(TestSuiteExecutor.java:150)
	at com.kms.katalon.core.main.TestSuiteExecutor.execute(TestSuiteExecutor.java:106)
	at com.kms.katalon.core.main.TestCaseMain.startTestSuite(TestCaseMain.java:180)
	at TempTestSuite1725026478878.run(TempTestSuite1725026478878.groovy:35)
	at java.base/jdk.internal.reflect.NativeMethodAccessorImpl.invoke0(Native Method)
	at java.base/jdk.internal.reflect.NativeMethodAccessorImpl.invoke(NativeMethodAccessorImpl.java:77)
	at java.base/jdk.internal.reflect.DelegatingMethodAccessorImpl.invoke(DelegatingMethodAccessorImpl.java:43)
Caused by: com.kms.katalon.core.webui.exception.WebElementNotFoundException: Web element with id: 'Object Repository/EK_Objects/Page_Mozart - Dashboard/Click_On_Local_Settlements' located by '//a[@id='menu_LocalSettlements']' not found
	at com.kms.katalon.core.webui.common.WebUiCommonHelper.findWebElement(WebUiCommonHelper.java:1426)
	at com.kms.katalon.core.webui.keyword.internal.WebUIAbstractKeyword.findWebElement(WebUIAbstractKeyword.groovy:27)
	at com.kms.katalon.core.webui.keyword.builtin.ClickKeyword$_click_closure1.doCall(ClickKeyword.groovy:65)
	at com.kms.katalon.core.webui.keyword.builtin.ClickKeyword$_click_closure1.call(ClickKeyword.groovy)
	at com.kms.katalon.core.webui.keyword.internal.WebUIKeywordMain.runKeyword(WebUIKeywordMain.groovy:20)
	... 20 more


30-08-2024T19:38:24 - [TEST_STEP][PASSED] - demoPackage.MozartLogin.mozartLoginWithUser(): demoPackage.MozartLogin.mozartLoginWithUser is PASSED

30-08-2024T19:38:24 - [MESSAGE][WARNING] - A browser is already opened. Closing browser and opening a new one

30-08-2024T19:38:25 - [MESSAGE][INFO] - Starting 'Chrome' driver

30-08-2024T19:38:25 - [MESSAGE][INFO] - Action delay is set to 0 milliseconds

30-08-2024T19:38:26 - [MESSAGE][PASSED] - Browser is opened with url: ''

30-08-2024T19:38:27 - [MESSAGE][PASSED] - Navigate to 'https://accelyacomtest.accelya.local/MozartTest/AirlinesHub/Index' successfully

30-08-2024T19:38:28 - [MESSAGE][PASSED] - Current window maximized

30-08-2024T19:38:28 - [MESSAGE][PASSED] - Object: 'Object Repository/MozartChrome/ChromeAdvance/ClickOnAdvanceButton' is clicked on

30-08-2024T19:38:43 - [MESSAGE][PASSED] - Object: 'Object Repository/MozartChrome/ChromeAdvance/ProccedLink' is clicked on

30-08-2024T19:38:44 - [MESSAGE][PASSED] - Text 'ranajitvadar' is set on object 'Object Repository/MozartChrome/Page_/input_Username_Login'

30-08-2024T19:38:44 - [MESSAGE][PASSED] - Object: 'Object Repository/MozartChrome/Page_/button_Next' is clicked on

30-08-2024T19:38:45 - [MESSAGE][PASSED] - Text 'Accelya.1' is set on object 'Object Repository/MozartChrome/Page_/input_Password_Password'

30-08-2024T19:38:45 - [MESSAGE][PASSED] - Object: 'Object Repository/MozartChrome/Page_/button_Sign in' is clicked on

30-08-2024T19:38:45 - [MESSAGE][PASSED] - demoPackage.MozartLogin.mozartLoginWithUser is PASSED

30-08-2024T19:38:45 - [TEST_STEP][PASSED] - click(findTestObject("EK_Objects/Page_Mozart - Dashboard/a_Refunds")): Object: 'Object Repository/EK_Objects/Page_Mozart - Dashboard/a_Refunds' is clicked on

30-08-2024T19:39:46 - [MESSAGE][INFO] - Unable to find the element located by 'By.xpath: //a[@id='navbarDropdown']'. Please recheck the objects properties to make sure the desired element is located. 

30-08-2024T19:39:46 - [MESSAGE][WARNING] - [SELF-HEALING] Failed to find element with id 'Object Repository/EK_Objects/Page_Mozart - Dashboard/a_Refunds'. Try using Self-healing.

30-08-2024T19:39:46 - [MESSAGE][WARNING] - [SELF-HEALING] The current locator of test object 'Object Repository/EK_Objects/Page_Mozart - Dashboard/a_Refunds' was broken. Propose an alternative one: '//div[@id='navbarSupportedContent']/ul/li/a'.

30-08-2024T19:39:47 - [MESSAGE][PASSED] - Object: 'Object Repository/EK_Objects/Page_Mozart - Dashboard/a_Refunds' is clicked on

30-08-2024T19:39:47 - [TEST_STEP][FAILED] - click(findTestObject("EK_Objects/Page_Mozart - Dashboard/Click_On_Local_Settlements")): Unable to click on object 'Object Repository/EK_Objects/Page_Mozart - Dashboard/Click_On_Local_Settlements' (Root cause: com.kms.katalon.core.exception.StepFailedException: Unable to click on object 'Object Repository/EK_Objects/Page_Mozart - Dashboard/Click_On_Local_Settlements'
	at com.kms.katalon.core.webui.keyword.internal.WebUIKeywordMain.stepFailed(WebUIKeywordMain.groovy:64)
	at com.kms.katalon.core.webui.keyword.internal.WebUIKeywordMain.runKeyword(WebUIKeywordMain.groovy:26)
	at com.kms.katalon.core.webui.keyword.builtin.ClickKeyword.click(ClickKeyword.groovy:74)
	at com.kms.katalon.core.webui.keyword.builtin.ClickKeyword.execute(ClickKeyword.groovy:40)
	at com.kms.katalon.core.keyword.internal.KeywordExecutor.executeKeywordForPlatform(KeywordExecutor.groovy:74)
	at com.kms.katalon.core.webui.keyword.WebUiBuiltInKeywords.click(WebUiBuiltInKeywords.groovy:659)
	at TC 7_MOZ_11448 Verify Grid Display in the Local Settlements Module.run(TC 7_MOZ_11448 Verify Grid Display in the Local Settlements Module:9)
	at com.kms.katalon.core.main.ScriptEngine.run(ScriptEngine.java:194)
	at com.kms.katalon.core.main.ScriptEngine.runScriptAsRawText(ScriptEngine.java:119)
	at com.kms.katalon.core.main.TestCaseExecutor.runScript(TestCaseExecutor.java:448)
	at com.kms.katalon.core.main.TestCaseExecutor.doExecute(TestCaseExecutor.java:439)
	at com.kms.katalon.core.main.TestCaseExecutor.processExecutionPhase(TestCaseExecutor.java:418)
	at com.kms.katalon.core.main.TestCaseExecutor.accessMainPhase(TestCaseExecutor.java:410)
	at com.kms.katalon.core.main.TestCaseExecutor.execute(TestCaseExecutor.java:285)
	at com.kms.katalon.core.common.CommonExecutor.accessTestCaseMainPhase(CommonExecutor.java:65)
	at com.kms.katalon.core.main.TestSuiteExecutor.accessTestSuiteMainPhase(TestSuiteExecutor.java:150)
	at com.kms.katalon.core.main.TestSuiteExecutor.execute(TestSuiteExecutor.java:106)
	at com.kms.katalon.core.main.TestCaseMain.startTestSuite(TestCaseMain.java:180)
	at TempTestSuite1725026478878.run(TempTestSuite1725026478878.groovy:35)
	at java.base/jdk.internal.reflect.NativeMethodAccessorImpl.invoke0(Native Method)
	at java.base/jdk.internal.reflect.NativeMethodAccessorImpl.invoke(NativeMethodAccessorImpl.java:77)
	at java.base/jdk.internal.reflect.DelegatingMethodAccessorImpl.invoke(DelegatingMethodAccessorImpl.java:43)
Caused by: com.kms.katalon.core.webui.exception.WebElementNotFoundException: Web element with id: 'Object Repository/EK_Objects/Page_Mozart - Dashboard/Click_On_Local_Settlements' located by '//a[@id='menu_LocalSettlements']' not found
	at com.kms.katalon.core.webui.common.WebUiCommonHelper.findWebElement(WebUiCommonHelper.java:1426)
	at com.kms.katalon.core.webui.keyword.internal.WebUIAbstractKeyword.findWebElement(WebUIAbstractKeyword.groovy:27)
	at com.kms.katalon.core.webui.keyword.builtin.ClickKeyword$_click_closure1.doCall(ClickKeyword.groovy:65)
	at com.kms.katalon.core.webui.keyword.builtin.ClickKeyword$_click_closure1.call(ClickKeyword.groovy)
	at com.kms.katalon.core.webui.keyword.internal.WebUIKeywordMain.runKeyword(WebUIKeywordMain.groovy:20)
	at com.kms.katalon.core.webui.keyword.builtin.ClickKeyword.click(ClickKeyword.groovy:74)
	at com.kms.katalon.core.webui.keyword.builtin.ClickKeyword.execute(ClickKeyword.groovy:40)
	at com.kms.katalon.core.keyword.internal.KeywordExecutor.executeKeywordForPlatform(KeywordExecutor.groovy:74)
	at com.kms.katalon.core.webui.keyword.WebUiBuiltInKeywords.click(WebUiBuiltInKeywords.groovy:659)
	at Script1724259427302.run(Script1724259427302.groovy:9)
	... 15 more
)

30-08-2024T19:40:18 - [MESSAGE][INFO] - Unable to find the element located by 'By.xpath: //a[@id='menu_LocalSettlements']'. Please recheck the objects properties to make sure the desired element is located. 

30-08-2024T19:40:18 - [MESSAGE][WARNING] - [SELF-HEALING] Failed to find element with id 'Object Repository/EK_Objects/Page_Mozart - Dashboard/Click_On_Local_Settlements'. Try using Self-healing.

30-08-2024T19:40:19 - [MESSAGE][INFO] - [SELF-HEALING] No working XPath is found.

30-08-2024T19:40:21 - [MESSAGE][INFO] - Unable to find the element located by 'By.xpath: '. Please recheck the objects properties to make sure the desired element is located. 

30-08-2024T19:40:21 - [MESSAGE][WARNING] - [SELF-HEALING] Cannot find elements when the selector is null

30-08-2024T19:40:21 - [MESSAGE][FAILED] - Unable to click on object 'Object Repository/EK_Objects/Page_Mozart - Dashboard/Click_On_Local_Settlements' (Root cause: com.kms.katalon.core.exception.StepFailedException: Unable to click on object 'Object Repository/EK_Objects/Page_Mozart - Dashboard/Click_On_Local_Settlements'
	at com.kms.katalon.core.webui.keyword.internal.WebUIKeywordMain.stepFailed(WebUIKeywordMain.groovy:64)
	at com.kms.katalon.core.webui.keyword.internal.WebUIKeywordMain.runKeyword(WebUIKeywordMain.groovy:26)
	at com.kms.katalon.core.webui.keyword.builtin.ClickKeyword.click(ClickKeyword.groovy:74)
	at com.kms.katalon.core.webui.keyword.builtin.ClickKeyword.execute(ClickKeyword.groovy:40)
	at com.kms.katalon.core.keyword.internal.KeywordExecutor.executeKeywordForPlatform(KeywordExecutor.groovy:74)
	at com.kms.katalon.core.webui.keyword.WebUiBuiltInKeywords.click(WebUiBuiltInKeywords.groovy:659)
	at TC 7_MOZ_11448 Verify Grid Display in the Local Settlements Module.run(TC 7_MOZ_11448 Verify Grid Display in the Local Settlements Module:9)
	at com.kms.katalon.core.main.ScriptEngine.run(ScriptEngine.java:194)
	at com.kms.katalon.core.main.ScriptEngine.runScriptAsRawText(ScriptEngine.java:119)
	at com.kms.katalon.core.main.TestCaseExecutor.runScript(TestCaseExecutor.java:448)
	at com.kms.katalon.core.main.TestCaseExecutor.doExecute(TestCaseExecutor.java:439)
	at com.kms.katalon.core.main.TestCaseExecutor.processExecutionPhase(TestCaseExecutor.java:418)
	at com.kms.katalon.core.main.TestCaseExecutor.accessMainPhase(TestCaseExecutor.java:410)
	at com.kms.katalon.core.main.TestCaseExecutor.execute(TestCaseExecutor.java:285)
	at com.kms.katalon.core.common.CommonExecutor.accessTestCaseMainPhase(CommonExecutor.java:65)
	at com.kms.katalon.core.main.TestSuiteExecutor.accessTestSuiteMainPhase(TestSuiteExecutor.java:150)
	at com.kms.katalon.core.main.TestSuiteExecutor.execute(TestSuiteExecutor.java:106)
	at com.kms.katalon.core.main.TestCaseMain.startTestSuite(TestCaseMain.java:180)
	at TempTestSuite1725026478878.run(TempTestSuite1725026478878.groovy:35)
	at java.base/jdk.internal.reflect.NativeMethodAccessorImpl.invoke0(Native Method)
	at java.base/jdk.internal.reflect.NativeMethodAccessorImpl.invoke(NativeMethodAccessorImpl.java:77)
	at java.base/jdk.internal.reflect.DelegatingMethodAccessorImpl.invoke(DelegatingMethodAccessorImpl.java:43)
Caused by: com.kms.katalon.core.webui.exception.WebElementNotFoundException: Web element with id: 'Object Repository/EK_Objects/Page_Mozart - Dashboard/Click_On_Local_Settlements' located by '//a[@id='menu_LocalSettlements']' not found
	at com.kms.katalon.core.webui.common.WebUiCommonHelper.findWebElement(WebUiCommonHelper.java:1426)
	at com.kms.katalon.core.webui.keyword.internal.WebUIAbstractKeyword.findWebElement(WebUIAbstractKeyword.groovy:27)
	at com.kms.katalon.core.webui.keyword.builtin.ClickKeyword$_click_closure1.doCall(ClickKeyword.groovy:65)
	at com.kms.katalon.core.webui.keyword.builtin.ClickKeyword$_click_closure1.call(ClickKeyword.groovy)
	at com.kms.katalon.core.webui.keyword.internal.WebUIKeywordMain.runKeyword(WebUIKeywordMain.groovy:20)
	at com.kms.katalon.core.webui.keyword.builtin.ClickKeyword.click(ClickKeyword.groovy:74)
	at com.kms.katalon.core.webui.keyword.builtin.ClickKeyword.execute(ClickKeyword.groovy:40)
	at com.kms.katalon.core.keyword.internal.KeywordExecutor.executeKeywordForPlatform(KeywordExecutor.groovy:74)
	at com.kms.katalon.core.webui.keyword.WebUiBuiltInKeywords.click(WebUiBuiltInKeywords.groovy:659)
	at Script1724259427302.run(Script1724259427302.groovy:9)
	... 15 more
)
[[ATTACHMENT|C:\\Users\\ranjit.vadar\\Katalon Studio\\Mozart Emirates\\Reports\\20240830_193117\\Suite MOZ-10510\\20240830_193118\\1725027021344.png]]]]></system-out>
         <system-err><![CDATA[30-08-2024T19:38:23 - [TEST_CASE][FAILED] - Test Cases/MOZ-10510/TC 7_MOZ_11448 Verify Grid Display in the Local Settlements Module: Test Cases/MOZ-10510/TC 7_MOZ_11448 Verify Grid Display in the Local Settlements Module FAILED.
Reason:
com.kms.katalon.core.exception.StepFailedException: Unable to click on object 'Object Repository/EK_Objects/Page_Mozart - Dashboard/Click_On_Local_Settlements'
	at com.kms.katalon.core.webui.keyword.internal.WebUIKeywordMain.stepFailed(WebUIKeywordMain.groovy:64)
	at com.kms.katalon.core.webui.keyword.internal.WebUIKeywordMain.runKeyword(WebUIKeywordMain.groovy:26)
	at com.kms.katalon.core.webui.keyword.builtin.ClickKeyword.click(ClickKeyword.groovy:74)
	at com.kms.katalon.core.webui.keyword.builtin.ClickKeyword.execute(ClickKeyword.groovy:40)
	at com.kms.katalon.core.keyword.internal.KeywordExecutor.executeKeywordForPlatform(KeywordExecutor.groovy:74)
	at com.kms.katalon.core.webui.keyword.WebUiBuiltInKeywords.click(WebUiBuiltInKeywords.groovy:659)
	at TC 7_MOZ_11448 Verify Grid Display in the Local Settlements Module.run(TC 7_MOZ_11448 Verify Grid Display in the Local Settlements Module:9)
	at com.kms.katalon.core.main.ScriptEngine.run(ScriptEngine.java:194)
	at com.kms.katalon.core.main.ScriptEngine.runScriptAsRawText(ScriptEngine.java:119)
	at com.kms.katalon.core.main.TestCaseExecutor.runScript(TestCaseExecutor.java:448)
	at com.kms.katalon.core.main.TestCaseExecutor.doExecute(TestCaseExecutor.java:439)
	at com.kms.katalon.core.main.TestCaseExecutor.processExecutionPhase(TestCaseExecutor.java:418)
	at com.kms.katalon.core.main.TestCaseExecutor.accessMainPhase(TestCaseExecutor.java:410)
	at com.kms.katalon.core.main.TestCaseExecutor.execute(TestCaseExecutor.java:285)
	at com.kms.katalon.core.common.CommonExecutor.accessTestCaseMainPhase(CommonExecutor.java:65)
	at com.kms.katalon.core.main.TestSuiteExecutor.accessTestSuiteMainPhase(TestSuiteExecutor.java:150)
	at com.kms.katalon.core.main.TestSuiteExecutor.execute(TestSuiteExecutor.java:106)
	at com.kms.katalon.core.main.TestCaseMain.startTestSuite(TestCaseMain.java:180)
	at TempTestSuite1725026478878.run(TempTestSuite1725026478878.groovy:35)
	at java.base/jdk.internal.reflect.NativeMethodAccessorImpl.invoke0(Native Method)
	at java.base/jdk.internal.reflect.NativeMethodAccessorImpl.invoke(NativeMethodAccessorImpl.java:77)
	at java.base/jdk.internal.reflect.DelegatingMethodAccessorImpl.invoke(DelegatingMethodAccessorImpl.java:43)
Caused by: com.kms.katalon.core.webui.exception.WebElementNotFoundException: Web element with id: 'Object Repository/EK_Objects/Page_Mozart - Dashboard/Click_On_Local_Settlements' located by '//a[@id='menu_LocalSettlements']' not found
	at com.kms.katalon.core.webui.common.WebUiCommonHelper.findWebElement(WebUiCommonHelper.java:1426)
	at com.kms.katalon.core.webui.keyword.internal.WebUIAbstractKeyword.findWebElement(WebUIAbstractKeyword.groovy:27)
	at com.kms.katalon.core.webui.keyword.builtin.ClickKeyword$_click_closure1.doCall(ClickKeyword.groovy:65)
	at com.kms.katalon.core.webui.keyword.builtin.ClickKeyword$_click_closure1.call(ClickKeyword.groovy)
	at com.kms.katalon.core.webui.keyword.internal.WebUIKeywordMain.runKeyword(WebUIKeywordMain.groovy:20)
	... 20 more]]></system-err>
      </testcase>
      <testcase name="Test Cases/MOZ-10510/TC 6_MOZ_11447 Verify Default Filtering Values in the Local Settlements Module" time="168.624" classname="Test Cases/MOZ-10510/TC 6_MOZ_11447 Verify Default Filtering Values in the Local Settlements Module" status="FAILED">
         <failure type="FAILED" message="Test Cases/MOZ-10510/TC 6_MOZ_11447 Verify Default Filtering Values in the Local Settlements Module FAILED.&#xa;Reason:&#xa;com.kms.katalon.core.exception.StepFailedException: Unable to click on object 'Object Repository/EK_Objects/Page_Mozart - Dashboard/Click_On_Local_Settlements'&#xa;	at com.kms.katalon.core.webui.keyword.internal.WebUIKeywordMain.stepFailed(WebUIKeywordMain.groovy:64)&#xa;	at com.kms.katalon.core.webui.keyword.internal.WebUIKeywordMain.runKeyword(WebUIKeywordMain.groovy:26)&#xa;	at com.kms.katalon.core.webui.keyword.builtin.ClickKeyword.click(ClickKeyword.groovy:74)&#xa;	at com.kms.katalon.core.webui.keyword.builtin.ClickKeyword.execute(ClickKeyword.groovy:40)&#xa;	at com.kms.katalon.core.keyword.internal.KeywordExecutor.executeKeywordForPlatform(KeywordExecutor.groovy:74)&#xa;	at com.kms.katalon.core.webui.keyword.WebUiBuiltInKeywords.click(WebUiBuiltInKeywords.groovy:659)&#xa;	at TC 6_MOZ_11447 Verify Default Filtering Values in the Local Settlements Module.run(TC 6_MOZ_11447 Verify Default Filtering Values in the Local Settlements Module:26)&#xa;	at com.kms.katalon.core.main.ScriptEngine.run(ScriptEngine.java:194)&#xa;	at com.kms.katalon.core.main.ScriptEngine.runScriptAsRawText(ScriptEngine.java:119)&#xa;	at com.kms.katalon.core.main.TestCaseExecutor.runScript(TestCaseExecutor.java:448)&#xa;	at com.kms.katalon.core.main.TestCaseExecutor.doExecute(TestCaseExecutor.java:439)&#xa;	at com.kms.katalon.core.main.TestCaseExecutor.processExecutionPhase(TestCaseExecutor.java:418)&#xa;	at com.kms.katalon.core.main.TestCaseExecutor.accessMainPhase(TestCaseExecutor.java:410)&#xa;	at com.kms.katalon.core.main.TestCaseExecutor.execute(TestCaseExecutor.java:285)&#xa;	at com.kms.katalon.core.common.CommonExecutor.accessTestCaseMainPhase(CommonExecutor.java:65)&#xa;	at com.kms.katalon.core.main.TestSuiteExecutor.accessTestSuiteMainPhase(TestSuiteExecutor.java:150)&#xa;	at com.kms.katalon.core.main.TestSuiteExecutor.execute(TestSuiteExecutor.java:106)&#xa;	at com.kms.katalon.core.main.TestCaseMain.startTestSuite(TestCaseMain.java:180)&#xa;	at TempTestSuite1725026478878.run(TempTestSuite1725026478878.groovy:35)&#xa;	at java.base/jdk.internal.reflect.NativeMethodAccessorImpl.invoke0(Native Method)&#xa;	at java.base/jdk.internal.reflect.NativeMethodAccessorImpl.invoke(NativeMethodAccessorImpl.java:77)&#xa;	at java.base/jdk.internal.reflect.DelegatingMethodAccessorImpl.invoke(DelegatingMethodAccessorImpl.java:43)&#xa;Caused by: com.kms.katalon.core.webui.exception.WebElementNotFoundException: Web element with id: 'Object Repository/EK_Objects/Page_Mozart - Dashboard/Click_On_Local_Settlements' located by '//a[@id='menu_LocalSettlements']' not found&#xa;	at com.kms.katalon.core.webui.common.WebUiCommonHelper.findWebElement(WebUiCommonHelper.java:1426)&#xa;	at com.kms.katalon.core.webui.keyword.internal.WebUIAbstractKeyword.findWebElement(WebUIAbstractKeyword.groovy:27)&#xa;	at com.kms.katalon.core.webui.keyword.builtin.ClickKeyword$_click_closure1.doCall(ClickKeyword.groovy:65)&#xa;	at com.kms.katalon.core.webui.keyword.builtin.ClickKeyword$_click_closure1.call(ClickKeyword.groovy)&#xa;	at com.kms.katalon.core.webui.keyword.internal.WebUIKeywordMain.runKeyword(WebUIKeywordMain.groovy:20)&#xa;	... 20 more&#xa;"/>
         <system-out><![CDATA[30-08-2024T19:40:21 - [TEST_CASE][FAILED] - Test Cases/MOZ-10510/TC 6_MOZ_11447 Verify Default Filtering Values in the Local Settlements Module: Test Cases/MOZ-10510/TC 6_MOZ_11447 Verify Default Filtering Values in the Local Settlements Module FAILED.
Reason:
com.kms.katalon.core.exception.StepFailedException: Unable to click on object 'Object Repository/EK_Objects/Page_Mozart - Dashboard/Click_On_Local_Settlements'
	at com.kms.katalon.core.webui.keyword.internal.WebUIKeywordMain.stepFailed(WebUIKeywordMain.groovy:64)
	at com.kms.katalon.core.webui.keyword.internal.WebUIKeywordMain.runKeyword(WebUIKeywordMain.groovy:26)
	at com.kms.katalon.core.webui.keyword.builtin.ClickKeyword.click(ClickKeyword.groovy:74)
	at com.kms.katalon.core.webui.keyword.builtin.ClickKeyword.execute(ClickKeyword.groovy:40)
	at com.kms.katalon.core.keyword.internal.KeywordExecutor.executeKeywordForPlatform(KeywordExecutor.groovy:74)
	at com.kms.katalon.core.webui.keyword.WebUiBuiltInKeywords.click(WebUiBuiltInKeywords.groovy:659)
	at TC 6_MOZ_11447 Verify Default Filtering Values in the Local Settlements Module.run(TC 6_MOZ_11447 Verify Default Filtering Values in the Local Settlements Module:26)
	at com.kms.katalon.core.main.ScriptEngine.run(ScriptEngine.java:194)
	at com.kms.katalon.core.main.ScriptEngine.runScriptAsRawText(ScriptEngine.java:119)
	at com.kms.katalon.core.main.TestCaseExecutor.runScript(TestCaseExecutor.java:448)
	at com.kms.katalon.core.main.TestCaseExecutor.doExecute(TestCaseExecutor.java:439)
	at com.kms.katalon.core.main.TestCaseExecutor.processExecutionPhase(TestCaseExecutor.java:418)
	at com.kms.katalon.core.main.TestCaseExecutor.accessMainPhase(TestCaseExecutor.java:410)
	at com.kms.katalon.core.main.TestCaseExecutor.execute(TestCaseExecutor.java:285)
	at com.kms.katalon.core.common.CommonExecutor.accessTestCaseMainPhase(CommonExecutor.java:65)
	at com.kms.katalon.core.main.TestSuiteExecutor.accessTestSuiteMainPhase(TestSuiteExecutor.java:150)
	at com.kms.katalon.core.main.TestSuiteExecutor.execute(TestSuiteExecutor.java:106)
	at com.kms.katalon.core.main.TestCaseMain.startTestSuite(TestCaseMain.java:180)
	at TempTestSuite1725026478878.run(TempTestSuite1725026478878.groovy:35)
	at java.base/jdk.internal.reflect.NativeMethodAccessorImpl.invoke0(Native Method)
	at java.base/jdk.internal.reflect.NativeMethodAccessorImpl.invoke(NativeMethodAccessorImpl.java:77)
	at java.base/jdk.internal.reflect.DelegatingMethodAccessorImpl.invoke(DelegatingMethodAccessorImpl.java:43)
Caused by: com.kms.katalon.core.webui.exception.WebElementNotFoundException: Web element with id: 'Object Repository/EK_Objects/Page_Mozart - Dashboard/Click_On_Local_Settlements' located by '//a[@id='menu_LocalSettlements']' not found
	at com.kms.katalon.core.webui.common.WebUiCommonHelper.findWebElement(WebUiCommonHelper.java:1426)
	at com.kms.katalon.core.webui.keyword.internal.WebUIAbstractKeyword.findWebElement(WebUIAbstractKeyword.groovy:27)
	at com.kms.katalon.core.webui.keyword.builtin.ClickKeyword$_click_closure1.doCall(ClickKeyword.groovy:65)
	at com.kms.katalon.core.webui.keyword.builtin.ClickKeyword$_click_closure1.call(ClickKeyword.groovy)
	at com.kms.katalon.core.webui.keyword.internal.WebUIKeywordMain.runKeyword(WebUIKeywordMain.groovy:20)
	... 20 more


30-08-2024T19:40:21 - [TEST_STEP][PASSED] - demoPackage.MozartLogin.mozartLoginWithUser(): demoPackage.MozartLogin.mozartLoginWithUser is PASSED

30-08-2024T19:40:21 - [MESSAGE][WARNING] - A browser is already opened. Closing browser and opening a new one

30-08-2024T19:40:22 - [MESSAGE][INFO] - Starting 'Chrome' driver

30-08-2024T19:40:22 - [MESSAGE][INFO] - Action delay is set to 0 milliseconds

30-08-2024T19:40:23 - [MESSAGE][PASSED] - Browser is opened with url: ''

30-08-2024T19:40:31 - [MESSAGE][PASSED] - Navigate to 'https://accelyacomtest.accelya.local/MozartTest/AirlinesHub/Index' successfully

30-08-2024T19:40:31 - [MESSAGE][PASSED] - Current window maximized

30-08-2024T19:40:31 - [MESSAGE][PASSED] - Object: 'Object Repository/MozartChrome/ChromeAdvance/ClickOnAdvanceButton' is clicked on

30-08-2024T19:41:49 - [MESSAGE][PASSED] - Object: 'Object Repository/MozartChrome/ChromeAdvance/ProccedLink' is clicked on

30-08-2024T19:41:50 - [MESSAGE][PASSED] - Text 'ranajitvadar' is set on object 'Object Repository/MozartChrome/Page_/input_Username_Login'

30-08-2024T19:41:50 - [MESSAGE][PASSED] - Object: 'Object Repository/MozartChrome/Page_/button_Next' is clicked on

30-08-2024T19:41:53 - [MESSAGE][PASSED] - Text 'Accelya.1' is set on object 'Object Repository/MozartChrome/Page_/input_Password_Password'

30-08-2024T19:41:53 - [MESSAGE][PASSED] - Object: 'Object Repository/MozartChrome/Page_/button_Sign in' is clicked on

30-08-2024T19:41:53 - [MESSAGE][PASSED] - demoPackage.MozartLogin.mozartLoginWithUser is PASSED

30-08-2024T19:41:53 - [TEST_STEP][PASSED] - click(findTestObject("EK_Objects/Page_Mozart - Dashboard/a_Refunds")): Object: 'Object Repository/EK_Objects/Page_Mozart - Dashboard/a_Refunds' is clicked on

30-08-2024T19:42:35 - [MESSAGE][INFO] - Unable to find the element located by 'By.xpath: //a[@id='navbarDropdown']'. Please recheck the objects properties to make sure the desired element is located. 

30-08-2024T19:42:35 - [MESSAGE][WARNING] - [SELF-HEALING] Failed to find element with id 'Object Repository/EK_Objects/Page_Mozart - Dashboard/a_Refunds'. Try using Self-healing.

30-08-2024T19:42:35 - [MESSAGE][WARNING] - [SELF-HEALING] The current locator of test object 'Object Repository/EK_Objects/Page_Mozart - Dashboard/a_Refunds' was broken. Propose an alternative one: '//div[@id='navbarSupportedContent']/ul/li/a'.

30-08-2024T19:42:35 - [MESSAGE][PASSED] - Object: 'Object Repository/EK_Objects/Page_Mozart - Dashboard/a_Refunds' is clicked on

30-08-2024T19:42:35 - [TEST_STEP][FAILED] - click(findTestObject("EK_Objects/Page_Mozart - Dashboard/Click_On_Local_Settlements")): Unable to click on object 'Object Repository/EK_Objects/Page_Mozart - Dashboard/Click_On_Local_Settlements' (Root cause: com.kms.katalon.core.exception.StepFailedException: Unable to click on object 'Object Repository/EK_Objects/Page_Mozart - Dashboard/Click_On_Local_Settlements'
	at com.kms.katalon.core.webui.keyword.internal.WebUIKeywordMain.stepFailed(WebUIKeywordMain.groovy:64)
	at com.kms.katalon.core.webui.keyword.internal.WebUIKeywordMain.runKeyword(WebUIKeywordMain.groovy:26)
	at com.kms.katalon.core.webui.keyword.builtin.ClickKeyword.click(ClickKeyword.groovy:74)
	at com.kms.katalon.core.webui.keyword.builtin.ClickKeyword.execute(ClickKeyword.groovy:40)
	at com.kms.katalon.core.keyword.internal.KeywordExecutor.executeKeywordForPlatform(KeywordExecutor.groovy:74)
	at com.kms.katalon.core.webui.keyword.WebUiBuiltInKeywords.click(WebUiBuiltInKeywords.groovy:659)
	at TC 6_MOZ_11447 Verify Default Filtering Values in the Local Settlements Module.run(TC 6_MOZ_11447 Verify Default Filtering Values in the Local Settlements Module:26)
	at com.kms.katalon.core.main.ScriptEngine.run(ScriptEngine.java:194)
	at com.kms.katalon.core.main.ScriptEngine.runScriptAsRawText(ScriptEngine.java:119)
	at com.kms.katalon.core.main.TestCaseExecutor.runScript(TestCaseExecutor.java:448)
	at com.kms.katalon.core.main.TestCaseExecutor.doExecute(TestCaseExecutor.java:439)
	at com.kms.katalon.core.main.TestCaseExecutor.processExecutionPhase(TestCaseExecutor.java:418)
	at com.kms.katalon.core.main.TestCaseExecutor.accessMainPhase(TestCaseExecutor.java:410)
	at com.kms.katalon.core.main.TestCaseExecutor.execute(TestCaseExecutor.java:285)
	at com.kms.katalon.core.common.CommonExecutor.accessTestCaseMainPhase(CommonExecutor.java:65)
	at com.kms.katalon.core.main.TestSuiteExecutor.accessTestSuiteMainPhase(TestSuiteExecutor.java:150)
	at com.kms.katalon.core.main.TestSuiteExecutor.execute(TestSuiteExecutor.java:106)
	at com.kms.katalon.core.main.TestCaseMain.startTestSuite(TestCaseMain.java:180)
	at TempTestSuite1725026478878.run(TempTestSuite1725026478878.groovy:35)
	at java.base/jdk.internal.reflect.NativeMethodAccessorImpl.invoke0(Native Method)
	at java.base/jdk.internal.reflect.NativeMethodAccessorImpl.invoke(NativeMethodAccessorImpl.java:77)
	at java.base/jdk.internal.reflect.DelegatingMethodAccessorImpl.invoke(DelegatingMethodAccessorImpl.java:43)
Caused by: com.kms.katalon.core.webui.exception.WebElementNotFoundException: Web element with id: 'Object Repository/EK_Objects/Page_Mozart - Dashboard/Click_On_Local_Settlements' located by '//a[@id='menu_LocalSettlements']' not found
	at com.kms.katalon.core.webui.common.WebUiCommonHelper.findWebElement(WebUiCommonHelper.java:1426)
	at com.kms.katalon.core.webui.keyword.internal.WebUIAbstractKeyword.findWebElement(WebUIAbstractKeyword.groovy:27)
	at com.kms.katalon.core.webui.keyword.builtin.ClickKeyword$_click_closure1.doCall(ClickKeyword.groovy:65)
	at com.kms.katalon.core.webui.keyword.builtin.ClickKeyword$_click_closure1.call(ClickKeyword.groovy)
	at com.kms.katalon.core.webui.keyword.internal.WebUIKeywordMain.runKeyword(WebUIKeywordMain.groovy:20)
	at com.kms.katalon.core.webui.keyword.builtin.ClickKeyword.click(ClickKeyword.groovy:74)
	at com.kms.katalon.core.webui.keyword.builtin.ClickKeyword.execute(ClickKeyword.groovy:40)
	at com.kms.katalon.core.keyword.internal.KeywordExecutor.executeKeywordForPlatform(KeywordExecutor.groovy:74)
	at com.kms.katalon.core.webui.keyword.WebUiBuiltInKeywords.click(WebUiBuiltInKeywords.groovy:659)
	at Script1724259455010.run(Script1724259455010.groovy:26)
	... 15 more
)

30-08-2024T19:43:06 - [MESSAGE][INFO] - Unable to find the element located by 'By.xpath: //a[@id='menu_LocalSettlements']'. Please recheck the objects properties to make sure the desired element is located. 

30-08-2024T19:43:06 - [MESSAGE][WARNING] - [SELF-HEALING] Failed to find element with id 'Object Repository/EK_Objects/Page_Mozart - Dashboard/Click_On_Local_Settlements'. Try using Self-healing.

30-08-2024T19:43:07 - [MESSAGE][INFO] - [SELF-HEALING] No working XPath is found.

30-08-2024T19:43:09 - [MESSAGE][INFO] - Unable to find the element located by 'By.xpath: '. Please recheck the objects properties to make sure the desired element is located. 

30-08-2024T19:43:09 - [MESSAGE][WARNING] - [SELF-HEALING] Cannot find elements when the selector is null

30-08-2024T19:43:10 - [MESSAGE][FAILED] - Unable to click on object 'Object Repository/EK_Objects/Page_Mozart - Dashboard/Click_On_Local_Settlements' (Root cause: com.kms.katalon.core.exception.StepFailedException: Unable to click on object 'Object Repository/EK_Objects/Page_Mozart - Dashboard/Click_On_Local_Settlements'
	at com.kms.katalon.core.webui.keyword.internal.WebUIKeywordMain.stepFailed(WebUIKeywordMain.groovy:64)
	at com.kms.katalon.core.webui.keyword.internal.WebUIKeywordMain.runKeyword(WebUIKeywordMain.groovy:26)
	at com.kms.katalon.core.webui.keyword.builtin.ClickKeyword.click(ClickKeyword.groovy:74)
	at com.kms.katalon.core.webui.keyword.builtin.ClickKeyword.execute(ClickKeyword.groovy:40)
	at com.kms.katalon.core.keyword.internal.KeywordExecutor.executeKeywordForPlatform(KeywordExecutor.groovy:74)
	at com.kms.katalon.core.webui.keyword.WebUiBuiltInKeywords.click(WebUiBuiltInKeywords.groovy:659)
	at TC 6_MOZ_11447 Verify Default Filtering Values in the Local Settlements Module.run(TC 6_MOZ_11447 Verify Default Filtering Values in the Local Settlements Module:26)
	at com.kms.katalon.core.main.ScriptEngine.run(ScriptEngine.java:194)
	at com.kms.katalon.core.main.ScriptEngine.runScriptAsRawText(ScriptEngine.java:119)
	at com.kms.katalon.core.main.TestCaseExecutor.runScript(TestCaseExecutor.java:448)
	at com.kms.katalon.core.main.TestCaseExecutor.doExecute(TestCaseExecutor.java:439)
	at com.kms.katalon.core.main.TestCaseExecutor.processExecutionPhase(TestCaseExecutor.java:418)
	at com.kms.katalon.core.main.TestCaseExecutor.accessMainPhase(TestCaseExecutor.java:410)
	at com.kms.katalon.core.main.TestCaseExecutor.execute(TestCaseExecutor.java:285)
	at com.kms.katalon.core.common.CommonExecutor.accessTestCaseMainPhase(CommonExecutor.java:65)
	at com.kms.katalon.core.main.TestSuiteExecutor.accessTestSuiteMainPhase(TestSuiteExecutor.java:150)
	at com.kms.katalon.core.main.TestSuiteExecutor.execute(TestSuiteExecutor.java:106)
	at com.kms.katalon.core.main.TestCaseMain.startTestSuite(TestCaseMain.java:180)
	at TempTestSuite1725026478878.run(TempTestSuite1725026478878.groovy:35)
	at java.base/jdk.internal.reflect.NativeMethodAccessorImpl.invoke0(Native Method)
	at java.base/jdk.internal.reflect.NativeMethodAccessorImpl.invoke(NativeMethodAccessorImpl.java:77)
	at java.base/jdk.internal.reflect.DelegatingMethodAccessorImpl.invoke(DelegatingMethodAccessorImpl.java:43)
Caused by: com.kms.katalon.core.webui.exception.WebElementNotFoundException: Web element with id: 'Object Repository/EK_Objects/Page_Mozart - Dashboard/Click_On_Local_Settlements' located by '//a[@id='menu_LocalSettlements']' not found
	at com.kms.katalon.core.webui.common.WebUiCommonHelper.findWebElement(WebUiCommonHelper.java:1426)
	at com.kms.katalon.core.webui.keyword.internal.WebUIAbstractKeyword.findWebElement(WebUIAbstractKeyword.groovy:27)
	at com.kms.katalon.core.webui.keyword.builtin.ClickKeyword$_click_closure1.doCall(ClickKeyword.groovy:65)
	at com.kms.katalon.core.webui.keyword.builtin.ClickKeyword$_click_closure1.call(ClickKeyword.groovy)
	at com.kms.katalon.core.webui.keyword.internal.WebUIKeywordMain.runKeyword(WebUIKeywordMain.groovy:20)
	at com.kms.katalon.core.webui.keyword.builtin.ClickKeyword.click(ClickKeyword.groovy:74)
	at com.kms.katalon.core.webui.keyword.builtin.ClickKeyword.execute(ClickKeyword.groovy:40)
	at com.kms.katalon.core.keyword.internal.KeywordExecutor.executeKeywordForPlatform(KeywordExecutor.groovy:74)
	at com.kms.katalon.core.webui.keyword.WebUiBuiltInKeywords.click(WebUiBuiltInKeywords.groovy:659)
	at Script1724259455010.run(Script1724259455010.groovy:26)
	... 15 more
)
[[ATTACHMENT|C:\\Users\\ranjit.vadar\\Katalon Studio\\Mozart Emirates\\Reports\\20240830_193117\\Suite MOZ-10510\\20240830_193118\\1725027189965.png]]]]></system-out>
         <system-err><![CDATA[30-08-2024T19:40:21 - [TEST_CASE][FAILED] - Test Cases/MOZ-10510/TC 6_MOZ_11447 Verify Default Filtering Values in the Local Settlements Module: Test Cases/MOZ-10510/TC 6_MOZ_11447 Verify Default Filtering Values in the Local Settlements Module FAILED.
Reason:
com.kms.katalon.core.exception.StepFailedException: Unable to click on object 'Object Repository/EK_Objects/Page_Mozart - Dashboard/Click_On_Local_Settlements'
	at com.kms.katalon.core.webui.keyword.internal.WebUIKeywordMain.stepFailed(WebUIKeywordMain.groovy:64)
	at com.kms.katalon.core.webui.keyword.internal.WebUIKeywordMain.runKeyword(WebUIKeywordMain.groovy:26)
	at com.kms.katalon.core.webui.keyword.builtin.ClickKeyword.click(ClickKeyword.groovy:74)
	at com.kms.katalon.core.webui.keyword.builtin.ClickKeyword.execute(ClickKeyword.groovy:40)
	at com.kms.katalon.core.keyword.internal.KeywordExecutor.executeKeywordForPlatform(KeywordExecutor.groovy:74)
	at com.kms.katalon.core.webui.keyword.WebUiBuiltInKeywords.click(WebUiBuiltInKeywords.groovy:659)
	at TC 6_MOZ_11447 Verify Default Filtering Values in the Local Settlements Module.run(TC 6_MOZ_11447 Verify Default Filtering Values in the Local Settlements Module:26)
	at com.kms.katalon.core.main.ScriptEngine.run(ScriptEngine.java:194)
	at com.kms.katalon.core.main.ScriptEngine.runScriptAsRawText(ScriptEngine.java:119)
	at com.kms.katalon.core.main.TestCaseExecutor.runScript(TestCaseExecutor.java:448)
	at com.kms.katalon.core.main.TestCaseExecutor.doExecute(TestCaseExecutor.java:439)
	at com.kms.katalon.core.main.TestCaseExecutor.processExecutionPhase(TestCaseExecutor.java:418)
	at com.kms.katalon.core.main.TestCaseExecutor.accessMainPhase(TestCaseExecutor.java:410)
	at com.kms.katalon.core.main.TestCaseExecutor.execute(TestCaseExecutor.java:285)
	at com.kms.katalon.core.common.CommonExecutor.accessTestCaseMainPhase(CommonExecutor.java:65)
	at com.kms.katalon.core.main.TestSuiteExecutor.accessTestSuiteMainPhase(TestSuiteExecutor.java:150)
	at com.kms.katalon.core.main.TestSuiteExecutor.execute(TestSuiteExecutor.java:106)
	at com.kms.katalon.core.main.TestCaseMain.startTestSuite(TestCaseMain.java:180)
	at TempTestSuite1725026478878.run(TempTestSuite1725026478878.groovy:35)
	at java.base/jdk.internal.reflect.NativeMethodAccessorImpl.invoke0(Native Method)
	at java.base/jdk.internal.reflect.NativeMethodAccessorImpl.invoke(NativeMethodAccessorImpl.java:77)
	at java.base/jdk.internal.reflect.DelegatingMethodAccessorImpl.invoke(DelegatingMethodAccessorImpl.java:43)
Caused by: com.kms.katalon.core.webui.exception.WebElementNotFoundException: Web element with id: 'Object Repository/EK_Objects/Page_Mozart - Dashboard/Click_On_Local_Settlements' located by '//a[@id='menu_LocalSettlements']' not found
	at com.kms.katalon.core.webui.common.WebUiCommonHelper.findWebElement(WebUiCommonHelper.java:1426)
	at com.kms.katalon.core.webui.keyword.internal.WebUIAbstractKeyword.findWebElement(WebUIAbstractKeyword.groovy:27)
	at com.kms.katalon.core.webui.keyword.builtin.ClickKeyword$_click_closure1.doCall(ClickKeyword.groovy:65)
	at com.kms.katalon.core.webui.keyword.builtin.ClickKeyword$_click_closure1.call(ClickKeyword.groovy)
	at com.kms.katalon.core.webui.keyword.internal.WebUIKeywordMain.runKeyword(WebUIKeywordMain.groovy:20)
	... 20 more]]></system-err>
      </testcase>
      <testcase name="Test Cases/MOZ-10510/TC 5_MOZ_11446 Verify Landing Page Layout and Filtering Area for the Local Settlements Module" time="101.82" classname="Test Cases/MOZ-10510/TC 5_MOZ_11446 Verify Landing Page Layout and Filtering Area for the Local Settlements Module" status="FAILED">
         <failure type="FAILED" message="Test Cases/MOZ-10510/TC 5_MOZ_11446 Verify Landing Page Layout and Filtering Area for the Local Settlements Module FAILED.&#xa;Reason:&#xa;com.kms.katalon.core.exception.StepFailedException: Unable to verify object 'Object Repository/EK_Objects/Page_Mozart - Dashboard/Click_On_Local_Settlements' is present&#xa;	at com.kms.katalon.core.webui.keyword.internal.WebUIKeywordMain.stepFailed(WebUIKeywordMain.groovy:64)&#xa;	at com.kms.katalon.core.webui.keyword.internal.WebUIKeywordMain.runKeyword(WebUIKeywordMain.groovy:26)&#xa;	at com.kms.katalon.core.webui.keyword.builtin.VerifyElementPresentKeyword.verifyElementPresent(VerifyElementPresentKeyword.groovy:92)&#xa;	at com.kms.katalon.core.webui.keyword.builtin.VerifyElementPresentKeyword.execute(VerifyElementPresentKeyword.groovy:68)&#xa;	at com.kms.katalon.core.keyword.internal.KeywordExecutor.executeKeywordForPlatform(KeywordExecutor.groovy:74)&#xa;	at com.kms.katalon.core.webui.keyword.WebUiBuiltInKeywords.verifyElementPresent(WebUiBuiltInKeywords.groovy:1503)&#xa;	at TC 5_MOZ_11446 Verify Landing Page Layout and Filtering Area for the Local Settlements Module.run(TC 5_MOZ_11446 Verify Landing Page Layout and Filtering Area for the Local Settlements Module:27)&#xa;	at com.kms.katalon.core.main.ScriptEngine.run(ScriptEngine.java:194)&#xa;	at com.kms.katalon.core.main.ScriptEngine.runScriptAsRawText(ScriptEngine.java:119)&#xa;	at com.kms.katalon.core.main.TestCaseExecutor.runScript(TestCaseExecutor.java:448)&#xa;	at com.kms.katalon.core.main.TestCaseExecutor.doExecute(TestCaseExecutor.java:439)&#xa;	at com.kms.katalon.core.main.TestCaseExecutor.processExecutionPhase(TestCaseExecutor.java:418)&#xa;	at com.kms.katalon.core.main.TestCaseExecutor.accessMainPhase(TestCaseExecutor.java:410)&#xa;	at com.kms.katalon.core.main.TestCaseExecutor.execute(TestCaseExecutor.java:285)&#xa;	at com.kms.katalon.core.common.CommonExecutor.accessTestCaseMainPhase(CommonExecutor.java:65)&#xa;	at com.kms.katalon.core.main.TestSuiteExecutor.accessTestSuiteMainPhase(TestSuiteExecutor.java:150)&#xa;	at com.kms.katalon.core.main.TestSuiteExecutor.execute(TestSuiteExecutor.java:106)&#xa;	at com.kms.katalon.core.main.TestCaseMain.startTestSuite(TestCaseMain.java:180)&#xa;	at TempTestSuite1725026478878.run(TempTestSuite1725026478878.groovy:35)&#xa;	at java.base/jdk.internal.reflect.NativeMethodAccessorImpl.invoke0(Native Method)&#xa;	at java.base/jdk.internal.reflect.NativeMethodAccessorImpl.invoke(NativeMethodAccessorImpl.java:77)&#xa;	at java.base/jdk.internal.reflect.DelegatingMethodAccessorImpl.invoke(DelegatingMethodAccessorImpl.java:43)&#xa;Caused by: com.kms.katalon.core.exception.StepFailedException: com.kms.katalon.core.webui.exception.WebElementNotFoundException: Web element with id: 'Object Repository/EK_Objects/Page_Mozart - Dashboard/Click_On_Local_Settlements' located by '//a[@id='menu_LocalSettlements']' not found&#xa;	at com.kms.katalon.core.webui.keyword.internal.WebUIKeywordMain.stepFailed(WebUIKeywordMain.groovy:64)&#xa;	at com.kms.katalon.core.webui.keyword.builtin.VerifyElementPresentKeyword$_verifyElementPresent_closure1.doCall(VerifyElementPresentKeyword.groovy:85)&#xa;	at com.kms.katalon.core.webui.keyword.builtin.VerifyElementPresentKeyword$_verifyElementPresent_closure1.call(VerifyElementPresentKeyword.groovy)&#xa;	at com.kms.katalon.core.webui.keyword.internal.WebUIKeywordMain.runKeyword(WebUIKeywordMain.groovy:20)&#xa;	... 20 more&#xa;"/>
         <system-out><![CDATA[30-08-2024T19:43:10 - [TEST_CASE][FAILED] - Test Cases/MOZ-10510/TC 5_MOZ_11446 Verify Landing Page Layout and Filtering Area for the Local Settlements Module: Test Cases/MOZ-10510/TC 5_MOZ_11446 Verify Landing Page Layout and Filtering Area for the Local Settlements Module FAILED.
Reason:
com.kms.katalon.core.exception.StepFailedException: Unable to verify object 'Object Repository/EK_Objects/Page_Mozart - Dashboard/Click_On_Local_Settlements' is present
	at com.kms.katalon.core.webui.keyword.internal.WebUIKeywordMain.stepFailed(WebUIKeywordMain.groovy:64)
	at com.kms.katalon.core.webui.keyword.internal.WebUIKeywordMain.runKeyword(WebUIKeywordMain.groovy:26)
	at com.kms.katalon.core.webui.keyword.builtin.VerifyElementPresentKeyword.verifyElementPresent(VerifyElementPresentKeyword.groovy:92)
	at com.kms.katalon.core.webui.keyword.builtin.VerifyElementPresentKeyword.execute(VerifyElementPresentKeyword.groovy:68)
	at com.kms.katalon.core.keyword.internal.KeywordExecutor.executeKeywordForPlatform(KeywordExecutor.groovy:74)
	at com.kms.katalon.core.webui.keyword.WebUiBuiltInKeywords.verifyElementPresent(WebUiBuiltInKeywords.groovy:1503)
	at TC 5_MOZ_11446 Verify Landing Page Layout and Filtering Area for the Local Settlements Module.run(TC 5_MOZ_11446 Verify Landing Page Layout and Filtering Area for the Local Settlements Module:27)
	at com.kms.katalon.core.main.ScriptEngine.run(ScriptEngine.java:194)
	at com.kms.katalon.core.main.ScriptEngine.runScriptAsRawText(ScriptEngine.java:119)
	at com.kms.katalon.core.main.TestCaseExecutor.runScript(TestCaseExecutor.java:448)
	at com.kms.katalon.core.main.TestCaseExecutor.doExecute(TestCaseExecutor.java:439)
	at com.kms.katalon.core.main.TestCaseExecutor.processExecutionPhase(TestCaseExecutor.java:418)
	at com.kms.katalon.core.main.TestCaseExecutor.accessMainPhase(TestCaseExecutor.java:410)
	at com.kms.katalon.core.main.TestCaseExecutor.execute(TestCaseExecutor.java:285)
	at com.kms.katalon.core.common.CommonExecutor.accessTestCaseMainPhase(CommonExecutor.java:65)
	at com.kms.katalon.core.main.TestSuiteExecutor.accessTestSuiteMainPhase(TestSuiteExecutor.java:150)
	at com.kms.katalon.core.main.TestSuiteExecutor.execute(TestSuiteExecutor.java:106)
	at com.kms.katalon.core.main.TestCaseMain.startTestSuite(TestCaseMain.java:180)
	at TempTestSuite1725026478878.run(TempTestSuite1725026478878.groovy:35)
	at java.base/jdk.internal.reflect.NativeMethodAccessorImpl.invoke0(Native Method)
	at java.base/jdk.internal.reflect.NativeMethodAccessorImpl.invoke(NativeMethodAccessorImpl.java:77)
	at java.base/jdk.internal.reflect.DelegatingMethodAccessorImpl.invoke(DelegatingMethodAccessorImpl.java:43)
Caused by: com.kms.katalon.core.exception.StepFailedException: com.kms.katalon.core.webui.exception.WebElementNotFoundException: Web element with id: 'Object Repository/EK_Objects/Page_Mozart - Dashboard/Click_On_Local_Settlements' located by '//a[@id='menu_LocalSettlements']' not found
	at com.kms.katalon.core.webui.keyword.internal.WebUIKeywordMain.stepFailed(WebUIKeywordMain.groovy:64)
	at com.kms.katalon.core.webui.keyword.builtin.VerifyElementPresentKeyword$_verifyElementPresent_closure1.doCall(VerifyElementPresentKeyword.groovy:85)
	at com.kms.katalon.core.webui.keyword.builtin.VerifyElementPresentKeyword$_verifyElementPresent_closure1.call(VerifyElementPresentKeyword.groovy)
	at com.kms.katalon.core.webui.keyword.internal.WebUIKeywordMain.runKeyword(WebUIKeywordMain.groovy:20)
	... 20 more


30-08-2024T19:43:10 - [TEST_STEP][PASSED] - demoPackage.MozartLogin.mozartLoginWithUser(): demoPackage.MozartLogin.mozartLoginWithUser is PASSED

30-08-2024T19:43:10 - [MESSAGE][WARNING] - A browser is already opened. Closing browser and opening a new one

30-08-2024T19:43:11 - [MESSAGE][INFO] - Starting 'Chrome' driver

30-08-2024T19:43:11 - [MESSAGE][INFO] - Action delay is set to 0 milliseconds

30-08-2024T19:43:12 - [MESSAGE][PASSED] - Browser is opened with url: ''

30-08-2024T19:43:13 - [MESSAGE][PASSED] - Navigate to 'https://accelyacomtest.accelya.local/MozartTest/AirlinesHub/Index' successfully

30-08-2024T19:43:13 - [MESSAGE][PASSED] - Current window maximized

30-08-2024T19:43:13 - [MESSAGE][PASSED] - Object: 'Object Repository/MozartChrome/ChromeAdvance/ClickOnAdvanceButton' is clicked on

30-08-2024T19:43:33 - [MESSAGE][PASSED] - Object: 'Object Repository/MozartChrome/ChromeAdvance/ProccedLink' is clicked on

30-08-2024T19:43:34 - [MESSAGE][PASSED] - Text 'ranajitvadar' is set on object 'Object Repository/MozartChrome/Page_/input_Username_Login'

30-08-2024T19:43:34 - [MESSAGE][PASSED] - Object: 'Object Repository/MozartChrome/Page_/button_Next' is clicked on

30-08-2024T19:43:35 - [MESSAGE][PASSED] - Text 'Accelya.1' is set on object 'Object Repository/MozartChrome/Page_/input_Password_Password'

30-08-2024T19:43:36 - [MESSAGE][PASSED] - Object: 'Object Repository/MozartChrome/Page_/button_Sign in' is clicked on

30-08-2024T19:43:36 - [MESSAGE][PASSED] - demoPackage.MozartLogin.mozartLoginWithUser is PASSED

30-08-2024T19:43:36 - [TEST_STEP][PASSED] - click(findTestObject("EK_Objects/Page_Mozart - Dashboard/a_Refunds")): Object: 'Object Repository/EK_Objects/Page_Mozart - Dashboard/a_Refunds' is clicked on

30-08-2024T19:44:48 - [MESSAGE][INFO] - Unable to find the element located by 'By.xpath: //a[@id='navbarDropdown']'. Please recheck the objects properties to make sure the desired element is located. 

30-08-2024T19:44:48 - [MESSAGE][WARNING] - [SELF-HEALING] Failed to find element with id 'Object Repository/EK_Objects/Page_Mozart - Dashboard/a_Refunds'. Try using Self-healing.

30-08-2024T19:44:48 - [MESSAGE][WARNING] - [SELF-HEALING] The current locator of test object 'Object Repository/EK_Objects/Page_Mozart - Dashboard/a_Refunds' was broken. Propose an alternative one: '//div[@id='navbarSupportedContent']/ul/li/a'.

30-08-2024T19:44:48 - [MESSAGE][PASSED] - Object: 'Object Repository/EK_Objects/Page_Mozart - Dashboard/a_Refunds' is clicked on

30-08-2024T19:44:48 - [TEST_STEP][FAILED] - verifyElementPresent(findTestObject("EK_Objects/Page_Mozart - Dashboard/Click_On_Local_Settlements"), 2): Unable to verify object 'Object Repository/EK_Objects/Page_Mozart - Dashboard/Click_On_Local_Settlements' is present (Root cause: com.kms.katalon.core.exception.StepFailedException: Unable to verify object 'Object Repository/EK_Objects/Page_Mozart - Dashboard/Click_On_Local_Settlements' is present
	at com.kms.katalon.core.webui.keyword.internal.WebUIKeywordMain.stepFailed(WebUIKeywordMain.groovy:64)
	at com.kms.katalon.core.webui.keyword.internal.WebUIKeywordMain.runKeyword(WebUIKeywordMain.groovy:26)
	at com.kms.katalon.core.webui.keyword.builtin.VerifyElementPresentKeyword.verifyElementPresent(VerifyElementPresentKeyword.groovy:92)
	at com.kms.katalon.core.webui.keyword.builtin.VerifyElementPresentKeyword.execute(VerifyElementPresentKeyword.groovy:68)
	at com.kms.katalon.core.keyword.internal.KeywordExecutor.executeKeywordForPlatform(KeywordExecutor.groovy:74)
	at com.kms.katalon.core.webui.keyword.WebUiBuiltInKeywords.verifyElementPresent(WebUiBuiltInKeywords.groovy:1503)
	at TC 5_MOZ_11446 Verify Landing Page Layout and Filtering Area for the Local Settlements Module.run(TC 5_MOZ_11446 Verify Landing Page Layout and Filtering Area for the Local Settlements Module:27)
	at com.kms.katalon.core.main.ScriptEngine.run(ScriptEngine.java:194)
	at com.kms.katalon.core.main.ScriptEngine.runScriptAsRawText(ScriptEngine.java:119)
	at com.kms.katalon.core.main.TestCaseExecutor.runScript(TestCaseExecutor.java:448)
	at com.kms.katalon.core.main.TestCaseExecutor.doExecute(TestCaseExecutor.java:439)
	at com.kms.katalon.core.main.TestCaseExecutor.processExecutionPhase(TestCaseExecutor.java:418)
	at com.kms.katalon.core.main.TestCaseExecutor.accessMainPhase(TestCaseExecutor.java:410)
	at com.kms.katalon.core.main.TestCaseExecutor.execute(TestCaseExecutor.java:285)
	at com.kms.katalon.core.common.CommonExecutor.accessTestCaseMainPhase(CommonExecutor.java:65)
	at com.kms.katalon.core.main.TestSuiteExecutor.accessTestSuiteMainPhase(TestSuiteExecutor.java:150)
	at com.kms.katalon.core.main.TestSuiteExecutor.execute(TestSuiteExecutor.java:106)
	at com.kms.katalon.core.main.TestCaseMain.startTestSuite(TestCaseMain.java:180)
	at TempTestSuite1725026478878.run(TempTestSuite1725026478878.groovy:35)
	at java.base/jdk.internal.reflect.NativeMethodAccessorImpl.invoke0(Native Method)
	at java.base/jdk.internal.reflect.NativeMethodAccessorImpl.invoke(NativeMethodAccessorImpl.java:77)
	at java.base/jdk.internal.reflect.DelegatingMethodAccessorImpl.invoke(DelegatingMethodAccessorImpl.java:43)
Caused by: com.kms.katalon.core.exception.StepFailedException: com.kms.katalon.core.webui.exception.WebElementNotFoundException: Web element with id: 'Object Repository/EK_Objects/Page_Mozart - Dashboard/Click_On_Local_Settlements' located by '//a[@id='menu_LocalSettlements']' not found
	at com.kms.katalon.core.webui.keyword.internal.WebUIKeywordMain.stepFailed(WebUIKeywordMain.groovy:64)
	at com.kms.katalon.core.webui.keyword.builtin.VerifyElementPresentKeyword$_verifyElementPresent_closure1.doCall(VerifyElementPresentKeyword.groovy:85)
	at com.kms.katalon.core.webui.keyword.builtin.VerifyElementPresentKeyword$_verifyElementPresent_closure1.call(VerifyElementPresentKeyword.groovy)
	at com.kms.katalon.core.webui.keyword.internal.WebUIKeywordMain.runKeyword(WebUIKeywordMain.groovy:20)
	... 20 more
)

30-08-2024T19:44:51 - [MESSAGE][INFO] - Unable to find the element located by 'By.xpath: //a[@id='menu_LocalSettlements']'. Please recheck the objects properties to make sure the desired element is located. 

30-08-2024T19:44:51 - [MESSAGE][FAILED] - com.kms.katalon.core.webui.exception.WebElementNotFoundException: Web element with id: 'Object Repository/EK_Objects/Page_Mozart - Dashboard/Click_On_Local_Settlements' located by '//a[@id='menu_LocalSettlements']' not found (Root cause: com.kms.katalon.core.exception.StepFailedException: com.kms.katalon.core.webui.exception.WebElementNotFoundException: Web element with id: 'Object Repository/EK_Objects/Page_Mozart - Dashboard/Click_On_Local_Settlements' located by '//a[@id='menu_LocalSettlements']' not found
	at com.kms.katalon.core.webui.keyword.internal.WebUIKeywordMain.stepFailed(WebUIKeywordMain.groovy:64)
	at com.kms.katalon.core.webui.keyword.builtin.VerifyElementPresentKeyword$_verifyElementPresent_closure1.doCall(VerifyElementPresentKeyword.groovy:85)
	at com.kms.katalon.core.webui.keyword.builtin.VerifyElementPresentKeyword$_verifyElementPresent_closure1.call(VerifyElementPresentKeyword.groovy)
	at com.kms.katalon.core.webui.keyword.internal.WebUIKeywordMain.runKeyword(WebUIKeywordMain.groovy:20)
	at com.kms.katalon.core.webui.keyword.builtin.VerifyElementPresentKeyword.verifyElementPresent(VerifyElementPresentKeyword.groovy:92)
	at com.kms.katalon.core.webui.keyword.builtin.VerifyElementPresentKeyword.execute(VerifyElementPresentKeyword.groovy:68)
	at com.kms.katalon.core.keyword.internal.KeywordExecutor.executeKeywordForPlatform(KeywordExecutor.groovy:74)
	at com.kms.katalon.core.webui.keyword.WebUiBuiltInKeywords.verifyElementPresent(WebUiBuiltInKeywords.groovy:1503)
	at TC 5_MOZ_11446 Verify Landing Page Layout and Filtering Area for the Local Settlements Module.run(TC 5_MOZ_11446 Verify Landing Page Layout and Filtering Area for the Local Settlements Module:27)
	at com.kms.katalon.core.main.ScriptEngine.run(ScriptEngine.java:194)
	at com.kms.katalon.core.main.ScriptEngine.runScriptAsRawText(ScriptEngine.java:119)
	at com.kms.katalon.core.main.TestCaseExecutor.runScript(TestCaseExecutor.java:448)
	at com.kms.katalon.core.main.TestCaseExecutor.doExecute(TestCaseExecutor.java:439)
	at com.kms.katalon.core.main.TestCaseExecutor.processExecutionPhase(TestCaseExecutor.java:418)
	at com.kms.katalon.core.main.TestCaseExecutor.accessMainPhase(TestCaseExecutor.java:410)
	at com.kms.katalon.core.main.TestCaseExecutor.execute(TestCaseExecutor.java:285)
	at com.kms.katalon.core.common.CommonExecutor.accessTestCaseMainPhase(CommonExecutor.java:65)
	at com.kms.katalon.core.main.TestSuiteExecutor.accessTestSuiteMainPhase(TestSuiteExecutor.java:150)
	at com.kms.katalon.core.main.TestSuiteExecutor.execute(TestSuiteExecutor.java:106)
	at com.kms.katalon.core.main.TestCaseMain.startTestSuite(TestCaseMain.java:180)
	at TempTestSuite1725026478878.run(TempTestSuite1725026478878.groovy:35)
	at java.base/jdk.internal.reflect.NativeMethodAccessorImpl.invoke0(Native Method)
	at java.base/jdk.internal.reflect.NativeMethodAccessorImpl.invoke(NativeMethodAccessorImpl.java:77)
	at java.base/jdk.internal.reflect.DelegatingMethodAccessorImpl.invoke(DelegatingMethodAccessorImpl.java:43)
)
[[ATTACHMENT|C:\\Users\\ranjit.vadar\\Katalon Studio\\Mozart Emirates\\Reports\\20240830_193117\\Suite MOZ-10510\\20240830_193118\\1725027291686.png]]

30-08-2024T19:44:51 - [MESSAGE][FAILED] - Unable to verify object 'Object Repository/EK_Objects/Page_Mozart - Dashboard/Click_On_Local_Settlements' is present (Root cause: com.kms.katalon.core.exception.StepFailedException: Unable to verify object 'Object Repository/EK_Objects/Page_Mozart - Dashboard/Click_On_Local_Settlements' is present
	at com.kms.katalon.core.webui.keyword.internal.WebUIKeywordMain.stepFailed(WebUIKeywordMain.groovy:64)
	at com.kms.katalon.core.webui.keyword.internal.WebUIKeywordMain.runKeyword(WebUIKeywordMain.groovy:26)
	at com.kms.katalon.core.webui.keyword.builtin.VerifyElementPresentKeyword.verifyElementPresent(VerifyElementPresentKeyword.groovy:92)
	at com.kms.katalon.core.webui.keyword.builtin.VerifyElementPresentKeyword.execute(VerifyElementPresentKeyword.groovy:68)
	at com.kms.katalon.core.keyword.internal.KeywordExecutor.executeKeywordForPlatform(KeywordExecutor.groovy:74)
	at com.kms.katalon.core.webui.keyword.WebUiBuiltInKeywords.verifyElementPresent(WebUiBuiltInKeywords.groovy:1503)
	at TC 5_MOZ_11446 Verify Landing Page Layout and Filtering Area for the Local Settlements Module.run(TC 5_MOZ_11446 Verify Landing Page Layout and Filtering Area for the Local Settlements Module:27)
	at com.kms.katalon.core.main.ScriptEngine.run(ScriptEngine.java:194)
	at com.kms.katalon.core.main.ScriptEngine.runScriptAsRawText(ScriptEngine.java:119)
	at com.kms.katalon.core.main.TestCaseExecutor.runScript(TestCaseExecutor.java:448)
	at com.kms.katalon.core.main.TestCaseExecutor.doExecute(TestCaseExecutor.java:439)
	at com.kms.katalon.core.main.TestCaseExecutor.processExecutionPhase(TestCaseExecutor.java:418)
	at com.kms.katalon.core.main.TestCaseExecutor.accessMainPhase(TestCaseExecutor.java:410)
	at com.kms.katalon.core.main.TestCaseExecutor.execute(TestCaseExecutor.java:285)
	at com.kms.katalon.core.common.CommonExecutor.accessTestCaseMainPhase(CommonExecutor.java:65)
	at com.kms.katalon.core.main.TestSuiteExecutor.accessTestSuiteMainPhase(TestSuiteExecutor.java:150)
	at com.kms.katalon.core.main.TestSuiteExecutor.execute(TestSuiteExecutor.java:106)
	at com.kms.katalon.core.main.TestCaseMain.startTestSuite(TestCaseMain.java:180)
	at TempTestSuite1725026478878.run(TempTestSuite1725026478878.groovy:35)
	at java.base/jdk.internal.reflect.NativeMethodAccessorImpl.invoke0(Native Method)
	at java.base/jdk.internal.reflect.NativeMethodAccessorImpl.invoke(NativeMethodAccessorImpl.java:77)
	at java.base/jdk.internal.reflect.DelegatingMethodAccessorImpl.invoke(DelegatingMethodAccessorImpl.java:43)
Caused by: com.kms.katalon.core.exception.StepFailedException: com.kms.katalon.core.webui.exception.WebElementNotFoundException: Web element with id: 'Object Repository/EK_Objects/Page_Mozart - Dashboard/Click_On_Local_Settlements' located by '//a[@id='menu_LocalSettlements']' not found
	at com.kms.katalon.core.webui.keyword.internal.WebUIKeywordMain.stepFailed(WebUIKeywordMain.groovy:64)
	at com.kms.katalon.core.webui.keyword.builtin.VerifyElementPresentKeyword$_verifyElementPresent_closure1.doCall(VerifyElementPresentKeyword.groovy:85)
	at com.kms.katalon.core.webui.keyword.builtin.VerifyElementPresentKeyword$_verifyElementPresent_closure1.call(VerifyElementPresentKeyword.groovy)
	at com.kms.katalon.core.webui.keyword.internal.WebUIKeywordMain.runKeyword(WebUIKeywordMain.groovy:20)
	... 20 more
)
[[ATTACHMENT|C:\\Users\\ranjit.vadar\\Katalon Studio\\Mozart Emirates\\Reports\\20240830_193117\\Suite MOZ-10510\\20240830_193118\\1725027291801.png]]]]></system-out>
         <system-err><![CDATA[30-08-2024T19:43:10 - [TEST_CASE][FAILED] - Test Cases/MOZ-10510/TC 5_MOZ_11446 Verify Landing Page Layout and Filtering Area for the Local Settlements Module: Test Cases/MOZ-10510/TC 5_MOZ_11446 Verify Landing Page Layout and Filtering Area for the Local Settlements Module FAILED.
Reason:
com.kms.katalon.core.exception.StepFailedException: Unable to verify object 'Object Repository/EK_Objects/Page_Mozart - Dashboard/Click_On_Local_Settlements' is present
	at com.kms.katalon.core.webui.keyword.internal.WebUIKeywordMain.stepFailed(WebUIKeywordMain.groovy:64)
	at com.kms.katalon.core.webui.keyword.internal.WebUIKeywordMain.runKeyword(WebUIKeywordMain.groovy:26)
	at com.kms.katalon.core.webui.keyword.builtin.VerifyElementPresentKeyword.verifyElementPresent(VerifyElementPresentKeyword.groovy:92)
	at com.kms.katalon.core.webui.keyword.builtin.VerifyElementPresentKeyword.execute(VerifyElementPresentKeyword.groovy:68)
	at com.kms.katalon.core.keyword.internal.KeywordExecutor.executeKeywordForPlatform(KeywordExecutor.groovy:74)
	at com.kms.katalon.core.webui.keyword.WebUiBuiltInKeywords.verifyElementPresent(WebUiBuiltInKeywords.groovy:1503)
	at TC 5_MOZ_11446 Verify Landing Page Layout and Filtering Area for the Local Settlements Module.run(TC 5_MOZ_11446 Verify Landing Page Layout and Filtering Area for the Local Settlements Module:27)
	at com.kms.katalon.core.main.ScriptEngine.run(ScriptEngine.java:194)
	at com.kms.katalon.core.main.ScriptEngine.runScriptAsRawText(ScriptEngine.java:119)
	at com.kms.katalon.core.main.TestCaseExecutor.runScript(TestCaseExecutor.java:448)
	at com.kms.katalon.core.main.TestCaseExecutor.doExecute(TestCaseExecutor.java:439)
	at com.kms.katalon.core.main.TestCaseExecutor.processExecutionPhase(TestCaseExecutor.java:418)
	at com.kms.katalon.core.main.TestCaseExecutor.accessMainPhase(TestCaseExecutor.java:410)
	at com.kms.katalon.core.main.TestCaseExecutor.execute(TestCaseExecutor.java:285)
	at com.kms.katalon.core.common.CommonExecutor.accessTestCaseMainPhase(CommonExecutor.java:65)
	at com.kms.katalon.core.main.TestSuiteExecutor.accessTestSuiteMainPhase(TestSuiteExecutor.java:150)
	at com.kms.katalon.core.main.TestSuiteExecutor.execute(TestSuiteExecutor.java:106)
	at com.kms.katalon.core.main.TestCaseMain.startTestSuite(TestCaseMain.java:180)
	at TempTestSuite1725026478878.run(TempTestSuite1725026478878.groovy:35)
	at java.base/jdk.internal.reflect.NativeMethodAccessorImpl.invoke0(Native Method)
	at java.base/jdk.internal.reflect.NativeMethodAccessorImpl.invoke(NativeMethodAccessorImpl.java:77)
	at java.base/jdk.internal.reflect.DelegatingMethodAccessorImpl.invoke(DelegatingMethodAccessorImpl.java:43)
Caused by: com.kms.katalon.core.exception.StepFailedException: com.kms.katalon.core.webui.exception.WebElementNotFoundException: Web element with id: 'Object Repository/EK_Objects/Page_Mozart - Dashboard/Click_On_Local_Settlements' located by '//a[@id='menu_LocalSettlements']' not found
	at com.kms.katalon.core.webui.keyword.internal.WebUIKeywordMain.stepFailed(WebUIKeywordMain.groovy:64)
	at com.kms.katalon.core.webui.keyword.builtin.VerifyElementPresentKeyword$_verifyElementPresent_closure1.doCall(VerifyElementPresentKeyword.groovy:85)
	at com.kms.katalon.core.webui.keyword.builtin.VerifyElementPresentKeyword$_verifyElementPresent_closure1.call(VerifyElementPresentKeyword.groovy)
	at com.kms.katalon.core.webui.keyword.internal.WebUIKeywordMain.runKeyword(WebUIKeywordMain.groovy:20)
	... 20 more]]></system-err>
      </testcase>
      <testcase name="Test Cases/MOZ-10510/TC 4_MOZ_11445 Verify User Role other than the auditor or supervisor Access Levels for the Local Settlements Module" time="147.332" classname="Test Cases/MOZ-10510/TC 4_MOZ_11445 Verify User Role other than the auditor or supervisor Access Levels for the Local Settlements Module" status="FAILED">
         <failure type="FAILED" message="Test Cases/MOZ-10510/TC 4_MOZ_11445 Verify User Role other than the auditor or supervisor Access Levels for the Local Settlements Module FAILED.&#xa;Reason:&#xa;com.kms.katalon.core.exception.StepFailedException: Unable to verify object 'Object Repository/EK_Objects/Page_Mozart - Dashboard/Click_On_Local_Settlements' is present&#xa;	at com.kms.katalon.core.webui.keyword.internal.WebUIKeywordMain.stepFailed(WebUIKeywordMain.groovy:64)&#xa;	at com.kms.katalon.core.webui.keyword.internal.WebUIKeywordMain.runKeyword(WebUIKeywordMain.groovy:26)&#xa;	at com.kms.katalon.core.webui.keyword.builtin.VerifyElementPresentKeyword.verifyElementPresent(VerifyElementPresentKeyword.groovy:92)&#xa;	at com.kms.katalon.core.webui.keyword.builtin.VerifyElementPresentKeyword.execute(VerifyElementPresentKeyword.groovy:68)&#xa;	at com.kms.katalon.core.keyword.internal.KeywordExecutor.executeKeywordForPlatform(KeywordExecutor.groovy:74)&#xa;	at com.kms.katalon.core.webui.keyword.WebUiBuiltInKeywords.verifyElementPresent(WebUiBuiltInKeywords.groovy:1503)&#xa;	at TC 4_MOZ_11445 Verify User Role other than the auditor or supervisor Access Levels for the Local Settlements Module.run(TC 4_MOZ_11445 Verify User Role other than the auditor or supervisor Access Levels for the Local Settlements Module:11)&#xa;	at com.kms.katalon.core.main.ScriptEngine.run(ScriptEngine.java:194)&#xa;	at com.kms.katalon.core.main.ScriptEngine.runScriptAsRawText(ScriptEngine.java:119)&#xa;	at com.kms.katalon.core.main.TestCaseExecutor.runScript(TestCaseExecutor.java:448)&#xa;	at com.kms.katalon.core.main.TestCaseExecutor.doExecute(TestCaseExecutor.java:439)&#xa;	at com.kms.katalon.core.main.TestCaseExecutor.processExecutionPhase(TestCaseExecutor.java:418)&#xa;	at com.kms.katalon.core.main.TestCaseExecutor.accessMainPhase(TestCaseExecutor.java:410)&#xa;	at com.kms.katalon.core.main.TestCaseExecutor.execute(TestCaseExecutor.java:285)&#xa;	at com.kms.katalon.core.common.CommonExecutor.accessTestCaseMainPhase(CommonExecutor.java:65)&#xa;	at com.kms.katalon.core.main.TestSuiteExecutor.accessTestSuiteMainPhase(TestSuiteExecutor.java:150)&#xa;	at com.kms.katalon.core.main.TestSuiteExecutor.execute(TestSuiteExecutor.java:106)&#xa;	at com.kms.katalon.core.main.TestCaseMain.startTestSuite(TestCaseMain.java:180)&#xa;	at TempTestSuite1725026478878.run(TempTestSuite1725026478878.groovy:35)&#xa;	at java.base/jdk.internal.reflect.NativeMethodAccessorImpl.invoke0(Native Method)&#xa;	at java.base/jdk.internal.reflect.NativeMethodAccessorImpl.invoke(NativeMethodAccessorImpl.java:77)&#xa;	at java.base/jdk.internal.reflect.DelegatingMethodAccessorImpl.invoke(DelegatingMethodAccessorImpl.java:43)&#xa;Caused by: com.kms.katalon.core.exception.StepFailedException: com.kms.katalon.core.webui.exception.WebElementNotFoundException: Web element with id: 'Object Repository/EK_Objects/Page_Mozart - Dashboard/Click_On_Local_Settlements' located by '//a[@id='menu_LocalSettlements']' not found&#xa;	at com.kms.katalon.core.webui.keyword.internal.WebUIKeywordMain.stepFailed(WebUIKeywordMain.groovy:64)&#xa;	at com.kms.katalon.core.webui.keyword.builtin.VerifyElementPresentKeyword$_verifyElementPresent_closure1.doCall(VerifyElementPresentKeyword.groovy:85)&#xa;	at com.kms.katalon.core.webui.keyword.builtin.VerifyElementPresentKeyword$_verifyElementPresent_closure1.call(VerifyElementPresentKeyword.groovy)&#xa;	at com.kms.katalon.core.webui.keyword.internal.WebUIKeywordMain.runKeyword(WebUIKeywordMain.groovy:20)&#xa;	... 20 more&#xa;"/>
         <system-out><![CDATA[30-08-2024T19:44:51 - [TEST_CASE][FAILED] - Test Cases/MOZ-10510/TC 4_MOZ_11445 Verify User Role other than the auditor or supervisor Access Levels for the Local Settlements Module: Test Cases/MOZ-10510/TC 4_MOZ_11445 Verify User Role other than the auditor or supervisor Access Levels for the Local Settlements Module FAILED.
Reason:
com.kms.katalon.core.exception.StepFailedException: Unable to verify object 'Object Repository/EK_Objects/Page_Mozart - Dashboard/Click_On_Local_Settlements' is present
	at com.kms.katalon.core.webui.keyword.internal.WebUIKeywordMain.stepFailed(WebUIKeywordMain.groovy:64)
	at com.kms.katalon.core.webui.keyword.internal.WebUIKeywordMain.runKeyword(WebUIKeywordMain.groovy:26)
	at com.kms.katalon.core.webui.keyword.builtin.VerifyElementPresentKeyword.verifyElementPresent(VerifyElementPresentKeyword.groovy:92)
	at com.kms.katalon.core.webui.keyword.builtin.VerifyElementPresentKeyword.execute(VerifyElementPresentKeyword.groovy:68)
	at com.kms.katalon.core.keyword.internal.KeywordExecutor.executeKeywordForPlatform(KeywordExecutor.groovy:74)
	at com.kms.katalon.core.webui.keyword.WebUiBuiltInKeywords.verifyElementPresent(WebUiBuiltInKeywords.groovy:1503)
	at TC 4_MOZ_11445 Verify User Role other than the auditor or supervisor Access Levels for the Local Settlements Module.run(TC 4_MOZ_11445 Verify User Role other than the auditor or supervisor Access Levels for the Local Settlements Module:11)
	at com.kms.katalon.core.main.ScriptEngine.run(ScriptEngine.java:194)
	at com.kms.katalon.core.main.ScriptEngine.runScriptAsRawText(ScriptEngine.java:119)
	at com.kms.katalon.core.main.TestCaseExecutor.runScript(TestCaseExecutor.java:448)
	at com.kms.katalon.core.main.TestCaseExecutor.doExecute(TestCaseExecutor.java:439)
	at com.kms.katalon.core.main.TestCaseExecutor.processExecutionPhase(TestCaseExecutor.java:418)
	at com.kms.katalon.core.main.TestCaseExecutor.accessMainPhase(TestCaseExecutor.java:410)
	at com.kms.katalon.core.main.TestCaseExecutor.execute(TestCaseExecutor.java:285)
	at com.kms.katalon.core.common.CommonExecutor.accessTestCaseMainPhase(CommonExecutor.java:65)
	at com.kms.katalon.core.main.TestSuiteExecutor.accessTestSuiteMainPhase(TestSuiteExecutor.java:150)
	at com.kms.katalon.core.main.TestSuiteExecutor.execute(TestSuiteExecutor.java:106)
	at com.kms.katalon.core.main.TestCaseMain.startTestSuite(TestCaseMain.java:180)
	at TempTestSuite1725026478878.run(TempTestSuite1725026478878.groovy:35)
	at java.base/jdk.internal.reflect.NativeMethodAccessorImpl.invoke0(Native Method)
	at java.base/jdk.internal.reflect.NativeMethodAccessorImpl.invoke(NativeMethodAccessorImpl.java:77)
	at java.base/jdk.internal.reflect.DelegatingMethodAccessorImpl.invoke(DelegatingMethodAccessorImpl.java:43)
Caused by: com.kms.katalon.core.exception.StepFailedException: com.kms.katalon.core.webui.exception.WebElementNotFoundException: Web element with id: 'Object Repository/EK_Objects/Page_Mozart - Dashboard/Click_On_Local_Settlements' located by '//a[@id='menu_LocalSettlements']' not found
	at com.kms.katalon.core.webui.keyword.internal.WebUIKeywordMain.stepFailed(WebUIKeywordMain.groovy:64)
	at com.kms.katalon.core.webui.keyword.builtin.VerifyElementPresentKeyword$_verifyElementPresent_closure1.doCall(VerifyElementPresentKeyword.groovy:85)
	at com.kms.katalon.core.webui.keyword.builtin.VerifyElementPresentKeyword$_verifyElementPresent_closure1.call(VerifyElementPresentKeyword.groovy)
	at com.kms.katalon.core.webui.keyword.internal.WebUIKeywordMain.runKeyword(WebUIKeywordMain.groovy:20)
	... 20 more


30-08-2024T19:44:52 - [TEST_STEP][PASSED] - demoPackage.MozartLogin.mozartLoginWithUser(): demoPackage.MozartLogin.mozartLoginWithUser is PASSED

30-08-2024T19:44:52 - [MESSAGE][WARNING] - A browser is already opened. Closing browser and opening a new one

30-08-2024T19:44:52 - [MESSAGE][INFO] - Starting 'Chrome' driver

30-08-2024T19:44:52 - [MESSAGE][INFO] - Action delay is set to 0 milliseconds

30-08-2024T19:44:54 - [MESSAGE][PASSED] - Browser is opened with url: ''

30-08-2024T19:44:58 - [MESSAGE][PASSED] - Navigate to 'https://accelyacomtest.accelya.local/MozartTest/AirlinesHub/Index' successfully

30-08-2024T19:44:58 - [MESSAGE][PASSED] - Current window maximized

30-08-2024T19:44:58 - [MESSAGE][PASSED] - Object: 'Object Repository/MozartChrome/ChromeAdvance/ClickOnAdvanceButton' is clicked on

30-08-2024T19:46:35 - [MESSAGE][PASSED] - Object: 'Object Repository/MozartChrome/ChromeAdvance/ProccedLink' is clicked on

30-08-2024T19:46:35 - [MESSAGE][PASSED] - Text 'ranajitvadar' is set on object 'Object Repository/MozartChrome/Page_/input_Username_Login'

30-08-2024T19:46:35 - [MESSAGE][PASSED] - Object: 'Object Repository/MozartChrome/Page_/button_Next' is clicked on

30-08-2024T19:46:37 - [MESSAGE][PASSED] - Text 'Accelya.1' is set on object 'Object Repository/MozartChrome/Page_/input_Password_Password'

30-08-2024T19:46:37 - [MESSAGE][PASSED] - Object: 'Object Repository/MozartChrome/Page_/button_Sign in' is clicked on

30-08-2024T19:46:37 - [MESSAGE][PASSED] - demoPackage.MozartLogin.mozartLoginWithUser is PASSED

30-08-2024T19:46:37 - [TEST_STEP][PASSED] - delay(1): Delayed 1 second(s)

30-08-2024T19:46:38 - [MESSAGE][PASSED] - Delayed 1 second(s)

30-08-2024T19:46:38 - [TEST_STEP][PASSED] - click(findTestObject("EK_Objects/Page_Mozart - Dashboard/a_Refunds")): Object: 'Object Repository/EK_Objects/Page_Mozart - Dashboard/a_Refunds' is clicked on

30-08-2024T19:47:15 - [MESSAGE][INFO] - Unable to find the element located by 'By.xpath: //a[@id='navbarDropdown']'. Please recheck the objects properties to make sure the desired element is located. 

30-08-2024T19:47:15 - [MESSAGE][WARNING] - [SELF-HEALING] Failed to find element with id 'Object Repository/EK_Objects/Page_Mozart - Dashboard/a_Refunds'. Try using Self-healing.

30-08-2024T19:47:15 - [MESSAGE][WARNING] - [SELF-HEALING] The current locator of test object 'Object Repository/EK_Objects/Page_Mozart - Dashboard/a_Refunds' was broken. Propose an alternative one: '//div[@id='navbarSupportedContent']/ul/li/a'.

30-08-2024T19:47:15 - [MESSAGE][PASSED] - Object: 'Object Repository/EK_Objects/Page_Mozart - Dashboard/a_Refunds' is clicked on

30-08-2024T19:47:15 - [TEST_STEP][FAILED] - verifyElementPresent(findTestObject("EK_Objects/Page_Mozart - Dashboard/Click_On_Local_Settlements"), 2): Unable to verify object 'Object Repository/EK_Objects/Page_Mozart - Dashboard/Click_On_Local_Settlements' is present (Root cause: com.kms.katalon.core.exception.StepFailedException: Unable to verify object 'Object Repository/EK_Objects/Page_Mozart - Dashboard/Click_On_Local_Settlements' is present
	at com.kms.katalon.core.webui.keyword.internal.WebUIKeywordMain.stepFailed(WebUIKeywordMain.groovy:64)
	at com.kms.katalon.core.webui.keyword.internal.WebUIKeywordMain.runKeyword(WebUIKeywordMain.groovy:26)
	at com.kms.katalon.core.webui.keyword.builtin.VerifyElementPresentKeyword.verifyElementPresent(VerifyElementPresentKeyword.groovy:92)
	at com.kms.katalon.core.webui.keyword.builtin.VerifyElementPresentKeyword.execute(VerifyElementPresentKeyword.groovy:68)
	at com.kms.katalon.core.keyword.internal.KeywordExecutor.executeKeywordForPlatform(KeywordExecutor.groovy:74)
	at com.kms.katalon.core.webui.keyword.WebUiBuiltInKeywords.verifyElementPresent(WebUiBuiltInKeywords.groovy:1503)
	at TC 4_MOZ_11445 Verify User Role other than the auditor or supervisor Access Levels for the Local Settlements Module.run(TC 4_MOZ_11445 Verify User Role other than the auditor or supervisor Access Levels for the Local Settlements Module:11)
	at com.kms.katalon.core.main.ScriptEngine.run(ScriptEngine.java:194)
	at com.kms.katalon.core.main.ScriptEngine.runScriptAsRawText(ScriptEngine.java:119)
	at com.kms.katalon.core.main.TestCaseExecutor.runScript(TestCaseExecutor.java:448)
	at com.kms.katalon.core.main.TestCaseExecutor.doExecute(TestCaseExecutor.java:439)
	at com.kms.katalon.core.main.TestCaseExecutor.processExecutionPhase(TestCaseExecutor.java:418)
	at com.kms.katalon.core.main.TestCaseExecutor.accessMainPhase(TestCaseExecutor.java:410)
	at com.kms.katalon.core.main.TestCaseExecutor.execute(TestCaseExecutor.java:285)
	at com.kms.katalon.core.common.CommonExecutor.accessTestCaseMainPhase(CommonExecutor.java:65)
	at com.kms.katalon.core.main.TestSuiteExecutor.accessTestSuiteMainPhase(TestSuiteExecutor.java:150)
	at com.kms.katalon.core.main.TestSuiteExecutor.execute(TestSuiteExecutor.java:106)
	at com.kms.katalon.core.main.TestCaseMain.startTestSuite(TestCaseMain.java:180)
	at TempTestSuite1725026478878.run(TempTestSuite1725026478878.groovy:35)
	at java.base/jdk.internal.reflect.NativeMethodAccessorImpl.invoke0(Native Method)
	at java.base/jdk.internal.reflect.NativeMethodAccessorImpl.invoke(NativeMethodAccessorImpl.java:77)
	at java.base/jdk.internal.reflect.DelegatingMethodAccessorImpl.invoke(DelegatingMethodAccessorImpl.java:43)
Caused by: com.kms.katalon.core.exception.StepFailedException: com.kms.katalon.core.webui.exception.WebElementNotFoundException: Web element with id: 'Object Repository/EK_Objects/Page_Mozart - Dashboard/Click_On_Local_Settlements' located by '//a[@id='menu_LocalSettlements']' not found
	at com.kms.katalon.core.webui.keyword.internal.WebUIKeywordMain.stepFailed(WebUIKeywordMain.groovy:64)
	at com.kms.katalon.core.webui.keyword.builtin.VerifyElementPresentKeyword$_verifyElementPresent_closure1.doCall(VerifyElementPresentKeyword.groovy:85)
	at com.kms.katalon.core.webui.keyword.builtin.VerifyElementPresentKeyword$_verifyElementPresent_closure1.call(VerifyElementPresentKeyword.groovy)
	at com.kms.katalon.core.webui.keyword.internal.WebUIKeywordMain.runKeyword(WebUIKeywordMain.groovy:20)
	... 20 more
)

30-08-2024T19:47:19 - [MESSAGE][INFO] - Unable to find the element located by 'By.xpath: //a[@id='menu_LocalSettlements']'. Please recheck the objects properties to make sure the desired element is located. 

30-08-2024T19:47:19 - [MESSAGE][FAILED] - com.kms.katalon.core.webui.exception.WebElementNotFoundException: Web element with id: 'Object Repository/EK_Objects/Page_Mozart - Dashboard/Click_On_Local_Settlements' located by '//a[@id='menu_LocalSettlements']' not found (Root cause: com.kms.katalon.core.exception.StepFailedException: com.kms.katalon.core.webui.exception.WebElementNotFoundException: Web element with id: 'Object Repository/EK_Objects/Page_Mozart - Dashboard/Click_On_Local_Settlements' located by '//a[@id='menu_LocalSettlements']' not found
	at com.kms.katalon.core.webui.keyword.internal.WebUIKeywordMain.stepFailed(WebUIKeywordMain.groovy:64)
	at com.kms.katalon.core.webui.keyword.builtin.VerifyElementPresentKeyword$_verifyElementPresent_closure1.doCall(VerifyElementPresentKeyword.groovy:85)
	at com.kms.katalon.core.webui.keyword.builtin.VerifyElementPresentKeyword$_verifyElementPresent_closure1.call(VerifyElementPresentKeyword.groovy)
	at com.kms.katalon.core.webui.keyword.internal.WebUIKeywordMain.runKeyword(WebUIKeywordMain.groovy:20)
	at com.kms.katalon.core.webui.keyword.builtin.VerifyElementPresentKeyword.verifyElementPresent(VerifyElementPresentKeyword.groovy:92)
	at com.kms.katalon.core.webui.keyword.builtin.VerifyElementPresentKeyword.execute(VerifyElementPresentKeyword.groovy:68)
	at com.kms.katalon.core.keyword.internal.KeywordExecutor.executeKeywordForPlatform(KeywordExecutor.groovy:74)
	at com.kms.katalon.core.webui.keyword.WebUiBuiltInKeywords.verifyElementPresent(WebUiBuiltInKeywords.groovy:1503)
	at TC 4_MOZ_11445 Verify User Role other than the auditor or supervisor Access Levels for the Local Settlements Module.run(TC 4_MOZ_11445 Verify User Role other than the auditor or supervisor Access Levels for the Local Settlements Module:11)
	at com.kms.katalon.core.main.ScriptEngine.run(ScriptEngine.java:194)
	at com.kms.katalon.core.main.ScriptEngine.runScriptAsRawText(ScriptEngine.java:119)
	at com.kms.katalon.core.main.TestCaseExecutor.runScript(TestCaseExecutor.java:448)
	at com.kms.katalon.core.main.TestCaseExecutor.doExecute(TestCaseExecutor.java:439)
	at com.kms.katalon.core.main.TestCaseExecutor.processExecutionPhase(TestCaseExecutor.java:418)
	at com.kms.katalon.core.main.TestCaseExecutor.accessMainPhase(TestCaseExecutor.java:410)
	at com.kms.katalon.core.main.TestCaseExecutor.execute(TestCaseExecutor.java:285)
	at com.kms.katalon.core.common.CommonExecutor.accessTestCaseMainPhase(CommonExecutor.java:65)
	at com.kms.katalon.core.main.TestSuiteExecutor.accessTestSuiteMainPhase(TestSuiteExecutor.java:150)
	at com.kms.katalon.core.main.TestSuiteExecutor.execute(TestSuiteExecutor.java:106)
	at com.kms.katalon.core.main.TestCaseMain.startTestSuite(TestCaseMain.java:180)
	at TempTestSuite1725026478878.run(TempTestSuite1725026478878.groovy:35)
	at java.base/jdk.internal.reflect.NativeMethodAccessorImpl.invoke0(Native Method)
	at java.base/jdk.internal.reflect.NativeMethodAccessorImpl.invoke(NativeMethodAccessorImpl.java:77)
	at java.base/jdk.internal.reflect.DelegatingMethodAccessorImpl.invoke(DelegatingMethodAccessorImpl.java:43)
)
[[ATTACHMENT|C:\\Users\\ranjit.vadar\\Katalon Studio\\Mozart Emirates\\Reports\\20240830_193117\\Suite MOZ-10510\\20240830_193118\\1725027439021.png]]

30-08-2024T19:47:19 - [MESSAGE][FAILED] - Unable to verify object 'Object Repository/EK_Objects/Page_Mozart - Dashboard/Click_On_Local_Settlements' is present (Root cause: com.kms.katalon.core.exception.StepFailedException: Unable to verify object 'Object Repository/EK_Objects/Page_Mozart - Dashboard/Click_On_Local_Settlements' is present
	at com.kms.katalon.core.webui.keyword.internal.WebUIKeywordMain.stepFailed(WebUIKeywordMain.groovy:64)
	at com.kms.katalon.core.webui.keyword.internal.WebUIKeywordMain.runKeyword(WebUIKeywordMain.groovy:26)
	at com.kms.katalon.core.webui.keyword.builtin.VerifyElementPresentKeyword.verifyElementPresent(VerifyElementPresentKeyword.groovy:92)
	at com.kms.katalon.core.webui.keyword.builtin.VerifyElementPresentKeyword.execute(VerifyElementPresentKeyword.groovy:68)
	at com.kms.katalon.core.keyword.internal.KeywordExecutor.executeKeywordForPlatform(KeywordExecutor.groovy:74)
	at com.kms.katalon.core.webui.keyword.WebUiBuiltInKeywords.verifyElementPresent(WebUiBuiltInKeywords.groovy:1503)
	at TC 4_MOZ_11445 Verify User Role other than the auditor or supervisor Access Levels for the Local Settlements Module.run(TC 4_MOZ_11445 Verify User Role other than the auditor or supervisor Access Levels for the Local Settlements Module:11)
	at com.kms.katalon.core.main.ScriptEngine.run(ScriptEngine.java:194)
	at com.kms.katalon.core.main.ScriptEngine.runScriptAsRawText(ScriptEngine.java:119)
	at com.kms.katalon.core.main.TestCaseExecutor.runScript(TestCaseExecutor.java:448)
	at com.kms.katalon.core.main.TestCaseExecutor.doExecute(TestCaseExecutor.java:439)
	at com.kms.katalon.core.main.TestCaseExecutor.processExecutionPhase(TestCaseExecutor.java:418)
	at com.kms.katalon.core.main.TestCaseExecutor.accessMainPhase(TestCaseExecutor.java:410)
	at com.kms.katalon.core.main.TestCaseExecutor.execute(TestCaseExecutor.java:285)
	at com.kms.katalon.core.common.CommonExecutor.accessTestCaseMainPhase(CommonExecutor.java:65)
	at com.kms.katalon.core.main.TestSuiteExecutor.accessTestSuiteMainPhase(TestSuiteExecutor.java:150)
	at com.kms.katalon.core.main.TestSuiteExecutor.execute(TestSuiteExecutor.java:106)
	at com.kms.katalon.core.main.TestCaseMain.startTestSuite(TestCaseMain.java:180)
	at TempTestSuite1725026478878.run(TempTestSuite1725026478878.groovy:35)
	at java.base/jdk.internal.reflect.NativeMethodAccessorImpl.invoke0(Native Method)
	at java.base/jdk.internal.reflect.NativeMethodAccessorImpl.invoke(NativeMethodAccessorImpl.java:77)
	at java.base/jdk.internal.reflect.DelegatingMethodAccessorImpl.invoke(DelegatingMethodAccessorImpl.java:43)
Caused by: com.kms.katalon.core.exception.StepFailedException: com.kms.katalon.core.webui.exception.WebElementNotFoundException: Web element with id: 'Object Repository/EK_Objects/Page_Mozart - Dashboard/Click_On_Local_Settlements' located by '//a[@id='menu_LocalSettlements']' not found
	at com.kms.katalon.core.webui.keyword.internal.WebUIKeywordMain.stepFailed(WebUIKeywordMain.groovy:64)
	at com.kms.katalon.core.webui.keyword.builtin.VerifyElementPresentKeyword$_verifyElementPresent_closure1.doCall(VerifyElementPresentKeyword.groovy:85)
	at com.kms.katalon.core.webui.keyword.builtin.VerifyElementPresentKeyword$_verifyElementPresent_closure1.call(VerifyElementPresentKeyword.groovy)
	at com.kms.katalon.core.webui.keyword.internal.WebUIKeywordMain.runKeyword(WebUIKeywordMain.groovy:20)
	... 20 more
)
[[ATTACHMENT|C:\\Users\\ranjit.vadar\\Katalon Studio\\Mozart Emirates\\Reports\\20240830_193117\\Suite MOZ-10510\\20240830_193118\\1725027439132.png]]]]></system-out>
         <system-err><![CDATA[30-08-2024T19:44:51 - [TEST_CASE][FAILED] - Test Cases/MOZ-10510/TC 4_MOZ_11445 Verify User Role other than the auditor or supervisor Access Levels for the Local Settlements Module: Test Cases/MOZ-10510/TC 4_MOZ_11445 Verify User Role other than the auditor or supervisor Access Levels for the Local Settlements Module FAILED.
Reason:
com.kms.katalon.core.exception.StepFailedException: Unable to verify object 'Object Repository/EK_Objects/Page_Mozart - Dashboard/Click_On_Local_Settlements' is present
	at com.kms.katalon.core.webui.keyword.internal.WebUIKeywordMain.stepFailed(WebUIKeywordMain.groovy:64)
	at com.kms.katalon.core.webui.keyword.internal.WebUIKeywordMain.runKeyword(WebUIKeywordMain.groovy:26)
	at com.kms.katalon.core.webui.keyword.builtin.VerifyElementPresentKeyword.verifyElementPresent(VerifyElementPresentKeyword.groovy:92)
	at com.kms.katalon.core.webui.keyword.builtin.VerifyElementPresentKeyword.execute(VerifyElementPresentKeyword.groovy:68)
	at com.kms.katalon.core.keyword.internal.KeywordExecutor.executeKeywordForPlatform(KeywordExecutor.groovy:74)
	at com.kms.katalon.core.webui.keyword.WebUiBuiltInKeywords.verifyElementPresent(WebUiBuiltInKeywords.groovy:1503)
	at TC 4_MOZ_11445 Verify User Role other than the auditor or supervisor Access Levels for the Local Settlements Module.run(TC 4_MOZ_11445 Verify User Role other than the auditor or supervisor Access Levels for the Local Settlements Module:11)
	at com.kms.katalon.core.main.ScriptEngine.run(ScriptEngine.java:194)
	at com.kms.katalon.core.main.ScriptEngine.runScriptAsRawText(ScriptEngine.java:119)
	at com.kms.katalon.core.main.TestCaseExecutor.runScript(TestCaseExecutor.java:448)
	at com.kms.katalon.core.main.TestCaseExecutor.doExecute(TestCaseExecutor.java:439)
	at com.kms.katalon.core.main.TestCaseExecutor.processExecutionPhase(TestCaseExecutor.java:418)
	at com.kms.katalon.core.main.TestCaseExecutor.accessMainPhase(TestCaseExecutor.java:410)
	at com.kms.katalon.core.main.TestCaseExecutor.execute(TestCaseExecutor.java:285)
	at com.kms.katalon.core.common.CommonExecutor.accessTestCaseMainPhase(CommonExecutor.java:65)
	at com.kms.katalon.core.main.TestSuiteExecutor.accessTestSuiteMainPhase(TestSuiteExecutor.java:150)
	at com.kms.katalon.core.main.TestSuiteExecutor.execute(TestSuiteExecutor.java:106)
	at com.kms.katalon.core.main.TestCaseMain.startTestSuite(TestCaseMain.java:180)
	at TempTestSuite1725026478878.run(TempTestSuite1725026478878.groovy:35)
	at java.base/jdk.internal.reflect.NativeMethodAccessorImpl.invoke0(Native Method)
	at java.base/jdk.internal.reflect.NativeMethodAccessorImpl.invoke(NativeMethodAccessorImpl.java:77)
	at java.base/jdk.internal.reflect.DelegatingMethodAccessorImpl.invoke(DelegatingMethodAccessorImpl.java:43)
Caused by: com.kms.katalon.core.exception.StepFailedException: com.kms.katalon.core.webui.exception.WebElementNotFoundException: Web element with id: 'Object Repository/EK_Objects/Page_Mozart - Dashboard/Click_On_Local_Settlements' located by '//a[@id='menu_LocalSettlements']' not found
	at com.kms.katalon.core.webui.keyword.internal.WebUIKeywordMain.stepFailed(WebUIKeywordMain.groovy:64)
	at com.kms.katalon.core.webui.keyword.builtin.VerifyElementPresentKeyword$_verifyElementPresent_closure1.doCall(VerifyElementPresentKeyword.groovy:85)
	at com.kms.katalon.core.webui.keyword.builtin.VerifyElementPresentKeyword$_verifyElementPresent_closure1.call(VerifyElementPresentKeyword.groovy)
	at com.kms.katalon.core.webui.keyword.internal.WebUIKeywordMain.runKeyword(WebUIKeywordMain.groovy:20)
	... 20 more]]></system-err>
      </testcase>
      <testcase name="Test Cases/MOZ-10510/TC 3_MOZ_11445 Verify User Role Auditor Access Levels for the Local Settlements Module" time="89.25" classname="Test Cases/MOZ-10510/TC 3_MOZ_11445 Verify User Role Auditor Access Levels for the Local Settlements Module" status="FAILED">
         <failure type="FAILED" message="Test Cases/MOZ-10510/TC 3_MOZ_11445 Verify User Role Auditor Access Levels for the Local Settlements Module FAILED.&#xa;Reason:&#xa;com.kms.katalon.core.exception.StepFailedException: Unable to verify object 'Object Repository/EK_Objects/Page_Mozart - Dashboard/Click_On_Local_Settlements' is present&#xa;	at com.kms.katalon.core.webui.keyword.internal.WebUIKeywordMain.stepFailed(WebUIKeywordMain.groovy:64)&#xa;	at com.kms.katalon.core.webui.keyword.internal.WebUIKeywordMain.runKeyword(WebUIKeywordMain.groovy:26)&#xa;	at com.kms.katalon.core.webui.keyword.builtin.VerifyElementPresentKeyword.verifyElementPresent(VerifyElementPresentKeyword.groovy:92)&#xa;	at com.kms.katalon.core.webui.keyword.builtin.VerifyElementPresentKeyword.execute(VerifyElementPresentKeyword.groovy:68)&#xa;	at com.kms.katalon.core.keyword.internal.KeywordExecutor.executeKeywordForPlatform(KeywordExecutor.groovy:74)&#xa;	at com.kms.katalon.core.webui.keyword.WebUiBuiltInKeywords.verifyElementPresent(WebUiBuiltInKeywords.groovy:1503)&#xa;	at TC 3_MOZ_11445 Verify User Role Auditor Access Levels for the Local Settlements Module.run(TC 3_MOZ_11445 Verify User Role Auditor Access Levels for the Local Settlements Module:12)&#xa;	at com.kms.katalon.core.main.ScriptEngine.run(ScriptEngine.java:194)&#xa;	at com.kms.katalon.core.main.ScriptEngine.runScriptAsRawText(ScriptEngine.java:119)&#xa;	at com.kms.katalon.core.main.TestCaseExecutor.runScript(TestCaseExecutor.java:448)&#xa;	at com.kms.katalon.core.main.TestCaseExecutor.doExecute(TestCaseExecutor.java:439)&#xa;	at com.kms.katalon.core.main.TestCaseExecutor.processExecutionPhase(TestCaseExecutor.java:418)&#xa;	at com.kms.katalon.core.main.TestCaseExecutor.accessMainPhase(TestCaseExecutor.java:410)&#xa;	at com.kms.katalon.core.main.TestCaseExecutor.execute(TestCaseExecutor.java:285)&#xa;	at com.kms.katalon.core.common.CommonExecutor.accessTestCaseMainPhase(CommonExecutor.java:65)&#xa;	at com.kms.katalon.core.main.TestSuiteExecutor.accessTestSuiteMainPhase(TestSuiteExecutor.java:150)&#xa;	at com.kms.katalon.core.main.TestSuiteExecutor.execute(TestSuiteExecutor.java:106)&#xa;	at com.kms.katalon.core.main.TestCaseMain.startTestSuite(TestCaseMain.java:180)&#xa;	at TempTestSuite1725026478878.run(TempTestSuite1725026478878.groovy:35)&#xa;	at java.base/jdk.internal.reflect.NativeMethodAccessorImpl.invoke0(Native Method)&#xa;	at java.base/jdk.internal.reflect.NativeMethodAccessorImpl.invoke(NativeMethodAccessorImpl.java:77)&#xa;	at java.base/jdk.internal.reflect.DelegatingMethodAccessorImpl.invoke(DelegatingMethodAccessorImpl.java:43)&#xa;Caused by: com.kms.katalon.core.exception.StepFailedException: com.kms.katalon.core.webui.exception.WebElementNotFoundException: Web element with id: 'Object Repository/EK_Objects/Page_Mozart - Dashboard/Click_On_Local_Settlements' located by '//a[@id='menu_LocalSettlements']' not found&#xa;	at com.kms.katalon.core.webui.keyword.internal.WebUIKeywordMain.stepFailed(WebUIKeywordMain.groovy:64)&#xa;	at com.kms.katalon.core.webui.keyword.builtin.VerifyElementPresentKeyword$_verifyElementPresent_closure1.doCall(VerifyElementPresentKeyword.groovy:85)&#xa;	at com.kms.katalon.core.webui.keyword.builtin.VerifyElementPresentKeyword$_verifyElementPresent_closure1.call(VerifyElementPresentKeyword.groovy)&#xa;	at com.kms.katalon.core.webui.keyword.internal.WebUIKeywordMain.runKeyword(WebUIKeywordMain.groovy:20)&#xa;	... 20 more&#xa;"/>
         <system-out><![CDATA[30-08-2024T19:47:19 - [TEST_CASE][FAILED] - Test Cases/MOZ-10510/TC 3_MOZ_11445 Verify User Role Auditor Access Levels for the Local Settlements Module: Test Cases/MOZ-10510/TC 3_MOZ_11445 Verify User Role Auditor Access Levels for the Local Settlements Module FAILED.
Reason:
com.kms.katalon.core.exception.StepFailedException: Unable to verify object 'Object Repository/EK_Objects/Page_Mozart - Dashboard/Click_On_Local_Settlements' is present
	at com.kms.katalon.core.webui.keyword.internal.WebUIKeywordMain.stepFailed(WebUIKeywordMain.groovy:64)
	at com.kms.katalon.core.webui.keyword.internal.WebUIKeywordMain.runKeyword(WebUIKeywordMain.groovy:26)
	at com.kms.katalon.core.webui.keyword.builtin.VerifyElementPresentKeyword.verifyElementPresent(VerifyElementPresentKeyword.groovy:92)
	at com.kms.katalon.core.webui.keyword.builtin.VerifyElementPresentKeyword.execute(VerifyElementPresentKeyword.groovy:68)
	at com.kms.katalon.core.keyword.internal.KeywordExecutor.executeKeywordForPlatform(KeywordExecutor.groovy:74)
	at com.kms.katalon.core.webui.keyword.WebUiBuiltInKeywords.verifyElementPresent(WebUiBuiltInKeywords.groovy:1503)
	at TC 3_MOZ_11445 Verify User Role Auditor Access Levels for the Local Settlements Module.run(TC 3_MOZ_11445 Verify User Role Auditor Access Levels for the Local Settlements Module:12)
	at com.kms.katalon.core.main.ScriptEngine.run(ScriptEngine.java:194)
	at com.kms.katalon.core.main.ScriptEngine.runScriptAsRawText(ScriptEngine.java:119)
	at com.kms.katalon.core.main.TestCaseExecutor.runScript(TestCaseExecutor.java:448)
	at com.kms.katalon.core.main.TestCaseExecutor.doExecute(TestCaseExecutor.java:439)
	at com.kms.katalon.core.main.TestCaseExecutor.processExecutionPhase(TestCaseExecutor.java:418)
	at com.kms.katalon.core.main.TestCaseExecutor.accessMainPhase(TestCaseExecutor.java:410)
	at com.kms.katalon.core.main.TestCaseExecutor.execute(TestCaseExecutor.java:285)
	at com.kms.katalon.core.common.CommonExecutor.accessTestCaseMainPhase(CommonExecutor.java:65)
	at com.kms.katalon.core.main.TestSuiteExecutor.accessTestSuiteMainPhase(TestSuiteExecutor.java:150)
	at com.kms.katalon.core.main.TestSuiteExecutor.execute(TestSuiteExecutor.java:106)
	at com.kms.katalon.core.main.TestCaseMain.startTestSuite(TestCaseMain.java:180)
	at TempTestSuite1725026478878.run(TempTestSuite1725026478878.groovy:35)
	at java.base/jdk.internal.reflect.NativeMethodAccessorImpl.invoke0(Native Method)
	at java.base/jdk.internal.reflect.NativeMethodAccessorImpl.invoke(NativeMethodAccessorImpl.java:77)
	at java.base/jdk.internal.reflect.DelegatingMethodAccessorImpl.invoke(DelegatingMethodAccessorImpl.java:43)
Caused by: com.kms.katalon.core.exception.StepFailedException: com.kms.katalon.core.webui.exception.WebElementNotFoundException: Web element with id: 'Object Repository/EK_Objects/Page_Mozart - Dashboard/Click_On_Local_Settlements' located by '//a[@id='menu_LocalSettlements']' not found
	at com.kms.katalon.core.webui.keyword.internal.WebUIKeywordMain.stepFailed(WebUIKeywordMain.groovy:64)
	at com.kms.katalon.core.webui.keyword.builtin.VerifyElementPresentKeyword$_verifyElementPresent_closure1.doCall(VerifyElementPresentKeyword.groovy:85)
	at com.kms.katalon.core.webui.keyword.builtin.VerifyElementPresentKeyword$_verifyElementPresent_closure1.call(VerifyElementPresentKeyword.groovy)
	at com.kms.katalon.core.webui.keyword.internal.WebUIKeywordMain.runKeyword(WebUIKeywordMain.groovy:20)
	... 20 more


30-08-2024T19:47:19 - [TEST_STEP][PASSED] - demoPackage.MozartLogin.mozartLoginWithUser(): demoPackage.MozartLogin.mozartLoginWithUser is PASSED

30-08-2024T19:47:19 - [MESSAGE][WARNING] - A browser is already opened. Closing browser and opening a new one

30-08-2024T19:47:20 - [MESSAGE][INFO] - Starting 'Chrome' driver

30-08-2024T19:47:20 - [MESSAGE][INFO] - Action delay is set to 0 milliseconds

30-08-2024T19:47:21 - [MESSAGE][PASSED] - Browser is opened with url: ''

30-08-2024T19:47:22 - [MESSAGE][PASSED] - Navigate to 'https://accelyacomtest.accelya.local/MozartTest/AirlinesHub/Index' successfully

30-08-2024T19:47:22 - [MESSAGE][PASSED] - Current window maximized

30-08-2024T19:47:22 - [MESSAGE][PASSED] - Object: 'Object Repository/MozartChrome/ChromeAdvance/ClickOnAdvanceButton' is clicked on

30-08-2024T19:48:09 - [MESSAGE][PASSED] - Object: 'Object Repository/MozartChrome/ChromeAdvance/ProccedLink' is clicked on

30-08-2024T19:48:09 - [MESSAGE][PASSED] - Text 'ranajitvadar' is set on object 'Object Repository/MozartChrome/Page_/input_Username_Login'

30-08-2024T19:48:10 - [MESSAGE][PASSED] - Object: 'Object Repository/MozartChrome/Page_/button_Next' is clicked on

30-08-2024T19:48:11 - [MESSAGE][PASSED] - Text 'Accelya.1' is set on object 'Object Repository/MozartChrome/Page_/input_Password_Password'

30-08-2024T19:48:11 - [MESSAGE][PASSED] - Object: 'Object Repository/MozartChrome/Page_/button_Sign in' is clicked on

30-08-2024T19:48:11 - [MESSAGE][PASSED] - demoPackage.MozartLogin.mozartLoginWithUser is PASSED

30-08-2024T19:48:11 - [TEST_STEP][PASSED] - delay(2): Delayed 2 second(s)

30-08-2024T19:48:13 - [MESSAGE][PASSED] - Delayed 2 second(s)

30-08-2024T19:48:13 - [TEST_STEP][PASSED] - click(findTestObject("EK_Objects/Page_Mozart - Dashboard/a_Refunds")): Object: 'Object Repository/EK_Objects/Page_Mozart - Dashboard/a_Refunds' is clicked on

30-08-2024T19:48:44 - [MESSAGE][INFO] - Unable to find the element located by 'By.xpath: //a[@id='navbarDropdown']'. Please recheck the objects properties to make sure the desired element is located. 

30-08-2024T19:48:44 - [MESSAGE][WARNING] - [SELF-HEALING] Failed to find element with id 'Object Repository/EK_Objects/Page_Mozart - Dashboard/a_Refunds'. Try using Self-healing.

30-08-2024T19:48:45 - [MESSAGE][WARNING] - [SELF-HEALING] The current locator of test object 'Object Repository/EK_Objects/Page_Mozart - Dashboard/a_Refunds' was broken. Propose an alternative one: '//div[@id='navbarSupportedContent']/ul/li/a'.

30-08-2024T19:48:45 - [MESSAGE][PASSED] - Object: 'Object Repository/EK_Objects/Page_Mozart - Dashboard/a_Refunds' is clicked on

30-08-2024T19:48:45 - [TEST_STEP][FAILED] - verifyElementPresent(findTestObject("EK_Objects/Page_Mozart - Dashboard/Click_On_Local_Settlements"), 2): Unable to verify object 'Object Repository/EK_Objects/Page_Mozart - Dashboard/Click_On_Local_Settlements' is present (Root cause: com.kms.katalon.core.exception.StepFailedException: Unable to verify object 'Object Repository/EK_Objects/Page_Mozart - Dashboard/Click_On_Local_Settlements' is present
	at com.kms.katalon.core.webui.keyword.internal.WebUIKeywordMain.stepFailed(WebUIKeywordMain.groovy:64)
	at com.kms.katalon.core.webui.keyword.internal.WebUIKeywordMain.runKeyword(WebUIKeywordMain.groovy:26)
	at com.kms.katalon.core.webui.keyword.builtin.VerifyElementPresentKeyword.verifyElementPresent(VerifyElementPresentKeyword.groovy:92)
	at com.kms.katalon.core.webui.keyword.builtin.VerifyElementPresentKeyword.execute(VerifyElementPresentKeyword.groovy:68)
	at com.kms.katalon.core.keyword.internal.KeywordExecutor.executeKeywordForPlatform(KeywordExecutor.groovy:74)
	at com.kms.katalon.core.webui.keyword.WebUiBuiltInKeywords.verifyElementPresent(WebUiBuiltInKeywords.groovy:1503)
	at TC 3_MOZ_11445 Verify User Role Auditor Access Levels for the Local Settlements Module.run(TC 3_MOZ_11445 Verify User Role Auditor Access Levels for the Local Settlements Module:12)
	at com.kms.katalon.core.main.ScriptEngine.run(ScriptEngine.java:194)
	at com.kms.katalon.core.main.ScriptEngine.runScriptAsRawText(ScriptEngine.java:119)
	at com.kms.katalon.core.main.TestCaseExecutor.runScript(TestCaseExecutor.java:448)
	at com.kms.katalon.core.main.TestCaseExecutor.doExecute(TestCaseExecutor.java:439)
	at com.kms.katalon.core.main.TestCaseExecutor.processExecutionPhase(TestCaseExecutor.java:418)
	at com.kms.katalon.core.main.TestCaseExecutor.accessMainPhase(TestCaseExecutor.java:410)
	at com.kms.katalon.core.main.TestCaseExecutor.execute(TestCaseExecutor.java:285)
	at com.kms.katalon.core.common.CommonExecutor.accessTestCaseMainPhase(CommonExecutor.java:65)
	at com.kms.katalon.core.main.TestSuiteExecutor.accessTestSuiteMainPhase(TestSuiteExecutor.java:150)
	at com.kms.katalon.core.main.TestSuiteExecutor.execute(TestSuiteExecutor.java:106)
	at com.kms.katalon.core.main.TestCaseMain.startTestSuite(TestCaseMain.java:180)
	at TempTestSuite1725026478878.run(TempTestSuite1725026478878.groovy:35)
	at java.base/jdk.internal.reflect.NativeMethodAccessorImpl.invoke0(Native Method)
	at java.base/jdk.internal.reflect.NativeMethodAccessorImpl.invoke(NativeMethodAccessorImpl.java:77)
	at java.base/jdk.internal.reflect.DelegatingMethodAccessorImpl.invoke(DelegatingMethodAccessorImpl.java:43)
Caused by: com.kms.katalon.core.exception.StepFailedException: com.kms.katalon.core.webui.exception.WebElementNotFoundException: Web element with id: 'Object Repository/EK_Objects/Page_Mozart - Dashboard/Click_On_Local_Settlements' located by '//a[@id='menu_LocalSettlements']' not found
	at com.kms.katalon.core.webui.keyword.internal.WebUIKeywordMain.stepFailed(WebUIKeywordMain.groovy:64)
	at com.kms.katalon.core.webui.keyword.builtin.VerifyElementPresentKeyword$_verifyElementPresent_closure1.doCall(VerifyElementPresentKeyword.groovy:85)
	at com.kms.katalon.core.webui.keyword.builtin.VerifyElementPresentKeyword$_verifyElementPresent_closure1.call(VerifyElementPresentKeyword.groovy)
	at com.kms.katalon.core.webui.keyword.internal.WebUIKeywordMain.runKeyword(WebUIKeywordMain.groovy:20)
	... 20 more
)

30-08-2024T19:48:48 - [MESSAGE][INFO] - Unable to find the element located by 'By.xpath: //a[@id='menu_LocalSettlements']'. Please recheck the objects properties to make sure the desired element is located. 

30-08-2024T19:48:48 - [MESSAGE][FAILED] - com.kms.katalon.core.webui.exception.WebElementNotFoundException: Web element with id: 'Object Repository/EK_Objects/Page_Mozart - Dashboard/Click_On_Local_Settlements' located by '//a[@id='menu_LocalSettlements']' not found (Root cause: com.kms.katalon.core.exception.StepFailedException: com.kms.katalon.core.webui.exception.WebElementNotFoundException: Web element with id: 'Object Repository/EK_Objects/Page_Mozart - Dashboard/Click_On_Local_Settlements' located by '//a[@id='menu_LocalSettlements']' not found
	at com.kms.katalon.core.webui.keyword.internal.WebUIKeywordMain.stepFailed(WebUIKeywordMain.groovy:64)
	at com.kms.katalon.core.webui.keyword.builtin.VerifyElementPresentKeyword$_verifyElementPresent_closure1.doCall(VerifyElementPresentKeyword.groovy:85)
	at com.kms.katalon.core.webui.keyword.builtin.VerifyElementPresentKeyword$_verifyElementPresent_closure1.call(VerifyElementPresentKeyword.groovy)
	at com.kms.katalon.core.webui.keyword.internal.WebUIKeywordMain.runKeyword(WebUIKeywordMain.groovy:20)
	at com.kms.katalon.core.webui.keyword.builtin.VerifyElementPresentKeyword.verifyElementPresent(VerifyElementPresentKeyword.groovy:92)
	at com.kms.katalon.core.webui.keyword.builtin.VerifyElementPresentKeyword.execute(VerifyElementPresentKeyword.groovy:68)
	at com.kms.katalon.core.keyword.internal.KeywordExecutor.executeKeywordForPlatform(KeywordExecutor.groovy:74)
	at com.kms.katalon.core.webui.keyword.WebUiBuiltInKeywords.verifyElementPresent(WebUiBuiltInKeywords.groovy:1503)
	at TC 3_MOZ_11445 Verify User Role Auditor Access Levels for the Local Settlements Module.run(TC 3_MOZ_11445 Verify User Role Auditor Access Levels for the Local Settlements Module:12)
	at com.kms.katalon.core.main.ScriptEngine.run(ScriptEngine.java:194)
	at com.kms.katalon.core.main.ScriptEngine.runScriptAsRawText(ScriptEngine.java:119)
	at com.kms.katalon.core.main.TestCaseExecutor.runScript(TestCaseExecutor.java:448)
	at com.kms.katalon.core.main.TestCaseExecutor.doExecute(TestCaseExecutor.java:439)
	at com.kms.katalon.core.main.TestCaseExecutor.processExecutionPhase(TestCaseExecutor.java:418)
	at com.kms.katalon.core.main.TestCaseExecutor.accessMainPhase(TestCaseExecutor.java:410)
	at com.kms.katalon.core.main.TestCaseExecutor.execute(TestCaseExecutor.java:285)
	at com.kms.katalon.core.common.CommonExecutor.accessTestCaseMainPhase(CommonExecutor.java:65)
	at com.kms.katalon.core.main.TestSuiteExecutor.accessTestSuiteMainPhase(TestSuiteExecutor.java:150)
	at com.kms.katalon.core.main.TestSuiteExecutor.execute(TestSuiteExecutor.java:106)
	at com.kms.katalon.core.main.TestCaseMain.startTestSuite(TestCaseMain.java:180)
	at TempTestSuite1725026478878.run(TempTestSuite1725026478878.groovy:35)
	at java.base/jdk.internal.reflect.NativeMethodAccessorImpl.invoke0(Native Method)
	at java.base/jdk.internal.reflect.NativeMethodAccessorImpl.invoke(NativeMethodAccessorImpl.java:77)
	at java.base/jdk.internal.reflect.DelegatingMethodAccessorImpl.invoke(DelegatingMethodAccessorImpl.java:43)
)
[[ATTACHMENT|C:\\Users\\ranjit.vadar\\Katalon Studio\\Mozart Emirates\\Reports\\20240830_193117\\Suite MOZ-10510\\20240830_193118\\1725027528280.png]]

30-08-2024T19:48:48 - [MESSAGE][FAILED] - Unable to verify object 'Object Repository/EK_Objects/Page_Mozart - Dashboard/Click_On_Local_Settlements' is present (Root cause: com.kms.katalon.core.exception.StepFailedException: Unable to verify object 'Object Repository/EK_Objects/Page_Mozart - Dashboard/Click_On_Local_Settlements' is present
	at com.kms.katalon.core.webui.keyword.internal.WebUIKeywordMain.stepFailed(WebUIKeywordMain.groovy:64)
	at com.kms.katalon.core.webui.keyword.internal.WebUIKeywordMain.runKeyword(WebUIKeywordMain.groovy:26)
	at com.kms.katalon.core.webui.keyword.builtin.VerifyElementPresentKeyword.verifyElementPresent(VerifyElementPresentKeyword.groovy:92)
	at com.kms.katalon.core.webui.keyword.builtin.VerifyElementPresentKeyword.execute(VerifyElementPresentKeyword.groovy:68)
	at com.kms.katalon.core.keyword.internal.KeywordExecutor.executeKeywordForPlatform(KeywordExecutor.groovy:74)
	at com.kms.katalon.core.webui.keyword.WebUiBuiltInKeywords.verifyElementPresent(WebUiBuiltInKeywords.groovy:1503)
	at TC 3_MOZ_11445 Verify User Role Auditor Access Levels for the Local Settlements Module.run(TC 3_MOZ_11445 Verify User Role Auditor Access Levels for the Local Settlements Module:12)
	at com.kms.katalon.core.main.ScriptEngine.run(ScriptEngine.java:194)
	at com.kms.katalon.core.main.ScriptEngine.runScriptAsRawText(ScriptEngine.java:119)
	at com.kms.katalon.core.main.TestCaseExecutor.runScript(TestCaseExecutor.java:448)
	at com.kms.katalon.core.main.TestCaseExecutor.doExecute(TestCaseExecutor.java:439)
	at com.kms.katalon.core.main.TestCaseExecutor.processExecutionPhase(TestCaseExecutor.java:418)
	at com.kms.katalon.core.main.TestCaseExecutor.accessMainPhase(TestCaseExecutor.java:410)
	at com.kms.katalon.core.main.TestCaseExecutor.execute(TestCaseExecutor.java:285)
	at com.kms.katalon.core.common.CommonExecutor.accessTestCaseMainPhase(CommonExecutor.java:65)
	at com.kms.katalon.core.main.TestSuiteExecutor.accessTestSuiteMainPhase(TestSuiteExecutor.java:150)
	at com.kms.katalon.core.main.TestSuiteExecutor.execute(TestSuiteExecutor.java:106)
	at com.kms.katalon.core.main.TestCaseMain.startTestSuite(TestCaseMain.java:180)
	at TempTestSuite1725026478878.run(TempTestSuite1725026478878.groovy:35)
	at java.base/jdk.internal.reflect.NativeMethodAccessorImpl.invoke0(Native Method)
	at java.base/jdk.internal.reflect.NativeMethodAccessorImpl.invoke(NativeMethodAccessorImpl.java:77)
	at java.base/jdk.internal.reflect.DelegatingMethodAccessorImpl.invoke(DelegatingMethodAccessorImpl.java:43)
Caused by: com.kms.katalon.core.exception.StepFailedException: com.kms.katalon.core.webui.exception.WebElementNotFoundException: Web element with id: 'Object Repository/EK_Objects/Page_Mozart - Dashboard/Click_On_Local_Settlements' located by '//a[@id='menu_LocalSettlements']' not found
	at com.kms.katalon.core.webui.keyword.internal.WebUIKeywordMain.stepFailed(WebUIKeywordMain.groovy:64)
	at com.kms.katalon.core.webui.keyword.builtin.VerifyElementPresentKeyword$_verifyElementPresent_closure1.doCall(VerifyElementPresentKeyword.groovy:85)
	at com.kms.katalon.core.webui.keyword.builtin.VerifyElementPresentKeyword$_verifyElementPresent_closure1.call(VerifyElementPresentKeyword.groovy)
	at com.kms.katalon.core.webui.keyword.internal.WebUIKeywordMain.runKeyword(WebUIKeywordMain.groovy:20)
	... 20 more
)
[[ATTACHMENT|C:\\Users\\ranjit.vadar\\Katalon Studio\\Mozart Emirates\\Reports\\20240830_193117\\Suite MOZ-10510\\20240830_193118\\1725027528398.png]]]]></system-out>
         <system-err><![CDATA[30-08-2024T19:47:19 - [TEST_CASE][FAILED] - Test Cases/MOZ-10510/TC 3_MOZ_11445 Verify User Role Auditor Access Levels for the Local Settlements Module: Test Cases/MOZ-10510/TC 3_MOZ_11445 Verify User Role Auditor Access Levels for the Local Settlements Module FAILED.
Reason:
com.kms.katalon.core.exception.StepFailedException: Unable to verify object 'Object Repository/EK_Objects/Page_Mozart - Dashboard/Click_On_Local_Settlements' is present
	at com.kms.katalon.core.webui.keyword.internal.WebUIKeywordMain.stepFailed(WebUIKeywordMain.groovy:64)
	at com.kms.katalon.core.webui.keyword.internal.WebUIKeywordMain.runKeyword(WebUIKeywordMain.groovy:26)
	at com.kms.katalon.core.webui.keyword.builtin.VerifyElementPresentKeyword.verifyElementPresent(VerifyElementPresentKeyword.groovy:92)
	at com.kms.katalon.core.webui.keyword.builtin.VerifyElementPresentKeyword.execute(VerifyElementPresentKeyword.groovy:68)
	at com.kms.katalon.core.keyword.internal.KeywordExecutor.executeKeywordForPlatform(KeywordExecutor.groovy:74)
	at com.kms.katalon.core.webui.keyword.WebUiBuiltInKeywords.verifyElementPresent(WebUiBuiltInKeywords.groovy:1503)
	at TC 3_MOZ_11445 Verify User Role Auditor Access Levels for the Local Settlements Module.run(TC 3_MOZ_11445 Verify User Role Auditor Access Levels for the Local Settlements Module:12)
	at com.kms.katalon.core.main.ScriptEngine.run(ScriptEngine.java:194)
	at com.kms.katalon.core.main.ScriptEngine.runScriptAsRawText(ScriptEngine.java:119)
	at com.kms.katalon.core.main.TestCaseExecutor.runScript(TestCaseExecutor.java:448)
	at com.kms.katalon.core.main.TestCaseExecutor.doExecute(TestCaseExecutor.java:439)
	at com.kms.katalon.core.main.TestCaseExecutor.processExecutionPhase(TestCaseExecutor.java:418)
	at com.kms.katalon.core.main.TestCaseExecutor.accessMainPhase(TestCaseExecutor.java:410)
	at com.kms.katalon.core.main.TestCaseExecutor.execute(TestCaseExecutor.java:285)
	at com.kms.katalon.core.common.CommonExecutor.accessTestCaseMainPhase(CommonExecutor.java:65)
	at com.kms.katalon.core.main.TestSuiteExecutor.accessTestSuiteMainPhase(TestSuiteExecutor.java:150)
	at com.kms.katalon.core.main.TestSuiteExecutor.execute(TestSuiteExecutor.java:106)
	at com.kms.katalon.core.main.TestCaseMain.startTestSuite(TestCaseMain.java:180)
	at TempTestSuite1725026478878.run(TempTestSuite1725026478878.groovy:35)
	at java.base/jdk.internal.reflect.NativeMethodAccessorImpl.invoke0(Native Method)
	at java.base/jdk.internal.reflect.NativeMethodAccessorImpl.invoke(NativeMethodAccessorImpl.java:77)
	at java.base/jdk.internal.reflect.DelegatingMethodAccessorImpl.invoke(DelegatingMethodAccessorImpl.java:43)
Caused by: com.kms.katalon.core.exception.StepFailedException: com.kms.katalon.core.webui.exception.WebElementNotFoundException: Web element with id: 'Object Repository/EK_Objects/Page_Mozart - Dashboard/Click_On_Local_Settlements' located by '//a[@id='menu_LocalSettlements']' not found
	at com.kms.katalon.core.webui.keyword.internal.WebUIKeywordMain.stepFailed(WebUIKeywordMain.groovy:64)
	at com.kms.katalon.core.webui.keyword.builtin.VerifyElementPresentKeyword$_verifyElementPresent_closure1.doCall(VerifyElementPresentKeyword.groovy:85)
	at com.kms.katalon.core.webui.keyword.builtin.VerifyElementPresentKeyword$_verifyElementPresent_closure1.call(VerifyElementPresentKeyword.groovy)
	at com.kms.katalon.core.webui.keyword.internal.WebUIKeywordMain.runKeyword(WebUIKeywordMain.groovy:20)
	... 20 more]]></system-err>
      </testcase>
      <testcase name="Test Cases/MOZ-10510/TC 2_MOZ_11445 Verify User Role Supervisor Access Levels for the Local Settlements Module" time="100.484" classname="Test Cases/MOZ-10510/TC 2_MOZ_11445 Verify User Role Supervisor Access Levels for the Local Settlements Module" status="FAILED">
         <failure type="FAILED" message="Test Cases/MOZ-10510/TC 2_MOZ_11445 Verify User Role Supervisor Access Levels for the Local Settlements Module FAILED.&#xa;Reason:&#xa;com.kms.katalon.core.exception.StepFailedException: Unable to verify object 'Object Repository/EK_Objects/Page_Mozart - Dashboard/Click_On_Local_Settlements' is present&#xa;	at com.kms.katalon.core.webui.keyword.internal.WebUIKeywordMain.stepFailed(WebUIKeywordMain.groovy:64)&#xa;	at com.kms.katalon.core.webui.keyword.internal.WebUIKeywordMain.runKeyword(WebUIKeywordMain.groovy:26)&#xa;	at com.kms.katalon.core.webui.keyword.builtin.VerifyElementPresentKeyword.verifyElementPresent(VerifyElementPresentKeyword.groovy:92)&#xa;	at com.kms.katalon.core.webui.keyword.builtin.VerifyElementPresentKeyword.execute(VerifyElementPresentKeyword.groovy:68)&#xa;	at com.kms.katalon.core.keyword.internal.KeywordExecutor.executeKeywordForPlatform(KeywordExecutor.groovy:74)&#xa;	at com.kms.katalon.core.webui.keyword.WebUiBuiltInKeywords.verifyElementPresent(WebUiBuiltInKeywords.groovy:1503)&#xa;	at TC 2_MOZ_11445 Verify User Role Supervisor Access Levels for the Local Settlements Module.run(TC 2_MOZ_11445 Verify User Role Supervisor Access Levels for the Local Settlements Module:25)&#xa;	at com.kms.katalon.core.main.ScriptEngine.run(ScriptEngine.java:194)&#xa;	at com.kms.katalon.core.main.ScriptEngine.runScriptAsRawText(ScriptEngine.java:119)&#xa;	at com.kms.katalon.core.main.TestCaseExecutor.runScript(TestCaseExecutor.java:448)&#xa;	at com.kms.katalon.core.main.TestCaseExecutor.doExecute(TestCaseExecutor.java:439)&#xa;	at com.kms.katalon.core.main.TestCaseExecutor.processExecutionPhase(TestCaseExecutor.java:418)&#xa;	at com.kms.katalon.core.main.TestCaseExecutor.accessMainPhase(TestCaseExecutor.java:410)&#xa;	at com.kms.katalon.core.main.TestCaseExecutor.execute(TestCaseExecutor.java:285)&#xa;	at com.kms.katalon.core.common.CommonExecutor.accessTestCaseMainPhase(CommonExecutor.java:65)&#xa;	at com.kms.katalon.core.main.TestSuiteExecutor.accessTestSuiteMainPhase(TestSuiteExecutor.java:150)&#xa;	at com.kms.katalon.core.main.TestSuiteExecutor.execute(TestSuiteExecutor.java:106)&#xa;	at com.kms.katalon.core.main.TestCaseMain.startTestSuite(TestCaseMain.java:180)&#xa;	at TempTestSuite1725026478878.run(TempTestSuite1725026478878.groovy:35)&#xa;	at java.base/jdk.internal.reflect.NativeMethodAccessorImpl.invoke0(Native Method)&#xa;	at java.base/jdk.internal.reflect.NativeMethodAccessorImpl.invoke(NativeMethodAccessorImpl.java:77)&#xa;	at java.base/jdk.internal.reflect.DelegatingMethodAccessorImpl.invoke(DelegatingMethodAccessorImpl.java:43)&#xa;Caused by: com.kms.katalon.core.exception.StepFailedException: com.kms.katalon.core.webui.exception.WebElementNotFoundException: Web element with id: 'Object Repository/EK_Objects/Page_Mozart - Dashboard/Click_On_Local_Settlements' located by '//a[@id='menu_LocalSettlements']' not found&#xa;	at com.kms.katalon.core.webui.keyword.internal.WebUIKeywordMain.stepFailed(WebUIKeywordMain.groovy:64)&#xa;	at com.kms.katalon.core.webui.keyword.builtin.VerifyElementPresentKeyword$_verifyElementPresent_closure1.doCall(VerifyElementPresentKeyword.groovy:85)&#xa;	at com.kms.katalon.core.webui.keyword.builtin.VerifyElementPresentKeyword$_verifyElementPresent_closure1.call(VerifyElementPresentKeyword.groovy)&#xa;	at com.kms.katalon.core.webui.keyword.internal.WebUIKeywordMain.runKeyword(WebUIKeywordMain.groovy:20)&#xa;	... 20 more&#xa;"/>
         <system-out><![CDATA[30-08-2024T19:48:48 - [TEST_CASE][FAILED] - Test Cases/MOZ-10510/TC 2_MOZ_11445 Verify User Role Supervisor Access Levels for the Local Settlements Module: Test Cases/MOZ-10510/TC 2_MOZ_11445 Verify User Role Supervisor Access Levels for the Local Settlements Module FAILED.
Reason:
com.kms.katalon.core.exception.StepFailedException: Unable to verify object 'Object Repository/EK_Objects/Page_Mozart - Dashboard/Click_On_Local_Settlements' is present
	at com.kms.katalon.core.webui.keyword.internal.WebUIKeywordMain.stepFailed(WebUIKeywordMain.groovy:64)
	at com.kms.katalon.core.webui.keyword.internal.WebUIKeywordMain.runKeyword(WebUIKeywordMain.groovy:26)
	at com.kms.katalon.core.webui.keyword.builtin.VerifyElementPresentKeyword.verifyElementPresent(VerifyElementPresentKeyword.groovy:92)
	at com.kms.katalon.core.webui.keyword.builtin.VerifyElementPresentKeyword.execute(VerifyElementPresentKeyword.groovy:68)
	at com.kms.katalon.core.keyword.internal.KeywordExecutor.executeKeywordForPlatform(KeywordExecutor.groovy:74)
	at com.kms.katalon.core.webui.keyword.WebUiBuiltInKeywords.verifyElementPresent(WebUiBuiltInKeywords.groovy:1503)
	at TC 2_MOZ_11445 Verify User Role Supervisor Access Levels for the Local Settlements Module.run(TC 2_MOZ_11445 Verify User Role Supervisor Access Levels for the Local Settlements Module:25)
	at com.kms.katalon.core.main.ScriptEngine.run(ScriptEngine.java:194)
	at com.kms.katalon.core.main.ScriptEngine.runScriptAsRawText(ScriptEngine.java:119)
	at com.kms.katalon.core.main.TestCaseExecutor.runScript(TestCaseExecutor.java:448)
	at com.kms.katalon.core.main.TestCaseExecutor.doExecute(TestCaseExecutor.java:439)
	at com.kms.katalon.core.main.TestCaseExecutor.processExecutionPhase(TestCaseExecutor.java:418)
	at com.kms.katalon.core.main.TestCaseExecutor.accessMainPhase(TestCaseExecutor.java:410)
	at com.kms.katalon.core.main.TestCaseExecutor.execute(TestCaseExecutor.java:285)
	at com.kms.katalon.core.common.CommonExecutor.accessTestCaseMainPhase(CommonExecutor.java:65)
	at com.kms.katalon.core.main.TestSuiteExecutor.accessTestSuiteMainPhase(TestSuiteExecutor.java:150)
	at com.kms.katalon.core.main.TestSuiteExecutor.execute(TestSuiteExecutor.java:106)
	at com.kms.katalon.core.main.TestCaseMain.startTestSuite(TestCaseMain.java:180)
	at TempTestSuite1725026478878.run(TempTestSuite1725026478878.groovy:35)
	at java.base/jdk.internal.reflect.NativeMethodAccessorImpl.invoke0(Native Method)
	at java.base/jdk.internal.reflect.NativeMethodAccessorImpl.invoke(NativeMethodAccessorImpl.java:77)
	at java.base/jdk.internal.reflect.DelegatingMethodAccessorImpl.invoke(DelegatingMethodAccessorImpl.java:43)
Caused by: com.kms.katalon.core.exception.StepFailedException: com.kms.katalon.core.webui.exception.WebElementNotFoundException: Web element with id: 'Object Repository/EK_Objects/Page_Mozart - Dashboard/Click_On_Local_Settlements' located by '//a[@id='menu_LocalSettlements']' not found
	at com.kms.katalon.core.webui.keyword.internal.WebUIKeywordMain.stepFailed(WebUIKeywordMain.groovy:64)
	at com.kms.katalon.core.webui.keyword.builtin.VerifyElementPresentKeyword$_verifyElementPresent_closure1.doCall(VerifyElementPresentKeyword.groovy:85)
	at com.kms.katalon.core.webui.keyword.builtin.VerifyElementPresentKeyword$_verifyElementPresent_closure1.call(VerifyElementPresentKeyword.groovy)
	at com.kms.katalon.core.webui.keyword.internal.WebUIKeywordMain.runKeyword(WebUIKeywordMain.groovy:20)
	... 20 more


30-08-2024T19:48:48 - [TEST_STEP][PASSED] - demoPackage.MozartLogin.mozartLoginWithUser(): demoPackage.MozartLogin.mozartLoginWithUser is PASSED

30-08-2024T19:48:48 - [MESSAGE][WARNING] - A browser is already opened. Closing browser and opening a new one

30-08-2024T19:48:49 - [MESSAGE][INFO] - Starting 'Chrome' driver

30-08-2024T19:48:49 - [MESSAGE][INFO] - Action delay is set to 0 milliseconds

30-08-2024T19:48:50 - [MESSAGE][PASSED] - Browser is opened with url: ''

30-08-2024T19:48:51 - [MESSAGE][PASSED] - Navigate to 'https://accelyacomtest.accelya.local/MozartTest/AirlinesHub/Index' successfully

30-08-2024T19:48:51 - [MESSAGE][PASSED] - Current window maximized

30-08-2024T19:48:51 - [MESSAGE][PASSED] - Object: 'Object Repository/MozartChrome/ChromeAdvance/ClickOnAdvanceButton' is clicked on

30-08-2024T19:49:51 - [MESSAGE][PASSED] - Object: 'Object Repository/MozartChrome/ChromeAdvance/ProccedLink' is clicked on

30-08-2024T19:49:52 - [MESSAGE][PASSED] - Text 'ranajitvadar' is set on object 'Object Repository/MozartChrome/Page_/input_Username_Login'

30-08-2024T19:49:52 - [MESSAGE][PASSED] - Object: 'Object Repository/MozartChrome/Page_/button_Next' is clicked on

30-08-2024T19:49:53 - [MESSAGE][PASSED] - Text 'Accelya.1' is set on object 'Object Repository/MozartChrome/Page_/input_Password_Password'

30-08-2024T19:49:54 - [MESSAGE][PASSED] - Object: 'Object Repository/MozartChrome/Page_/button_Sign in' is clicked on

30-08-2024T19:49:54 - [MESSAGE][PASSED] - demoPackage.MozartLogin.mozartLoginWithUser is PASSED

30-08-2024T19:49:54 - [TEST_STEP][PASSED] - click(findTestObject("EK_Objects/Page_Mozart - Dashboard/a_Refunds")): Object: 'Object Repository/EK_Objects/Page_Mozart - Dashboard/a_Refunds' is clicked on

30-08-2024T19:50:25 - [MESSAGE][INFO] - Unable to find the element located by 'By.xpath: //a[@id='navbarDropdown']'. Please recheck the objects properties to make sure the desired element is located. 

30-08-2024T19:50:25 - [MESSAGE][WARNING] - [SELF-HEALING] Failed to find element with id 'Object Repository/EK_Objects/Page_Mozart - Dashboard/a_Refunds'. Try using Self-healing.

30-08-2024T19:50:25 - [MESSAGE][WARNING] - [SELF-HEALING] The current locator of test object 'Object Repository/EK_Objects/Page_Mozart - Dashboard/a_Refunds' was broken. Propose an alternative one: '//div[@id='navbarSupportedContent']/ul/li/a'.

30-08-2024T19:50:25 - [MESSAGE][PASSED] - Object: 'Object Repository/EK_Objects/Page_Mozart - Dashboard/a_Refunds' is clicked on

30-08-2024T19:50:25 - [TEST_STEP][FAILED] - verifyElementPresent(findTestObject("EK_Objects/Page_Mozart - Dashboard/Click_On_Local_Settlements"), 2): Unable to verify object 'Object Repository/EK_Objects/Page_Mozart - Dashboard/Click_On_Local_Settlements' is present (Root cause: com.kms.katalon.core.exception.StepFailedException: Unable to verify object 'Object Repository/EK_Objects/Page_Mozart - Dashboard/Click_On_Local_Settlements' is present
	at com.kms.katalon.core.webui.keyword.internal.WebUIKeywordMain.stepFailed(WebUIKeywordMain.groovy:64)
	at com.kms.katalon.core.webui.keyword.internal.WebUIKeywordMain.runKeyword(WebUIKeywordMain.groovy:26)
	at com.kms.katalon.core.webui.keyword.builtin.VerifyElementPresentKeyword.verifyElementPresent(VerifyElementPresentKeyword.groovy:92)
	at com.kms.katalon.core.webui.keyword.builtin.VerifyElementPresentKeyword.execute(VerifyElementPresentKeyword.groovy:68)
	at com.kms.katalon.core.keyword.internal.KeywordExecutor.executeKeywordForPlatform(KeywordExecutor.groovy:74)
	at com.kms.katalon.core.webui.keyword.WebUiBuiltInKeywords.verifyElementPresent(WebUiBuiltInKeywords.groovy:1503)
	at TC 2_MOZ_11445 Verify User Role Supervisor Access Levels for the Local Settlements Module.run(TC 2_MOZ_11445 Verify User Role Supervisor Access Levels for the Local Settlements Module:25)
	at com.kms.katalon.core.main.ScriptEngine.run(ScriptEngine.java:194)
	at com.kms.katalon.core.main.ScriptEngine.runScriptAsRawText(ScriptEngine.java:119)
	at com.kms.katalon.core.main.TestCaseExecutor.runScript(TestCaseExecutor.java:448)
	at com.kms.katalon.core.main.TestCaseExecutor.doExecute(TestCaseExecutor.java:439)
	at com.kms.katalon.core.main.TestCaseExecutor.processExecutionPhase(TestCaseExecutor.java:418)
	at com.kms.katalon.core.main.TestCaseExecutor.accessMainPhase(TestCaseExecutor.java:410)
	at com.kms.katalon.core.main.TestCaseExecutor.execute(TestCaseExecutor.java:285)
	at com.kms.katalon.core.common.CommonExecutor.accessTestCaseMainPhase(CommonExecutor.java:65)
	at com.kms.katalon.core.main.TestSuiteExecutor.accessTestSuiteMainPhase(TestSuiteExecutor.java:150)
	at com.kms.katalon.core.main.TestSuiteExecutor.execute(TestSuiteExecutor.java:106)
	at com.kms.katalon.core.main.TestCaseMain.startTestSuite(TestCaseMain.java:180)
	at TempTestSuite1725026478878.run(TempTestSuite1725026478878.groovy:35)
	at java.base/jdk.internal.reflect.NativeMethodAccessorImpl.invoke0(Native Method)
	at java.base/jdk.internal.reflect.NativeMethodAccessorImpl.invoke(NativeMethodAccessorImpl.java:77)
	at java.base/jdk.internal.reflect.DelegatingMethodAccessorImpl.invoke(DelegatingMethodAccessorImpl.java:43)
Caused by: com.kms.katalon.core.exception.StepFailedException: com.kms.katalon.core.webui.exception.WebElementNotFoundException: Web element with id: 'Object Repository/EK_Objects/Page_Mozart - Dashboard/Click_On_Local_Settlements' located by '//a[@id='menu_LocalSettlements']' not found
	at com.kms.katalon.core.webui.keyword.internal.WebUIKeywordMain.stepFailed(WebUIKeywordMain.groovy:64)
	at com.kms.katalon.core.webui.keyword.builtin.VerifyElementPresentKeyword$_verifyElementPresent_closure1.doCall(VerifyElementPresentKeyword.groovy:85)
	at com.kms.katalon.core.webui.keyword.builtin.VerifyElementPresentKeyword$_verifyElementPresent_closure1.call(VerifyElementPresentKeyword.groovy)
	at com.kms.katalon.core.webui.keyword.internal.WebUIKeywordMain.runKeyword(WebUIKeywordMain.groovy:20)
	... 20 more
)

30-08-2024T19:50:28 - [MESSAGE][INFO] - Unable to find the element located by 'By.xpath: //a[@id='menu_LocalSettlements']'. Please recheck the objects properties to make sure the desired element is located. 

30-08-2024T19:50:28 - [MESSAGE][FAILED] - com.kms.katalon.core.webui.exception.WebElementNotFoundException: Web element with id: 'Object Repository/EK_Objects/Page_Mozart - Dashboard/Click_On_Local_Settlements' located by '//a[@id='menu_LocalSettlements']' not found (Root cause: com.kms.katalon.core.exception.StepFailedException: com.kms.katalon.core.webui.exception.WebElementNotFoundException: Web element with id: 'Object Repository/EK_Objects/Page_Mozart - Dashboard/Click_On_Local_Settlements' located by '//a[@id='menu_LocalSettlements']' not found
	at com.kms.katalon.core.webui.keyword.internal.WebUIKeywordMain.stepFailed(WebUIKeywordMain.groovy:64)
	at com.kms.katalon.core.webui.keyword.builtin.VerifyElementPresentKeyword$_verifyElementPresent_closure1.doCall(VerifyElementPresentKeyword.groovy:85)
	at com.kms.katalon.core.webui.keyword.builtin.VerifyElementPresentKeyword$_verifyElementPresent_closure1.call(VerifyElementPresentKeyword.groovy)
	at com.kms.katalon.core.webui.keyword.internal.WebUIKeywordMain.runKeyword(WebUIKeywordMain.groovy:20)
	at com.kms.katalon.core.webui.keyword.builtin.VerifyElementPresentKeyword.verifyElementPresent(VerifyElementPresentKeyword.groovy:92)
	at com.kms.katalon.core.webui.keyword.builtin.VerifyElementPresentKeyword.execute(VerifyElementPresentKeyword.groovy:68)
	at com.kms.katalon.core.keyword.internal.KeywordExecutor.executeKeywordForPlatform(KeywordExecutor.groovy:74)
	at com.kms.katalon.core.webui.keyword.WebUiBuiltInKeywords.verifyElementPresent(WebUiBuiltInKeywords.groovy:1503)
	at TC 2_MOZ_11445 Verify User Role Supervisor Access Levels for the Local Settlements Module.run(TC 2_MOZ_11445 Verify User Role Supervisor Access Levels for the Local Settlements Module:25)
	at com.kms.katalon.core.main.ScriptEngine.run(ScriptEngine.java:194)
	at com.kms.katalon.core.main.ScriptEngine.runScriptAsRawText(ScriptEngine.java:119)
	at com.kms.katalon.core.main.TestCaseExecutor.runScript(TestCaseExecutor.java:448)
	at com.kms.katalon.core.main.TestCaseExecutor.doExecute(TestCaseExecutor.java:439)
	at com.kms.katalon.core.main.TestCaseExecutor.processExecutionPhase(TestCaseExecutor.java:418)
	at com.kms.katalon.core.main.TestCaseExecutor.accessMainPhase(TestCaseExecutor.java:410)
	at com.kms.katalon.core.main.TestCaseExecutor.execute(TestCaseExecutor.java:285)
	at com.kms.katalon.core.common.CommonExecutor.accessTestCaseMainPhase(CommonExecutor.java:65)
	at com.kms.katalon.core.main.TestSuiteExecutor.accessTestSuiteMainPhase(TestSuiteExecutor.java:150)
	at com.kms.katalon.core.main.TestSuiteExecutor.execute(TestSuiteExecutor.java:106)
	at com.kms.katalon.core.main.TestCaseMain.startTestSuite(TestCaseMain.java:180)
	at TempTestSuite1725026478878.run(TempTestSuite1725026478878.groovy:35)
	at java.base/jdk.internal.reflect.NativeMethodAccessorImpl.invoke0(Native Method)
	at java.base/jdk.internal.reflect.NativeMethodAccessorImpl.invoke(NativeMethodAccessorImpl.java:77)
	at java.base/jdk.internal.reflect.DelegatingMethodAccessorImpl.invoke(DelegatingMethodAccessorImpl.java:43)
)
[[ATTACHMENT|C:\\Users\\ranjit.vadar\\Katalon Studio\\Mozart Emirates\\Reports\\20240830_193117\\Suite MOZ-10510\\20240830_193118\\1725027628761.png]]

30-08-2024T19:50:28 - [MESSAGE][FAILED] - Unable to verify object 'Object Repository/EK_Objects/Page_Mozart - Dashboard/Click_On_Local_Settlements' is present (Root cause: com.kms.katalon.core.exception.StepFailedException: Unable to verify object 'Object Repository/EK_Objects/Page_Mozart - Dashboard/Click_On_Local_Settlements' is present
	at com.kms.katalon.core.webui.keyword.internal.WebUIKeywordMain.stepFailed(WebUIKeywordMain.groovy:64)
	at com.kms.katalon.core.webui.keyword.internal.WebUIKeywordMain.runKeyword(WebUIKeywordMain.groovy:26)
	at com.kms.katalon.core.webui.keyword.builtin.VerifyElementPresentKeyword.verifyElementPresent(VerifyElementPresentKeyword.groovy:92)
	at com.kms.katalon.core.webui.keyword.builtin.VerifyElementPresentKeyword.execute(VerifyElementPresentKeyword.groovy:68)
	at com.kms.katalon.core.keyword.internal.KeywordExecutor.executeKeywordForPlatform(KeywordExecutor.groovy:74)
	at com.kms.katalon.core.webui.keyword.WebUiBuiltInKeywords.verifyElementPresent(WebUiBuiltInKeywords.groovy:1503)
	at TC 2_MOZ_11445 Verify User Role Supervisor Access Levels for the Local Settlements Module.run(TC 2_MOZ_11445 Verify User Role Supervisor Access Levels for the Local Settlements Module:25)
	at com.kms.katalon.core.main.ScriptEngine.run(ScriptEngine.java:194)
	at com.kms.katalon.core.main.ScriptEngine.runScriptAsRawText(ScriptEngine.java:119)
	at com.kms.katalon.core.main.TestCaseExecutor.runScript(TestCaseExecutor.java:448)
	at com.kms.katalon.core.main.TestCaseExecutor.doExecute(TestCaseExecutor.java:439)
	at com.kms.katalon.core.main.TestCaseExecutor.processExecutionPhase(TestCaseExecutor.java:418)
	at com.kms.katalon.core.main.TestCaseExecutor.accessMainPhase(TestCaseExecutor.java:410)
	at com.kms.katalon.core.main.TestCaseExecutor.execute(TestCaseExecutor.java:285)
	at com.kms.katalon.core.common.CommonExecutor.accessTestCaseMainPhase(CommonExecutor.java:65)
	at com.kms.katalon.core.main.TestSuiteExecutor.accessTestSuiteMainPhase(TestSuiteExecutor.java:150)
	at com.kms.katalon.core.main.TestSuiteExecutor.execute(TestSuiteExecutor.java:106)
	at com.kms.katalon.core.main.TestCaseMain.startTestSuite(TestCaseMain.java:180)
	at TempTestSuite1725026478878.run(TempTestSuite1725026478878.groovy:35)
	at java.base/jdk.internal.reflect.NativeMethodAccessorImpl.invoke0(Native Method)
	at java.base/jdk.internal.reflect.NativeMethodAccessorImpl.invoke(NativeMethodAccessorImpl.java:77)
	at java.base/jdk.internal.reflect.DelegatingMethodAccessorImpl.invoke(DelegatingMethodAccessorImpl.java:43)
Caused by: com.kms.katalon.core.exception.StepFailedException: com.kms.katalon.core.webui.exception.WebElementNotFoundException: Web element with id: 'Object Repository/EK_Objects/Page_Mozart - Dashboard/Click_On_Local_Settlements' located by '//a[@id='menu_LocalSettlements']' not found
	at com.kms.katalon.core.webui.keyword.internal.WebUIKeywordMain.stepFailed(WebUIKeywordMain.groovy:64)
	at com.kms.katalon.core.webui.keyword.builtin.VerifyElementPresentKeyword$_verifyElementPresent_closure1.doCall(VerifyElementPresentKeyword.groovy:85)
	at com.kms.katalon.core.webui.keyword.builtin.VerifyElementPresentKeyword$_verifyElementPresent_closure1.call(VerifyElementPresentKeyword.groovy)
	at com.kms.katalon.core.webui.keyword.internal.WebUIKeywordMain.runKeyword(WebUIKeywordMain.groovy:20)
	... 20 more
)
[[ATTACHMENT|C:\\Users\\ranjit.vadar\\Katalon Studio\\Mozart Emirates\\Reports\\20240830_193117\\Suite MOZ-10510\\20240830_193118\\1725027628884.png]]]]></system-out>
         <system-err><![CDATA[30-08-2024T19:48:48 - [TEST_CASE][FAILED] - Test Cases/MOZ-10510/TC 2_MOZ_11445 Verify User Role Supervisor Access Levels for the Local Settlements Module: Test Cases/MOZ-10510/TC 2_MOZ_11445 Verify User Role Supervisor Access Levels for the Local Settlements Module FAILED.
Reason:
com.kms.katalon.core.exception.StepFailedException: Unable to verify object 'Object Repository/EK_Objects/Page_Mozart - Dashboard/Click_On_Local_Settlements' is present
	at com.kms.katalon.core.webui.keyword.internal.WebUIKeywordMain.stepFailed(WebUIKeywordMain.groovy:64)
	at com.kms.katalon.core.webui.keyword.internal.WebUIKeywordMain.runKeyword(WebUIKeywordMain.groovy:26)
	at com.kms.katalon.core.webui.keyword.builtin.VerifyElementPresentKeyword.verifyElementPresent(VerifyElementPresentKeyword.groovy:92)
	at com.kms.katalon.core.webui.keyword.builtin.VerifyElementPresentKeyword.execute(VerifyElementPresentKeyword.groovy:68)
	at com.kms.katalon.core.keyword.internal.KeywordExecutor.executeKeywordForPlatform(KeywordExecutor.groovy:74)
	at com.kms.katalon.core.webui.keyword.WebUiBuiltInKeywords.verifyElementPresent(WebUiBuiltInKeywords.groovy:1503)
	at TC 2_MOZ_11445 Verify User Role Supervisor Access Levels for the Local Settlements Module.run(TC 2_MOZ_11445 Verify User Role Supervisor Access Levels for the Local Settlements Module:25)
	at com.kms.katalon.core.main.ScriptEngine.run(ScriptEngine.java:194)
	at com.kms.katalon.core.main.ScriptEngine.runScriptAsRawText(ScriptEngine.java:119)
	at com.kms.katalon.core.main.TestCaseExecutor.runScript(TestCaseExecutor.java:448)
	at com.kms.katalon.core.main.TestCaseExecutor.doExecute(TestCaseExecutor.java:439)
	at com.kms.katalon.core.main.TestCaseExecutor.processExecutionPhase(TestCaseExecutor.java:418)
	at com.kms.katalon.core.main.TestCaseExecutor.accessMainPhase(TestCaseExecutor.java:410)
	at com.kms.katalon.core.main.TestCaseExecutor.execute(TestCaseExecutor.java:285)
	at com.kms.katalon.core.common.CommonExecutor.accessTestCaseMainPhase(CommonExecutor.java:65)
	at com.kms.katalon.core.main.TestSuiteExecutor.accessTestSuiteMainPhase(TestSuiteExecutor.java:150)
	at com.kms.katalon.core.main.TestSuiteExecutor.execute(TestSuiteExecutor.java:106)
	at com.kms.katalon.core.main.TestCaseMain.startTestSuite(TestCaseMain.java:180)
	at TempTestSuite1725026478878.run(TempTestSuite1725026478878.groovy:35)
	at java.base/jdk.internal.reflect.NativeMethodAccessorImpl.invoke0(Native Method)
	at java.base/jdk.internal.reflect.NativeMethodAccessorImpl.invoke(NativeMethodAccessorImpl.java:77)
	at java.base/jdk.internal.reflect.DelegatingMethodAccessorImpl.invoke(DelegatingMethodAccessorImpl.java:43)
Caused by: com.kms.katalon.core.exception.StepFailedException: com.kms.katalon.core.webui.exception.WebElementNotFoundException: Web element with id: 'Object Repository/EK_Objects/Page_Mozart - Dashboard/Click_On_Local_Settlements' located by '//a[@id='menu_LocalSettlements']' not found
	at com.kms.katalon.core.webui.keyword.internal.WebUIKeywordMain.stepFailed(WebUIKeywordMain.groovy:64)
	at com.kms.katalon.core.webui.keyword.builtin.VerifyElementPresentKeyword$_verifyElementPresent_closure1.doCall(VerifyElementPresentKeyword.groovy:85)
	at com.kms.katalon.core.webui.keyword.builtin.VerifyElementPresentKeyword$_verifyElementPresent_closure1.call(VerifyElementPresentKeyword.groovy)
	at com.kms.katalon.core.webui.keyword.internal.WebUIKeywordMain.runKeyword(WebUIKeywordMain.groovy:20)
	... 20 more]]></system-err>
      </testcase>
      <testcase name="Test Cases/MOZ-10510/TC 1_MOZ_11444 Verify Creation of the Local Settlements Module in Mozart" time="64.645" classname="Test Cases/MOZ-10510/TC 1_MOZ_11444 Verify Creation of the Local Settlements Module in Mozart" status="PASSED">
         <system-out><![CDATA[30-08-2024T19:50:29 - [TEST_CASE][PASSED] - Test Cases/MOZ-10510/TC 1_MOZ_11444 Verify Creation of the Local Settlements Module in Mozart: Test Cases/MOZ-10510/TC 1_MOZ_11444 Verify Creation of the Local Settlements Module in Mozart

30-08-2024T19:50:29 - [TEST_STEP][PASSED] - demoPackage.MozartLogin.LoginWithChromeForEK(): demoPackage.MozartLogin.LoginWithChromeForEK is PASSED

30-08-2024T19:50:29 - [MESSAGE][WARNING] - A browser is already opened. Closing browser and opening a new one

30-08-2024T19:50:29 - [MESSAGE][INFO] - Starting 'Chrome' driver

30-08-2024T19:50:29 - [MESSAGE][INFO] - Action delay is set to 0 milliseconds

30-08-2024T19:50:31 - [MESSAGE][PASSED] - Browser is opened with url: ''

30-08-2024T19:50:34 - [MESSAGE][PASSED] - Navigate to 'https://accelyacomtest.accelya.local/MozartTest/AirlinesHub/Index' successfully

30-08-2024T19:50:34 - [MESSAGE][PASSED] - Current window maximized

30-08-2024T19:50:35 - [MESSAGE][PASSED] - Object: 'Object Repository/MozartChrome/ChromeAdvance/ClickOnAdvanceButton' is clicked on

30-08-2024T19:51:14 - [MESSAGE][PASSED] - Object: 'Object Repository/MozartChrome/ChromeAdvance/ProccedLink' is clicked on

30-08-2024T19:51:15 - [MESSAGE][PASSED] - Text 'supermozart' is set on object 'Object Repository/MozartChrome/Page_/input_Username_Login'

30-08-2024T19:51:15 - [MESSAGE][PASSED] - Object: 'Object Repository/MozartChrome/Page_/button_Next' is clicked on

30-08-2024T19:51:16 - [MESSAGE][PASSED] - Text 'Accelya.1' is set on object 'Object Repository/MozartChrome/Page_/input_Password_Password'

30-08-2024T19:51:16 - [MESSAGE][PASSED] - Object: 'Object Repository/MozartChrome/Page_/button_Sign in' is clicked on

30-08-2024T19:51:29 - [MESSAGE][PASSED] - Object: 'Object Repository/MozartChrome/Page_Mozart - AirlinesHub/button_Please select' is clicked on

30-08-2024T19:51:29 - [MESSAGE][PASSED] - Object: 'Object Repository/EK_Objects/Page_Mozart - AirlinesHub/a_176 Emirates' is clicked on

30-08-2024T19:51:32 - [MESSAGE][PASSED] - Object: 'Object Repository/MozartChrome/Page_Mozart - AirlinesHub/a_Select' is clicked on

30-08-2024T19:51:32 - [MESSAGE][PASSED] - demoPackage.MozartLogin.LoginWithChromeForEK is PASSED

30-08-2024T19:51:32 - [TEST_STEP][PASSED] - click(findTestObject("EK_Objects/Page_Mozart - Dashboard/a_Refunds")): Object: 'Object Repository/EK_Objects/Page_Mozart - Dashboard/a_Refunds' is clicked on

30-08-2024T19:51:32 - [MESSAGE][PASSED] - Object: 'Object Repository/EK_Objects/Page_Mozart - Dashboard/a_Refunds' is clicked on

30-08-2024T19:51:32 - [TEST_STEP][PASSED] - verifyElementPresent(findTestObject("EK_Objects/Page_Mozart - Dashboard/Click_On_Local_Settlements"), 2): Object 'Object Repository/EK_Objects/Page_Mozart - Dashboard/Click_On_Local_Settlements' is present

30-08-2024T19:51:33 - [MESSAGE][PASSED] - Object 'Object Repository/EK_Objects/Page_Mozart - Dashboard/Click_On_Local_Settlements' is present

30-08-2024T19:51:33 - [TEST_STEP][PASSED] - closeBrowser(): Browser is closed

30-08-2024T19:51:33 - [MESSAGE][PASSED] - Browser is closed]]></system-out>
         <system-err><![CDATA[]]></system-err>
      </testcase>
      <system-out><![CDATA[30-08-2024T19:31:32 - [TEST_SUITE][FAILED] - Suite MOZ-10510: Test Cases/MOZ-10510/TC10_MOZ_11451 Display of Refundable Amount and FOP in the Grid FAILED.
Reason:
com.kms.katalon.core.exception.StepFailedException: Unable to click on object 'Object Repository/EK_Objects/Page_Mozart - Dashboard/Click_On_Local_Settlements'
	at com.kms.katalon.core.webui.keyword.internal.WebUIKeywordMain.stepFailed(WebUIKeywordMain.groovy:64)
	at com.kms.katalon.core.webui.keyword.internal.WebUIKeywordMain.runKeyword(WebUIKeywordMain.groovy:26)
	at com.kms.katalon.core.webui.keyword.builtin.ClickKeyword.click(ClickKeyword.groovy:74)
	at com.kms.katalon.core.webui.keyword.builtin.ClickKeyword.execute(ClickKeyword.groovy:40)
	at com.kms.katalon.core.keyword.internal.KeywordExecutor.executeKeywordForPlatform(KeywordExecutor.groovy:74)
	at com.kms.katalon.core.webui.keyword.WebUiBuiltInKeywords.click(WebUiBuiltInKeywords.groovy:659)
	at TC10_MOZ_11451 Display of Refundable Amount and FOP in the Grid.run(TC10_MOZ_11451 Display of Refundable Amount and FOP in the Grid:43)
	at com.kms.katalon.core.main.ScriptEngine.run(ScriptEngine.java:194)
	at com.kms.katalon.core.main.ScriptEngine.runScriptAsRawText(ScriptEngine.java:119)
	at com.kms.katalon.core.main.TestCaseExecutor.runScript(TestCaseExecutor.java:448)
	at com.kms.katalon.core.main.TestCaseExecutor.doExecute(TestCaseExecutor.java:439)
	at com.kms.katalon.core.main.TestCaseExecutor.processExecutionPhase(TestCaseExecutor.java:418)
	at com.kms.katalon.core.main.TestCaseExecutor.accessMainPhase(TestCaseExecutor.java:410)
	at com.kms.katalon.core.main.TestCaseExecutor.execute(TestCaseExecutor.java:285)
	at com.kms.katalon.core.common.CommonExecutor.accessTestCaseMainPhase(CommonExecutor.java:65)
	at com.kms.katalon.core.main.TestSuiteExecutor.accessTestSuiteMainPhase(TestSuiteExecutor.java:150)
	at com.kms.katalon.core.main.TestSuiteExecutor.execute(TestSuiteExecutor.java:106)
	at com.kms.katalon.core.main.TestCaseMain.startTestSuite(TestCaseMain.java:180)
	at TempTestSuite1725026478878.run(TempTestSuite1725026478878.groovy:35)
	at java.base/jdk.internal.reflect.NativeMethodAccessorImpl.invoke0(Native Method)
	at java.base/jdk.internal.reflect.NativeMethodAccessorImpl.invoke(NativeMethodAccessorImpl.java:77)
	at java.base/jdk.internal.reflect.DelegatingMethodAccessorImpl.invoke(DelegatingMethodAccessorImpl.java:43)
Caused by: com.kms.katalon.core.webui.exception.WebElementNotFoundException: Web element with id: 'Object Repository/EK_Objects/Page_Mozart - Dashboard/Click_On_Local_Settlements' located by '//a[@id='menu_LocalSettlements']' not found
	at com.kms.katalon.core.webui.common.WebUiCommonHelper.findWebElement(WebUiCommonHelper.java:1426)
	at com.kms.katalon.core.webui.keyword.internal.WebUIAbstractKeyword.findWebElement(WebUIAbstractKeyword.groovy:27)
	at com.kms.katalon.core.webui.keyword.builtin.ClickKeyword$_click_closure1.doCall(ClickKeyword.groovy:65)
	at com.kms.katalon.core.webui.keyword.builtin.ClickKeyword$_click_closure1.call(ClickKeyword.groovy)
	at com.kms.katalon.core.webui.keyword.internal.WebUIKeywordMain.runKeyword(WebUIKeywordMain.groovy:20)
	... 20 more]]></system-out>
      <system-err><![CDATA[30-08-2024T19:31:32 - [TEST_SUITE][FAILED] - Suite MOZ-10510: Test Cases/MOZ-10510/TC10_MOZ_11451 Display of Refundable Amount and FOP in the Grid FAILED.
Reason:
com.kms.katalon.core.exception.StepFailedException: Unable to click on object 'Object Repository/EK_Objects/Page_Mozart - Dashboard/Click_On_Local_Settlements'
	at com.kms.katalon.core.webui.keyword.internal.WebUIKeywordMain.stepFailed(WebUIKeywordMain.groovy:64)
	at com.kms.katalon.core.webui.keyword.internal.WebUIKeywordMain.runKeyword(WebUIKeywordMain.groovy:26)
	at com.kms.katalon.core.webui.keyword.builtin.ClickKeyword.click(ClickKeyword.groovy:74)
	at com.kms.katalon.core.webui.keyword.builtin.ClickKeyword.execute(ClickKeyword.groovy:40)
	at com.kms.katalon.core.keyword.internal.KeywordExecutor.executeKeywordForPlatform(KeywordExecutor.groovy:74)
	at com.kms.katalon.core.webui.keyword.WebUiBuiltInKeywords.click(WebUiBuiltInKeywords.groovy:659)
	at TC10_MOZ_11451 Display of Refundable Amount and FOP in the Grid.run(TC10_MOZ_11451 Display of Refundable Amount and FOP in the Grid:43)
	at com.kms.katalon.core.main.ScriptEngine.run(ScriptEngine.java:194)
	at com.kms.katalon.core.main.ScriptEngine.runScriptAsRawText(ScriptEngine.java:119)
	at com.kms.katalon.core.main.TestCaseExecutor.runScript(TestCaseExecutor.java:448)
	at com.kms.katalon.core.main.TestCaseExecutor.doExecute(TestCaseExecutor.java:439)
	at com.kms.katalon.core.main.TestCaseExecutor.processExecutionPhase(TestCaseExecutor.java:418)
	at com.kms.katalon.core.main.TestCaseExecutor.accessMainPhase(TestCaseExecutor.java:410)
	at com.kms.katalon.core.main.TestCaseExecutor.execute(TestCaseExecutor.java:285)
	at com.kms.katalon.core.common.CommonExecutor.accessTestCaseMainPhase(CommonExecutor.java:65)
	at com.kms.katalon.core.main.TestSuiteExecutor.accessTestSuiteMainPhase(TestSuiteExecutor.java:150)
	at com.kms.katalon.core.main.TestSuiteExecutor.execute(TestSuiteExecutor.java:106)
	at com.kms.katalon.core.main.TestCaseMain.startTestSuite(TestCaseMain.java:180)
	at TempTestSuite1725026478878.run(TempTestSuite1725026478878.groovy:35)
	at java.base/jdk.internal.reflect.NativeMethodAccessorImpl.invoke0(Native Method)
	at java.base/jdk.internal.reflect.NativeMethodAccessorImpl.invoke(NativeMethodAccessorImpl.java:77)
	at java.base/jdk.internal.reflect.DelegatingMethodAccessorImpl.invoke(DelegatingMethodAccessorImpl.java:43)
Caused by: com.kms.katalon.core.webui.exception.WebElementNotFoundException: Web element with id: 'Object Repository/EK_Objects/Page_Mozart - Dashboard/Click_On_Local_Settlements' located by '//a[@id='menu_LocalSettlements']' not found
	at com.kms.katalon.core.webui.common.WebUiCommonHelper.findWebElement(WebUiCommonHelper.java:1426)
	at com.kms.katalon.core.webui.keyword.internal.WebUIAbstractKeyword.findWebElement(WebUIAbstractKeyword.groovy:27)
	at com.kms.katalon.core.webui.keyword.builtin.ClickKeyword$_click_closure1.doCall(ClickKeyword.groovy:65)
	at com.kms.katalon.core.webui.keyword.builtin.ClickKeyword$_click_closure1.call(ClickKeyword.groovy)
	at com.kms.katalon.core.webui.keyword.internal.WebUIKeywordMain.runKeyword(WebUIKeywordMain.groovy:20)
	... 20 more]]></system-err>
   </testsuite>
</testsuites>
